<?xml version="1.0" encoding="UTF-8"?>
<robot generator="Robot 7.3.2 (Python 3.13.5 on win32)" generated="2025-09-20T23:23:56.881071" rpa="false" schemaversion="5">
<suite id="s1" name="Busca-Tags" source="h:\robot-D4S\Smoke Test - D4S\busca-tags.robot">
<test id="s1-t1" name="Login" line="24">
<kw name="Open Browser" owner="SeleniumLibrary">
<msg time="2025-09-20T23:23:57.012306" level="INFO">Opening browser 'chrome' to base url 'https://secure.d4sign.com.br/'.</msg>
<arg>${URL}</arg>
<arg>chrome</arg>
<doc>Opens a new browser instance to the optional ``url``.</doc>
<status status="PASS" start="2025-09-20T23:23:57.012072" elapsed="2.123216"/>
</kw>
<kw name="Execute Javascript" owner="SeleniumLibrary">
<msg time="2025-09-20T23:23:59.136013" level="INFO">Executing JavaScript:
document.cookie = "contratoazul_language=pt"
Without any arguments.</msg>
<arg>${setcookie}</arg>
<doc>Executes the given JavaScript code with possible arguments.</doc>
<status status="PASS" start="2025-09-20T23:23:59.135654" elapsed="0.147876"/>
</kw>
<kw name="Wait Until Element Is Visible" owner="SeleniumLibrary">
<arg>${Email}</arg>
<arg>10s</arg>
<doc>Waits until the element ``locator`` is visible.</doc>
<status status="PASS" start="2025-09-20T23:23:59.283926" elapsed="1.887230"/>
</kw>
<kw name="Input Text" owner="SeleniumLibrary">
<msg time="2025-09-20T23:24:01.171667" level="INFO">Typing text 'automacao@d4sign.com.br' into text field 'id=Email'.</msg>
<arg>${Email}</arg>
<arg>${USERNAME}</arg>
<doc>Types the given ``text`` into the text field identified by ``locator``.</doc>
<status status="PASS" start="2025-09-20T23:24:01.171433" elapsed="0.109761"/>
</kw>
<kw name="Input Text" owner="SeleniumLibrary">
<msg time="2025-09-20T23:24:01.281683" level="INFO">Typing text 'd4sign123' into text field 'id=Passwd'.</msg>
<arg>${Passwd}</arg>
<arg>${PASSWORD}</arg>
<doc>Types the given ``text`` into the text field identified by ``locator``.</doc>
<status status="PASS" start="2025-09-20T23:24:01.281465" elapsed="0.090773"/>
</kw>
<kw name="Click Button" owner="SeleniumLibrary">
<msg time="2025-09-20T23:24:01.372740" level="INFO">Clicking button 'id=logar'.</msg>
<arg>${logar}</arg>
<doc>Clicks the button identified by ``locator``.</doc>
<status status="PASS" start="2025-09-20T23:24:01.372534" elapsed="0.059241"/>
</kw>
<kw name="Wait Until Element Is Visible" owner="SeleniumLibrary">
<arg>${logoD4S}</arg>
<arg>10s</arg>
<doc>Waits until the element ``locator`` is visible.</doc>
<status status="PASS" start="2025-09-20T23:24:01.432048" elapsed="4.567174"/>
</kw>
<kw name="Page Should Contain Image" owner="SeleniumLibrary">
<msg time="2025-09-20T23:24:06.006018" level="INFO">Current page contains image '//*[@id="page-wrapper"]/div[1]/nav/div/div/div[1]/a/img'.</msg>
<arg>${logoD4S}</arg>
<doc>Verifies image identified by ``locator`` is found from current page.</doc>
<status status="PASS" start="2025-09-20T23:24:05.999667" elapsed="0.006487"/>
</kw>
<status status="PASS" start="2025-09-20T23:23:57.011372" elapsed="8.994985"/>
</test>
<test id="s1-t2" name="Busca de e-mail de signatário" line="36">
<kw name="Click Element" owner="SeleniumLibrary">
<msg time="2025-09-20T23:24:06.007206" level="INFO">Clicking element '//*[@id="page-wrapper"]/div[2]/div[2]/div[1]/div/div/div/small/a[1]'.</msg>
<arg>${buscaTags}</arg>
<doc>Click the element identified by ``locator``.</doc>
<status status="PASS" start="2025-09-20T23:24:06.007045" elapsed="0.043615"/>
</kw>
<kw name="Wait Until Element Is Visible" owner="SeleniumLibrary">
<arg>${campoBusca}</arg>
<arg>10s</arg>
<doc>Waits until the element ``locator`` is visible.</doc>
<status status="PASS" start="2025-09-20T23:24:06.051147" elapsed="0.437675"/>
</kw>
<kw name="Input Text" owner="SeleniumLibrary">
<msg time="2025-09-20T23:24:06.489289" level="INFO">Typing text 'urgente' into text field '//*[@id="form-cofre"]/div/ul/li/input'.</msg>
<arg>${campoBusca}</arg>
<arg>urgente</arg>
<doc>Types the given ``text`` into the text field identified by ``locator``.</doc>
<status status="PASS" start="2025-09-20T23:24:06.489078" elapsed="0.037162"/>
</kw>
<kw name="Press Keys" owner="SeleniumLibrary">
<msg time="2025-09-20T23:24:06.526988" level="INFO">Sending key(s) ('ENTER',) to //*[@id="form-cofre"]/div/ul/li/input element.</msg>
<msg time="2025-09-20T23:24:06.796453" level="INFO">Pressing special key ENTER to element.</msg>
<msg time="2025-09-20T23:24:06.796590" level="INFO">Releasing special key ENTER.</msg>
<arg>${campoBusca}</arg>
<arg>ENTER</arg>
<doc>Simulates the user pressing key(s) to an element or on the active browser.</doc>
<status status="PASS" start="2025-09-20T23:24:06.526688" elapsed="0.277803"/>
</kw>
<kw name="Sleep" owner="BuiltIn">
<msg time="2025-09-20T23:24:08.805618" level="INFO">Slept 2 seconds.</msg>
<arg>2s</arg>
<doc>Pauses the test executed for the given time.</doc>
<status status="PASS" start="2025-09-20T23:24:06.805022" elapsed="2.000782"/>
</kw>
<kw name="Click Element" owner="SeleniumLibrary">
<msg time="2025-09-20T23:24:08.806362" level="INFO">Clicking element '//*[@id="btnS"]'.</msg>
<arg>${btnBusca}</arg>
<doc>Click the element identified by ``locator``.</doc>
<status status="PASS" start="2025-09-20T23:24:08.806150" elapsed="2.595078"/>
</kw>
<kw name="Wait Until Element Is Visible" owner="SeleniumLibrary">
<arg>${resultadoBusca}</arg>
<arg>10s</arg>
<doc>Waits until the element ``locator`` is visible.</doc>
<status status="PASS" start="2025-09-20T23:24:11.402156" elapsed="0.019999"/>
</kw>
<kw name="Click Element" owner="SeleniumLibrary">
<msg time="2025-09-20T23:24:11.423076" level="INFO">Clicking element '//*[@id="contratos"]/tbody/tr[2]/td[3]/a'.</msg>
<arg>${linkDocumento}</arg>
<doc>Click the element identified by ``locator``.</doc>
<status status="PASS" start="2025-09-20T23:24:11.422748" elapsed="0.047056"/>
</kw>
<kw name="Switch Window" owner="SeleniumLibrary">
<arg>NEW</arg>
<doc>Switches to browser window matching ``locator``.</doc>
<status status="PASS" start="2025-09-20T23:24:11.470315" elapsed="0.008370"/>
</kw>
<kw name="Wait Until Element Is Visible" owner="SeleniumLibrary">
<arg>${viewblob}</arg>
<arg>10s</arg>
<doc>Waits until the element ``locator`` is visible.</doc>
<status status="PASS" start="2025-09-20T23:24:11.479163" elapsed="5.177875"/>
</kw>
<kw name="Click Element" owner="SeleniumLibrary">
<msg time="2025-09-20T23:24:16.657966" level="INFO">Clicking element '//*[@id="btnshowdiv-tags-bbe2f42c-76c6-457e-b984-a5ba4f97b7dc"]/a'.</msg>
<arg>${tagViewblob}</arg>
<doc>Click the element identified by ``locator``.</doc>
<status status="PASS" start="2025-09-20T23:24:16.657630" elapsed="0.058229"/>
</kw>
<kw name="Wait Until Element Is Visible" owner="SeleniumLibrary">
<arg>${urgenteTag}</arg>
<arg>10s</arg>
<doc>Waits until the element ``locator`` is visible.</doc>
<status status="PASS" start="2025-09-20T23:24:16.716412" elapsed="0.012301"/>
</kw>
<status status="PASS" start="2025-09-20T23:24:06.006761" elapsed="10.722389"/>
</test>
<status status="PASS" start="2025-09-20T23:23:56.883378" elapsed="19.846534"/>
</suite>
<statistics>
<total>
<stat pass="2" fail="0" skip="0">All Tests</stat>
</total>
<tag>
</tag>
<suite>
<stat name="Busca-Tags" id="s1" pass="2" fail="0" skip="0">Busca-Tags</stat>
</suite>
</statistics>
<errors>
</errors>
</robot>
