<?xml version="1.0" encoding="UTF-8"?>
<robot generator="Robot 7.3.2 (Python 3.13.7 on win32)" generated="2025-09-26T18:11:50.800250" rpa="false" schemaversion="5">
<suite id="s1" name="Robot" source="C:\Users\joao.carlos_d4sign\Desktop\Robot">
<suite id="s1-s1" name="API" source="C:\Users\joao.carlos_d4sign\Desktop\Robot\API">
<suite id="s1-s1-s1" name="Post-API" source="C:\Users\joao.carlos_d4sign\Desktop\Robot\API\Post-API.robot">
<test id="s1-s1-s1-t1" name="2- Upload_E_Adicionar_Signatario" line="82">
<kw name="Fazer Upload PDF D4sign">
<kw name="File Should Exist" owner="OperatingSystem">
<msg time="2025-09-26T18:11:51.205495" level="INFO" html="true">File '&lt;a href="file://C:\Users\joao.carlos_d4sign\Desktop\Robot\files\doc-testes.pdf"&gt;C:\Users\joao.carlos_d4sign\Desktop\Robot\files\doc-testes.pdf&lt;/a&gt;' exists.</msg>
<arg>${RELATIVE_PATH}</arg>
<doc>Fails unless the given ``path`` points to an existing file.</doc>
<status status="PASS" start="2025-09-26T18:11:51.204973" elapsed="0.000827"/>
</kw>
<kw name="Split Path" owner="OperatingSystem">
<msg time="2025-09-26T18:11:51.206661" level="INFO">${dir} = C:\Users\joao.carlos_d4sign\Desktop\Robot\files</msg>
<msg time="2025-09-26T18:11:51.206967" level="INFO">${filename} = doc-testes.pdf</msg>
<var>${dir}</var>
<var>${filename}</var>
<arg>${RELATIVE_PATH}</arg>
<doc>Splits the given path from the last path separator (``/`` or ``\``).</doc>
<status status="PASS" start="2025-09-26T18:11:51.206083" elapsed="0.001541"/>
</kw>
<kw name="Get Binary File" owner="OperatingSystem">
<msg time="2025-09-26T18:11:51.208615" level="INFO" html="true">Getting file '&lt;a href="file://C:\Users\joao.carlos_d4sign\Desktop\Robot\files\doc-testes.pdf"&gt;C:\Users\joao.carlos_d4sign\Desktop\Robot\files\doc-testes.pdf&lt;/a&gt;'.</msg>
<msg time="2025-09-26T18:11:51.211874" level="INFO">${file_bytes} = %PDF-1.4
%Óëéá
1 0 obj
&lt;&lt;/Title &lt;FEFF00520065006C0061007400F300720069006F002000640065002000450073007400720061007400E90067006900610020006400650020005400650073007400650073&gt;
/Producer (Skia/PDF m139 Goog...</msg>
<var>${file_bytes}</var>
<arg>${RELATIVE_PATH}</arg>
<doc>Returns the contents of a specified file.</doc>
<status status="PASS" start="2025-09-26T18:11:51.207986" elapsed="0.004285"/>
</kw>
<kw name="Create Dictionary" owner="BuiltIn">
<msg time="2025-09-26T18:11:51.213832" level="INFO">&amp;{headers} = { tokenAPI=live_edbbbe82a765d29e08d33066fca8187d4d33af4ae5069f63f2532a33e157a3cc | cryptKey=live_crypt_986BQliUIFNKCO2ZlDCubKHZkIapJpTA | Accept=application/json }</msg>
<var>&amp;{headers}</var>
<arg>tokenAPI=${TOKEN_API}</arg>
<arg>cryptKey=${CRYPT_KEY}</arg>
<arg>Accept=application/json</arg>
<doc>Creates and returns a dictionary based on the given ``items``.</doc>
<status status="PASS" start="2025-09-26T18:11:51.212583" elapsed="0.001631"/>
</kw>
<kw name="Create List" owner="BuiltIn">
<msg time="2025-09-26T18:11:51.215425" level="INFO">@{file_part} = [ doc-testes.pdf | %PDF-1.4
%Óëéá
1 0 obj
&lt;&lt;/Title &lt;FEFF00520065006C0061007400F300720069006F002000640065002000450073007400720061007400E90067006900610020006400650020005400650073007400650073&gt;
/Producer ...</msg>
<var>@{file_part}</var>
<arg>${filename}</arg>
<arg>${file_bytes}</arg>
<arg>application/pdf</arg>
<doc>Returns a list containing given items.</doc>
<status status="PASS" start="2025-09-26T18:11:51.214581" elapsed="0.001108"/>
</kw>
<kw name="Create Dictionary" owner="BuiltIn">
<msg time="2025-09-26T18:11:51.217364" level="INFO">&amp;{files} = { file=['doc-testes.pdf', b'%PDF-1.4\n%\xd3\xeb\xe9\xe1\n1 0 obj\n&lt;&lt;/Title &lt;FEFF00520065006C0061007400F300720069006F002000640065002000450073007400720061007400E90067006900610020006400650020005400650073...</msg>
<var>&amp;{files}</var>
<arg>file=${file_part}</arg>
<doc>Creates and returns a dictionary based on the given ``items``.</doc>
<status status="PASS" start="2025-09-26T18:11:51.215893" elapsed="0.002264"/>
</kw>
<kw name="Create Session" owner="RequestsLibrary">
<msg time="2025-09-26T18:11:51.219885" level="INFO">Creating Session using : alias=d4sign, url=https://secure.d4sign.com.br/api/v1, headers={'tokenAPI': 'live_edbbbe82a765d29e08d33066fca8187d4d33af4ae5069f63f2532a33e157a3cc', 'cryptKey': 'live_crypt_986BQliUIFNKCO2ZlDCubKHZkIapJpTA', 'Accept': 'application/json'},                     cookies={}, auth=None, timeout=None, proxies=None, verify=False,                     debug=0 </msg>
<arg>d4sign</arg>
<arg>${BASE_URL}</arg>
<arg>headers=${headers}</arg>
<doc>Create Session: create a HTTP session to a server</doc>
<status status="PASS" start="2025-09-26T18:11:51.218484" elapsed="0.002088"/>
</kw>
<kw name="POST On Session" owner="RequestsLibrary">
<msg time="2025-09-26T18:12:00.243564" level="INFO">POST Request : url=https://secure.d4sign.com.br/api/v1/documents/27431c09-bf98-418b-8727-1abfabae28c9/upload 
 path_url=/api/v1/documents/27431c09-bf98-418b-8727-1abfabae28c9/upload 
 headers={'User-Agent': 'python-requests/2.32.5', 'Accept-Encoding': 'gzip, deflate', 'Accept': 'application/json', 'Connection': 'keep-alive', 'tokenAPI': 'live_edbbbe82a765d29e08d33066fca8187d4d33af4ae5069f63f2532a33e157a3cc', 'cryptKey': 'live_crypt_986BQliUIFNKCO2ZlDCubKHZkIapJpTA', 'Content-Length': '72170', 'Content-Type': 'multipart/form-data; boundary=1d9b0a3291915bc4c0f6adfce33614f1'} 
 body=b'--1d9b0a3291915bc4c0f6adfce33614f1\r\nContent-Disposition: form-data; name="file"; filename="doc-testes.pdf"\r\nContent-Type: application/pdf\r\n\r\n%PDF-1.4\n%\xd3\xeb\xe9\xe1\n1 0 obj\n&lt;&lt;/Title &lt;FEFF00520065006C0061007400F300720069006F002000640065002000450073007400720061007400E90067006900610020006400650020005400650073007400650073&gt;\n/Producer (Skia/PDF m139 Google Docs Renderer)&gt;&gt;\nendobj\n3 0 obj\n&lt;&lt;/ca 1\n/BM /Normal&gt;&gt;\nendobj\n8 0 obj\n&lt;&lt;/CA 1\n/ca 1\n/LC 0\n/LJ 0\n/LW 1.33333337\n/ML 10\n/SA true\n/BM /Normal&gt;&gt;\nendobj\n9 0 obj\n&lt;&lt;/Filter /FlateDecode\n/Length 9879&gt;&gt; stream\nx\x9c\xed]\xeb\xaec\xbbm\xfe?O\xb1_ :"E\xdd\x80 \xc0\\\xce\xa4\x01Z\xa0m\xce\x0b\x04i\x12\xa0H\x8b6M\x81&gt;~\xc9eo{y/\xd2\x96d\xce\xce$\xc89\xb9\xcc\xd8^Z\xbaP\x14I\xf1\xfb\x08/\x91\xff\xfd\x19\xf0\xff\xd4\x8e/\xbf\xfd\x8f\x0f\xff\xfd!\xd4\xbc}\xfa\xfa\xff\xfc!\xbc\xc8\xbf\xff\xfa\xcb\x97\xd3\x1f\xfe\xf4\x87\x0f?\xfc2\xbd\xfc\xe1\x7f&gt;\xc8\xf7\r\xca\x0b\xc4\\^\xfe\xf4\xbb\x0f\xbf\xff\xf0/oZ\xa8(\xff\xe16\xe2\xf6\x11\xb7q\xfa\xc3\xb5\x8d\x1f\xfe\x01^~\xfe\xf3\x1f\xfe\xe9\xf3\xaf\xbe\xf0\xe7\xbf\xf8\xc5\xa7/\x9f?|\xfa\xe9\xc3\x0f_\xe9\x05\xe9\xe5\xa7\xdf\x7f\x80\xd7N\x02\xc6\x80\xd8rl/XB\x91\x7f\xda\xcbO\xd2\xf4\xcf\xe4\x97\xff\xf6\xf2\xf3\x18?\xd6_\xbc\xfc\xf4\xef\x1f\xa0\x04\xe8\xbdg@~t\xfb\x06\xe0\xcb\xe9\x1b\n\xb1\xa4^\xa8]\xbe\xc9\x1f\xb7or\xa8-\xf5\x06\xe9\xf5\x8b\xf8\x15O\x8fdn\x0cz\xe61\xbe&gt;\xf2\xf1\xf3\xf6M\x0f\xb1\xe7^\xeb\xb5\xad\x8a\xafo\xa9\xb9\xf3[._\xf4v~\xa2T\xe8\xdc\xf3\xcb\x17tz\xa2l_4\xd85\x05\xdb\x17?\xfe49\x1d\x10\xb7\xc1\xd7X\xaf\xf3\x82\xf8y\xb11\xc0\xc0c/=]\x1b\x03(\xaf\xf3\x82\x90{\xae\xe5\xed$\xcf\xbf\x86P\xfa\\ {\xf4\x99\xda\xd6\xe7\x08;\xc1\xc0\xaf\x97\x85I\x99_\xd4\xafk\x19O\xdf@ YL\xa8\xc7U\x96aV\xec\xc7\xc5\x04bQ*\xf5\x19\x89\x81\x1fO\x8f\xa4\xd0\xa5\xb1~}}\xbaLsfa\xca-=\x94\x99\xd7\xf7OO\x19\x16\x1eKK&lt;\xc4\xe7\xa7\x1fk\x0e=&amp;,\xa6\xc4\x10\xd2\xd3\x12\x93b\x96\x1e\x83\x87\x90\'^{\xee\xf1\xbe\xad\xf8\xe9\xf3E*\x90\xb5B\xaco{\xac(\x92\x01I\x92\xd5\xa7\x9a\xc6\x1b;\x0f\xe6\xd7\xff\xf5\x9b\xffd-\xf9\xf1\xb7\x7f\xfe\xdf\xdf\xfc\xf1\xa7\xdf\xfd\xdf\x9f_~\xfe\xf5\xc7\xaf_\x91;\xfa\x0bV\x9a/\xa25gF\xdcR\xc8\x84]\x9b\xbd\x7f\xfa|\x99\xc1\xfc\x82q\xa8\xbd\x9f\xb1\xca\xe16!\xb1\x9a\xc8\x14\xf2\xed$\xb6\xd0X\x19\xf7\xd4\x0f\xc3\x86\xc0\x93\xdb{\xbc\xaa\xe9x\xde\xa71dV\x08\xed\xfaH\xc9\xaf\x8f\xbc\xf9\xe2\xac\'YQ\x01\xb7\xd5\x08\xde*v\n)\xf2?\t\x06\x1ey\xdds\xc8{\x8e\xbf9\xeai\x96:\xfe\xa2\xe3a\xcfO\xcfYgU\xd4x7\xdcL\xd9[\x19\x1en\rb\x0c\x89\x9bk\xb4o\xee\xed\xf6\x1ao\x8e\xe7\xb9\xf0^\xad\xe4\xd3;\xa8\xfc9\xe4\x92o\xe4\x83\xcaeM\xb3\xac\xe9\x88\x80\x9cuo\r\xc4\x8ft\xc8\xc7/\xe2\x8d|\\t2\x86\xf4F\nK:}\xd3X+\xf1\x81\t\x03o7\xa5\xf0\xbc\xc3kH\xbc\'c=\x1a\x11\xc7\xd7\xdf\xee\xf0\xf1\xc9\xc4TY\xf5\x01\x15\x97\xa5A&gt;zY\x0e\xe9v\xe7\xbe\xdaQ\xfc\x1dw\xba\xed\xcf\xab\xf9\xadko\xb7\xe7V\x80g\x9a\x0f\xd9\xeb3\x97\xbdK\xf2~\xb4D\xa0$\x9az\x86xA\x91\xe8\xe9uK\x8d\xad?\xb1/\xf5eSLg\xa0\x1c(\xf1\x9f\xef\x19\xd0\xa2\xb0\x7f\xf8\xe7\x8b\r\r{\x1b:s\x13\xa7\x1e\xd4\x9b.\xca\xff\x9d,\xe7\xdd\xf7\x03\xfd)\xbc\x1eS\xbd\xc1}o\x8a\xd9\x9b@\x95\xed\x98\xca\x9b\xe3\xdc\xab\x14\xb0\xd6D\xa9\x9dW#\xe1\xe5h\xe5E\x8f\xd7\xe38\xd2I\xea\xf8\x81\\\x80\xfau\xe3\x95~&gt;| \x03\xc4\xab\x04\xf3#7\xeb7\xd8+^\xcaV{\x92\x13\xee\xd0\xbb\x98VZL1\xb0\x87\x92bWZ\xc4r\xd9K\x8d\xb0\xd2uX\x19\x8da\xe5\xf8*\xb0\x18[\xadq\xf7M2\x1e!\xb2\xda\xca\xe7\x93\xb3\xb5X(\xef\xbe\xa8\xe7/"[\x9e5\xef\x96\xe1\xb3\xb1\x0c\xe6\xfa\xd0\'\xeb\xe5\xb82\x9b\x10{\x10\x03\n\xfc\x16\x08\xc4,K\xa56m\x85\xcc\xb9\xa3&lt;;\xdb\xe6\xdc\xe5O\x97C\xa5\x01\xe6gg(\xcb!\x9c\xa9\x93\xdf\x0c\x89B\xe8\x95\xea\xcc\x04\xe5\xb2\xf4\xaaZB\xadE{\xd3b\xdf[\x0c\x8d\x1a\xebf\xa5\xef\xed~\xdf\x0f+B\xc6\xe7\xe6n\x9d\xdf\x16\xce\xf3\x89\xa9\x05v\xeb\x8b\xdfv\xd9,\x89\xc2\xc3\xd1&amp;\xb4Z\xa3jK\xaf\xca\xecJ\xf1\xc6\xd4^\xb5\xd8\xf9\x92\xc4:Q\x85\xa1\xeft^\x87\xb7]\xdf\xc6\x14\xfb~\xd1M\xedi}\xb1_\xdb\xdb\xa6\xf6J\xbd\xc5]p\xca~;X_Tc\x1c\xe6\xcb\x97\x04+\x11\x84\x94\xaa\x98\xa7^\x07\xa5\x98A\xb1S\xb6w\xeal\x8b\x99\xfd\xdf\xc2\xeb\xe1\xd7GV\xae%\xb1v\xd5\xfa\xf8e\xb7\xd7\xaf\xc6g\xcc{-\x83\xe9\xed\xbc\x1f\x95\xc9~\x01K\xbc6ts\x80\x14*\xd7/\xfa\xf4\x13\x96\x82#\xa3\xaf\xd3}\xca\xfd\xf1\x1b\x1c\xc4\x90\x12\xdb\xde\xa9\xa9g\xf7\xda\x12\x13\xc5P\x81\xb7\xa1\xd2\xe2\x8d\x89\xb5\x9b\x1e{P\x0fT\xc1l\xdfj\x0c\xfch\xf3\xd3\xe6T)\xb0{\xd4\xf0\xd1\xf1\xf8\x8c\xe0\xda\x9a\xd2\xd4n\x86\x12\xb3\x1f\xd8\xbf\xa2\x16ci\n\xbe}`r\xba2\x8b[K\x19\xfd\xec\x93\xcc\xe2\xd6cEmI\xd7\x84\x84M\xbf\xc0\x13\x95\xfc\xb4^\xcerjJh\xed\xbd\x84\x042\xaa+h\xe8$\x8cx\r\x11\xc5\x1a\xf5%\xa7\x8f\xc6\xee5\xb5\xe4\xd2\xfc\x17\xa8\x81\xad\xef\xea7\xff\xfcY\xc2PXHX\xb0\xbf\x89\xa5\x05%\xa4\xb8\x85\xee\x8e\xafZ\xb4\xb4b`\xeb\x00x\xef\x1e\x1a\xb4\xbd\xcbY{|\xb9\xa5\xd9\r\xd0\xf9\xaf\xa5\xb0\xb3\xed4;E\x02\xf3m\x0b\xe3\x0e\xaf\xec\x9a;X{\xd8bTN\x1do)td\x99\xce\xca\xb2Z\xf1\x07[\xfd\x9bn\xd3\xde\x94\xbaq\x9b\xccu\xb5$\xc1|\xc79\x8e9\xbbQx\xd4-\xd6\x9e\x93\xd7\x8cB\xdaBN]n\xe5\x0e\xb20\xebo\xee\xbd\x821\x8f\xd6\x0c\xe8&lt;P0\x13\xcbl\xbb\xb4Vo\x9d\xf7\x00\xa2t\n\xb4\xdd\xb6\xa8\xdc\xb0\x05\x16\x81\xa6)7k\xa2\xcdi\xf3UU\xe23w@M\x9a\xd6]\xe6\xde\x08\x95\x1d\x7f\xb3L8\xe2\xb4\x0e\xb8\x1d7\x0f\x98N\xf9^l\xf7\xbe\x16\xea=Z\xf4q\xa1\x85\\St;\x14\x13r3\x94#&gt;8\x14\xf7v\xd1\xde\x9a\xb9\x99dK7\x80\xf1{c\xcaFt\x8cG\xbc\xa0\x96@\xecV\xf9\xcde\x8b\x81\x1a6M.\xd7\xa2\x05\xad\xb1+\x99\xba\x9b\x96H\x1dC\x8d\xdb\xd5\xefa\xb5\x97\xf4\x18\xc5\xc8\x87y\x8dng\x0fE\xe2\xe3\xbc\xab\xf2h\xb9\xba\xd3\xe1\xb0\x85\xe8\xc4\xd2\xd1\xbc\x85\x02:\x9fbn\xb3#\x91\x80\xd3U\xde\xa8\xe6s\xde4T($V\xbe~C*\x8d\xff\x1eI\x13I+nh\xa9Z\xf3"j\xd6%\x04X\x19J\x8e5\xe4\xdc\xfc\x0c\xb1,\xc9\x10\x89\xc5\xf5\xd8`Z\xda\xae\x19S\x88|z\xb8\xad^\xc6\x1a \xa2\xa2B\xadso\x7fKu\xe3\n\x7f\xb1\xb6\x9e\xb5vn\x01\xc05\xd5\x97k\r\x05zrsdr\xe3\xd5\xee@\x8a\tW\xe3Z\x83\xeci\xb1\x99\xe4&amp;\x8f\xfcYF\xb9\xffH\xed\xa2v\xf6\x11\x8c\xe7\xaex\xe7\x8d\xf2\xf9K\xe1\xb5\x18\x1bu\xb9\xb1j\xd4\x8e\xe3_\\\xea$\x17VMBlo\x1b\xcc\xe6,XV\xb9}\xbdk^\xf5\xcd\xbbX\xe6;\xa6\x9d\xb2E/\x17%\x03\xa3\xb6\x8c^k\xc0\x1a`\xfb;*\xab\xea\x1980\x1d\xc7\xe9\xc0\x81-\xd5\xd6\xcd\xc6\xfb\xad\xf3\xac\x0b\x07\x89Me\xd8\xb2\xfc\\V\x13A\xce\xdeTAQQk=d\xf1`\xb3\xa4\xb9\xc9\x1b;\xc0[\x1eAWz\xd8\xad\x157\x97c:x2\xa4\x0b\xf6N\x98\xe5I\x1b\xb1\xef\xfd\xefo\x1d\xe6\xb5\xe9\xef\xc0\xd3\xcff\x9c\xdb\xf4w^\xcf\x8a\xe2\xed\x1d\xa6\xdf\xb7\xeb\x89\r\xd0Xst\xebz\x12T\tmN\xd6AQ\xd9&amp;\xafy\x01hx\xe3\xe6\xa5\xb0igY\x0fXy\x00\xe5\xab.\xb4\xe5\x8b\xd5U\xc3\x86\\;B6_\xb5\x9dR\x81]\xd6e\xf3Us-\x8a\x12\x1b\x8a\xb9\xed\xe7l\xc9\xc0\xa3\xb4\x05o\x8a"\x18\x8b#b\x87\xb5B\xcd\x8a\x8e2/&lt;F\xec\xfc1\xaf\xdc\x98\x9b\x91\xcc\x80g\xd3`\xac\x10\x82yAg\xdd\x00\xae\xdd\xe1\xb2\x17\xd53\xa1\xdbY\x93Y0\xd8+\x03\xcd\xb4\x19\t\xc6\xddxM\xfb\xed&lt;pwi\xe9\x11\xeb\x0etM\xf4sk\x01\xa9h{oq\xca:\x86\x04\xda\xf1`*\xcc%\xb7\xb1\xc4\x16\n+k7-\xc4\x9fU\xb6\x8d\x0bR\xc4o`\xbeN_\x1eXzb\xf6\xe2h-\x06\xb3]c\x02\x89Q\xffvV\xae\xd3\xabd\x98#\xf4@)\xc72\x93d\x9e\x9c\x92\xcc\xef\xf7,\xc9m\x07\xa4\xfbh\xd67=\xa3w\xe9\x19\xb5\xc0\xaa\x8bO\x8b\x87=\xfb\xc7_]\xba\x96\xf7]\xab/Pn\xfatB\xe8\x9d:SN\x9d\x80\x1f\xbf\x9eE\xa4\xd7\x12e"\xce"\x82i\x01\xaaf\xbe\x91\xc7.\x99\x8e"9\xafo\xd6\xa0i\xe6\xf3H\xd7\x07\xe3+\xb8\x12\x02D\x8a\xd0\xaf0\x92WLJ\x14E\x1b\xb1\x1e\x01&amp;1@\xe1\x16\x8e\x18\x9f\x12\x90;\x18\xfb\x01\xf6\xdaeS\xf1\x13\xd7\xb6\xbe\xe0\xf9\x8b"p\xd4=\x86\xc4j\xea\r\xea\xd7\x1cf\xe7\x1d\\\x8b4y\x9c\xa6G\xcfB\xc4@\x02\xb6\xcd\xbb\xd5\x85\x0b\xe2\x80\x8aL\x95\tD\xb6\x9bE\x16[`\xa5\x8a+}\xc2\x16R*\x08\xbb\x87\xe3Gz\xed\x13\x1f\x0b\x11\xaf\x8a\xf2\x15\xecUBG\x99\xbf\x81e=\x07tr`\x15\x18w\xb0\xb1\xeb\xda\xb1T\xe3\xf5\\y~\x89\xa0U\x11\xe5\x94\xd5\xe9\xd06r\x11\xdfhh#_UL\xf1B\xd8\xd4\xcb\xc1\xc0\xc2\x9aG2+l\xc0\x89\x99\x85\xb0\x98\xca\xc9[\xb1\xc4\xea\x97[G5`j1k\xc9\x8dv@\xe8\x91\x937\x9b\x80\xc3\xabM=&amp;\xbf\x0cUI\xe9A\x88\xa0%!\xdb  3$a\x86@\xcd\xc8\x98\x19\'\xb1"+\xb6\xa4\x98&amp;\x92\xf3*\x80$E\x8at\xf9a\t`\xcb\x8alQM\x81?\x83\x92\x15d\x97\xb9\xd1h\xc9\x9b\x11|KDR3\xd2W\x113\xbc\x80\xac\x1b\xb4\x99Z0i-\x9c\xd4\xa3\xbc\x97\x89d?K\x1e\xd7"\x17\x02\xbc\xe5}\xe4\x88ABb\xcb\x84\xf7\x9d\x8a\x1a\x98N\xbf0\xb1"\xfb\xbdoFv\x86\xf2q\x1e`H\xa6\x11\x90\xf2\xab\x1a\x1da\x18\xec\xd6\xf1\x1f\xe3#\r8\x14\xdfZ\x8b"$\xecl\x95l\xf9\xad^\x83\x12\xd7\xa3\xab\xe7\x84\x99Ba\xa6\xbd\xdbK&gt;\x8d\x1b\x1aA )\xb1\xe9\xe9\xec\x9b\xcaV\x11E\xed\xac^M\xbf\x81\xd0h\xe3\x87\x19\xcfZ_\x8b\x0cn\x9b17G\xcb\x05\x8a\xb4\xa3\x02=\xd2\xc5s\x91\xa3\xa5u\xfd\xf2\xfe6\xb0f\xe6\xd7M*\x80\xc5Xp\x96\xcc\xaaB~{\x85\x8a\xa4V\xb5\xa4"R\xb3!\x97\xb3\x93@?&gt;\x8e\xc6|\xc3\x1d\x91\x81\x1b\xc2\x08\x1a\x10i5\x7fD\xf8\x97P5\x1co\x00\xa9\xfb@"\x19\xaa\xc7\x9af\x1b\xc7a\xa6{\xddO\xa6\x9a\x1dd\xe1\xe3\x9bO\x81\xfb\x9bQ\xf3\xcb\xd8\x92J\xec/L1\x1fT\'\xbf\xec\x91\xfb\xb5\x80\xbe\xc8\xbdU?\xa7\x03)P\x82\xa6\xda\x99\xe7\xe0\xe1\xd12K\xb0WUCVp^\xdc+!\x01\x80\n\xda[\xc5&lt;\x05\xa1:R\x81\xd3k7\x95\x12,M&lt;\x0b~Z\x90%\xbd\xc4\x82*.\x1f\xbf\x18\xca\xcbt\xf7\x06\x00\x9b\x1e\xa9%\x11\xe5,(\x8eK%Tx|\x18\x14\xdd\xbe\x9e\xce\xd7\xb9I\xb8~~+\xb2\x8b\xc8\x7f\xcf\x8e\xc3%\x0c\x99jU\x01f\xde\xb80&gt;\xb9\x1b\t\x03\x93_\xf7\xf9\xe8\x16\xc3Y\xf5\xaf,!4Y^\xecKF37\xc3\x99`\x81\xe5Y\x08!\x1d\t\x16X\x9cc\xeb*"\xd7\xccI\x9aO\xda3\xc3\x10V\x8e\xe1|*\xa1\x95\x82Pw)\x083\xb8\x91\xd9\x89l\xec\x00\x94\xe8h\x96c\xcb\xa1\xa7-\xade\xc9\x91\x7f\xde\xd5H\xfc\xde\xf3\x85\xa6\x97\x9b\x04|\x8atTI6\xf0\xb4\xb2\x92J\x95\xd9\xf6\xbb\xdar)\x19_\x9c#\xdf\x8a\xa7\xba\xc82\xc1\x9e\x03\x91#\xdbO\xca\xec9@Q[4\xbdB\x8b\xa0g:Y\xc7\xb2\x8dM\xcf\xc1\xca|0\x84m\xd1?\x93\xdb8=\x9e\xbc\xea\xbe\xb2\r^SR#\xa3k\xd0\x17\xcc\x01\x91\xc8\x91\xe7\x01{\xc0^T\xba\x91lM\xbb\xe9`/\x9d\xae$\x99\xc9\xd4\xab\x1f\x87\n\xe5*w\x03\xaai`r*L\x03\xef\xbf,u\xad!\x1f[\xaaH,\x8e\xb5\x15\x16\x7fa\xdfuS\xc6\xe7\xeb\x06\x8a\xbb\x9di\xe1\xa0\xf6\xe6\xa3\x85\xa0\xb8\xc9\xbc1\x94\xc8\xb4[&lt;\x94\x13\xbaO\x1d2\x94\xd1\x9a\xae\xc8\xc2\xa7\x95P\xb5\xb5\xfd\xd8\r\xa6\xef\x06\xcck/\xd3\xcc\x99\xce\xe9\x9dv$\x06\x11RO\x82/\x964O\xa7\x90\xe3\x16\x91\xf7\xc1\xaat\x01\xca\xf6\xa8\x81\x84\xed!\xf9^\x1f\x03\xca&lt;wv-\xdd\x90\xf9(Y\x01\xc0&gt;\xfb\xdf\x02\x87\x05\x94-\xa2\xb1\xa5\x9b:\xcdO\xe9\x81r\xae\x8f\xf0\x91\x0en(\xdb\xdd&lt;5\xddM^A\xc0Z\xd85h\xee\xdf\x88\x8f\xb5O\xf3\xf6\xa0P\xc8\x8d\x95}\x92P\x93\x17\xad\x00\x86D\x99\x94\xdd\xba\x88a\xa8Q\xd2\x9d\xb2\x9b\x8c`e%Y\xb6\x88\xe7\x12/\xc7H\x92\xbe\x9fMf\xd2*\xddgDp\x02\xe3\xa6\xd4\x02\x8f\xab\xba\xc13Y\xe9\x86\xdekU&amp;\xff\x86$8\xca\xfa&lt;\xe9c\x16\x08\x15s\xf7\xeb\xbb$x\xf5\xda\x95\xbd\xb2\x00\xa3\x1d2"&lt;\xb0\xe6\x02\xd8\x00\x8an\xc7\x83\x006Z+\x9a\x91a\t_1\x02C\xab&gt;#[%&lt;\x99\xca\xf1\xbd\n\xd8\xc0\x90[\xd3@\xc8\xd3\xf0\x1c3\xa60M\x897\x9b\xdc\xb1\x18#hU\xb2\x13\xa2\x82\x97^\x9c\xcc.\t\xf9\x1a{\xc7\xbb\x04\xd22t6)\xd8\x04\xf0\x03\xe7\'6)H\xb3QL\xb0\xd7Z\xcf\x89\x024\xd2\xc8\x87V)\x08\x9b\xa8\x1d\x8d\x1e\xc9\x9c\xf3\xa5#:\x17\x92\x12\x10\x1a\xdd\xc8b\xcf\x8b$\x16DMu\x8f0t\x98\x88\x9c\x98\x9e\xd5\xa6\xb9g\xd6=5\xbb\rUa\x03H\xb4;\x08o\xd8\xf2\xcd\xb8\xedj \x9d\xbdEy\xaf\x17\xc4R\xea\xae\xe4\x165\xf8\x8f\t\xa6y\x90B\xba\xc0\t\x90\x9b\xfc\xc8\x0b\xd1TC\x13\xae\x0fe\x92lGn\x9e}\xc0tN\xa6\x03 \xab\xd7\xb79t\xa0\xe4\x87\xb7\xdd\x18\xfd[A\r\xfb\xed\x18\'q\xf6\x87\x80\xa4\xe6\x07\x96\xa6\x807W\xd3\x89c`\x07\xabh\x88\xd9\xc5\x9cg\xb9\xbcm\xb9V\xb7\x8d\xbb\xdd\xddr\x83\x1a7\x87}\xaf\xea\xc7\xd98\x06\xc0\xfe\x8b\xf8\xc7I\xf8-\x12\xfa!\xe8S\x0f\x992jp\xe7i\xc0\xa1\x9d\x188\x12\x05\xbdqG\xee\xc3\x83\xa7\x0f\x96\xc2\x9e\x12\xf8A\xaa\xb1\xb3\x13S\x92\x06\xa96)\x8fL\x03z\x1f\xa51\xd3)=2\x89S\xa0-_\xcd\xebt\xad!\xb3/\xee\xa5F\x12\x8bv\xd1\xa94V\x13\x9d\xd90!\xa965\x8b\xfe\x9d\xc8`\xbf\xefD\xcc\xf6\xb8\xb2&amp;\xcd-\xb9\xe1\x9fScE\x9a4\x8e\t\x9b-\xcf\x12\xba\xfb&lt;[\xf6\x1d4\xbf \x89\r\xf6\\\xe4\x87\xa0\t\xd1\xca\xbd\x89Qr-E\xe6;\x1f\x9fS\xb9\x96\xed=`\xb6\x12\xc9\xca\xb1\xb1\x83=\x03\xb3\xed\xd30\xdb\xaf\xafYf\xb5\xb4\x88\xd7ep\x86\xd9\xa2\x9c\x05\xec\xceh\x00\xd2i\x9c-\xe6\xd7\xe37e\xe4N\x1f\n\\\x1e\xe1\x95\xf1\x15M\\\xa5\x8c[\xb9\x022\xaf\x85\x16#{/\xe9P/\xaf\x86.O\xec\x8a\xb8\xf5\xf3\xe1\x7f\x04}\xda\xe0\xce[\x07\xdb\x86\xd9f\xc1P\xc1\x86\xbd\x98\x87\xd9\xc6\x00D\xb0G\xd9\xf6k\x8a&gt;QD\xb8n\xb2\xd7zs\x87o,\xac\xeb\xdb\xc2\x93w\x10\xd5M(\x94\x10\x97\xb0\xc2\xb4\x05/0\xed\x1e\x1eG\xc0fV&amp;M\x180V\xde\x9c;\x1bs\xdbr^\x05\xedl\x96\xc81AQh"\x1eL\xd2\xb7\xc2y\xbf\x11\'\xbb-(c\xa3\xc5\xcd\xf5\xddB\x92\xd33%\xb8\xb4\xd27\x0f\xf3\xf2\xec\xf9\xb4\xe01H,&lt;_\xb5\xffke\xc7(d\xd0&lt;?M\x1f]\xaa\x96h\xc6bl\xe2t,x\xfb\xb8\xebr\xdd\x96O\x90\xc2\xe9aw\x12*\x82\xbc\x1b\xf6\xdbz\xa7\xe6\xb3\x82&lt;cU\xa5j\xbf\xc7\xcf\n\xe9?n\xe9%\xe5\xbb\x9c\xd5$9\xea\xfd\x94\x8a1=\xba"\xf5;\xb1\xecGw\x86zl\xb5\xc0oF\xf7f\x10\xa9(\x9b(\xf11\x060\xa0\xdf?\xbf\x16I\xa6S\xc5\xcd\x87S\x88g;\xfc\xe1\x98\x08\xb7\x1b\xc0\r@&gt;\x84\xc4\x97\t\xacy\xf6\xac\x878b\x87p\xa7\x1e\x19"\xd0o\xec\xf1\xb1\xa3~\xf4}b\xb0"\xa5\xbby\xc9;\x03`\xb4Y\xd4\xf2~L\xac\xc1b.\xc4l\xa7r|\xbah\xe7\xa1I\xb2\xabv\xc6\x1f\x97\x9a\x14\xfc\x07D\xcfN\x16v\xf4\x1an\xfc\xf4\x0fP\x82c\x00\xf4Y\xfe\xc3\xc5\xe5\x92\x18b+M\x90\x8bnS\xb1E\x11)\xb6\xaa\xa5\xcd/\x90^L\'\xebLg\x8d\xbc\xd1j\xc3\x03\xcd\xackk%x\x02\x91qh\x93\x0f\x03\xe2N\xab\x99\xf2\xf8\xd5\x1a\x80\x99)gB\xfe\xe7\xc9\x88M\xbe\x81\xcfK#E\x16=\xa4\x8d\x85v\xd2-\xac1$^\xcc6U\xa4\x19\xbcX[.\xf6\xf0\x9b\xfb\x1c\xef(fa\xc1\xaej1\xb8\xe5\xe2\xc7,\x1aU\xdd\xe9\xce@\x1c\xca\xa1H)\x03?\xa0\x15\xf1|\xcb\xbd\x9a\n+3Id\xa7\xcb\xe3,\xec\x8awI,u.\xec\x8b5\xb4\xde\xf4J\x83\xab\x95\x93\x80=\x83X\xb2\x8a\x02\xf7+l\xb4P\xd1y\xb1\xf61\xbb\xaf\x85\x1c\x99\\*\t\xdbVzX\xca\xd2\x85J~\x1a\xe6\x96B\xa9\xd1\xb1L!\xc6\x1a*\xb1\x8b\xad\rwM\x1f\x02[*=\x91#\xb8\x0f\xa4~yV\xa9\x10l\xc9|\x90\x93\xber\xb5\x84\xc9\x91h\x8b\x1d\x8d\x90{\xd6\x11\xa9k}\xcc\xc0kYT\xa4\xddb\x1f\xd9\xd9k\xd0TJ\x8d\xb1\x99O\x87`\xfctFi\x16\xdb\xcdO\x03b\x157\xba\x83z\xbc\xbeO\x89\x9a\xc4\xdb\xf8\\\x0f\xcf\xcdf\xa8\xd27\x15\xea\xe5Wql\x96\xc3c\xf6\x9a\xe5\x06\x15\xb2/\x9bc\xc1\xec\xcd+\xda\xc9D&amp;;u\xf8~Y\x9e\x05\x88_/\xd1\xb1\xca)!\x86\x98t~\x84\xbfF\x02\xa4\xc3\xe7\x8b\x17lB\xf7\xd7\\k&gt;K\x11\xcf\xac[bk\x95\x8e\xa8\xb3b\xcb\xa5;\xf6\xb1\xb3fC\xbd\xae\xf7P\xb8i\xbc\x14\xf1t\x9e\xa7\xd4\xcam\x8e\x80\xff\xcc^Rj\x11\xb4\xb1.\xd6"\x92K\xcc\x04j\xc1\xe6\xd5\x1cQ\x0c%&amp;\xb5\xf0\xb5\xa9qnX\x1b\xd0HV\x1b*\xc4l@\x1b}K\x16\xe4V\x03\xc9\x1d\xa5\xdb\xa4u\x08\xc4{W=\x9e-\x8dfM\xdat\xaa\xceZ\x15\xbd\xb2\x95v\xf13Q4t\xe7_q\xedj\xbf\x8a\xbcv\x04\xc1\xb4\xf6M\xd4\x98cI\xde\xa5\x14\xa6\x96\x85\x91f\xbb\xc3u*3\xdd\xa5\xda\x1bjp\xb3E\xc0\xab\xb0\x0b\xb2\xb3\xe9\x87 \x8c\xc2.\x88)iBb\x95\xaf&gt;\xef\xed\xd9W\xc9V\xe4#\xb6\xb9!\x94\x00D\x80!k\xa5\t\xe7\xcb#\xad\xf1\x01\x9c\xea^c\xf5\x13\x1a\xa0\x18:\xd1\x96\x9d:\\\x9c|!\xf4\xec\x0b\xc5\xde\x824\x99E\xc3m\x1ajc\xd3\t\x8b\xb6w|\xebjC\xa7P\x91\x1c\xe5\xb2\xb7P{\xd1\x8a\x04O\x03\xf9\x1f\xc1\xcb\x87S\x06\x1fE\xf9&lt;\x10\xdd\xcel\xd7Be\x88,S~h\xdd\xc6B\x8a\xa8a\xebo/\x1as\xd7G;\xc2_12\x9d{Ki\x11\xaa\xca\xf6{\xe1\x17\xb8\xc1\xa7\x12\x9b\xef5\'E\x8d\xe1Z\xbe-\xab\xb1\xcc\xae\x8f_\x07\x89\x7f\x157b\xfd\xfb\x8b\xf7M\xb9d\x172d[\x93\xbf\xb8\xd5\x0b/\xec\xf5\xf6\xa4X\x00c\xf7\xc3\xe3\x1e\xe5\x0c\xbc\xd7\x8aF\x0c^\x0f\x1f\x10\xaa)\xa4\xbe1\x11{A^\xd9\'*U\xd3\xc8\xfb\x8b\xe1\xdb\xae\x9b\x1e\xc94e\xec\xfdD\xfb\xe5ka\x8d\x9a\x88\x7f\xe3f\x1cn\xd4D\xa9i\r\xda@}+\x92eW^[\xb2\xbb\xb8\x111\x85\xb3\x9b\x88d\xfe\x95Q\xf8\xf8\x01\xf0U\xa1[Z;\xef2\xb1\xd8\xe7\xe4\x87\xb6do\x86m\xa8\xacr?X\xc7\x97%\xdc\xfb@\xe4&gt;va\xae\xf7\x00\xef\xd3Hi8_\x8e\xf3\x82\x10rE?3U\x01\xb4.\xc0\xbb\x9c\xaf`\xd3\xe6A@\xf6\x83\xba\xe6\x10\xa1\x00N\xd4x\x9c\x07\xd2\x99f\xbdM\x9b:p\x0b1Fr\xb5\x16j\x13w\xfc\x94\xc9\xe2\x86"ew|+\xcb\xa5L\xf4|l\xc69B\x95\x84&lt;\xfb\xc4^\xe84\xdc\r\xa5B\x84\nX\xf4=\xa8\xa9\xe63S\xbc\xd9\xbe\xba\\?\x95\xeaW0Zx|\x93V\x01y\xd1\x05\x13\x94@\xebnE\xec\x91\x7f\x85\x054\xd0\x9c\xbd\x1a\xf3\xc5\xa0\xcc\xd8\xe3\xac\xb2\xba\xc1\xddR\xdc\xc5\xc0\x1e\xd4\x1f\x9e\xbe\x02/&lt;\xcf\xd9\xaf\xc2\xe7\xc9w\xaeM\xc1\xfay\xd6\xeaY\xc3!B\x91\xd2L\xddm\xb0\t\x05\xcb\xd2\xb4\x06\xbfW(\xa6\xe0\x85\xaa\xdfr\xb3\x19#\xe17\xd2\xb8(f\xbd?\xcbe\xde\x1f\xc3v\xed\xe4\x1b\x1b\xd0\xc8;Y$B\x12\x8a\x10\xe8~\x04\x1el!\x05\xea\xa0Q6,`\xd0-\x83\xdabX\xbd\xe3=\x0c\xb00\xcdT[\x9fv\xfb"\xff\x8a\xfc8!\xa8Q\xa8i\xab\x95\xe0s*\t\xe9Rk\x1b5\x99S\x0f\xfb\x16U\xe93\xdbg:Hr#\t{n\x1e;\xac2R\xfd\xe2\xf9\x0b\xe3\xcd\n\xdb|"\'\x12\x19)\xedPI\xa5\x00Yc\\\x12R\x11&gt;\xcd\xfchn2\t\xb7\x9dF)bm2_R\xb7\\Y\xffgA?|\xb3\x82\xde\x0b\xf6\xd4t\xda\xb5w\xf2{\x0b\xb1\xa5\xad\x02\x8a]\x88{.\xcb\x85{\x96\xb5\xf6FN?m\xa8\x93\x1d\x90\xb2\xa9m#e\xf4\x19\x90dQ\t\x83lQ\xd6\xdb\x8c!\xd8\xde\xcc\xbce\xbdp\xf7\xf3\x0e\xc9\xfc\xefD\x8f\x03\xb2k)\x8bb\xf3YNhl\xb6\x81\x98L\x13\xcb\xe9G\xe0k\x07\xa0\xa77\xfc\xda-\x96\x00\xc9q\x03\xbb\xf8\xcc\'&amp;)8HUi\xf0\xa6\xa4\xc7\rM\xd3\xbb\x18\xfc\xc8\x06:\xe4\r\xef\xe64\xd4R\x03b\x11\x06\xb3\x83n[\xf4yf{ ,Ey+=\xe14$\xc1\xc8c#e\x8eL\xebz\x9f\xa3\xb2\xf70f\xf3\x90WI\x85\xd80\x11C\xd9g\x02R")\xf5\xd35\xed\xbex\t\x9bB\x04\xd6\xc8n=$)\x13OQYs\xd3k\xb1\x82\xb4\x96sx\xbfj\xaf\xe9~.\xdc\xccvL\xa0\xcc\xf5\x137\xb3=\x03*\x1br\xb1\x10\x8b\xf2\xc5\xc8\xdd\xe3\xf3\xa8&amp;\xa1\x08.\t\x922\x96\xd5\x0bX)n\xb7\xa5\x99\x1d\xe4\xe6&gt;\x18b\x1a?)E\x802\xb9\xedI\xa9E\x13O\\\x81\x87e\x9dN\xb5\x9f-T\xed\xcc\x8d\xcd^.\x9b0nS\x93\xa3\xc4\x18A\xd3\x7fVn\xf4\x83k\xc4i\xf3\x9e_\xcb*\xc9\xed\x04\xca\x98\x83$\x1c)bz\xa7\xb6\x8e\x95!4Y\xf9\xc6\xf4&lt;\r\xe3\xd6\xbaI]\xa5\xfae\x03\x05+\xba\xe9C\xfel3\x10*!j\xdak\xcc\x8f\x9c6D\x9d\xafR\xf9\x00\x85\xd6\xb6\x1a3oG\xb3\xa8O\xd8l+\xb1H^\xd4\xdb\x06\x1f\xd5\x98\x99\xbd\xebN!\x17l\x12%\xf3\xe9\xba\x14jM\xb4\x91S\x1cV\xd6\xd0l\xd5\xba\xba]@\x89\x9ay\xe3\xd6\x9d\xdc\x9aO\x02\x92\x08\xd2\xf3\x965a\xcf\x9bB\xae@bl\xa5\x112\xc0=\r\x0f\xfe\x9d\x86\xe7\r.\xea$J\n\xe5\xcb9-j\xbcl\xd6P\x14\x7f&amp;\xabvv\x80U\x12\x04 {\xb2\x9cH5P\xe4]\xa8B\x8a?\x19\xe3M\xa7\xbd\x03\xa2\x11\x1a\xca\x15\xca\xc3\x990uu\\\xe3,\x019\xabsF\xb5"\xec*\xe3\x8b\x1c\xd7rf\xa9\xd4\tc\xf6\xe3\xa1\xcd$\x80~\xa90\xe5\xd8\xcf$r\x10SV\xab\x93VK\xde\x1fU\x17\x9f\xa1\x9c\xfe\xb4\xd6\xf1ZD\xa5\xf5\'\xc8\x1c\x0eM\xb6\x18\xc0(\x0cl\xcb\xef\xf7K\x03\x85(\xa3(\xe0(.\x88\xdc9jjq\xd7;\xb5\xe8M\x1bj\x9e\xedi\xef\xb2\xc7nD\x12\xf7\x17O\x8b&lt;F5\x85ZA\xdd\x16\xf7\x8f\xda\xbcq\x86\xd52\xc5c\x94\x9cx\x8c,\xe4\xee".J(\xd7;&amp;G\xca\x1f\xe8!\xe7S\xd8\xe7\xfbcL\xa1\x8d\xce\x7fK\x01\xf2\x02\xa8nt\xfe\xa0\x927\xcc\xc3a\xec\xdb\x92\xe9\xacBg|\xe2\xc6\xd1\xcb\x9aS\xa7\xf3[L8\xdc\xf2\xb1@\xad\xc4\xbd\\\xf3r6\x96\xee\x96N\x97c(\xbd\xe9\xec(\xab\xf5,H\xf2\xcc[\xd6\xe6\xdcF\xac\xce\xde.\xda)\xae\xe6\xe63\x05\xd8wN\xb7\x0c\xc0\xd2\x9e!|\xd4r\x00)\xaa\xb0\xfe\x85\x9b\xe6\xe9\x1c`\xcb\x8f\x1c\x0bBX\xa5\x8a\x1dr\x00\xa5\x8cD\xad\x8e\xe7\xc0vCC]\xa5;0;\xbf\x16w\xbdGw\xb3\x18O\x07\x08l\\\xe9\x95\xcdG\xc2\x8b\xcf\xd1\xa5,\xde\xb7\x08=\\W\x19(W3\xef\x85\x1d\x0eTwo\xb1\x8f\x8574\xe23\xb4\xa5\x87\x16)@\xdfj\xc6\xfd\xe5V\xea\xf8\xc0b\x85@&gt;\x11;9\xaa;\x8a=D\xc8\xa8r\xc0\xdc\xc4:v\xa8\xd3\xa1P\xc7\xd0\xfd\xcf\xf4]\xc4Z\x98\xb4`\xa8\xfc\x1bG\xda\xcaRBKMmq\x1f\x9bx.\x13\xd5\xe2\xb7\xa2O\x86\xca_\x03vE\x0c\xa5e\x95\xe1x\xf5\xea\xa5H)\xe9\xa8\x92\x04\xde\xbf\xfe\x9f6\xaeS\xe0C\xd6\x8fJ%\xb3w\x0b\t\xd4X\xe2s\x04Yf\xc5\xd2\xfd\xe5\xc8\x83\\\xd9\xe1[\x19Z\xa3]jB\xba\x0f*\x97\xe5\xe2t6\xd6Wl\x9ei!\x9a\xfcq\xaf^,\\\xb4\x02\xff\x9b\xbd\x18\xe0\xa3\xba\xb1\xe1\xedG\xd4\x14\xbd\x18S\xae\xd6\x9c\x17\xb9\x03\x8aU\x12\x9b\x86\xc0\xfe\x9eBy\x07\x85\x11r\xecE\xabD\xbd\x9a\xe4\xcb\x83\x04\xb5\xf2\xed;Q\xafT\xb6:\xf8\xf0\xcanK[\x1b\xfb\xfc\xb4\xd5\xc7\x1a\xe6\xed\x98\xa6\xe1X\x83\xde\xb1\r\x01%)\xd8\xe4U\xe6\x1c\xde\xa6\x895\xb1\x06\xed^\xc8\xe4\xb4&amp;\xe1\x11\x8en\xb6\xdb\x85]\x82\x96\xc0\x0f\xf5\xcd\x02\x1cR\xce\xa0M\xedB\xa4l:\xb3z\x8d\xdd\x0c#\xcf\x03\xcf\x82\x1b\xb7\xc6F(\xdf\xaa\x06\x8b\x9e\'\xa6Y\x02fK&amp;(+\x0b?`\xb6\xd4\x19\xe2C\xba(\xa2b^J/D\xcao$&lt;gc~\x9e\xe6)\xdd\xe0|\x9bw\xed\xc7\x84\x83\xadh\x0c\x1b\x8e\xae\x84ed\x98\x90(\xd38\xb3\xd2?\x1fD`\xbc2\xa76/&lt;Vr;=\xa5fO\xaf\x9d4\xb5\xe3j\xbe\xa7\xca\xa2\xc9\xe7\xb4\x1b\xa7D\xaaEH*\x8a\xa2{\xde\x8bCi\x1a\xe6\xc7\xbf"\xbfr\xed[\xadH\x90\xa2w\xc7\x19\xb8\xb9\x9d\xbb1\xb8\xcd\xecU+\xaca\xa5\xc7\xce2//\xf2\xf5\x16\xdax\x84\xdc&amp;\xad\xb4\x90zS\x19x\xcc2\xef\xb6%2\xc2R\xf2\xfc\xb6\x17N\x98\x08\x8et\x8b\x19\x04\xe1\x945\xfbe\xe8\x9c\x1d\x01\x83\x8eP\x85\x0f\xf0\xae\x98\xca\xdbhg\xed\xd8\x97\xac\xc3\x96+\xba)\xd6\xf8WS\xd2{\xc1\xd8\x18\x81\x83&gt;\x7f\xcd\xc8\n&gt;\xd7\x04\xcd\r\x9c(xb\xca\xa0\xd5r~\x0f\x96\x8f\x07-M\xbbNR\xcf\x93_\xe0VE\x99wWh\xd0\xb3\x06\x97\xb5\\i[t\xcd\x0b\xb4\xe9\x8b\xf0y\xbe\x99\xf7\xaa0#u8!\x177\x01\x05\xd1Bl\xbek\xf5\xd6\xdf\xc9\xfd\xd9x\xa9\xb2\xd6\x83E\x03\x1f3o\xba\xaa\xd6O7e\xe7\x93!"\xb3\xd5\'L\x03\x7f$\xc8:S\xcd`\xda\xeba#\xa4mX\x0e\xa7Y\xee\x18(w\xd2fy\x9a+q\x1a\x05\xb2?\xba\x07\xafA,+t\x04@\xebp\xc5-w\x8f=\xa6\xe8\xc6w$W\x8f\xbd\x92FPd\xc2,\x9c]C\x96\xa9\x127\xe2T\xa7!u1\x84jR\xb4\xdbP\xc5\x81\xbd\xaf\x90,\xc9\x99\xf5\xcc\xcd7\x98\xc4\x9f\xbeeZ$|\x8d\xdd\x8fh\x8d2\xff*n\xf70o\x1b\xbc\xbd\x93\xdd\xfbp7\x10\xe2}xb\xf1\xa6\xb9&amp;\xden\xddO\xe7S\xad\x81"dm3t]\xb7\xd8\x9ba\x08\x1a&gt;R\xbbh\x7fz\xc4N\x03"2Y\x90f\xf1^S8Ex\xb6\xdc\x8c\x08\xe1\x14a\xdd\x195+\xd7\xf0\xd9\xcf\xa5\xaa\x95x\xd7@\x81\xa8\xa1*J\xc6\xc9\xbd&amp;\xb0E\xc8\xe5J\xd6\x0cU?\xd6\x12+\x97\xd24\xb8l\\\xd0Z\xa4\xb5\xb0\xc8\x17?\xfc\xa8pq\xb2")\x1a\xa6{-\xd3\xaa\x07\xde`\xb9*\x9c\x11\xab\xd8\xdc\xc0\xce\x9e\n\x99]@\xd6\xf8\xd1V\xac\xad_\xed!b\xd4\xa6{\xd1yM\x81\xd5YIJ\x83y:\xb0\xb0z\xfbWCf33\xbb\t%\x00\x84\x02u\xa3\x11\x1f\xe6\r2\xeb\x81\xcc3\xba&gt;b\xde\x9cN\xd2\xed\xa1\xb4\x8a\xcdm\xd5\xa1\xa4\xc0\xfe \x16\r\xcd\xbf\x90!n\xee\x8a\x07\x91\xa6iG\xb6\x87\xdc[RHAV/\x06/\xe5M\xef\xb2\x8c&lt;\xcf\x94\xb4\x95\x14\xad\xa81\x1b\xadz\xc0&lt;\xabDY!\x7f\x9a\x87\x1b\x9b\xf9\xd9\xf3\x1c\xa4\xbe\x99\x01Xc\xa0\xd6\x93\x1f\x85N\xa5 6\xbe"BC\xb7m\x0ew\x9d\x9d\x1b\xea\xa0\x81\xf0W\x8f`!\xc6OE\x1b\x92ePY\\\xfe\x0b\x95\x1a\x8d\xf5^\xac\xfb\xc1\xc7\xbf\x94\xa8\xba{\x14(\x88\xa9\x0c9\xd4"E\xd1g\x10S\xe4\x84\x98\xba\xdf5)\x1c\x08\x14\xfbT\xd7\xf2\xbek\xf5\x05\xca\x9b&gt;\xc5\xd7\xbe\x94S\x1f\xe0\xebi\xbe{\xa0\xcc\x86\xec\xf5\x9a\t\xd3\xed\x99c\xb5u\x02\xcf\xc6\xb4\x15s&lt;7\x8a\xf8y\xec\xd9\xc6\xe7S\x8b\xb4{4~\xfa|\x16\x18\xfe\x82-\x96\x8bO\x06\xf0\xe5\xdc\xd1T\xb9\xa3W\xa1\x84\x8f\xf1,I\x1dY|\xae^8|&lt;5U\x02J[W\x8f\xf5aS\x8f\xfa]Z j\'\x80\xde\xe4\x90\xeb6]Pv\x8f^\xcd\xc9\xb7C.\x97\x9bc(&lt;\xb4\xd6\xaf#\xb8x\xe3T\xd8[\xeb\x17\xcd\x0bt\xdap\x99\xadab\x01\xbb&gt;\x12_+zT\x99\xa6r\xddq_\xf1\xe2\xd9\x13o\x1b(\x03o\xa9\x97\x1b]\x14\xb1\xa98;\x85\x90K\x88,6\x88\x0bb#\xf9N&lt;\xb6-\x1b\xfdU\x8e{6Fqg|\xbd\x9d\x05\xa4\xa3\x08\xc8\xdb\'\x1e\xf6\x83\xcd\n\x16 Z\x10\x03\x8c\x9b\xaa\xa4\xdd\xe8_\xe7\xf4\xe1\xa3\xac\xb2 \x9d*\xc9\xcf\xbe\x15\xb7\xf5\xda\xb0#\xaf\xc2w\xde\x0b\xb0Mi\x04\xc4\x81y\xb3D\t\xcev\x1b\x9b\x9d"/\xe5b\xb7\xdd\xee8\xfe\xaf!\xe2\xfc\xd5[\xe1{8\xa6.\xf5U\xc5\xd7\x9a\x9f\x8e.\xb46\xb7\x8f\x9e#B\xac3R\xef=\x1e\xd4!\x05&gt;\x10w\x84\xe7\xe7X\x05[\xbd\x9d?\x87\xab\td\x0f\xf9\xe3X\xef\x84\xf5,\xc3\x06R\x9a\x1c\x97\x1c\x86\xe5\x94\xa5p\x11.\xf82\xf6(\xb1\x9f\xc8\xe6{Zxk\xe6\xb9\xc1\x8d\x06\xe5"\\\xe55\x87\xa1Q\xdc\xa8t\x8f\xb2\x952o\xc3+\x96\x1a&gt;\x7f~=\x8fD}%\xe5\t\x91\xc6tm\x0b\xdf\x14S\xb2\xfa\xc7\xcd\xc9\xa3\xba\x9ch\xe7/\xb1{Y\x86\xce\xdf=qI\xf9;q\xc9\x18,&lt;\xb5\xcb\x82\xbe%41]\xa8\x07\xfe\xe2l\x7f3w\xaa\xb3O\xeb\xc8\xbdQ\xc4\xfaLE\xc5\x98\x9b&lt;\x0ef\xcd\xebit\xa7\xf5\xc0*;\t\xbb\x08\xd0Rz\xa6l\xf2\xb1MV\xae9\'Ra\x11c\\\x01\x876\xa5tB\xda\xc2\xe8\x8e,*\xc2\xc8\x81\x1d\xb5~\xda|\x13\xdf@\xac\x8fa\x10@+&gt;b\xdcU\x7f\x07\x9bM\xea\x89"\xd03e\xcb\x8fM6I\xd7U1\x84\xe6f;;\x98\xc7\xb9\xbb\xc3!2\x9d\x11\xb5\xca\xfc\x91\x84\xea\xb5\xf4i\xe6\x8f\\x\xa3n\xec\xf93\xcebu\xf2cS:\x9f\xd9\x87TE\xf3v\xe2A\r&amp;\xaf\x10(\x95@l{uG`\xd9\x1514\xce\xaa\xf1\x80iz6\x96\x1f\x05V\x96Ub\x8fE\x88\x8f\x80{!\xab\x18\xfb\xf7`\xdc\xb6/\xab\xa6k\x9c?\xaa\x82\xec\x96\xf0&amp;U\t[\x8e\xd5\x0f\xdd\x07R\x970\xd7H*1\xc14|l:\xb5\xcd\xbed|\x17\x16\xfb\xb5@\xaf\xb0fd*~@\\\x84&amp;)\xde\x1a(y\x99\xf9e\xb6\x0b\x04\xa1\xe7\xa7\xf8\xc5\x0e-\xb2\x81\x84:\xbd\x98-Y\xa6&lt;\xcc\xa6\xcayS\xacK\xc1\xea\xd3\xd5\xac\xd7\xfc\\S\xe0\xbe=%\x08\xffj\xa3\x1f\xf5\xe2\x99\x88-\xd4\x02\xaa\xc4\x8edL\x0c\x85\xe5\xed\x07\xac\x84{\xc3E\xb1.E,\xca\x81i\x9et\xb3*\xdb\xd0\x10\x86R\x0fMq^\x04\x95 J\xa6\xb3J\x14\xb2\x98\xbb \xe9\x1a\x1dT;2\xadU\x19Kljs\x8b~[\x8e\x08C*I5\xcd\x06\x0f\x9c\x91\xb2m6?\xf5\xda&lt;\xf4\x18\x08\xc0\x91\xca\x86\xd8/\xa2\x96Tr\xae!?\x7f(Qq\xad\xc0\x14BH5&amp;G\x82\x0e\xcc\x81\x17^\x8d\xb8\x98i\x9c\x16\xa1\xf7\x83t\xde\x85D\xb5Z\x0b\xfa\xed\xc2\x9c[h\xd4T\x9e\xa9\xf4H.\x87\xd1\x7f\xf4\xe3\x80\x82\x1c\x82\x93.\xf2i\xc7\x1ex`\xc5\xcf\x1b\x89\n\xea\xe9\xbb\x0f\x9d\x1d\xe8\x8d\xc2\xd9\x9a\xf2B\nJi6\xfe\x8b\x02\x8d]\xdd\xdc\xec\xf3\x9d\xca\xca8\xa1\xf8j\x88@M\x05\x80.T\x0e^\xda\xc4M\x98\x8fs\x8bn\x94\x10M2\x87jU\x89R\xbe\x87\x08\xd3\xf1\xedkI\xac\xb0e\x1b\xc4T\xdd\xa0\xadR\x17;5Ta\xa2\xef\x96"(\x1a8\xe5\xe2\xc8sSP \xef%+\xd0LK\xb5x\x97[k%\xe4\xb4\x15,q\x1a\x13\xdb4\xac\xc5\xbb\xc6z\xf0^\x1e/\\\xc8/\x9d\x98\x1c\xc4\x8b\x17&gt;\xbf\x19\x02\x93\xf9\x82p\xb6\x9d:\x1d\xd3\xb7\xcf\xeb\xa5 \xa1\x14B\x83\xd2\x9a\x1b\xbe\x1f+\xc8\x125e\x89L_l\x12\xbcm\x9b\xaf\xceE\xae\xe4\n\xaa\xf8\x9d|I\xee\xb1S\x89\xca\xc97\xef\x80\xcf\x82\x93\xa6iX\xeb\x08\xc7\xe4\x90\xe5i\x96\xf45\x97k\r\xe6\x14\x81\xf5S#ezW\xb9\'s(\xa7\xec\x9b\x83r\x98\xf4/\xed\xa1\x9a\x100W\xbc\x8e\x14\xf6\xaa\x8e\xa2,\x14\xf2M\x17\xe5\x87\xb4U\xf7AN#&gt;\xcb"\x1f\xc5F\x00\xeeg\xf3ea\xff\xce\xfa\xd9a\x86\x8a\\s}\x85\x0c\x92Uw\xf1\x1bR\x92\x882emH\xb3ze\xbf\xeb\xf7\xf5\xbaw\'\x1bF\x84C\x01\x80\t\x07\xde|\xc5\xbb\x00\xbar\x87@|\xd4\xb9\xf9nq\x82}\xc3\xe6\xe1\x9e\xbe\xb6qd\xcc0\x93\x04\x1e\xdc\xb6\xcd\xc6\x12J\x88\xa7\x9cP\x1f$]\x8d,\x8c\x19\xfa\x0c\x87\x84}I9\x8f\xe7\x99.\xec\xf6@aNShH\xc5\x0b\xc1\xeaz1BH\x15\xa0\x14{RZ\\\xf4\xd0\x08Bm\x18I\xa99\xbfz\x8b\x9aC\xcb\x92\xae&lt;C\x1cb&amp;*\x0c\x9c\xfb\x7f\x91\xad"\xb9/\x92\xd4\xee\xb6\xb6(0\xd6\x06EY\x88\xf9\xbc\x86\xf9\xda\xea\x8f\xf8\xf5fG\x93\x05`\x8an\x98\\\xcc9D$\x8d#\xc3&lt;(\xd7\x00_\xecf\xc9\xf5\xb3\x1f\xe5I\xcdB1V\x1e\xc1\xdfo"\xc1\xb36\xc1\x88\x87\x90\x0e\x91\xe6\t\x17d\xe4\xc2cOTn\x11\x9bO\x16\x1f\xf5\xbe\xfb-=t^a\xb7\xc5M5\x85\xde;h\x07\xdc,s\xda4\xb6\xcb\xf6agk\x12\xac\xde\x9b&amp;\xe1\x8fow7\xb9\x92,W\xd8\xfd\xab$\x936\x95\xd9\xdd\xfe\x9e\xd9\xfd\xe6\x0e\xab^$\xac\xf4\x92G\xa2\xd9\xd3,e\xd3&lt;S\xf3yG\xf3\xf4\\\xe6\x11?\x1f@\\+\xa0\t\xd0\x02\xf5VUz\xfb\xfb\xb2/\x10 \xf6\x04a*Q\xb4{\x95\x88\xb3\x8b\x98\xfa\x12\x87\t\xbd\x04\x91^\xfbl\x95\x9a6D(\xa0\xd7+\xb1\xa8:\xcd\xc4\xd8\x1b\xce\x9c\xe7\xd9\x1dJ\x0e\x92\x92\xeaX?A&lt;\xa7\xd4I-\xb6\xf8(yw\xf6\x8a\xad\x84D`dq/u~\xcb\xd1H%\xaa\x95w\xe6\t\x11M\xcbt\xd6,\xb65\x8a\xa9\x1f\xbc\x93VK`\x19\xce\x8e\xa9F[q\xb9F\xf9N\xad\xd9\x19-=\x9256D40\x947v\x13-\x99g\xe5p\x8d:m\xc4\x0c\xec-\xf9%\xdb \n\xadn\xacjf\x91_q\xe8\x9bm@\xd1\x88?\r\\\x0b\xd9\xb1t3\xa7\xcf\x9b\xb5.&amp;)J\xf5La\xeaC\x8b\x95\xd7@M\x12\x1f\xaa\xc1ys\x11h\xe7\x0cM\x13\xd79_\xa8eI\xc8\xed\xcfT\xfb=\xb4(\xc4\xd8\xa0\xae\xc4\xdf\x06\x87d\xb58$\x9d9\x02\x13\x05&gt;\\=K\x90I*h"\x15\x01\xb3f\x01\x10\x1fK\x89\x1d9?\xd5\'\xcc\x88|&amp;55\xdf\xdd`I_\xb8\xca\x9bu\xb1\xd7V\xb0\xd7P\xa1=(\x07=w\xc1\x05\xa1v\xd5&lt;\xb2}\xfa5"sDnIh(\xfc2HK@\xc4\xa4v\xde\xe265\x15\xa7)\x0b\xe6\xd5\xf6\x08U\xefDa\xb5\xd9\xd1K\xee\x0fP\xf5K?V\x92-\xdf\xc1\xe9\x9e7x\xe7\xabI\xcf#\xc1\xd6\xc2P\x15yIr\x06\xbf\x82[\xbc\xc6,\xa6]I1[K\xdeo5t\xe1\xf1v+\xd8\xd0Q\x8a\x1fj\xc9\xad\x7f\x8f\t\xbdWLH\xcb\n\xcc\xcd\xaf\x16\x9a$\x05\xa6\x88\x8aT\x7f\xaf\ttk\x17E\xa9\x07&gt;\x0f\xc1\xad\xd4\x06R\xda\nE(\xc9E\xa6\xe4\x0e\xd1\x86\xa6\xc7\x85\x9f\x16S\x05\xabD\xcf\xbb_\xea/\xb2\x06\x03\x02-\xeb\xf6\x99z.\xcf\xdd1\x8cpu\x0f\x91\n\x9b\xf7$k.\'I\x02\x17\xfa\x151\xdc\x8am\'\xd2\xb2\x97\xfc\xd0\x80\xd3\x1e\xbc\xc9\x0fh\xd9G7\xd4\x92\x03\xb8B\xdb\x95\xbb\x1f\x85\x98v~b\x00\xd8\xfcR\xa7\x84;\xf1\xcfZ\xd2\x1a\x1c\x02D\r\xb1\x93\xaf]ESaM\x06U\xcb\x05\\\xadvU\xd9\xb2\xd9\x1c\x8f\xc3XGb\xa9C\xbbp$\xee\xb7\xb7\xe8-\xff\xdc;\xa3\x0fB\xa2\xe8W\x95uC\xd2q\x7f\xed\xaa\xac\xd3)\x82BM\x98\xdc\x16;\xa7\xca\x06D\xd6J\xec\xdd\xdc\x97$\xba\xca\xe9\xfe\xbe\x84\xcf\xd0\xeb\xd9n\xd6\x18X\\\x8d\xd2X\x107\x9e\x95o\x96\xe17\x96.;\x93\xfd5\x9e\x84\xb4\x1c\xcb\x9e\xcf\xd7\xabb\x83)\xe4\xfe'... (set the log level to DEBUG or TRACE to see the full content) 
 </msg>
<msg time="2025-09-26T18:12:00.245795" level="INFO">POST Response : url=https://secure.d4sign.com.br/api/v1/documents/27431c09-bf98-418b-8727-1abfabae28c9/upload 
 status=200, reason=OK 
 headers={'Date': 'Fri, 26 Sep 2025 21:11:59 GMT', 'Content-Type': 'application/json; charset=utf-8', 'Content-Length': '67', 'Connection': 'keep-alive', 'Set-Cookie': 'AWSALBTG=E123zOiDjcnVOIwdlg9oyBCJeY5gT8D8aZM0kXTtjm1pzf7vx58/2PsRJt5JIixrEBenghqc29ARZPuj9aNSEEi0ac8w6TRjVkDDDgDZUBx93uipm9If24a1Co9d3uSWYyip3xiKjbNQB7ika57hDxlm0HqDaGIMHLV1Rixg1njk4JAFyt4=; Expires=Fri, 03 Oct 2025 21:11:50 GMT; Path=/, AWSALBTGCORS=E123zOiDjcnVOIwdlg9oyBCJeY5gT8D8aZM0kXTtjm1pzf7vx58/2PsRJt5JIixrEBenghqc29ARZPuj9aNSEEi0ac8w6TRjVkDDDgDZUBx93uipm9If24a1Co9d3uSWYyip3xiKjbNQB7ika57hDxlm0HqDaGIMHLV1Rixg1njk4JAFyt4=; Expires=Fri, 03 Oct 2025 21:11:50 GMT; Path=/; SameSite=None; Secure, AWSALB=fqaBmH9ovfaUrEOoIM452HkNk6Oa8fddHbjWJ1tn+6thmsAboIVRkJfkeKChVG1S3OLTIh3cW53LLyqMPxIp+jTZ2mXbZYrUFDyYdOswnMiD4UwMMkHqj6Y91/8e; Expires=Fri, 03 Oct 2025 21:11:50 GMT; Path=/, AWSALBCORS=fqaBmH9ovfaUrEOoIM452HkNk6Oa8fddHbjWJ1tn+6thmsAboIVRkJfkeKChVG1S3OLTIh3cW53LLyqMPxIp+jTZ2mXbZYrUFDyYdOswnMiD4UwMMkHqj6Y91/8e; Expires=Fri, 03 Oct 2025 21:11:50 GMT; Path=/; SameSite=None; Secure, ci_session=cpq8e86mc346nt80c7r6o88tddf8i52m; expires=Fri, 26-Sep-2025 23:11:56 GMT; Max-Age=7200; path=/; secure; HttpOnly', 'Server': 'Apache/2.4.41 (Ubuntu)', 'Strict-Transport-Security': 'max-age=31536000; includeSubDomains', 'X-Content-Type-Options': 'nosniff', 'Expires': 'Thu, 19 Nov 1981 08:52:00 GMT', 'Cache-Control': 'no-store, no-cache, must-revalidate', 'Pragma': 'no-cache', 'X-XSS-Protection': '1; mode=block'} 
 body={"message":"success","uuid":"b8835085-5ec0-4b9f-9b65-d88f657e6d4c"} 
 </msg>
<msg time="2025-09-26T18:12:00.246573" level="INFO">C:\Users\joao.carlos_d4sign\AppData\Local\Packages\PythonSoftwareFoundation.Python.3.13_qbz5n2kfra8p0\LocalCache\local-packages\Python313\site-packages\urllib3\connectionpool.py:1097: InsecureRequestWarning: Unverified HTTPS request is being made to host 'secure.d4sign.com.br'. Adding certificate verification is strongly advised. See: https://urllib3.readthedocs.io/en/latest/advanced-usage.html#tls-warnings
  warnings.warn(</msg>
<msg time="2025-09-26T18:12:00.248015" level="INFO">${response} = &lt;Response [200]&gt;</msg>
<var>${response}</var>
<arg>d4sign</arg>
<arg>/documents/${UUID_SAFE1}/upload</arg>
<arg>files=${files}</arg>
<doc>Sends a POST request on a previously created HTTP Session.</doc>
<status status="PASS" start="2025-09-26T18:11:51.220974" elapsed="9.027474"/>
</kw>
<return>
<value>${response}</value>
<status status="PASS" start="2025-09-26T18:12:00.248691" elapsed="0.000496"/>
</return>
<msg time="2025-09-26T18:12:00.249525" level="INFO">${response} = &lt;Response [200]&gt;</msg>
<var>${response}</var>
<arg>${RELATIVE_PATH}</arg>
<arg>${UUID_SAFE1}</arg>
<arg>${TOKEN_API}</arg>
<arg>${CRYPT_KEY}</arg>
<status status="PASS" start="2025-09-26T18:11:51.203264" elapsed="9.046574"/>
</kw>
<kw name="Should Be Equal As Strings" owner="BuiltIn">
<msg time="2025-09-26T18:12:00.252480" level="INFO">Argument types are:
&lt;class 'int'&gt;
&lt;class 'str'&gt;</msg>
<arg>${response.status_code}</arg>
<arg>200</arg>
<doc>Fails if objects are unequal after converting them to strings.</doc>
<status status="PASS" start="2025-09-26T18:12:00.250329" elapsed="0.002536"/>
</kw>
<kw name="Log" owner="BuiltIn">
<msg time="2025-09-26T18:12:00.255348" level="INFO">Body upload: {"message":"success","uuid":"b8835085-5ec0-4b9f-9b65-d88f657e6d4c"}</msg>
<arg>Body upload: ${response.text}</arg>
<doc>Logs the given message with the given level.</doc>
<status status="PASS" start="2025-09-26T18:12:00.253447" elapsed="0.002178"/>
</kw>
<kw name="Call Method" owner="BuiltIn">
<msg time="2025-09-26T18:12:00.256795" level="INFO">${json} = {'message': 'success', 'uuid': 'b8835085-5ec0-4b9f-9b65-d88f657e6d4c'}</msg>
<var>${json}</var>
<arg>${response}</arg>
<arg>json</arg>
<doc>Calls the named method of the given object with the provided arguments.</doc>
<status status="PASS" start="2025-09-26T18:12:00.256068" elapsed="0.001037"/>
</kw>
<kw name="Get From Dictionary" owner="Collections">
<msg time="2025-09-26T18:12:00.258071" level="INFO">${UUID_DOCUMENT} = b8835085-5ec0-4b9f-9b65-d88f657e6d4c</msg>
<var>${UUID_DOCUMENT}</var>
<arg>${json}</arg>
<arg>uuid</arg>
<doc>Returns a value from the given ``dictionary`` based on the given ``key``.</doc>
<status status="PASS" start="2025-09-26T18:12:00.257585" elapsed="0.000685"/>
</kw>
<kw name="Log To Console" owner="BuiltIn">
<arg>Documento UUID criado: ${UUID_DOCUMENT}</arg>
<doc>Logs the given message to the console.</doc>
<status status="PASS" start="2025-09-26T18:12:00.258739" elapsed="0.000555"/>
</kw>
<kw name="Should Not Be Empty" owner="BuiltIn">
<msg time="2025-09-26T18:12:00.260020" level="INFO">Length is 36.</msg>
<arg>${UUID_DOCUMENT}</arg>
<doc>Verifies that the given item is not empty.</doc>
<status status="PASS" start="2025-09-26T18:12:00.259595" elapsed="0.000741"/>
</kw>
<kw name="Adicionar Signatarios">
<kw name="Create Dictionary" owner="BuiltIn">
<msg time="2025-09-26T18:12:00.264415" level="INFO">&amp;{headers} = { tokenAPI=live_edbbbe82a765d29e08d33066fca8187d4d33af4ae5069f63f2532a33e157a3cc | cryptKey=live_crypt_986BQliUIFNKCO2ZlDCubKHZkIapJpTA | Content-Type=application/json | Accept=application/json }</msg>
<var>&amp;{headers}</var>
<arg>tokenAPI=${TOKEN_API}</arg>
<arg>cryptKey=${CRYPT_KEY}</arg>
<arg>Content-Type=application/json</arg>
<arg>Accept=application/json</arg>
<doc>Creates and returns a dictionary based on the given ``items``.</doc>
<status status="PASS" start="2025-09-26T18:12:00.263685" elapsed="0.001063"/>
</kw>
<kw name="Create Dictionary" owner="BuiltIn">
<msg time="2025-09-26T18:12:00.265991" level="INFO">&amp;{signer} = { email=joao.carlos@d4sign.com.br | act=1 | foreign=0 | certificadoicpbr=0 | assinatura_presencial=0 | docauth=0 | docauthandselfie=0 | embed_methodauth= | embed_smsnumber= | upload_allow= | upload_ob...</msg>
<var>&amp;{signer}</var>
<arg>email=${EMAIL_TESTE}</arg>
<arg>act=1</arg>
<arg>foreign=0</arg>
<arg>certificadoicpbr=0</arg>
<arg>assinatura_presencial=0</arg>
<arg>docauth=0</arg>
<arg>docauthandselfie=0</arg>
<arg>embed_methodauth=</arg>
<arg>embed_smsnumber=</arg>
<arg>upload_allow=</arg>
<arg>upload_obs=</arg>
<arg>whatsapp_number=</arg>
<doc>Creates and returns a dictionary based on the given ``items``.</doc>
<status status="PASS" start="2025-09-26T18:12:00.264983" elapsed="0.001502"/>
</kw>
<kw name="Create List" owner="BuiltIn">
<msg time="2025-09-26T18:12:00.267432" level="INFO">@{signers} = [ {'email': 'joao.carlos@d4sign.com.br', 'act': '1', 'foreign': '0', 'certificadoicpbr': '0', 'assinatura_presencial': '0', 'docauth': '0', 'docauthandselfie': '0', 'embed_methodauth': '', 'embed_smsn...</msg>
<var>@{signers}</var>
<arg>${signer}</arg>
<doc>Returns a list containing given items.</doc>
<status status="PASS" start="2025-09-26T18:12:00.266833" elapsed="0.000818"/>
</kw>
<kw name="Create Dictionary" owner="BuiltIn">
<msg time="2025-09-26T18:12:00.268381" level="INFO">&amp;{body} = { signers=[{'email': 'joao.carlos@d4sign.com.br', 'act': '1', 'foreign': '0', 'certificadoicpbr': '0', 'assinatura_presencial': '0', 'docauth': '0', 'docauthandselfie': '0', 'embed_methodauth': '', 'e...</msg>
<var>&amp;{body}</var>
<arg>signers=${signers}</arg>
<doc>Creates and returns a dictionary based on the given ``items``.</doc>
<status status="PASS" start="2025-09-26T18:12:00.267841" elapsed="0.000818"/>
</kw>
<kw name="Create Session" owner="RequestsLibrary">
<msg time="2025-09-26T18:12:00.269549" level="INFO">Creating Session using : alias=d4sign, url=https://secure.d4sign.com.br/api/v1, headers={'tokenAPI': 'live_edbbbe82a765d29e08d33066fca8187d4d33af4ae5069f63f2532a33e157a3cc', 'cryptKey': 'live_crypt_986BQliUIFNKCO2ZlDCubKHZkIapJpTA', 'Content-Type': 'application/json', 'Accept': 'application/json'},                     cookies={}, auth=None, timeout=None, proxies=None, verify=False,                     debug=0 </msg>
<arg>d4sign</arg>
<arg>${BASE_URL}</arg>
<arg>headers=${headers}</arg>
<doc>Create Session: create a HTTP session to a server</doc>
<status status="PASS" start="2025-09-26T18:12:00.268883" elapsed="0.001381"/>
</kw>
<kw name="POST On Session" owner="RequestsLibrary">
<msg time="2025-09-26T18:12:01.671806" level="INFO">POST Request : url=https://secure.d4sign.com.br/api/v1/documents/b8835085-5ec0-4b9f-9b65-d88f657e6d4c/createlist 
 path_url=/api/v1/documents/b8835085-5ec0-4b9f-9b65-d88f657e6d4c/createlist 
 headers={'User-Agent': 'python-requests/2.32.5', 'Accept-Encoding': 'gzip, deflate', 'Accept': 'application/json', 'Connection': 'keep-alive', 'tokenAPI': 'live_edbbbe82a765d29e08d33066fca8187d4d33af4ae5069f63f2532a33e157a3cc', 'cryptKey': 'live_crypt_986BQliUIFNKCO2ZlDCubKHZkIapJpTA', 'Content-Type': 'application/json', 'Content-Length': '285'} 
 body=b'{"signers": [{"email": "joao.carlos@d4sign.com.br", "act": "1", "foreign": "0", "certificadoicpbr": "0", "assinatura_presencial": "0", "docauth": "0", "docauthandselfie": "0", "embed_methodauth": "", "embed_smsnumber": "", "upload_allow": "", "upload_obs": "", "whatsapp_number": ""}]}' 
 </msg>
<msg time="2025-09-26T18:12:01.672361" level="INFO">POST Response : url=https://secure.d4sign.com.br/api/v1/documents/b8835085-5ec0-4b9f-9b65-d88f657e6d4c/createlist 
 status=200, reason=OK 
 headers={'Date': 'Fri, 26 Sep 2025 21:12:01 GMT', 'Content-Type': 'application/json; charset=utf-8', 'Content-Length': '379', 'Connection': 'keep-alive', 'Set-Cookie': 'AWSALBTG=OdctA09JWhzSSCVZvbZfdK8W88V3SAKb/NK8tSIKmV+Vqex9QCmdV7JqK0N4eDotdtwokQ4c8zgT1AgbocEjLY9bRuOBxcm7Gi4YAnjMr2pS7AOxanlf71UgcjKkq7+HqmbccF5tIMJojih+2coyjb38HblUfAIueJ1/Jb7YwqnpXk1mTwI=; Expires=Fri, 03 Oct 2025 21:11:59 GMT; Path=/, AWSALBTGCORS=OdctA09JWhzSSCVZvbZfdK8W88V3SAKb/NK8tSIKmV+Vqex9QCmdV7JqK0N4eDotdtwokQ4c8zgT1AgbocEjLY9bRuOBxcm7Gi4YAnjMr2pS7AOxanlf71UgcjKkq7+HqmbccF5tIMJojih+2coyjb38HblUfAIueJ1/Jb7YwqnpXk1mTwI=; Expires=Fri, 03 Oct 2025 21:11:59 GMT; Path=/; SameSite=None; Secure, AWSALB=OF2Ax/2f5tH8btfYEiwehco8tWY0Cpo8ULOmFbYLnUyGB3Tk8HgMJikhd/2PP43nK9AslUp867+Gxqmd8JU9Ef7jQHKVFFar3Fwa69AaTCqv04cnwXW0a49SqAQj; Expires=Fri, 03 Oct 2025 21:11:59 GMT; Path=/, AWSALBCORS=OF2Ax/2f5tH8btfYEiwehco8tWY0Cpo8ULOmFbYLnUyGB3Tk8HgMJikhd/2PP43nK9AslUp867+Gxqmd8JU9Ef7jQHKVFFar3Fwa69AaTCqv04cnwXW0a49SqAQj; Expires=Fri, 03 Oct 2025 21:11:59 GMT; Path=/; SameSite=None; Secure', 'Server': 'Apache/2.4.41 (Ubuntu)', 'Strict-Transport-Security': 'max-age=31536000; includeSubDomains', 'X-Content-Type-Options': 'nosniff', 'X-XSS-Protection': '1; mode=block'} 
 body={"message":[{"key_signer":"MTcyMzMyMzE0","email":"joao.carlos@d4sign.com.br","act":"1","foreign":"0","certificadoicpbr":0,"assinatura_presencial":0,"doc_auth":"0","embed_methodauth":"email","embed_smsnumber":"+","upload_allow":0,"upload_obs":"","docauthandselfie":0,"skipemail":0,"whatsapp":0,"password_code":"","auth_pix":0,"videoselfie":null,"status":"created","success":"1"}]} 
 </msg>
<msg time="2025-09-26T18:12:01.672877" level="INFO">C:\Users\joao.carlos_d4sign\AppData\Local\Packages\PythonSoftwareFoundation.Python.3.13_qbz5n2kfra8p0\LocalCache\local-packages\Python313\site-packages\urllib3\connectionpool.py:1097: InsecureRequestWarning: Unverified HTTPS request is being made to host 'secure.d4sign.com.br'. Adding certificate verification is strongly advised. See: https://urllib3.readthedocs.io/en/latest/advanced-usage.html#tls-warnings
  warnings.warn(</msg>
<msg time="2025-09-26T18:12:01.675997" level="INFO">${response} = &lt;Response [200]&gt;</msg>
<var>${response}</var>
<arg>d4sign</arg>
<arg>/documents/${UUID_DOCUMENT}/createlist</arg>
<arg>json=${body}</arg>
<doc>Sends a POST request on a previously created HTTP Session.</doc>
<status status="PASS" start="2025-09-26T18:12:00.270537" elapsed="1.405904"/>
</kw>
<return>
<value>${response}</value>
<status status="PASS" start="2025-09-26T18:12:01.676704" elapsed="0.001589"/>
</return>
<msg time="2025-09-26T18:12:01.678704" level="INFO">${resp2} = &lt;Response [200]&gt;</msg>
<var>${resp2}</var>
<arg>${UUID_DOCUMENT}</arg>
<arg>${TOKEN_API}</arg>
<arg>${CRYPT_KEY}</arg>
<status status="PASS" start="2025-09-26T18:12:00.262002" elapsed="1.417118"/>
</kw>
<kw name="Log" owner="BuiltIn">
<msg time="2025-09-26T18:12:01.687356" level="INFO">Status signatario: 200</msg>
<arg>Status signatario: ${resp2.status_code}</arg>
<doc>Logs the given message with the given level.</doc>
<status status="PASS" start="2025-09-26T18:12:01.684592" elapsed="0.003117"/>
</kw>
<kw name="Log" owner="BuiltIn">
<msg time="2025-09-26T18:12:01.691795" level="INFO">Body signatario: {"message":[{"key_signer":"MTcyMzMyMzE0","email":"joao.carlos@d4sign.com.br","act":"1","foreign":"0","certificadoicpbr":0,"assinatura_presencial":0,"doc_auth":"0","embed_methodauth":"email","embed_smsnumber":"+","upload_allow":0,"upload_obs":"","docauthandselfie":0,"skipemail":0,"whatsapp":0,"password_code":"","auth_pix":0,"videoselfie":null,"status":"created","success":"1"}]}</msg>
<arg>Body signatario: ${resp2.text}</arg>
<doc>Logs the given message with the given level.</doc>
<status status="PASS" start="2025-09-26T18:12:01.689573" elapsed="0.002586"/>
</kw>
<kw name="Should Be Equal As Strings" owner="BuiltIn">
<msg time="2025-09-26T18:12:01.695105" level="INFO">Argument types are:
&lt;class 'int'&gt;
&lt;class 'str'&gt;</msg>
<arg>${resp2.status_code}</arg>
<arg>200</arg>
<doc>Fails if objects are unequal after converting them to strings.</doc>
<status status="PASS" start="2025-09-26T18:12:01.692616" elapsed="0.002995"/>
</kw>
<status status="PASS" start="2025-09-26T18:11:51.199228" elapsed="10.498099"/>
</test>
<status status="PASS" start="2025-09-26T18:11:50.924921" elapsed="10.797868"/>
</suite>
<status status="PASS" start="2025-09-26T18:11:50.912423" elapsed="10.814152"/>
</suite>
<status status="PASS" start="2025-09-26T18:11:50.812298" elapsed="10.937885"/>
</suite>
<statistics>
<total>
<stat pass="1" fail="0" skip="0">All Tests</stat>
</total>
<tag>
</tag>
<suite>
<stat name="Robot" id="s1" pass="1" fail="0" skip="0">Robot</stat>
<stat name="API" id="s1-s1" pass="1" fail="0" skip="0">Robot.API</stat>
<stat name="Post-API" id="s1-s1-s1" pass="1" fail="0" skip="0">Robot.API.Post-API</stat>
</suite>
</statistics>
<errors>
</errors>
</robot>
