<?xml version="1.0" encoding="UTF-8"?>
<robot generator="Robot 7.3.2 (Python 3.13.5 on win32)" generated="2025-09-21T19:48:55.151797" rpa="false" schemaversion="5">
<suite id="s1" name="Smoke Test - D4S" source="H:\robot-D4S\Smoke Test - D4S">
<suite id="s1-s1" name="01-Busca-Signatario" source="H:\robot-D4S\Smoke Test - D4S\01-busca-signatario.robot">
<test id="s1-s1-t1" name="Login" line="7">
<kw name="Open Browser" owner="SeleniumLibrary">
<msg time="2025-09-21T19:48:55.287438" level="INFO">Opening browser 'chrome' to base url 'https://secure.d4sign.com.br/'.</msg>
<arg>${URL}</arg>
<arg>${BROWSER}</arg>
<doc>Opens a new browser instance to the optional ``url``.</doc>
<status status="PASS" start="2025-09-21T19:48:55.287272" elapsed="2.296218"/>
</kw>
<kw name="Execute Javascript" owner="SeleniumLibrary">
<msg time="2025-09-21T19:48:57.584115" level="INFO">Executing JavaScript:
document.cookie = "contratoazul_language=pt"
Without any arguments.</msg>
<arg>${setcookie}</arg>
<doc>Executes the given JavaScript code with possible arguments.</doc>
<status status="PASS" start="2025-09-21T19:48:57.583800" elapsed="0.196920"/>
</kw>
<kw name="Wait Until Element Is Visible" owner="SeleniumLibrary">
<arg>${Email}</arg>
<arg>${TIMEOUT}</arg>
<doc>Waits until the element ``locator`` is visible.</doc>
<status status="PASS" start="2025-09-21T19:48:57.780926" elapsed="1.861540"/>
</kw>
<kw name="Input Text" owner="SeleniumLibrary">
<msg time="2025-09-21T19:48:59.642813" level="INFO">Typing text 'automacao@d4sign.com.br' into text field 'id=Email'.</msg>
<arg>${Email}</arg>
<arg>${USERNAME}</arg>
<doc>Types the given ``text`` into the text field identified by ``locator``.</doc>
<status status="PASS" start="2025-09-21T19:48:59.642652" elapsed="0.059817"/>
</kw>
<kw name="Input Text" owner="SeleniumLibrary">
<msg time="2025-09-21T19:48:59.703080" level="INFO">Typing text 'd4sign123' into text field 'id=Passwd'.</msg>
<arg>${Passwd}</arg>
<arg>${PASSWORD}</arg>
<doc>Types the given ``text`` into the text field identified by ``locator``.</doc>
<status status="PASS" start="2025-09-21T19:48:59.702870" elapsed="0.068212"/>
</kw>
<kw name="Click Button" owner="SeleniumLibrary">
<msg time="2025-09-21T19:48:59.771417" level="INFO">Clicking button 'id=logar'.</msg>
<arg>${logar}</arg>
<doc>Clicks the button identified by ``locator``.</doc>
<status status="PASS" start="2025-09-21T19:48:59.771274" elapsed="0.048700"/>
</kw>
<kw name="Wait Until Element Is Visible" owner="SeleniumLibrary">
<arg>${logoD4S}</arg>
<arg>${TIMEOUT}</arg>
<doc>Waits until the element ``locator`` is visible.</doc>
<status status="PASS" start="2025-09-21T19:48:59.820169" elapsed="4.154284"/>
</kw>
<kw name="Page Should Contain Image" owner="SeleniumLibrary">
<msg time="2025-09-21T19:49:03.979453" level="INFO">Current page contains image '//*[@id="page-wrapper"]/div[1]/nav/div/div/div[1]/a/img'.</msg>
<arg>${logoD4S}</arg>
<doc>Verifies image identified by ``locator`` is found from current page.</doc>
<status status="PASS" start="2025-09-21T19:49:03.974638" elapsed="0.004859"/>
</kw>
<status status="PASS" start="2025-09-21T19:48:55.286732" elapsed="8.692908"/>
</test>
<test id="s1-s1-t2" name="Busca de e-mail de signatário" line="19">
<kw name="Click Element" owner="SeleniumLibrary">
<msg time="2025-09-21T19:49:03.980120" level="INFO">Clicking element '//*[@id="page-wrapper"]/div[2]/div[2]/div[1]/div/div/div/small/a[2]'.</msg>
<arg>${buscaSignatario}</arg>
<doc>Click the element identified by ``locator``.</doc>
<status status="PASS" start="2025-09-21T19:49:03.980008" elapsed="0.036260"/>
</kw>
<kw name="Wait Until Element Is Visible" owner="SeleniumLibrary">
<arg>${campoBuscaSignatario}</arg>
<arg>${TIMEOUT}</arg>
<doc>Waits until the element ``locator`` is visible.</doc>
<status status="PASS" start="2025-09-21T19:49:04.016461" elapsed="0.619990"/>
</kw>
<kw name="Input Text" owner="SeleniumLibrary">
<msg time="2025-09-21T19:49:04.636807" level="INFO">Typing text 'joao.carlos@d4sign.com.br' into text field '//*[@id="q"]'.</msg>
<arg>${campoBuscaSignatario}</arg>
<arg>${EMAIL_TESTE}</arg>
<doc>Types the given ``text`` into the text field identified by ``locator``.</doc>
<status status="PASS" start="2025-09-21T19:49:04.636651" elapsed="0.038829"/>
</kw>
<kw name="Press Keys" owner="SeleniumLibrary">
<msg time="2025-09-21T19:49:04.676005" level="INFO">Sending key(s) ('ENTER',) to //*[@id="q"] element.</msg>
<msg time="2025-09-21T19:49:04.943406" level="INFO">Pressing special key ENTER to element.</msg>
<msg time="2025-09-21T19:49:04.943501" level="INFO">Releasing special key ENTER.</msg>
<arg>${campoBuscaSignatario}</arg>
<arg>ENTER</arg>
<doc>Simulates the user pressing key(s) to an element or on the active browser.</doc>
<status status="PASS" start="2025-09-21T19:49:04.675739" elapsed="1.582749"/>
</kw>
<kw name="Wait Until Element Is Visible" owner="SeleniumLibrary">
<arg>${resultadoBusca}</arg>
<arg>${TIMEOUT}</arg>
<doc>Waits until the element ``locator`` is visible.</doc>
<status status="PASS" start="2025-09-21T19:49:06.258682" elapsed="0.020775"/>
</kw>
<kw name="Click Element" owner="SeleniumLibrary">
<msg time="2025-09-21T19:49:06.279809" level="INFO">Clicking element '//*[@id="contratos"]/tbody/tr[7]/td[3]/a'.</msg>
<arg>${linkDocumento}</arg>
<doc>Click the element identified by ``locator``.</doc>
<status status="PASS" start="2025-09-21T19:49:06.279657" elapsed="0.049354"/>
</kw>
<kw name="Switch Window" owner="SeleniumLibrary">
<arg>NEW</arg>
<doc>Switches to browser window matching ``locator``.</doc>
<status status="PASS" start="2025-09-21T19:49:06.329245" elapsed="0.005957"/>
</kw>
<kw name="Wait Until Element Is Visible" owner="SeleniumLibrary">
<arg>${novaViewblob}</arg>
<arg>${TIMEOUT}</arg>
<doc>Waits until the element ``locator`` is visible.</doc>
<status status="PASS" start="2025-09-21T19:49:06.335351" elapsed="2.031402"/>
</kw>
<kw name="Click Element" owner="SeleniumLibrary">
<msg time="2025-09-21T19:49:08.367122" level="INFO">Clicking element '//*[@id="btn-viewblob-completa"]'.</msg>
<arg>${btnViewblob}</arg>
<doc>Click the element identified by ``locator``.</doc>
<status status="PASS" start="2025-09-21T19:49:08.366931" elapsed="7.213208"/>
</kw>
<kw name="Wait Until Element Is Visible" owner="SeleniumLibrary">
<arg>${signatario}</arg>
<arg>${TIMEOUT}</arg>
<doc>Waits until the element ``locator`` is visible.</doc>
<status status="PASS" start="2025-09-21T19:49:15.580706" elapsed="0.008603"/>
</kw>
<status status="PASS" start="2025-09-21T19:49:03.979822" elapsed="11.609637"/>
</test>
<status status="PASS" start="2025-09-21T19:48:55.165124" elapsed="20.424661"/>
</suite>
<suite id="s1-s2" name="02-Busca-Tags" source="H:\robot-D4S\Smoke Test - D4S\02-busca-tags.robot">
<test id="s1-s2-t1" name="Login" line="7">
<kw name="Open Browser" owner="SeleniumLibrary">
<msg time="2025-09-21T19:49:15.593604" level="INFO">Opening browser 'chrome' to base url 'https://secure.d4sign.com.br/'.</msg>
<arg>${URL}</arg>
<arg>chrome</arg>
<doc>Opens a new browser instance to the optional ``url``.</doc>
<status status="PASS" start="2025-09-21T19:49:15.593478" elapsed="2.131066"/>
</kw>
<kw name="Maximize Browser Window" owner="SeleniumLibrary">
<doc>Maximizes current browser window.</doc>
<status status="PASS" start="2025-09-21T19:49:17.724748" elapsed="0.231111"/>
</kw>
<kw name="Execute Javascript" owner="SeleniumLibrary">
<msg time="2025-09-21T19:49:17.956305" level="INFO">Executing JavaScript:
document.cookie = "contratoazul_language=pt"
Without any arguments.</msg>
<arg>${setcookie}</arg>
<doc>Executes the given JavaScript code with possible arguments.</doc>
<status status="PASS" start="2025-09-21T19:49:17.956052" elapsed="0.002464"/>
</kw>
<kw name="Wait Until Element Is Visible" owner="SeleniumLibrary">
<arg>${Email}</arg>
<arg>${TIMEOUT}</arg>
<doc>Waits until the element ``locator`` is visible.</doc>
<status status="PASS" start="2025-09-21T19:49:17.958645" elapsed="2.083933"/>
</kw>
<kw name="Input Text" owner="SeleniumLibrary">
<msg time="2025-09-21T19:49:20.043012" level="INFO">Typing text 'automacao@d4sign.com.br' into text field 'id=Email'.</msg>
<arg>${Email}</arg>
<arg>${USERNAME}</arg>
<doc>Types the given ``text`` into the text field identified by ``locator``.</doc>
<status status="PASS" start="2025-09-21T19:49:20.042758" elapsed="0.106052"/>
</kw>
<kw name="Input Text" owner="SeleniumLibrary">
<msg time="2025-09-21T19:49:20.149150" level="INFO">Typing text 'd4sign123' into text field 'id=Passwd'.</msg>
<arg>${Passwd}</arg>
<arg>${PASSWORD}</arg>
<doc>Types the given ``text`` into the text field identified by ``locator``.</doc>
<status status="PASS" start="2025-09-21T19:49:20.148999" elapsed="0.043916"/>
</kw>
<kw name="Click Button" owner="SeleniumLibrary">
<msg time="2025-09-21T19:49:20.193248" level="INFO">Clicking button 'id=logar'.</msg>
<arg>${logar}</arg>
<doc>Clicks the button identified by ``locator``.</doc>
<status status="PASS" start="2025-09-21T19:49:20.193107" elapsed="0.052184"/>
</kw>
<kw name="Wait Until Element Is Visible" owner="SeleniumLibrary">
<arg>${logoD4S}</arg>
<arg>${TIMEOUT}</arg>
<doc>Waits until the element ``locator`` is visible.</doc>
<status status="PASS" start="2025-09-21T19:49:20.245480" elapsed="7.809328"/>
</kw>
<kw name="Page Should Contain Image" owner="SeleniumLibrary">
<msg time="2025-09-21T19:49:28.060859" level="INFO">Current page contains image '//*[@id="page-wrapper"]/div[1]/nav/div/div/div[1]/a/img'.</msg>
<arg>${logoD4S}</arg>
<doc>Verifies image identified by ``locator`` is found from current page.</doc>
<status status="PASS" start="2025-09-21T19:49:28.055058" elapsed="0.005871"/>
</kw>
<status status="PASS" start="2025-09-21T19:49:15.593245" elapsed="12.467932"/>
</test>
<test id="s1-s2-t2" name="Busca de e-mail de signatário" line="20">
<kw name="Click Element" owner="SeleniumLibrary">
<msg time="2025-09-21T19:49:28.062049" level="INFO">Clicking element '//*[@id="page-wrapper"]/div[2]/div[2]/div[1]/div/div/div/small/a[1]'.</msg>
<arg>${buscaTags}</arg>
<doc>Click the element identified by ``locator``.</doc>
<status status="PASS" start="2025-09-21T19:49:28.061877" elapsed="0.040596"/>
</kw>
<kw name="Wait Until Element Is Visible" owner="SeleniumLibrary">
<arg>${campoBusca}</arg>
<arg>${TIMEOUT}</arg>
<doc>Waits until the element ``locator`` is visible.</doc>
<status status="PASS" start="2025-09-21T19:49:28.102827" elapsed="0.851272"/>
</kw>
<kw name="Input Text" owner="SeleniumLibrary">
<msg time="2025-09-21T19:49:28.954429" level="INFO">Typing text 'urgente' into text field '//*[@id="form-cofre"]/div/ul/li/input'.</msg>
<arg>${campoBusca}</arg>
<arg>urgente</arg>
<doc>Types the given ``text`` into the text field identified by ``locator``.</doc>
<status status="PASS" start="2025-09-21T19:49:28.954282" elapsed="0.053612"/>
</kw>
<kw name="Press Keys" owner="SeleniumLibrary">
<msg time="2025-09-21T19:49:29.008353" level="INFO">Sending key(s) ('ENTER',) to //*[@id="form-cofre"]/div/ul/li/input element.</msg>
<msg time="2025-09-21T19:49:29.277999" level="INFO">Pressing special key ENTER to element.</msg>
<msg time="2025-09-21T19:49:29.278072" level="INFO">Releasing special key ENTER.</msg>
<arg>${campoBusca}</arg>
<arg>ENTER</arg>
<doc>Simulates the user pressing key(s) to an element or on the active browser.</doc>
<status status="PASS" start="2025-09-21T19:49:29.008083" elapsed="0.279706"/>
</kw>
<kw name="Sleep" owner="BuiltIn">
<msg time="2025-09-21T19:49:31.288675" level="INFO">Slept 2 seconds.</msg>
<arg>2s</arg>
<doc>Pauses the test executed for the given time.</doc>
<status status="PASS" start="2025-09-21T19:49:29.288214" elapsed="2.000703"/>
</kw>
<kw name="Click Element" owner="SeleniumLibrary">
<msg time="2025-09-21T19:49:31.290175" level="INFO">Clicking element '//*[@id="btnS"]'.</msg>
<arg>${btnBusca}</arg>
<doc>Click the element identified by ``locator``.</doc>
<status status="PASS" start="2025-09-21T19:49:31.289638" elapsed="0.046136"/>
</kw>
<kw name="Wait Until Element Is Visible" owner="SeleniumLibrary">
<arg>${resultadoBusca}</arg>
<arg>${TIMEOUT}</arg>
<doc>Waits until the element ``locator`` is visible.</doc>
<status status="PASS" start="2025-09-21T19:49:31.336065" elapsed="1.650381"/>
</kw>
<kw name="Click Element" owner="SeleniumLibrary">
<msg time="2025-09-21T19:49:32.986981" level="INFO">Clicking element '//*[@id="contratos"]/tbody/tr[7]/td[3]/a'.</msg>
<msg time="2025-09-21T19:49:33.068042" level="INFO" html="true">&lt;/td&gt;&lt;/tr&gt;&lt;tr&gt;&lt;td colspan="3"&gt;&lt;a href="selenium-screenshot-2.png"&gt;&lt;img src="selenium-screenshot-2.png" width="800px"&gt;&lt;/a&gt;</msg>
<msg time="2025-09-21T19:49:33.068151" level="FAIL">Element with locator '//*[@id="contratos"]/tbody/tr[7]/td[3]/a' not found.</msg>
<arg>${linkDocumento}</arg>
<doc>Click the element identified by ``locator``.</doc>
<status status="FAIL" start="2025-09-21T19:49:32.986759" elapsed="0.082679">Element with locator '//*[@id="contratos"]/tbody/tr[7]/td[3]/a' not found.</status>
</kw>
<kw name="Switch Window" owner="SeleniumLibrary">
<arg>NEW</arg>
<doc>Switches to browser window matching ``locator``.</doc>
<status status="NOT RUN" start="2025-09-21T19:49:33.069632" elapsed="0.000026"/>
</kw>
<kw name="Wait Until Element Is Visible" owner="SeleniumLibrary">
<arg>${viewblob}</arg>
<arg>${TIMEOUT}</arg>
<doc>Waits until the element ``locator`` is visible.</doc>
<status status="NOT RUN" start="2025-09-21T19:49:33.069822" elapsed="0.000020"/>
</kw>
<kw name="Click Element" owner="SeleniumLibrary">
<arg>${tagViewblob}</arg>
<doc>Click the element identified by ``locator``.</doc>
<status status="NOT RUN" start="2025-09-21T19:49:33.070071" elapsed="0.000030"/>
</kw>
<kw name="Wait Until Element Is Visible" owner="SeleniumLibrary">
<arg>${urgenteTag}</arg>
<arg>${TIMEOUT}</arg>
<doc>Waits until the element ``locator`` is visible.</doc>
<status status="NOT RUN" start="2025-09-21T19:49:33.070288" elapsed="0.000031"/>
</kw>
<status status="FAIL" start="2025-09-21T19:49:28.061529" elapsed="5.008992">Element with locator '//*[@id="contratos"]/tbody/tr[7]/td[3]/a' not found.</status>
</test>
<status status="FAIL" start="2025-09-21T19:49:15.590164" elapsed="17.481065"/>
</suite>
<suite id="s1-s3" name="03-Listar-Fases" source="H:\robot-D4S\Smoke Test - D4S\03-listar-fases.robot">
<test id="s1-s3-t1" name="Login" line="8">
<kw name="Open Browser" owner="SeleniumLibrary">
<msg time="2025-09-21T19:49:33.077766" level="INFO">Opening browser 'chrome' to base url 'https://secure.d4sign.com.br/'.</msg>
<arg>${URL}</arg>
<arg>chrome</arg>
<doc>Opens a new browser instance to the optional ``url``.</doc>
<status status="PASS" start="2025-09-21T19:49:33.077558" elapsed="2.146861"/>
</kw>
<kw name="Execute Javascript" owner="SeleniumLibrary">
<msg time="2025-09-21T19:49:35.225349" level="INFO">Executing JavaScript:
document.cookie = "contratoazul_language=pt"
Without any arguments.</msg>
<arg>${setcookie}</arg>
<doc>Executes the given JavaScript code with possible arguments.</doc>
<status status="PASS" start="2025-09-21T19:49:35.224867" elapsed="0.225036"/>
</kw>
<kw name="Wait Until Element Is Visible" owner="SeleniumLibrary">
<arg>${Email}</arg>
<arg>${TIMEOUT}</arg>
<doc>Waits until the element ``locator`` is visible.</doc>
<status status="PASS" start="2025-09-21T19:49:35.450068" elapsed="1.693363"/>
</kw>
<kw name="Input Text" owner="SeleniumLibrary">
<msg time="2025-09-21T19:49:37.143965" level="INFO">Typing text 'automacao@d4sign.com.br' into text field 'id=Email'.</msg>
<arg>${Email}</arg>
<arg>${USERNAME}</arg>
<doc>Types the given ``text`` into the text field identified by ``locator``.</doc>
<status status="PASS" start="2025-09-21T19:49:37.143728" elapsed="0.056695"/>
</kw>
<kw name="Input Text" owner="SeleniumLibrary">
<msg time="2025-09-21T19:49:37.201057" level="INFO">Typing text 'd4sign123' into text field 'id=Passwd'.</msg>
<arg>${Passwd}</arg>
<arg>${PASSWORD}</arg>
<doc>Types the given ``text`` into the text field identified by ``locator``.</doc>
<status status="PASS" start="2025-09-21T19:49:37.200775" elapsed="0.057920"/>
</kw>
<kw name="Click Button" owner="SeleniumLibrary">
<msg time="2025-09-21T19:49:37.259322" level="INFO">Clicking button 'id=logar'.</msg>
<arg>${logar}</arg>
<doc>Clicks the button identified by ``locator``.</doc>
<status status="PASS" start="2025-09-21T19:49:37.259108" elapsed="0.033790"/>
</kw>
<kw name="Wait Until Element Is Visible" owner="SeleniumLibrary">
<arg>${logoD4S}</arg>
<arg>${TIMEOUT}</arg>
<doc>Waits until the element ``locator`` is visible.</doc>
<status status="PASS" start="2025-09-21T19:49:37.293196" elapsed="4.232285"/>
</kw>
<kw name="Page Should Contain Image" owner="SeleniumLibrary">
<msg time="2025-09-21T19:49:41.531544" level="INFO">Current page contains image '//*[@id="page-wrapper"]/div[1]/nav/div/div/div[1]/a/img'.</msg>
<arg>${logoD4S}</arg>
<doc>Verifies image identified by ``locator`` is found from current page.</doc>
<status status="PASS" start="2025-09-21T19:49:41.525665" elapsed="0.005953"/>
</kw>
<status status="PASS" start="2025-09-21T19:49:33.077209" elapsed="8.454663"/>
</test>
<test id="s1-s3-t2" name="Acessar o cofre e listar fases" line="18">
<kw name="Click Element" owner="SeleniumLibrary">
<msg time="2025-09-21T19:49:41.533057" level="INFO">Clicking element '//*[@id="liCofre_1414985"]/a'.</msg>
<arg>${cofre12}</arg>
<doc>Click the element identified by ``locator``.</doc>
<status status="PASS" start="2025-09-21T19:49:41.532862" elapsed="2.214116"/>
</kw>
<kw name="Wait Until Element Is Visible" owner="SeleniumLibrary">
<arg>${btnFase}</arg>
<doc>Waits until the element ``locator`` is visible.</doc>
<status status="PASS" start="2025-09-21T19:49:43.747150" elapsed="0.032483"/>
</kw>
<kw name="Click Element" owner="SeleniumLibrary">
<msg time="2025-09-21T19:49:43.780143" level="INFO">Clicking element '//*[@id="divBtnMoveFase"]/button'.</msg>
<arg>${btnFase}</arg>
<doc>Click the element identified by ``locator``.</doc>
<status status="PASS" start="2025-09-21T19:49:43.779923" elapsed="0.166697"/>
</kw>
<kw name="Click Element" owner="SeleniumLibrary">
<msg time="2025-09-21T19:49:43.947150" level="INFO">Clicking element '//*[@id="divBtnMoveFase"]/ul/li[3]/a'.</msg>
<arg>${fase1}</arg>
<doc>Click the element identified by ``locator``.</doc>
<status status="PASS" start="2025-09-21T19:49:43.946940" elapsed="2.368345"/>
</kw>
<kw name="Page Should Contain Element" owner="SeleniumLibrary">
<msg time="2025-09-21T19:49:46.335368" level="INFO">Current page contains element '//span[contains(normalize-space(text()), 'AGUARDANDO SIGNATÁRIOS')]'.</msg>
<arg>${signatarios}</arg>
<doc>Verifies that element ``locator`` is found on the current page.</doc>
<status status="PASS" start="2025-09-21T19:49:46.315546" elapsed="0.019919"/>
</kw>
<kw name="Click Element" owner="SeleniumLibrary">
<msg time="2025-09-21T19:49:46.335969" level="INFO">Clicking element '//*[@id="divBtnMoveFase"]/button'.</msg>
<arg>${btnFase}</arg>
<doc>Click the element identified by ``locator``.</doc>
<status status="PASS" start="2025-09-21T19:49:46.335751" elapsed="0.030003"/>
</kw>
<kw name="Click Element" owner="SeleniumLibrary">
<msg time="2025-09-21T19:49:46.366406" level="INFO">Clicking element '//*[@id="divBtnMoveFase"]/ul/li[4]/a'.</msg>
<arg>${fase2}</arg>
<doc>Click the element identified by ``locator``.</doc>
<status status="PASS" start="2025-09-21T19:49:46.366168" elapsed="1.979764"/>
</kw>
<kw name="Page Should Contain Element" owner="SeleniumLibrary">
<msg time="2025-09-21T19:49:48.357148" level="INFO">Current page contains element '//span[contains(normalize-space(text()), 'AGUARDANDO ASSINATURAS')]'.</msg>
<arg>${assinaturas}</arg>
<doc>Verifies that element ``locator`` is found on the current page.</doc>
<status status="PASS" start="2025-09-21T19:49:48.346190" elapsed="0.011044"/>
</kw>
<kw name="Click Element" owner="SeleniumLibrary">
<msg time="2025-09-21T19:49:48.357637" level="INFO">Clicking element '//*[@id="divBtnMoveFase"]/button'.</msg>
<arg>${btnFase}</arg>
<doc>Click the element identified by ``locator``.</doc>
<status status="PASS" start="2025-09-21T19:49:48.357454" elapsed="0.027768"/>
</kw>
<kw name="Click Element" owner="SeleniumLibrary">
<msg time="2025-09-21T19:49:48.385799" level="INFO">Clicking element '//*[@id="divBtnMoveFase"]/ul/li[5]/a'.</msg>
<arg>${fase3}</arg>
<doc>Click the element identified by ``locator``.</doc>
<status status="PASS" start="2025-09-21T19:49:48.385596" elapsed="1.982872"/>
</kw>
<kw name="Page Should Contain Element" owner="SeleniumLibrary">
<msg time="2025-09-21T19:49:50.404175" level="INFO">Current page contains element '//span[contains(normalize-space(text()), 'FINALIZADO')]'.</msg>
<arg>${finalizado}</arg>
<doc>Verifies that element ``locator`` is found on the current page.</doc>
<status status="PASS" start="2025-09-21T19:49:50.368718" elapsed="0.035546"/>
</kw>
<kw name="Click Element" owner="SeleniumLibrary">
<msg time="2025-09-21T19:49:50.404754" level="INFO">Clicking element '//*[@id="page-wrapper"]/div[2]/div[1]/div[1]/a'.</msg>
<arg>${btnInicio}</arg>
<doc>Click the element identified by ``locator``.</doc>
<status status="PASS" start="2025-09-21T19:49:50.404542" elapsed="1.352858"/>
</kw>
<status status="PASS" start="2025-09-21T19:49:41.532430" elapsed="10.225250"/>
</test>
<status status="PASS" start="2025-09-21T19:49:33.071933" elapsed="18.686188"/>
</suite>
<suite id="s1-s4" name="04-Criar-Cofre" source="H:\robot-D4S\Smoke Test - D4S\04-criar-cofre.robot">
<test id="s1-s4-t1" name="Login" line="8">
<kw name="Open Browser" owner="SeleniumLibrary">
<msg time="2025-09-21T19:49:52.012938" level="INFO">Opening browser 'chrome' to base url 'https://secure.d4sign.com.br/'.</msg>
<arg>${URL}</arg>
<arg>chrome</arg>
<doc>Opens a new browser instance to the optional ``url``.</doc>
<status status="PASS" start="2025-09-21T19:49:52.012751" elapsed="2.116634"/>
</kw>
<kw name="Execute Javascript" owner="SeleniumLibrary">
<msg time="2025-09-21T19:49:54.130121" level="INFO">Executing JavaScript:
document.cookie = "contratoazul_language=pt"
Without any arguments.</msg>
<arg>${setcookie}</arg>
<doc>Executes the given JavaScript code with possible arguments.</doc>
<status status="PASS" start="2025-09-21T19:49:54.129741" elapsed="0.223874"/>
</kw>
<kw name="Wait Until Element Is Visible" owner="SeleniumLibrary">
<arg>${Email}</arg>
<arg>${TIMEOUT}</arg>
<doc>Waits until the element ``locator`` is visible.</doc>
<status status="PASS" start="2025-09-21T19:49:54.353953" elapsed="1.643012"/>
</kw>
<kw name="Input Text" owner="SeleniumLibrary">
<msg time="2025-09-21T19:49:55.997576" level="INFO">Typing text 'automacao@d4sign.com.br' into text field 'id=Email'.</msg>
<arg>${Email}</arg>
<arg>${USERNAME}</arg>
<doc>Types the given ``text`` into the text field identified by ``locator``.</doc>
<status status="PASS" start="2025-09-21T19:49:55.997320" elapsed="0.059364"/>
</kw>
<kw name="Input Text" owner="SeleniumLibrary">
<msg time="2025-09-21T19:49:56.057248" level="INFO">Typing text 'd4sign123' into text field 'id=Passwd'.</msg>
<arg>${Passwd}</arg>
<arg>${PASSWORD}</arg>
<doc>Types the given ``text`` into the text field identified by ``locator``.</doc>
<status status="PASS" start="2025-09-21T19:49:56.056995" elapsed="0.078858"/>
</kw>
<kw name="Click Button" owner="SeleniumLibrary">
<msg time="2025-09-21T19:49:56.136340" level="INFO">Clicking button 'id=logar'.</msg>
<arg>${logar}</arg>
<doc>Clicks the button identified by ``locator``.</doc>
<status status="PASS" start="2025-09-21T19:49:56.136126" elapsed="0.037751"/>
</kw>
<kw name="Wait Until Element Is Visible" owner="SeleniumLibrary">
<arg>${logoD4S}</arg>
<arg>${TIMEOUT}</arg>
<doc>Waits until the element ``locator`` is visible.</doc>
<status status="PASS" start="2025-09-21T19:49:56.174183" elapsed="4.167964"/>
</kw>
<kw name="Page Should Contain Image" owner="SeleniumLibrary">
<msg time="2025-09-21T19:50:00.348455" level="INFO">Current page contains image '//*[@id="page-wrapper"]/div[1]/nav/div/div/div[1]/a/img'.</msg>
<arg>${logoD4S}</arg>
<doc>Verifies image identified by ``locator`` is found from current page.</doc>
<status status="PASS" start="2025-09-21T19:50:00.342453" elapsed="0.006092"/>
</kw>
<status status="PASS" start="2025-09-21T19:49:52.012175" elapsed="8.336655"/>
</test>
<test id="s1-s4-t2" name="Criar Cofre" line="18">
<kw name="Wait Until Element Is Visible" owner="SeleniumLibrary">
<arg>${CreateNewVault}</arg>
<arg>${TIMEOUT}</arg>
<doc>Waits until the element ``locator`` is visible.</doc>
<status status="PASS" start="2025-09-21T19:50:00.349437" elapsed="0.008695"/>
</kw>
<kw name="Click Element" owner="SeleniumLibrary">
<msg time="2025-09-21T19:50:00.358677" level="INFO">Clicking element '//*[@id="div-menu-desk"]/span[1]/a'.</msg>
<arg>${CreateNewVault}</arg>
<doc>Click the element identified by ``locator``.</doc>
<status status="PASS" start="2025-09-21T19:50:00.358459" elapsed="0.043086"/>
</kw>
<kw name="Wait Until Element Is Visible" owner="SeleniumLibrary">
<arg>${nomecofre}</arg>
<arg>20s</arg>
<doc>Waits until the element ``locator`` is visible.</doc>
<status status="PASS" start="2025-09-21T19:50:00.401907" elapsed="0.626308"/>
</kw>
<kw name="Company" owner="FakerLibrary">
<msg time="2025-09-21T19:50:01.028717" level="INFO">${palavragerada} = Payne and Sons</msg>
<var>${palavragerada}</var>
<doc>:example: 'Acme Ltd'</doc>
<status status="PASS" start="2025-09-21T19:50:01.028445" elapsed="0.000294"/>
</kw>
<kw name="Input Text" owner="SeleniumLibrary">
<msg time="2025-09-21T19:50:01.029007" level="INFO">Typing text 'Payne and Sons' into text field 'id=nomeCofre'.</msg>
<arg>${nomecofre}</arg>
<arg>${palavragerada}</arg>
<doc>Types the given ``text`` into the text field identified by ``locator``.</doc>
<status status="PASS" start="2025-09-21T19:50:01.028864" elapsed="0.029749"/>
</kw>
<kw name="Click Button" owner="SeleniumLibrary">
<msg time="2025-09-21T19:50:01.058911" level="INFO">Clicking button 'id=btnSalvarCofre'.</msg>
<arg>${btnSalvarCofre}</arg>
<doc>Clicks the button identified by ``locator``.</doc>
<status status="PASS" start="2025-09-21T19:50:01.058781" elapsed="0.030855"/>
</kw>
<status status="PASS" start="2025-09-21T19:50:00.349141" elapsed="0.740860"/>
</test>
<status status="PASS" start="2025-09-21T19:49:51.758646" elapsed="9.331852"/>
</suite>
<suite id="s1-s5" name="05-Envio-Desk" source="H:\robot-D4S\Smoke Test - D4S\05-envio-desk.robot">
<test id="s1-s5-t1" name="Login" line="8">
<kw name="Open Browser" owner="SeleniumLibrary">
<msg time="2025-09-21T19:50:01.104958" level="INFO">Opening browser 'chrome' to base url 'https://secure.d4sign.com.br/'.</msg>
<arg>${URL}</arg>
<arg>chrome</arg>
<doc>Opens a new browser instance to the optional ``url``.</doc>
<status status="PASS" start="2025-09-21T19:50:01.104769" elapsed="2.148214"/>
</kw>
<kw name="Execute Javascript" owner="SeleniumLibrary">
<msg time="2025-09-21T19:50:03.253449" level="INFO">Executing JavaScript:
document.cookie = "contratoazul_language=pt"
Without any arguments.</msg>
<arg>${setcookie}</arg>
<doc>Executes the given JavaScript code with possible arguments.</doc>
<status status="PASS" start="2025-09-21T19:50:03.253195" elapsed="0.242158"/>
</kw>
<kw name="Wait Until Element Is Visible" owner="SeleniumLibrary">
<arg>${Email}</arg>
<arg>${TIMEOUT}</arg>
<doc>Waits until the element ``locator`` is visible.</doc>
<status status="PASS" start="2025-09-21T19:50:03.495549" elapsed="3.130040"/>
</kw>
<kw name="Input Text" owner="SeleniumLibrary">
<msg time="2025-09-21T19:50:06.625899" level="INFO">Typing text 'automacao@d4sign.com.br' into text field 'id=Email'.</msg>
<arg>${Email}</arg>
<arg>${USERNAME}</arg>
<doc>Types the given ``text`` into the text field identified by ``locator``.</doc>
<status status="PASS" start="2025-09-21T19:50:06.625757" elapsed="0.038964"/>
</kw>
<kw name="Input Text" owner="SeleniumLibrary">
<msg time="2025-09-21T19:50:06.665065" level="INFO">Typing text 'd4sign123' into text field 'id=Passwd'.</msg>
<arg>${Passwd}</arg>
<arg>${PASSWORD}</arg>
<doc>Types the given ``text`` into the text field identified by ``locator``.</doc>
<status status="PASS" start="2025-09-21T19:50:06.664913" elapsed="0.039889"/>
</kw>
<kw name="Click Button" owner="SeleniumLibrary">
<msg time="2025-09-21T19:50:06.705143" level="INFO">Clicking button 'id=logar'.</msg>
<arg>${logar}</arg>
<doc>Clicks the button identified by ``locator``.</doc>
<status status="PASS" start="2025-09-21T19:50:06.704999" elapsed="0.071017"/>
</kw>
<kw name="Wait Until Element Is Visible" owner="SeleniumLibrary">
<arg>${logoD4S}</arg>
<arg>60s</arg>
<doc>Waits until the element ``locator`` is visible.</doc>
<status status="PASS" start="2025-09-21T19:50:06.776318" elapsed="4.170852"/>
</kw>
<kw name="Page Should Contain Image" owner="SeleniumLibrary">
<msg time="2025-09-21T19:50:10.952624" level="INFO">Current page contains image '//*[@id="page-wrapper"]/div[1]/nav/div/div/div[1]/a/img'.</msg>
<arg>${logoD4S}</arg>
<doc>Verifies image identified by ``locator`` is found from current page.</doc>
<status status="PASS" start="2025-09-21T19:50:10.947364" elapsed="0.005312"/>
</kw>
<status status="PASS" start="2025-09-21T19:50:01.104371" elapsed="9.848434"/>
</test>
<test id="s1-s5-t2" name="Envio" line="18">
<kw name="Click Element" owner="SeleniumLibrary">
<msg time="2025-09-21T19:50:10.953327" level="INFO">Clicking element '//*[@id="drop-zone"]/a/p[2]'.</msg>
<arg>${botaoEnvio}</arg>
<doc>Click the element identified by ``locator``.</doc>
<status status="PASS" start="2025-09-21T19:50:10.953211" elapsed="0.045235"/>
</kw>
<kw name="Wait Until Element Is Visible" owner="SeleniumLibrary">
<arg>${selectCofre}</arg>
<arg>60s</arg>
<doc>Waits until the element ``locator`` is visible.</doc>
<status status="PASS" start="2025-09-21T19:50:10.998622" elapsed="1.028800"/>
</kw>
<kw name="Click Element" owner="SeleniumLibrary">
<msg time="2025-09-21T19:50:12.027758" level="INFO">Clicking element 'name=uuid-cofre'.</msg>
<arg>${selectCofre}</arg>
<doc>Click the element identified by ``locator``.</doc>
<status status="PASS" start="2025-09-21T19:50:12.027614" elapsed="0.158000"/>
</kw>
<kw name="Click Element" owner="SeleniumLibrary">
<msg time="2025-09-21T19:50:12.185953" level="INFO">Clicking element '//*[@id="formUpload"]/select/option[157]'.</msg>
<arg>${selecionarCofre}</arg>
<doc>Click the element identified by ``locator``.</doc>
<status status="PASS" start="2025-09-21T19:50:12.185807" elapsed="0.085878"/>
</kw>
<kw name="Sleep" owner="BuiltIn">
<msg time="2025-09-21T19:50:14.272080" level="INFO">Slept 2 seconds.</msg>
<arg>2s</arg>
<doc>Pauses the test executed for the given time.</doc>
<status status="PASS" start="2025-09-21T19:50:12.271886" elapsed="2.000266"/>
</kw>
<kw name="Normalize Path" owner="OperatingSystem">
<msg time="2025-09-21T19:50:14.272479" level="INFO">${ABSOLUTE_PATH} = H:\robot-D4S\files\doc-testes.pdf</msg>
<var>${ABSOLUTE_PATH}</var>
<arg>${RELATIVE_PATH}</arg>
<doc>Normalizes the given path.</doc>
<status status="PASS" start="2025-09-21T19:50:14.272336" elapsed="0.000160"/>
</kw>
<kw name="Choose File" owner="SeleniumLibrary">
<msg time="2025-09-21T19:50:14.272786" level="INFO">Sending H:\robot-D4S\files\doc-testes.pdf to browser.</msg>
<arg>${fileupload}</arg>
<arg>${ABSOLUTE_PATH}</arg>
<doc>Inputs the ``file_path`` into the file input field ``locator``.</doc>
<status status="PASS" start="2025-09-21T19:50:14.272636" elapsed="0.023555"/>
</kw>
<kw name="Wait Until Element Is Visible" owner="SeleniumLibrary">
<arg>${Aguardandoenvio}</arg>
<arg>120s</arg>
<doc>Waits until the element ``locator`` is visible.</doc>
<status status="PASS" start="2025-09-21T19:50:14.296354" elapsed="12.444893"/>
</kw>
<kw name="Page Should Contain Element" owner="SeleniumLibrary">
<msg time="2025-09-21T19:50:26.746544" level="INFO">Current page contains element '//*[@id="page-wrapper"]/div[2]/div/div[1]/div/div/div/span[1]'.</msg>
<arg>${Aguardandoenvio}</arg>
<doc>Verifies that element ``locator`` is found on the current page.</doc>
<status status="PASS" start="2025-09-21T19:50:26.741551" elapsed="0.005078"/>
</kw>
<status status="PASS" start="2025-09-21T19:50:10.953026" elapsed="15.793863"/>
</test>
<status status="PASS" start="2025-09-21T19:50:01.091203" elapsed="25.656236"/>
</suite>
<suite id="s1-s6" name="06-Envio-Cofre" source="H:\robot-D4S\Smoke Test - D4S\06-envio-cofre.robot">
<test id="s1-s6-t1" name="Login" line="8">
<kw name="Open Browser" owner="SeleniumLibrary">
<msg time="2025-09-21T19:50:26.754802" level="INFO">Opening browser 'chrome' to base url 'https://secure.d4sign.com.br/'.</msg>
<arg>${URL}</arg>
<arg>chrome</arg>
<doc>Opens a new browser instance to the optional ``url``.</doc>
<status status="PASS" start="2025-09-21T19:50:26.754626" elapsed="2.247570"/>
</kw>
<kw name="Execute Javascript" owner="SeleniumLibrary">
<msg time="2025-09-21T19:50:29.002846" level="INFO">Executing JavaScript:
document.cookie = "contratoazul_language=pt"
Without any arguments.</msg>
<arg>${setcookie}</arg>
<doc>Executes the given JavaScript code with possible arguments.</doc>
<status status="PASS" start="2025-09-21T19:50:29.002472" elapsed="0.200686"/>
</kw>
<kw name="Wait Until Element Is Visible" owner="SeleniumLibrary">
<arg>${Email}</arg>
<arg>10s</arg>
<doc>Waits until the element ``locator`` is visible.</doc>
<status status="PASS" start="2025-09-21T19:50:29.203487" elapsed="1.641780"/>
</kw>
<kw name="Input Text" owner="SeleniumLibrary">
<msg time="2025-09-21T19:50:30.845767" level="INFO">Typing text 'automacao@d4sign.com.br' into text field 'id=Email'.</msg>
<arg>${Email}</arg>
<arg>${USERNAME}</arg>
<doc>Types the given ``text`` into the text field identified by ``locator``.</doc>
<status status="PASS" start="2025-09-21T19:50:30.845530" elapsed="0.062130"/>
</kw>
<kw name="Input Text" owner="SeleniumLibrary">
<msg time="2025-09-21T19:50:30.908248" level="INFO">Typing text 'd4sign123' into text field 'id=Passwd'.</msg>
<arg>${Passwd}</arg>
<arg>${PASSWORD}</arg>
<doc>Types the given ``text`` into the text field identified by ``locator``.</doc>
<status status="PASS" start="2025-09-21T19:50:30.907964" elapsed="0.068868"/>
</kw>
<kw name="Click Button" owner="SeleniumLibrary">
<msg time="2025-09-21T19:50:30.977320" level="INFO">Clicking button 'id=logar'.</msg>
<arg>${logar}</arg>
<doc>Clicks the button identified by ``locator``.</doc>
<status status="PASS" start="2025-09-21T19:50:30.977108" elapsed="0.057082"/>
</kw>
<kw name="Wait Until Element Is Visible" owner="SeleniumLibrary">
<arg>${logoD4S}</arg>
<arg>60s</arg>
<doc>Waits until the element ``locator`` is visible.</doc>
<status status="PASS" start="2025-09-21T19:50:31.034461" elapsed="25.213614"/>
</kw>
<kw name="Page Should Contain Image" owner="SeleniumLibrary">
<msg time="2025-09-21T19:50:56.253800" level="INFO">Current page contains image '//*[@id="page-wrapper"]/div[1]/nav/div/div/div[1]/a/img'.</msg>
<arg>${logoD4S}</arg>
<doc>Verifies image identified by ``locator`` is found from current page.</doc>
<status status="PASS" start="2025-09-21T19:50:56.248291" elapsed="0.005569"/>
</kw>
<status status="PASS" start="2025-09-21T19:50:26.754226" elapsed="29.499770"/>
</test>
<test id="s1-s6-t2" name="Envio" line="18">
<kw name="Click Element" owner="SeleniumLibrary">
<msg time="2025-09-21T19:50:56.254517" level="INFO">Clicking element '//*[@id="liCofre_1414985"]/a'.</msg>
<arg>${cofre12}</arg>
<doc>Click the element identified by ``locator``.</doc>
<status status="PASS" start="2025-09-21T19:50:56.254394" elapsed="3.562582"/>
</kw>
<kw name="Wait Until Element Is Visible" owner="SeleniumLibrary">
<arg>${novoArquivo}</arg>
<arg>20s</arg>
<doc>Waits until the element ``locator`` is visible.</doc>
<status status="PASS" start="2025-09-21T19:50:59.817209" elapsed="0.018965"/>
</kw>
<kw name="Click Element" owner="SeleniumLibrary">
<msg time="2025-09-21T19:50:59.836474" level="INFO">Clicking element 'id=label-new-file'.</msg>
<arg>${novoArquivo}</arg>
<doc>Click the element identified by ``locator``.</doc>
<status status="PASS" start="2025-09-21T19:50:59.836337" elapsed="0.049765"/>
</kw>
<kw name="Click Element" owner="SeleniumLibrary">
<msg time="2025-09-21T19:50:59.886413" level="INFO">Clicking element '//*[@id="page-wrapper"]/div[2]/div[2]/div[2]/div/div[1]/div[2]/ul/li[1]/a'.</msg>
<arg>${newfile}</arg>
<doc>Click the element identified by ``locator``.</doc>
<status status="PASS" start="2025-09-21T19:50:59.886275" elapsed="0.061716"/>
</kw>
<kw name="Sleep" owner="BuiltIn">
<msg time="2025-09-21T19:51:01.948540" level="INFO">Slept 2 seconds.</msg>
<arg>2s</arg>
<doc>Pauses the test executed for the given time.</doc>
<status status="PASS" start="2025-09-21T19:50:59.948182" elapsed="2.000577"/>
</kw>
<kw name="Normalize Path" owner="OperatingSystem">
<msg time="2025-09-21T19:51:01.949845" level="INFO">${ABSOLUTE_PATH} = H:\robot-D4S\files\doc-testes.pdf</msg>
<var>${ABSOLUTE_PATH}</var>
<arg>${RELATIVE_PATH}</arg>
<doc>Normalizes the given path.</doc>
<status status="PASS" start="2025-09-21T19:51:01.949381" elapsed="0.000526"/>
</kw>
<kw name="Choose File" owner="SeleniumLibrary">
<msg time="2025-09-21T19:51:01.950791" level="INFO">Sending H:\robot-D4S\files\doc-testes.pdf to browser.</msg>
<arg>${fileupload}</arg>
<arg>${ABSOLUTE_PATH}</arg>
<doc>Inputs the ``file_path`` into the file input field ``locator``.</doc>
<status status="PASS" start="2025-09-21T19:51:01.950394" elapsed="0.075066"/>
</kw>
<kw name="Wait Until Element Is Visible" owner="SeleniumLibrary">
<msg time="2025-09-21T19:51:18.952157" level="WARN">Keyword 'Capture Page Screenshot' could not be run on failure: Message: no such window: target window already closed
from unknown error: web view not found
  (Session info: chrome=140.0.7339.128)
Stacktrace:
	GetHandleVerifier [0x0x7ff7530430f5+79493]
	GetHandleVerifier [0x0x7ff753043150+79584]
	(No symbol) [0x0x7ff752dc01ba]
	(No symbol) [0x0x7ff752d98271]
	(No symbol) [0x0x7ff752e47d2e]
	(No symbol) [0x0x7ff752e684c2]
	(No symbol) [0x0x7ff752e404e3]
	(No symbol) [0x0x7ff752e08e92]
	(No symbol) [0x0x7ff752e09c63]
	GetHandleVerifier [0x0x7ff753300dbd+2954061]
	GetHandleVerifier [0x0x7ff7532fb02a+2930106]
	GetHandleVerifier [0x0x7ff75331b357+3061991]
	GetHandleVerifier [0x0x7ff75305d60e+187294]
	GetHandleVerifier [0x0x7ff75306557f+219919]
	GetHandleVerifier [0x0x7ff75304c294+116772]
	GetHandleVerifier [0x0x7ff75304c449+117209]
	GetHandleVerifier [0x0x7ff753032618+11176]
	BaseThreadInitThunk [0x0x7ffb6e16e8d7+23]
	RtlUserThreadStart [0x0x7ffb6fe48d9c+44]
</msg>
<msg time="2025-09-21T19:51:18.952659" level="FAIL">NoSuchWindowException: Message: no such window: target window already closed
from unknown error: web view not found
  (Session info: chrome=140.0.7339.128)
Stacktrace:
	GetHandleVerifier [0x0x7ff7530430f5+79493]
	GetHandleVerifier [0x0x7ff753043150+79584]
	(No symbol) [0x0x7ff752dc01ba]
	(No symbol) [0x0x7ff752d98271]
	(No symbol) [0x0x7ff752e47d2e]
	(No symbol) [0x0x7ff752e684c2]
	(No symbol) [0x0x7ff752e404e3]
	(No symbol) [0x0x7ff752e08e92]
	(No symbol) [0x0x7ff752e09c63]
	GetHandleVerifier [0x0x7ff753300dbd+2954061]
	GetHandleVerifier [0x0x7ff7532fb02a+2930106]
	GetHandleVerifier [0x0x7ff75331b357+3061991]
	GetHandleVerifier [0x0x7ff75305d60e+187294]
	GetHandleVerifier [0x0x7ff75306557f+219919]
	GetHandleVerifier [0x0x7ff75304c294+116772]
	GetHandleVerifier [0x0x7ff75304c449+117209]
	GetHandleVerifier [0x0x7ff753032618+11176]
	BaseThreadInitThunk [0x0x7ffb6e16e8d7+23]
	RtlUserThreadStart [0x0x7ffb6fe48d9c+44]
</msg>
<arg>${Aguardandoenvio}</arg>
<arg>60s</arg>
<doc>Waits until the element ``locator`` is visible.</doc>
<status status="FAIL" start="2025-09-21T19:51:02.025653" elapsed="16.933664">NoSuchWindowException: Message: no such window: target window already closed
from unknown error: web view not found
  (Session info: chrome=140.0.7339.128)
Stacktrace:
	GetHandleVerifier [0x0x7ff7530430f5+79493]
	GetHandleVerifier [0x0x7ff753043150+79584]
	(No symbol) [0x0x7ff752dc01ba]
	(No symbol) [0x0x7ff752d98271]
	(No symbol) [0x0x7ff752e47d2e]
	(No symbol) [0x0x7ff752e684c2]
	(No symbol) [0x0x7ff752e404e3]
	(No symbol) [0x0x7ff752e08e92]
	(No symbol) [0x0x7ff752e09c63]
	GetHandleVerifier [0x0x7ff753300dbd+2954061]
	GetHandleVerifier [0x0x7ff7532fb02a+2930106]
	GetHandleVerifier [0x0x7ff75331b357+3061991]
	GetHandleVerifier [0x0x7ff75305d60e+187294]
	GetHandleVerifier [0x0x7ff75306557f+219919]
	GetHandleVerifier [0x0x7ff75304c294+116772]
	GetHandleVerifier [0x0x7ff75304c449+117209]
	GetHandleVerifier [0x0x7ff753032618+11176]
	BaseThreadInitThunk [0x0x7ffb6e16e8d7+23]
	RtlUserThreadStart [0x0x7ffb6fe48d9c+44]
</status>
</kw>
<kw name="Page Should Contain Element" owner="SeleniumLibrary">
<arg>${Aguardandoenvio}</arg>
<doc>Verifies that element ``locator`` is found on the current page.</doc>
<status status="NOT RUN" start="2025-09-21T19:51:18.959551" elapsed="0.000025"/>
</kw>
<status status="FAIL" start="2025-09-21T19:50:56.254206" elapsed="22.705503">NoSuchWindowException: Message: no such window: target window already closed
from unknown error: web view not found
  (Session info: chrome=140.0.7339.128)
Stacktrace:
	GetHandleVerifier [0x0x7ff7530430f5+79493]
	GetHandleVerifier [0x0x7ff753043150+79584]
	(No symbol) [0x0x7ff752dc01ba]
	(No symbol) [0x0x7ff752d98271]
	(No symbol) [0x0x7ff752e47d2e]
	(No symbol) [0x0x7ff752e684c2]
	(No symbol) [0x0x7ff752e404e3]
	(No symbol) [0x0x7ff752e08e92]
	(No symbol) [0x0x7ff752e09c63]
	GetHandleVerifier [0x0x7ff753300dbd+2954061]
	GetHandleVerifier [0x0x7ff7532fb02a+2930106]
	GetHandleVerifier [0x0x7ff75331b357+3061991]
	GetHandleVerifier [0x0x7ff75305d60e+187294]
	GetHandleVerifier [0x0x7ff75306557f+219919]
	GetHandleVerifier [0x0x7ff75304c294+116772]
	GetHandleVerifier [0x0x7ff75304c449+117209]
	GetHandleVerifier [0x0x7ff753032618+11176]
	BaseThreadInitThunk [0x0x7ffb6e16e8d7+23]
	RtlUserThreadStart [0x0x7ffb6fe48d9c+44]
</status>
</test>
<status status="FAIL" start="2025-09-21T19:50:26.748129" elapsed="52.211959"/>
</suite>
<suite id="s1-s7" name="07-Envio-Assinatura" source="H:\robot-D4S\Smoke Test - D4S\07-envio-assinatura.robot">
<test id="s1-s7-t1" name="Login" line="8">
<kw name="Open Browser" owner="SeleniumLibrary">
<msg time="2025-09-21T19:51:18.963425" level="INFO">Opening browser 'chrome' to base url 'https://secure.d4sign.com.br/'.</msg>
<arg>${URL}</arg>
<arg>chrome</arg>
<doc>Opens a new browser instance to the optional ``url``.</doc>
<status status="PASS" start="2025-09-21T19:51:18.963305" elapsed="24.942139"/>
</kw>
<kw name="Execute Javascript" owner="SeleniumLibrary">
<msg time="2025-09-21T19:51:43.906056" level="INFO">Executing JavaScript:
document.cookie = "contratoazul_language=pt"
Without any arguments.</msg>
<arg>${setcookie}</arg>
<doc>Executes the given JavaScript code with possible arguments.</doc>
<status status="PASS" start="2025-09-21T19:51:43.905778" elapsed="0.157233"/>
</kw>
<kw name="Wait Until Element Is Visible" owner="SeleniumLibrary">
<msg time="2025-09-21T19:52:47.640241" level="INFO" html="true">&lt;/td&gt;&lt;/tr&gt;&lt;tr&gt;&lt;td colspan="3"&gt;&lt;a href="selenium-screenshot-3.png"&gt;&lt;img src="selenium-screenshot-3.png" width="800px"&gt;&lt;/a&gt;</msg>
<msg time="2025-09-21T19:52:47.640332" level="FAIL">Element 'id=Email' not visible after 10 seconds.</msg>
<arg>${Email}</arg>
<arg>10s</arg>
<doc>Waits until the element ``locator`` is visible.</doc>
<status status="FAIL" start="2025-09-21T19:51:44.063204" elapsed="63.577685">Element 'id=Email' not visible after 10 seconds.</status>
</kw>
<kw name="Input Text" owner="SeleniumLibrary">
<arg>${Email}</arg>
<arg>${USERNAME}</arg>
<doc>Types the given ``text`` into the text field identified by ``locator``.</doc>
<status status="NOT RUN" start="2025-09-21T19:52:47.641087" elapsed="0.000027"/>
</kw>
<kw name="Input Text" owner="SeleniumLibrary">
<arg>${Passwd}</arg>
<arg>${PASSWORD}</arg>
<doc>Types the given ``text`` into the text field identified by ``locator``.</doc>
<status status="NOT RUN" start="2025-09-21T19:52:47.641239" elapsed="0.000022"/>
</kw>
<kw name="Click Button" owner="SeleniumLibrary">
<arg>${logar}</arg>
<doc>Clicks the button identified by ``locator``.</doc>
<status status="NOT RUN" start="2025-09-21T19:52:47.641345" elapsed="0.000015"/>
</kw>
<kw name="Wait Until Element Is Visible" owner="SeleniumLibrary">
<arg>${logoD4S}</arg>
<arg>10s</arg>
<doc>Waits until the element ``locator`` is visible.</doc>
<status status="NOT RUN" start="2025-09-21T19:52:47.641429" elapsed="0.000012"/>
</kw>
<kw name="Page Should Contain Image" owner="SeleniumLibrary">
<arg>${logoD4S}</arg>
<doc>Verifies image identified by ``locator`` is found from current page.</doc>
<status status="NOT RUN" start="2025-09-21T19:52:47.641505" elapsed="0.000011"/>
</kw>
<status status="FAIL" start="2025-09-21T19:51:18.963085" elapsed="88.678531">Element 'id=Email' not visible after 10 seconds.</status>
</test>
<test id="s1-s7-t2" name="Envio" line="18">
<kw name="Click Element" owner="SeleniumLibrary">
<msg time="2025-09-21T19:52:47.642238" level="INFO">Clicking element '//*[@id="drop-zone"]/a/p[2]'.</msg>
<msg time="2025-09-21T19:52:49.395448" level="INFO" html="true">&lt;/td&gt;&lt;/tr&gt;&lt;tr&gt;&lt;td colspan="3"&gt;&lt;a href="selenium-screenshot-4.png"&gt;&lt;img src="selenium-screenshot-4.png" width="800px"&gt;&lt;/a&gt;</msg>
<msg time="2025-09-21T19:52:49.395733" level="FAIL">Element with locator '//*[@id="drop-zone"]/a/p[2]' not found.</msg>
<arg>${botaoEnvio}</arg>
<doc>Click the element identified by ``locator``.</doc>
<status status="FAIL" start="2025-09-21T19:52:47.642086" elapsed="1.756342">Element with locator '//*[@id="drop-zone"]/a/p[2]' not found.</status>
</kw>
<kw name="Wait Until Element Is Visible" owner="SeleniumLibrary">
<arg>${selectCofre}</arg>
<arg>20s</arg>
<doc>Waits until the element ``locator`` is visible.</doc>
<status status="NOT RUN" start="2025-09-21T19:52:49.398601" elapsed="0.000020"/>
</kw>
<kw name="Click Element" owner="SeleniumLibrary">
<arg>${selectCofre}</arg>
<doc>Click the element identified by ``locator``.</doc>
<status status="NOT RUN" start="2025-09-21T19:52:49.398810" elapsed="0.000027"/>
</kw>
<kw name="Click Element" owner="SeleniumLibrary">
<arg>${selecionarCofre}</arg>
<doc>Click the element identified by ``locator``.</doc>
<status status="NOT RUN" start="2025-09-21T19:52:49.398959" elapsed="0.000042"/>
</kw>
<kw name="Sleep" owner="BuiltIn">
<arg>2s</arg>
<doc>Pauses the test executed for the given time.</doc>
<status status="NOT RUN" start="2025-09-21T19:52:49.399129" elapsed="0.000022"/>
</kw>
<kw name="Normalize Path" owner="OperatingSystem">
<var>${ABSOLUTE_PATH}</var>
<arg>${RELATIVE_PATH}</arg>
<doc>Normalizes the given path.</doc>
<status status="NOT RUN" start="2025-09-21T19:52:49.399236" elapsed="0.000015"/>
</kw>
<kw name="Choose File" owner="SeleniumLibrary">
<arg>${fileupload}</arg>
<arg>${ABSOLUTE_PATH}</arg>
<doc>Inputs the ``file_path`` into the file input field ``locator``.</doc>
<status status="NOT RUN" start="2025-09-21T19:52:49.399348" elapsed="0.000017"/>
</kw>
<kw name="Wait Until Element Is Visible" owner="SeleniumLibrary">
<arg>${Aguardandoenvio}</arg>
<arg>20s</arg>
<doc>Waits until the element ``locator`` is visible.</doc>
<status status="NOT RUN" start="2025-09-21T19:52:49.399467" elapsed="0.000020"/>
</kw>
<kw name="Page Should Contain Element" owner="SeleniumLibrary">
<arg>${Aguardandoenvio}</arg>
<doc>Verifies that element ``locator`` is found on the current page.</doc>
<status status="NOT RUN" start="2025-09-21T19:52:49.399586" elapsed="0.000014"/>
</kw>
<status status="FAIL" start="2025-09-21T19:52:47.641906" elapsed="1.758019">Element with locator '//*[@id="drop-zone"]/a/p[2]' not found.</status>
</test>
<test id="s1-s7-t3" name="Assinatura" line="31">
<kw name="Click Element" owner="SeleniumLibrary">
<msg time="2025-09-21T19:52:49.400554" level="INFO">Clicking element '//*[@id="page-wrapper"]/div[2]/div/div[1]/div/div/div/div[4]/div/div[2]/div[1]/span[1]/a'.</msg>
<msg time="2025-09-21T19:52:49.466138" level="INFO" html="true">&lt;/td&gt;&lt;/tr&gt;&lt;tr&gt;&lt;td colspan="3"&gt;&lt;a href="selenium-screenshot-5.png"&gt;&lt;img src="selenium-screenshot-5.png" width="800px"&gt;&lt;/a&gt;</msg>
<msg time="2025-09-21T19:52:49.466225" level="FAIL">Element with locator '//*[@id="page-wrapper"]/div[2]/div/div[1]/div/div/div/div[4]/div/div[2]/div[1]/span[1]/a' not found.</msg>
<arg>${incluirEmail}</arg>
<doc>Click the element identified by ``locator``.</doc>
<status status="FAIL" start="2025-09-21T19:52:49.400415" elapsed="0.066365">Element with locator '//*[@id="page-wrapper"]/div[2]/div/div[1]/div/div/div/div[4]/div/div[2]/div[1]/span[1]/a' not found.</status>
</kw>
<kw name="Wait Until Element Is Enabled" owner="SeleniumLibrary">
<arg>${botaoAssinatura}</arg>
<arg>20s</arg>
<doc>Waits until the element ``locator`` is enabled.</doc>
<status status="NOT RUN" start="2025-09-21T19:52:49.467006" elapsed="0.000025"/>
</kw>
<kw name="Click Element" owner="SeleniumLibrary">
<arg>${botaoAssinatura}</arg>
<doc>Click the element identified by ``locator``.</doc>
<status status="NOT RUN" start="2025-09-21T19:52:49.467140" elapsed="0.000019"/>
</kw>
<kw name="Wait Until Element Is Visible" owner="SeleniumLibrary">
<arg>${botaoEnvio2}</arg>
<arg>20s</arg>
<doc>Waits until the element ``locator`` is visible.</doc>
<status status="NOT RUN" start="2025-09-21T19:52:49.467232" elapsed="0.000013"/>
</kw>
<kw name="Click Element" owner="SeleniumLibrary">
<arg>${botaoEnvio2}</arg>
<doc>Click the element identified by ``locator``.</doc>
<status status="NOT RUN" start="2025-09-21T19:52:49.467310" elapsed="0.000012"/>
</kw>
<kw name="Wait Until Page Contains Element" owner="SeleniumLibrary">
<arg>${faseEnviado}</arg>
<arg>10s</arg>
<doc>Waits until the element ``locator`` appears on the current page.</doc>
<status status="NOT RUN" start="2025-09-21T19:52:49.467383" elapsed="0.000012"/>
</kw>
<kw name="Click Element" owner="SeleniumLibrary">
<arg>${assinar}</arg>
<doc>Click the element identified by ``locator``.</doc>
<status status="NOT RUN" start="2025-09-21T19:52:49.467456" elapsed="0.000010"/>
</kw>
<kw name="Wait Until Element Is Visible" owner="SeleniumLibrary">
<arg>${senhaConta}</arg>
<arg>20s</arg>
<doc>Waits until the element ``locator`` is visible.</doc>
<status status="NOT RUN" start="2025-09-21T19:52:49.467524" elapsed="0.000011"/>
</kw>
<kw name="Input Password" owner="SeleniumLibrary">
<arg>${senhaConta}</arg>
<arg>${PASSWORD}</arg>
<doc>Types the given password into the text field identified by ``locator``.</doc>
<status status="NOT RUN" start="2025-09-21T19:52:49.467595" elapsed="0.000011"/>
</kw>
<kw name="Click Element" owner="SeleniumLibrary">
<arg>${salvarAssinatura}</arg>
<doc>Click the element identified by ``locator``.</doc>
<status status="NOT RUN" start="2025-09-21T19:52:49.467728" elapsed="0.000012"/>
</kw>
<kw name="Wait Until Page Contains Element" owner="SeleniumLibrary">
<arg>${verificaAssinatura}</arg>
<arg>20s</arg>
<doc>Waits until the element ``locator`` appears on the current page.</doc>
<status status="NOT RUN" start="2025-09-21T19:52:49.467838" elapsed="0.000020"/>
</kw>
<status status="FAIL" start="2025-09-21T19:52:49.400218" elapsed="0.067769">Element with locator '//*[@id="page-wrapper"]/div[2]/div/div[1]/div/div/div/div[4]/div/div[2]/div[1]/span[1]/a' not found.</status>
</test>
<status status="FAIL" start="2025-09-21T19:51:18.960410" elapsed="90.507841"/>
</suite>
<suite id="s1-s8" name="08-Envio-Grupo-Assinatura" source="H:\robot-D4S\Smoke Test - D4S\08-envio-grupo-assinatura.robot">
<test id="s1-s8-t1" name="Login" line="8">
<kw name="Open Browser" owner="SeleniumLibrary">
<msg time="2025-09-21T19:52:49.471457" level="INFO">Opening browser 'chrome' to base url 'https://secure.d4sign.com.br/'.</msg>
<arg>${URL}</arg>
<arg>chrome</arg>
<doc>Opens a new browser instance to the optional ``url``.</doc>
<status status="PASS" start="2025-09-21T19:52:49.471341" elapsed="2.114062"/>
</kw>
<kw name="Execute Javascript" owner="SeleniumLibrary">
<msg time="2025-09-21T19:52:51.585881" level="INFO">Executing JavaScript:
document.cookie = "contratoazul_language=pt"
Without any arguments.</msg>
<arg>${setcookie}</arg>
<doc>Executes the given JavaScript code with possible arguments.</doc>
<status status="PASS" start="2025-09-21T19:52:51.585628" elapsed="0.177190"/>
</kw>
<kw name="Wait Until Element Is Visible" owner="SeleniumLibrary">
<msg time="2025-09-21T19:53:35.081444" level="INFO" html="true">&lt;/td&gt;&lt;/tr&gt;&lt;tr&gt;&lt;td colspan="3"&gt;&lt;a href="selenium-screenshot-6.png"&gt;&lt;img src="selenium-screenshot-6.png" width="800px"&gt;&lt;/a&gt;</msg>
<msg time="2025-09-21T19:53:35.081539" level="FAIL">Element 'id=Email' not visible after 10 seconds.</msg>
<arg>${Email}</arg>
<arg>10s</arg>
<doc>Waits until the element ``locator`` is visible.</doc>
<status status="FAIL" start="2025-09-21T19:52:51.763054" elapsed="43.319046">Element 'id=Email' not visible after 10 seconds.</status>
</kw>
<kw name="Input Text" owner="SeleniumLibrary">
<arg>${Email}</arg>
<arg>${USERNAME}</arg>
<doc>Types the given ``text`` into the text field identified by ``locator``.</doc>
<status status="NOT RUN" start="2025-09-21T19:53:35.082375" elapsed="0.000026"/>
</kw>
<kw name="Input Text" owner="SeleniumLibrary">
<arg>${Passwd}</arg>
<arg>${PASSWORD}</arg>
<doc>Types the given ``text`` into the text field identified by ``locator``.</doc>
<status status="NOT RUN" start="2025-09-21T19:53:35.082478" elapsed="0.000014"/>
</kw>
<kw name="Click Button" owner="SeleniumLibrary">
<arg>${logar}</arg>
<doc>Clicks the button identified by ``locator``.</doc>
<status status="NOT RUN" start="2025-09-21T19:53:35.082577" elapsed="0.000030"/>
</kw>
<kw name="Wait Until Element Is Visible" owner="SeleniumLibrary">
<arg>${logoD4S}</arg>
<arg>60s</arg>
<doc>Waits until the element ``locator`` is visible.</doc>
<status status="NOT RUN" start="2025-09-21T19:53:35.082721" elapsed="0.000022"/>
</kw>
<kw name="Page Should Contain Image" owner="SeleniumLibrary">
<arg>${logoD4S}</arg>
<doc>Verifies image identified by ``locator`` is found from current page.</doc>
<status status="NOT RUN" start="2025-09-21T19:53:35.082844" elapsed="0.000013"/>
</kw>
<status status="FAIL" start="2025-09-21T19:52:49.471165" elapsed="45.611816">Element 'id=Email' not visible after 10 seconds.</status>
</test>
<test id="s1-s8-t2" name="Envio" line="18">
<kw name="Click Element" owner="SeleniumLibrary">
<msg time="2025-09-21T19:53:35.083552" level="INFO">Clicking element '//*[@id="drop-zone"]/a/p[2]'.</msg>
<msg time="2025-09-21T19:53:35.153490" level="INFO" html="true">&lt;/td&gt;&lt;/tr&gt;&lt;tr&gt;&lt;td colspan="3"&gt;&lt;a href="selenium-screenshot-7.png"&gt;&lt;img src="selenium-screenshot-7.png" width="800px"&gt;&lt;/a&gt;</msg>
<msg time="2025-09-21T19:53:35.153580" level="FAIL">Element with locator '//*[@id="drop-zone"]/a/p[2]' not found.</msg>
<arg>${botaoEnvio}</arg>
<doc>Click the element identified by ``locator``.</doc>
<status status="FAIL" start="2025-09-21T19:53:35.083426" elapsed="0.070758">Element with locator '//*[@id="drop-zone"]/a/p[2]' not found.</status>
</kw>
<kw name="Wait Until Element Is Visible" owner="SeleniumLibrary">
<arg>${selectCofre}</arg>
<arg>20s</arg>
<doc>Waits until the element ``locator`` is visible.</doc>
<status status="NOT RUN" start="2025-09-21T19:53:35.154381" elapsed="0.000026"/>
</kw>
<kw name="Click Element" owner="SeleniumLibrary">
<arg>${selectCofre}</arg>
<doc>Click the element identified by ``locator``.</doc>
<status status="NOT RUN" start="2025-09-21T19:53:35.154523" elapsed="0.000018"/>
</kw>
<kw name="Click Element" owner="SeleniumLibrary">
<arg>${selecionarCofre}</arg>
<doc>Click the element identified by ``locator``.</doc>
<status status="NOT RUN" start="2025-09-21T19:53:35.154619" elapsed="0.000014"/>
</kw>
<kw name="Sleep" owner="BuiltIn">
<arg>2s</arg>
<doc>Pauses the test executed for the given time.</doc>
<status status="NOT RUN" start="2025-09-21T19:53:35.154702" elapsed="0.000014"/>
</kw>
<kw name="Normalize Path" owner="OperatingSystem">
<var>${ABSOLUTE_PATH}</var>
<arg>${RELATIVE_PATH}</arg>
<doc>Normalizes the given path.</doc>
<status status="NOT RUN" start="2025-09-21T19:53:35.154785" elapsed="0.000012"/>
</kw>
<kw name="Choose File" owner="SeleniumLibrary">
<arg>${fileupload}</arg>
<arg>${ABSOLUTE_PATH}</arg>
<doc>Inputs the ``file_path`` into the file input field ``locator``.</doc>
<status status="NOT RUN" start="2025-09-21T19:53:35.154859" elapsed="0.000021"/>
</kw>
<kw name="Wait Until Element Is Visible" owner="SeleniumLibrary">
<arg>${Aguardandoenvio}</arg>
<arg>20s</arg>
<doc>Waits until the element ``locator`` is visible.</doc>
<status status="NOT RUN" start="2025-09-21T19:53:35.154950" elapsed="0.000012"/>
</kw>
<kw name="Page Should Contain Element" owner="SeleniumLibrary">
<arg>${Aguardandoenvio}</arg>
<doc>Verifies that element ``locator`` is found on the current page.</doc>
<status status="NOT RUN" start="2025-09-21T19:53:35.155099" elapsed="0.000021"/>
</kw>
<status status="FAIL" start="2025-09-21T19:53:35.083246" elapsed="0.072058">Element with locator '//*[@id="drop-zone"]/a/p[2]' not found.</status>
</test>
<test id="s1-s8-t3" name="Assinatura" line="31">
<kw name="Click Element" owner="SeleniumLibrary">
<msg time="2025-09-21T19:53:35.155790" level="INFO">Clicking element '//*[@id="page-wrapper"]/div[2]/div/div[1]/div/div/div/div[4]/div/div[2]/div[1]/span[3]/a'.</msg>
<msg time="2025-09-21T19:53:35.350286" level="INFO" html="true">&lt;/td&gt;&lt;/tr&gt;&lt;tr&gt;&lt;td colspan="3"&gt;&lt;a href="selenium-screenshot-8.png"&gt;&lt;img src="selenium-screenshot-8.png" width="800px"&gt;&lt;/a&gt;</msg>
<msg time="2025-09-21T19:53:35.350590" level="FAIL">Element with locator '//*[@id="page-wrapper"]/div[2]/div/div[1]/div/div/div/div[4]/div/div[2]/div[1]/span[3]/a' not found.</msg>
<arg>${grupo}</arg>
<doc>Click the element identified by ``locator``.</doc>
<status status="FAIL" start="2025-09-21T19:53:35.155673" elapsed="0.197423">Element with locator '//*[@id="page-wrapper"]/div[2]/div/div[1]/div/div/div/div[4]/div/div[2]/div[1]/span[3]/a' not found.</status>
</kw>
<kw name="Wait Until Element Is Visible" owner="SeleniumLibrary">
<arg>${filtroGrupo}</arg>
<arg>10s</arg>
<doc>Waits until the element ``locator`` is visible.</doc>
<status status="NOT RUN" start="2025-09-21T19:53:35.353878" elapsed="0.000108"/>
</kw>
<kw name="Input Text" owner="SeleniumLibrary">
<arg>${filtroGrupo}</arg>
<arg>Grupo</arg>
<doc>Types the given ``text`` into the text field identified by ``locator``.</doc>
<status status="NOT RUN" start="2025-09-21T19:53:35.354377" elapsed="0.000050"/>
</kw>
<kw name="Wait Until Element Is Visible" owner="SeleniumLibrary">
<arg>${selecionarGrupo}</arg>
<doc>Waits until the element ``locator`` is visible.</doc>
<status status="NOT RUN" start="2025-09-21T19:53:35.354700" elapsed="0.000046"/>
</kw>
<kw name="Click Element" owner="SeleniumLibrary">
<arg>${selecionarGrupo}</arg>
<doc>Click the element identified by ``locator``.</doc>
<status status="NOT RUN" start="2025-09-21T19:53:35.355196" elapsed="0.000088"/>
</kw>
<kw name="Reload Page" owner="SeleniumLibrary">
<doc>Simulates user reloading page.</doc>
<status status="NOT RUN" start="2025-09-21T19:53:35.355596" elapsed="0.000050"/>
</kw>
<kw name="Wait Until Element Is Enabled" owner="SeleniumLibrary">
<arg>${botaoAssinatura}</arg>
<arg>30s</arg>
<doc>Waits until the element ``locator`` is enabled.</doc>
<status status="NOT RUN" start="2025-09-21T19:53:35.355898" elapsed="0.000051"/>
</kw>
<kw name="Click Element" owner="SeleniumLibrary">
<arg>${botaoAssinatura}</arg>
<doc>Click the element identified by ``locator``.</doc>
<status status="NOT RUN" start="2025-09-21T19:53:35.356190" elapsed="0.000047"/>
</kw>
<kw name="Wait Until Element Is Visible" owner="SeleniumLibrary">
<arg>${botaoEnvio2}</arg>
<arg>20s</arg>
<doc>Waits until the element ``locator`` is visible.</doc>
<status status="NOT RUN" start="2025-09-21T19:53:35.356466" elapsed="0.000045"/>
</kw>
<kw name="Click Element" owner="SeleniumLibrary">
<arg>${botaoEnvio2}</arg>
<doc>Click the element identified by ``locator``.</doc>
<status status="NOT RUN" start="2025-09-21T19:53:35.357539" elapsed="0.000084"/>
</kw>
<kw name="Wait Until Page Contains Element" owner="SeleniumLibrary">
<arg>${faseEnviado}</arg>
<arg>50s</arg>
<doc>Waits until the element ``locator`` appears on the current page.</doc>
<status status="NOT RUN" start="2025-09-21T19:53:35.358109" elapsed="0.000089"/>
</kw>
<status status="FAIL" start="2025-09-21T19:53:35.155513" elapsed="0.203355">Element with locator '//*[@id="page-wrapper"]/div[2]/div/div[1]/div/div/div/div[4]/div/div[2]/div[1]/span[3]/a' not found.</status>
</test>
<status status="FAIL" start="2025-09-21T19:52:49.468536" elapsed="45.891952"/>
</suite>
<suite id="s1-s9" name="09-Envio-Template-Html" source="H:\robot-D4S\Smoke Test - D4S\09-envio-template-html.robot">
<test id="s1-s9-t1" name="Login" line="7">
<kw name="Open Browser" owner="SeleniumLibrary">
<msg time="2025-09-21T19:53:35.366741" level="INFO">Opening browser 'chrome' to base url 'https://secure.d4sign.com.br/'.</msg>
<arg>${URL}</arg>
<arg>chrome</arg>
<doc>Opens a new browser instance to the optional ``url``.</doc>
<status status="PASS" start="2025-09-21T19:53:35.366576" elapsed="17.253320"/>
</kw>
<kw name="Execute Javascript" owner="SeleniumLibrary">
<msg time="2025-09-21T19:53:52.620395" level="INFO">Executing JavaScript:
document.cookie = "contratoazul_language=pt"
Without any arguments.</msg>
<arg>${setcookie}</arg>
<doc>Executes the given JavaScript code with possible arguments.</doc>
<status status="PASS" start="2025-09-21T19:53:52.620133" elapsed="0.167853"/>
</kw>
<kw name="Wait Until Element Is Visible" owner="SeleniumLibrary">
<arg>${Email}</arg>
<arg>10s</arg>
<doc>Waits until the element ``locator`` is visible.</doc>
<status status="PASS" start="2025-09-21T19:53:52.788179" elapsed="4.801843"/>
</kw>
<kw name="Input Text" owner="SeleniumLibrary">
<msg time="2025-09-21T19:53:57.590388" level="INFO">Typing text 'automacao@d4sign.com.br' into text field 'id=Email'.</msg>
<arg>${Email}</arg>
<arg>${USERNAME}</arg>
<doc>Types the given ``text`` into the text field identified by ``locator``.</doc>
<status status="PASS" start="2025-09-21T19:53:57.590222" elapsed="0.050538"/>
</kw>
<kw name="Input Text" owner="SeleniumLibrary">
<msg time="2025-09-21T19:53:57.641105" level="INFO">Typing text 'd4sign123' into text field 'id=Passwd'.</msg>
<arg>${Passwd}</arg>
<arg>${PASSWORD}</arg>
<doc>Types the given ``text`` into the text field identified by ``locator``.</doc>
<status status="PASS" start="2025-09-21T19:53:57.640951" elapsed="0.030406"/>
</kw>
<kw name="Click Button" owner="SeleniumLibrary">
<msg time="2025-09-21T19:53:57.671687" level="INFO">Clicking button 'id=logar'.</msg>
<arg>${logar}</arg>
<doc>Clicks the button identified by ``locator``.</doc>
<status status="PASS" start="2025-09-21T19:53:57.671543" elapsed="0.032823"/>
</kw>
<kw name="Wait Until Element Is Visible" owner="SeleniumLibrary">
<arg>${logoD4S}</arg>
<arg>10s</arg>
<doc>Waits until the element ``locator`` is visible.</doc>
<status status="PASS" start="2025-09-21T19:53:57.704561" elapsed="46.635261"/>
</kw>
<kw name="Page Should Contain Image" owner="SeleniumLibrary">
<msg time="2025-09-21T19:54:44.344455" level="INFO">Current page contains image '//*[@id="page-wrapper"]/div[1]/nav/div/div/div[1]/a/img'.</msg>
<arg>${logoD4S}</arg>
<doc>Verifies image identified by ``locator`` is found from current page.</doc>
<status status="PASS" start="2025-09-21T19:54:44.340007" elapsed="0.004495"/>
</kw>
<status status="PASS" start="2025-09-21T19:53:35.366264" elapsed="68.978372"/>
</test>
<test id="s1-s9-t2" name="Preenchimento de Template HTML" line="17">
<kw name="Click Element" owner="SeleniumLibrary">
<msg time="2025-09-21T19:54:44.345180" level="INFO">Clicking element '//*[@id="liCofre_1414985"]/a'.</msg>
<arg>${cofre12}</arg>
<doc>Click the element identified by ``locator``.</doc>
<status status="PASS" start="2025-09-21T19:54:44.345058" elapsed="22.811989"/>
</kw>
<kw name="Wait Until Element Is Visible" owner="SeleniumLibrary">
<arg>${novoArquivo}</arg>
<arg>20s</arg>
<doc>Waits until the element ``locator`` is visible.</doc>
<status status="PASS" start="2025-09-21T19:55:07.157302" elapsed="0.009336"/>
</kw>
<kw name="Click Element" owner="SeleniumLibrary">
<msg time="2025-09-21T19:55:07.166928" level="INFO">Clicking element 'id=label-new-file'.</msg>
<msg time="2025-09-21T19:55:08.292128" level="INFO" html="true">&lt;/td&gt;&lt;/tr&gt;&lt;tr&gt;&lt;td colspan="3"&gt;&lt;a href="selenium-screenshot-9.png"&gt;&lt;img src="selenium-screenshot-9.png" width="800px"&gt;&lt;/a&gt;</msg>
<msg time="2025-09-21T19:55:08.292255" level="FAIL">ElementClickInterceptedException: Message: element click intercepted: Element &lt;span id="label-new-file"&gt;...&lt;/span&gt; is not clickable at point (664, 194). Other element would receive the click: &lt;div class="modal-backdrop  in" background="none" style="z-index: 1040;"&gt;&lt;/div&gt;
  (Session info: chrome=140.0.7339.128); For documentation on this error, please visit: https://www.selenium.dev/documentation/webdriver/troubleshooting/errors#elementclickinterceptedexception
Stacktrace:
	GetHandleVerifier [0x0x7ff7530430f5+79493]
	GetHandleVerifier [0x0x7ff753043150+79584]
	(No symbol) [0x0x7ff752dc01ba]
	(No symbol) [0x0x7ff752e201f9]
	(No symbol) [0x0x7ff752e1db7e]
	(No symbol) [0x0x7ff752e1aac1]
	(No symbol) [0x0x7ff752e199b0]
	(No symbol) [0x0x7ff752e0af58]
	(No symbol) [0x0x7ff752e4070a]
	(No symbol) [0x0x7ff752e0a7e6]
	(No symbol) [0x0x7ff752e40920]
	(No symbol) [0x0x7ff752e68b8b]
	(No symbol) [0x0x7ff752e404e3]
	(No symbol) [0x0x7ff752e08e92]
	(No symbol) [0x0x7ff752e09c63]
	GetHandleVerifier [0x0x7ff753300dbd+2954061]
	GetHandleVerifier [0x0x7ff7532fb02a+2930106]
	GetHandleVerifier [0x0x7ff75331b357+3061991]
	GetHandleVerifier [0x0x7ff75305d60e+187294]
	GetHandleVerifier [0x0x7ff75306557f+219919]
	GetHandleVerifier [0x0x7ff75304c294+116772]
	GetHandleVerifier [0x0x7ff75304c449+117209]
	GetHandleVerifier [0x0x7ff753032618+11176]
	BaseThreadInitThunk [0x0x7ffb6e16e8d7+23]
	RtlUserThreadStart [0x0x7ffb6fe48d9c+44]
</msg>
<arg>${novoArquivo}</arg>
<doc>Click the element identified by ``locator``.</doc>
<status status="FAIL" start="2025-09-21T19:55:07.166795" elapsed="1.128139">ElementClickInterceptedException: Message: element click intercepted: Element &lt;span id="label-new-file"&gt;...&lt;/span&gt; is not clickable at point (664, 194). Other element would receive the click: &lt;div class="modal-backdrop  in" background="none" style="z-index: 1040;"&gt;&lt;/div&gt;
  (Session info: chrome=140.0.7339.128); For documentation on this error, please visit: https://www.selenium.dev/documentation/webdriver/troubleshooting/errors#elementclickinterceptedexception
Stacktrace:
	GetHandleVerifier [0x0x7ff7530430f5+79493]
	GetHandleVerifier [0x0x7ff753043150+79584]
	(No symbol) [0x0x7ff752dc01ba]
	(No symbol) [0x0x7ff752e201f9]
	(No symbol) [0x0x7ff752e1db7e]
	(No symbol) [0x0x7ff752e1aac1]
	(No symbol) [0x0x7ff752e199b0]
	(No symbol) [0x0x7ff752e0af58]
	(No symbol) [0x0x7ff752e4070a]
	(No symbol) [0x0x7ff752e0a7e6]
	(No symbol) [0x0x7ff752e40920]
	(No symbol) [0x0x7ff752e68b8b]
	(No symbol) [0x0x7ff752e404e3]
	(No symbol) [0x0x7ff752e08e92]
	(No symbol) [0x0x7ff752e09c63]
	GetHandleVerifier [0x0x7ff753300dbd+2954061]
	GetHandleVerifier [0x0x7ff7532fb02a+2930106]
	GetHandleVerifier [0x0x7ff75331b357+3061991]
	GetHandleVerifier [0x0x7ff75305d60e+187294]
	GetHandleVerifier [0x0x7ff75306557f+219919]
	GetHandleVerifier [0x0x7ff75304c294+116772]
	GetHandleVerifier [0x0x7ff75304c449+117209]
	GetHandleVerifier [0x0x7ff753032618+11176]
	BaseThreadInitThunk [0x0x7ffb6e16e8d7+23]
	RtlUserThreadStart [0x0x7ffb6fe48d9c+44]
</status>
</kw>
<kw name="Click Element" owner="SeleniumLibrary">
<arg>${templateHTML}</arg>
<doc>Click the element identified by ``locator``.</doc>
<status status="NOT RUN" start="2025-09-21T19:55:08.295118" elapsed="0.000024"/>
</kw>
<kw name="Input Text" owner="SeleniumLibrary">
<arg>${campoMarca}</arg>
<arg>Apple</arg>
<doc>Types the given ``text`` into the text field identified by ``locator``.</doc>
<status status="NOT RUN" start="2025-09-21T19:55:08.295256" elapsed="0.000020"/>
</kw>
<kw name="Input Text" owner="SeleniumLibrary">
<arg>${campoLaranja}</arg>
<arg>Fruta</arg>
<doc>Types the given ``text`` into the text field identified by ``locator``.</doc>
<status status="NOT RUN" start="2025-09-21T19:55:08.295362" elapsed="0.000014"/>
</kw>
<kw name="Input Text" owner="SeleniumLibrary">
<arg>${campoCor}</arg>
<arg>Preto</arg>
<doc>Types the given ``text`` into the text field identified by ``locator``.</doc>
<status status="NOT RUN" start="2025-09-21T19:55:08.295448" elapsed="0.000013"/>
</kw>
<kw name="Input Text" owner="SeleniumLibrary">
<arg>${campoTrueFALSE}</arg>
<arg>TRUE</arg>
<doc>Types the given ``text`` into the text field identified by ``locator``.</doc>
<status status="NOT RUN" start="2025-09-21T19:55:08.295524" elapsed="0.000012"/>
</kw>
<kw name="Input Text" owner="SeleniumLibrary">
<arg>${campoRua}</arg>
<arg>Av. Brasil</arg>
<doc>Types the given ``text`` into the text field identified by ``locator``.</doc>
<status status="NOT RUN" start="2025-09-21T19:55:08.295597" elapsed="0.000011"/>
</kw>
<kw name="Input Text" owner="SeleniumLibrary">
<arg>${campoLugares}</arg>
<arg>Paris</arg>
<doc>Types the given ``text`` into the text field identified by ``locator``.</doc>
<status status="NOT RUN" start="2025-09-21T19:55:08.295695" elapsed="0.000011"/>
</kw>
<kw name="Input Text" owner="SeleniumLibrary">
<arg>${campoRestaurant}</arg>
<arg>Taverna Medieval</arg>
<doc>Types the given ``text`` into the text field identified by ``locator``.</doc>
<status status="NOT RUN" start="2025-09-21T19:55:08.295765" elapsed="0.000011"/>
</kw>
<kw name="Click Element" owner="SeleniumLibrary">
<arg>${salvarTemplate}</arg>
<doc>Click the element identified by ``locator``.</doc>
<status status="NOT RUN" start="2025-09-21T19:55:08.295833" elapsed="0.000011"/>
</kw>
<kw name="Wait Until Page Contains Element" owner="SeleniumLibrary">
<arg>${verificaEnvio}</arg>
<arg>60s</arg>
<doc>Waits until the element ``locator`` appears on the current page.</doc>
<status status="NOT RUN" start="2025-09-21T19:55:08.295902" elapsed="0.000012"/>
</kw>
<status status="FAIL" start="2025-09-21T19:54:44.344855" elapsed="23.951158">ElementClickInterceptedException: Message: element click intercepted: Element &lt;span id="label-new-file"&gt;...&lt;/span&gt; is not clickable at point (664, 194). Other element would receive the click: &lt;div class="modal-backdrop  in" background="none" style="z-index: 1040;"&gt;&lt;/div&gt;
  (Session info: chrome=140.0.7339.128); For documentation on this error, please visit: https://www.selenium.dev/documentation/webdriver/troubleshooting/errors#elementclickinterceptedexception
Stacktrace:
	GetHandleVerifier [0x0x7ff7530430f5+79493]
	GetHandleVerifier [0x0x7ff753043150+79584]
	(No symbol) [0x0x7ff752dc01ba]
	(No symbol) [0x0x7ff752e201f9]
	(No symbol) [0x0x7ff752e1db7e]
	(No symbol) [0x0x7ff752e1aac1]
	(No symbol) [0x0x7ff752e199b0]
	(No symbol) [0x0x7ff752e0af58]
	(No symbol) [0x0x7ff752e4070a]
	(No symbol) [0x0x7ff752e0a7e6]
	(No symbol) [0x0x7ff752e40920]
	(No symbol) [0x0x7ff752e68b8b]
	(No symbol) [0x0x7ff752e404e3]
	(No symbol) [0x0x7ff752e08e92]
	(No symbol) [0x0x7ff752e09c63]
	GetHandleVerifier [0x0x7ff753300dbd+2954061]
	GetHandleVerifier [0x0x7ff7532fb02a+2930106]
	GetHandleVerifier [0x0x7ff75331b357+3061991]
	GetHandleVerifier [0x0x7ff75305d60e+187294]
	GetHandleVerifier [0x0x7ff75306557f+219919]
	GetHandleVerifier [0x0x7ff75304c294+116772]
	GetHandleVerifier [0x0x7ff75304c449+117209]
	GetHandleVerifier [0x0x7ff753032618+11176]
	BaseThreadInitThunk [0x0x7ffb6e16e8d7+23]
	RtlUserThreadStart [0x0x7ffb6fe48d9c+44]
</status>
</test>
<test id="s1-s9-t3" name="Envio do Documento" line="33">
<kw name="Click Element" owner="SeleniumLibrary">
<msg time="2025-09-21T19:55:08.296604" level="INFO">Clicking element '//*[@id="page-wrapper"]/div[2]/div/div[1]/div/div/div/div[4]/div/div[2]/div[1]/span[1]/a'.</msg>
<msg time="2025-09-21T19:55:08.369709" level="INFO" html="true">&lt;/td&gt;&lt;/tr&gt;&lt;tr&gt;&lt;td colspan="3"&gt;&lt;a href="selenium-screenshot-10.png"&gt;&lt;img src="selenium-screenshot-10.png" width="800px"&gt;&lt;/a&gt;</msg>
<msg time="2025-09-21T19:55:08.369797" level="FAIL">Element with locator '//*[@id="page-wrapper"]/div[2]/div/div[1]/div/div/div/div[4]/div/div[2]/div[1]/span[1]/a' not found.</msg>
<arg>${incluirEmail}</arg>
<doc>Click the element identified by ``locator``.</doc>
<status status="FAIL" start="2025-09-21T19:55:08.296491" elapsed="0.073953">Element with locator '//*[@id="page-wrapper"]/div[2]/div/div[1]/div/div/div/div[4]/div/div[2]/div[1]/span[1]/a' not found.</status>
</kw>
<kw name="Wait Until Element Is Visible" owner="SeleniumLibrary">
<arg>${botaoAssinatura}</arg>
<arg>10s</arg>
<doc>Waits until the element ``locator`` is visible.</doc>
<status status="NOT RUN" start="2025-09-21T19:55:08.370701" elapsed="0.000026"/>
</kw>
<kw name="Sleep" owner="BuiltIn">
<arg>10s</arg>
<doc>Pauses the test executed for the given time.</doc>
<status status="NOT RUN" start="2025-09-21T19:55:08.370866" elapsed="0.000023"/>
</kw>
<kw name="Click Element" owner="SeleniumLibrary">
<arg>${botaoAssinatura}</arg>
<doc>Click the element identified by ``locator``.</doc>
<status status="NOT RUN" start="2025-09-21T19:55:08.371012" elapsed="0.000025"/>
</kw>
<kw name="Wait Until Element Is Visible" owner="SeleniumLibrary">
<arg>${botaoEnvio2}</arg>
<arg>20s</arg>
<doc>Waits until the element ``locator`` is visible.</doc>
<status status="NOT RUN" start="2025-09-21T19:55:08.371122" elapsed="0.000013"/>
</kw>
<kw name="Click Element" owner="SeleniumLibrary">
<arg>${botaoEnvio2}</arg>
<doc>Click the element identified by ``locator``.</doc>
<status status="NOT RUN" start="2025-09-21T19:55:08.371204" elapsed="0.000012"/>
</kw>
<kw name="Wait Until Page Contains Element" owner="SeleniumLibrary">
<arg>${faseEnviado}</arg>
<arg>50s</arg>
<doc>Waits until the element ``locator`` appears on the current page.</doc>
<status status="NOT RUN" start="2025-09-21T19:55:08.371276" elapsed="0.000012"/>
</kw>
<status status="FAIL" start="2025-09-21T19:55:08.296332" elapsed="0.075055">Element with locator '//*[@id="page-wrapper"]/div[2]/div/div[1]/div/div/div/div[4]/div/div[2]/div[1]/span[1]/a' not found.</status>
</test>
<test id="s1-s9-t4" name="Assinatura do Template" line="43">
<kw name="Click Element" owner="SeleniumLibrary">
<msg time="2025-09-21T19:55:08.372381" level="INFO">Clicking element '//*[@id="adicionar-assinatura"]'.</msg>
<msg time="2025-09-21T19:55:08.435051" level="INFO" html="true">&lt;/td&gt;&lt;/tr&gt;&lt;tr&gt;&lt;td colspan="3"&gt;&lt;a href="selenium-screenshot-11.png"&gt;&lt;img src="selenium-screenshot-11.png" width="800px"&gt;&lt;/a&gt;</msg>
<msg time="2025-09-21T19:55:08.435137" level="FAIL">Element with locator '//*[@id="adicionar-assinatura"]' not found.</msg>
<arg>${assinar}</arg>
<doc>Click the element identified by ``locator``.</doc>
<status status="FAIL" start="2025-09-21T19:55:08.371861" elapsed="0.063825">Element with locator '//*[@id="adicionar-assinatura"]' not found.</status>
</kw>
<kw name="Wait Until Element Is Visible" owner="SeleniumLibrary">
<arg>${senhaConta}</arg>
<arg>10s</arg>
<doc>Waits until the element ``locator`` is visible.</doc>
<status status="NOT RUN" start="2025-09-21T19:55:08.435877" elapsed="0.000026"/>
</kw>
<kw name="Input Text" owner="SeleniumLibrary">
<arg>${senhaConta}</arg>
<arg>${PASSWORD}</arg>
<doc>Types the given ``text`` into the text field identified by ``locator``.</doc>
<status status="NOT RUN" start="2025-09-21T19:55:08.436009" elapsed="0.000019"/>
</kw>
<kw name="Click Element" owner="SeleniumLibrary">
<arg>${salvarAssinatura}</arg>
<doc>Click the element identified by ``locator``.</doc>
<status status="NOT RUN" start="2025-09-21T19:55:08.436100" elapsed="0.000013"/>
</kw>
<kw name="Wait Until Element Is Visible" owner="SeleniumLibrary">
<arg>${verificaAssinatura}</arg>
<arg>20s</arg>
<doc>Waits until the element ``locator`` is visible.</doc>
<status status="NOT RUN" start="2025-09-21T19:55:08.436175" elapsed="0.000013"/>
</kw>
<kw name="Page Should Contain Element" owner="SeleniumLibrary">
<arg>${verificaAssinatura}</arg>
<doc>Verifies that element ``locator`` is found on the current page.</doc>
<status status="NOT RUN" start="2025-09-21T19:55:08.436252" elapsed="0.000012"/>
</kw>
<status status="FAIL" start="2025-09-21T19:55:08.371667" elapsed="0.064688">Element with locator '//*[@id="adicionar-assinatura"]' not found.</status>
</test>
<status status="FAIL" start="2025-09-21T19:53:35.361412" elapsed="93.075167"/>
</suite>
<suite id="s1-s10" name="10-Envio-Template-Word" source="H:\robot-D4S\Smoke Test - D4S\10-envio-template-word.robot">
<test id="s1-s10-t1" name="Login" line="7">
<kw name="Open Browser" owner="SeleniumLibrary">
<msg time="2025-09-21T19:55:08.439579" level="INFO">Opening browser 'chrome' to base url 'https://secure.d4sign.com.br/'.</msg>
<arg>${URL}</arg>
<arg>chrome</arg>
<doc>Opens a new browser instance to the optional ``url``.</doc>
<status status="PASS" start="2025-09-21T19:55:08.439471" elapsed="5.133827"/>
</kw>
<kw name="Execute Javascript" owner="SeleniumLibrary">
<msg time="2025-09-21T19:55:13.573779" level="INFO">Executing JavaScript:
document.cookie = "contratoazul_language=pt"
Without any arguments.</msg>
<arg>${setcookie}</arg>
<doc>Executes the given JavaScript code with possible arguments.</doc>
<status status="PASS" start="2025-09-21T19:55:13.573524" elapsed="0.229778"/>
</kw>
<kw name="Wait Until Element Is Visible" owner="SeleniumLibrary">
<arg>${Email}</arg>
<arg>10s</arg>
<doc>Waits until the element ``locator`` is visible.</doc>
<status status="PASS" start="2025-09-21T19:55:13.803472" elapsed="8.835713"/>
</kw>
<kw name="Input Text" owner="SeleniumLibrary">
<msg time="2025-09-21T19:55:22.639587" level="INFO">Typing text 'automacao@d4sign.com.br' into text field 'id=Email'.</msg>
<arg>${Email}</arg>
<arg>${USERNAME}</arg>
<doc>Types the given ``text`` into the text field identified by ``locator``.</doc>
<status status="PASS" start="2025-09-21T19:55:22.639404" elapsed="0.057397"/>
</kw>
<kw name="Input Text" owner="SeleniumLibrary">
<msg time="2025-09-21T19:55:22.697183" level="INFO">Typing text 'd4sign123' into text field 'id=Passwd'.</msg>
<arg>${Passwd}</arg>
<arg>${PASSWORD}</arg>
<doc>Types the given ``text`` into the text field identified by ``locator``.</doc>
<status status="PASS" start="2025-09-21T19:55:22.697020" elapsed="0.035363"/>
</kw>
<kw name="Click Button" owner="SeleniumLibrary">
<msg time="2025-09-21T19:55:22.732714" level="INFO">Clicking button 'id=logar'.</msg>
<arg>${logar}</arg>
<doc>Clicks the button identified by ``locator``.</doc>
<status status="PASS" start="2025-09-21T19:55:22.732572" elapsed="0.101005"/>
</kw>
<kw name="Wait Until Element Is Visible" owner="SeleniumLibrary">
<arg>${logoD4S}</arg>
<arg>10s</arg>
<doc>Waits until the element ``locator`` is visible.</doc>
<status status="PASS" start="2025-09-21T19:55:22.833772" elapsed="21.131875"/>
</kw>
<kw name="Page Should Contain Image" owner="SeleniumLibrary">
<msg time="2025-09-21T19:55:43.971012" level="INFO">Current page contains image '//*[@id="page-wrapper"]/div[1]/nav/div/div/div[1]/a/img'.</msg>
<arg>${logoD4S}</arg>
<doc>Verifies image identified by ``locator`` is found from current page.</doc>
<status status="PASS" start="2025-09-21T19:55:43.965840" elapsed="0.005226"/>
</kw>
[...]
<status status="PASS" start="2025-09-21T19:59:54.753054" elapsed="0.040335"/>
</kw>
<kw name="Click Button" owner="SeleniumLibrary">
<msg time="2025-09-21T19:59:54.793842" level="INFO">Clicking button 'id=logar'.</msg>
<arg>${logar}</arg>
<doc>Clicks the button identified by ``locator``.</doc>
<status status="PASS" start="2025-09-21T19:59:54.793644" elapsed="0.066363"/>
</kw>
<kw name="Wait Until Element Is Visible" owner="SeleniumLibrary">
<arg>${logoD4S}</arg>
<arg>60s</arg>
<doc>Waits until the element ``locator`` is visible.</doc>
<status status="PASS" start="2025-09-21T19:59:54.860267" elapsed="6.284628"/>
</kw>
<kw name="Page Should Contain Image" owner="SeleniumLibrary">
<msg time="2025-09-21T20:00:01.171200" level="INFO">Current page contains image '//*[@id="page-wrapper"]/div[1]/nav/div/div/div[1]/a/img'.</msg>
<arg>${logoD4S}</arg>
<doc>Verifies image identified by ``locator`` is found from current page.</doc>
<status status="PASS" start="2025-09-21T20:00:01.145193" elapsed="0.026092"/>
</kw>
<status status="PASS" start="2025-09-21T19:59:49.503893" elapsed="11.667649"/>
</test>
<test id="s1-s12-t2" name="Preparação do PowerForm" line="19">
<kw name="Click Element" owner="SeleniumLibrary">
<msg time="2025-09-21T20:00:01.172533" level="INFO">Clicking element '//*[@id="page-wrapper"]/div[2]/div[1]/div[3]/div/a'.</msg>
<arg>${CLM}</arg>
<doc>Click the element identified by ``locator``.</doc>
<status status="PASS" start="2025-09-21T20:00:01.172336" elapsed="0.037874"/>
</kw>
<kw name="Click Element" owner="SeleniumLibrary">
<msg time="2025-09-21T20:00:01.210900" level="INFO">Clicking element '//*[@id="page-wrapper"]/div[2]/div[1]/div[3]/div/ul/li[5]/a'.</msg>
<arg>${PowerForm}</arg>
<doc>Click the element identified by ``locator``.</doc>
<status status="PASS" start="2025-09-21T20:00:01.210682" elapsed="4.248331"/>
</kw>
<kw name="Wait Until Element Is Visible" owner="SeleniumLibrary">
<arg>${criarPowerForm}</arg>
<arg>20s</arg>
<doc>Waits until the element ``locator`` is visible.</doc>
<status status="PASS" start="2025-09-21T20:00:05.459362" elapsed="0.024511"/>
</kw>
<kw name="Click Element" owner="SeleniumLibrary">
<msg time="2025-09-21T20:00:05.484324" level="INFO">Clicking element '//*[@id="btnSaveTemplate"]'.</msg>
<arg>${criarPowerForm}</arg>
<doc>Click the element identified by ``locator``.</doc>
<status status="PASS" start="2025-09-21T20:00:05.484124" elapsed="0.032637"/>
</kw>
<kw name="Wait Until Page Contains Element" owner="SeleniumLibrary">
<arg>${modalPowerForm}</arg>
<arg>20s</arg>
<doc>Waits until the element ``locator`` appears on the current page.</doc>
<status status="PASS" start="2025-09-21T20:00:05.517088" elapsed="0.828903"/>
</kw>
<kw name="Click Element" owner="SeleniumLibrary">
<msg time="2025-09-21T20:00:06.346780" level="INFO">Clicking element '//*[@id="uuid_cofre"]'.</msg>
<arg>${campoCofrePF}</arg>
<doc>Click the element identified by ``locator``.</doc>
<status status="PASS" start="2025-09-21T20:00:06.346542" elapsed="0.184289"/>
</kw>
<kw name="Click Element" owner="SeleniumLibrary">
<msg time="2025-09-21T20:00:06.531379" level="INFO">Clicking element '//*[@id="uuid_cofre"]/option[2]'.</msg>
<arg>${selecionarCofrePF}</arg>
<doc>Click the element identified by ``locator``.</doc>
<status status="PASS" start="2025-09-21T20:00:06.531153" elapsed="0.085747"/>
</kw>
<kw name="Sleep" owner="BuiltIn">
<msg time="2025-09-21T20:00:11.618133" level="INFO">Slept 5 seconds.</msg>
<arg>5s</arg>
<doc>Pauses the test executed for the given time.</doc>
<status status="PASS" start="2025-09-21T20:00:06.617383" elapsed="5.000912"/>
</kw>
<kw name="Click Element" owner="SeleniumLibrary">
<msg time="2025-09-21T20:00:11.619051" level="INFO">Clicking element '//*[@id="uuid-template"]'.</msg>
<arg>//*[@id="uuid-template"]</arg>
<doc>Click the element identified by ``locator``.</doc>
<status status="PASS" start="2025-09-21T20:00:11.618718" elapsed="0.079921"/>
</kw>
<kw name="Click Element" owner="SeleniumLibrary">
<msg time="2025-09-21T20:00:11.699568" level="INFO">Clicking element '//*[@id="uuid-template"]'.</msg>
<arg>${campoTemplate}</arg>
<doc>Click the element identified by ``locator``.</doc>
<status status="PASS" start="2025-09-21T20:00:11.699357" elapsed="0.155869"/>
</kw>
<kw name="Click Element" owner="SeleniumLibrary">
<msg time="2025-09-21T20:00:11.855876" level="INFO">Clicking element '//*[@id="meus-templates"]/option[338]'.</msg>
<arg>${selecionarTemplate}</arg>
<doc>Click the element identified by ``locator``.</doc>
<status status="PASS" start="2025-09-21T20:00:11.855654" elapsed="0.014224"/>
</kw>
<kw name="Input Text" owner="SeleniumLibrary">
<msg time="2025-09-21T20:00:11.870379" level="INFO">Typing text 'PowerForm - Automação' into text field '//*[@id="nome_documento"]'.</msg>
<arg>${nomeDocumento}</arg>
<arg>PowerForm - Automação</arg>
<doc>Types the given ``text`` into the text field identified by ``locator``.</doc>
<status status="PASS" start="2025-09-21T20:00:11.870178" elapsed="0.050819"/>
</kw>
<kw name="Click Element" owner="SeleniumLibrary">
<msg time="2025-09-21T20:00:11.921532" level="INFO">Clicking element '//*[@id="docButton"]'.</msg>
<arg>${botaoContinuar}</arg>
<doc>Click the element identified by ``locator``.</doc>
<status status="PASS" start="2025-09-21T20:00:11.921307" elapsed="0.042950"/>
</kw>
<kw name="Wait Until Element Is Visible" owner="SeleniumLibrary">
<arg>${btntoken}</arg>
<arg>20s</arg>
<doc>Waits until the element ``locator`` is visible.</doc>
<status status="PASS" start="2025-09-21T20:00:11.964563" elapsed="0.635284"/>
</kw>
<kw name="Click Element" owner="SeleniumLibrary">
<msg time="2025-09-21T20:00:12.600463" level="INFO">Clicking element '//*[@id="tokenCount"]/button'.</msg>
<arg>${btntoken}</arg>
<doc>Click the element identified by ``locator``.</doc>
<status status="PASS" start="2025-09-21T20:00:12.600260" elapsed="0.035416"/>
</kw>
<kw name="Sleep" owner="BuiltIn">
<msg time="2025-09-21T20:00:14.636570" level="INFO">Slept 2 seconds.</msg>
<arg>2s</arg>
<doc>Pauses the test executed for the given time.</doc>
<status status="PASS" start="2025-09-21T20:00:12.635926" elapsed="2.000842"/>
</kw>
<kw name="Input Text" owner="SeleniumLibrary">
<msg time="2025-09-21T20:00:14.638227" level="INFO">Typing text 'automacao@d4sign.com.br' into text field '//*[@id="email_be7b9c59-e046-4f7f-999f-19f91b57c346"]'.</msg>
<arg>${campoEmail}</arg>
<arg>${USERNAME}</arg>
<doc>Types the given ``text`` into the text field identified by ``locator``.</doc>
<status status="PASS" start="2025-09-21T20:00:14.637555" elapsed="0.067681"/>
</kw>
<kw name="Set Focus To Element" owner="SeleniumLibrary">
<arg>${campoEmail}</arg>
<doc>Sets the focus to the element identified by ``locator``.</doc>
<status status="PASS" start="2025-09-21T20:00:14.705729" elapsed="0.006862"/>
</kw>
<kw name="Press Keys" owner="SeleniumLibrary">
<msg time="2025-09-21T20:00:14.713099" level="INFO">Sending key(s) ('TAB',) to //*[@id="email_be7b9c59-e046-4f7f-999f-19f91b57c346"] element.</msg>
<msg time="2025-09-21T20:00:14.980897" level="INFO">Pressing special key TAB to element.</msg>
<msg time="2025-09-21T20:00:14.980964" level="INFO">Releasing special key TAB.</msg>
<arg>${campoEmail}</arg>
<arg>TAB</arg>
<doc>Simulates the user pressing key(s) to an element or on the active browser.</doc>
<status status="PASS" start="2025-09-21T20:00:14.712799" elapsed="0.278943"/>
</kw>
<kw name="Click Element" owner="SeleniumLibrary">
<msg time="2025-09-21T20:00:14.992301" level="INFO">Clicking element '//*[@id="fillerButton"]'.</msg>
<arg>${btnEmail}</arg>
<doc>Click the element identified by ``locator``.</doc>
<status status="PASS" start="2025-09-21T20:00:14.992088" elapsed="0.036108"/>
</kw>
<kw name="Click Element" owner="SeleniumLibrary">
<msg time="2025-09-21T20:00:15.028760" level="INFO">Clicking element '//*[@id="btnSavePf"]'.</msg>
<arg>${btnSalvarPf}</arg>
<doc>Click the element identified by ``locator``.</doc>
<status status="PASS" start="2025-09-21T20:00:15.028540" elapsed="0.046620"/>
</kw>
<kw name="Sleep" owner="BuiltIn">
<msg time="2025-09-21T20:00:20.075941" level="INFO">Slept 5 seconds.</msg>
<arg>5s</arg>
<doc>Pauses the test executed for the given time.</doc>
<status status="PASS" start="2025-09-21T20:00:15.075491" elapsed="5.000566"/>
</kw>
<kw name="Click Element" owner="SeleniumLibrary">
<msg time="2025-09-21T20:00:20.076633" level="INFO">Clicking element '//*[@id="pfv2-result"]/button'.</msg>
<arg>${btnsend}</arg>
<doc>Click the element identified by ``locator``.</doc>
<status status="PASS" start="2025-09-21T20:00:20.076395" elapsed="0.036876"/>
</kw>
<kw name="Wait Until Element Is Visible" owner="SeleniumLibrary">
<arg>${btnSalvarPower}</arg>
<arg>20s</arg>
<doc>Waits until the element ``locator`` is visible.</doc>
<status status="PASS" start="2025-09-21T20:00:20.113529" elapsed="0.629034"/>
</kw>
<kw name="Click Element" owner="SeleniumLibrary">
<msg time="2025-09-21T20:00:20.742858" level="INFO">Clicking element '//*[@id="btnSalvarPower"]'.</msg>
<arg>${btnSalvarPower}</arg>
<doc>Click the element identified by ``locator``.</doc>
<status status="PASS" start="2025-09-21T20:00:20.742726" elapsed="0.024820"/>
</kw>
<kw name="Wait Until Page Does Not Contain Element" owner="SeleniumLibrary">
<arg>${btnSalvarPower}</arg>
<arg>20s</arg>
<doc>Waits until the element ``locator`` disappears from the current page.</doc>
<status status="PASS" start="2025-09-21T20:00:20.767757" elapsed="4.680664"/>
</kw>
<status status="PASS" start="2025-09-21T20:00:01.171985" elapsed="24.276820"/>
</test>
<status status="PASS" start="2025-09-21T19:59:49.494986" elapsed="35.954385"/>
</suite>
<suite id="s1-s13" name="13-Assinatura-Lote" source="H:\robot-D4S\Smoke Test - D4S\13-assinatura-lote.robot">
<test id="s1-s13-t1" name="Login" line="7">
<kw name="Open Browser" owner="SeleniumLibrary">
<msg time="2025-09-21T20:00:25.458231" level="INFO">Opening browser 'chrome' to base url 'https://secure.d4sign.com.br/'.</msg>
<arg>${URL}</arg>
<arg>chrome</arg>
<doc>Opens a new browser instance to the optional ``url``.</doc>
<status status="PASS" start="2025-09-21T20:00:25.458021" elapsed="2.127839"/>
</kw>
<kw name="Execute Javascript" owner="SeleniumLibrary">
<msg time="2025-09-21T20:00:27.586569" level="INFO">Executing JavaScript:
document.cookie = "contratoazul_language=pt"
Without any arguments.</msg>
<arg>${setcookie}</arg>
<doc>Executes the given JavaScript code with possible arguments.</doc>
<status status="PASS" start="2025-09-21T20:00:27.586201" elapsed="0.222726"/>
</kw>
<kw name="Wait Until Element Is Visible" owner="SeleniumLibrary">
<arg>${Email}</arg>
<arg>10s</arg>
<doc>Waits until the element ``locator`` is visible.</doc>
<status status="PASS" start="2025-09-21T20:00:27.809183" elapsed="1.873440"/>
</kw>
<kw name="Input Text" owner="SeleniumLibrary">
<msg time="2025-09-21T20:00:29.683178" level="INFO">Typing text 'automacao@d4sign.com.br' into text field 'id=Email'.</msg>
<arg>${Email}</arg>
<arg>${USERNAME}</arg>
<doc>Types the given ``text`` into the text field identified by ``locator``.</doc>
<status status="PASS" start="2025-09-21T20:00:29.682919" elapsed="0.170128"/>
</kw>
<kw name="Input Text" owner="SeleniumLibrary">
<msg time="2025-09-21T20:00:29.853611" level="INFO">Typing text 'd4sign123' into text field 'id=Passwd'.</msg>
<arg>${Passwd}</arg>
<arg>${PASSWORD}</arg>
<doc>Types the given ``text`` into the text field identified by ``locator``.</doc>
<status status="PASS" start="2025-09-21T20:00:29.853356" elapsed="0.053173"/>
</kw>
<kw name="Click Button" owner="SeleniumLibrary">
<msg time="2025-09-21T20:00:29.907045" level="INFO">Clicking button 'id=logar'.</msg>
<arg>${logar}</arg>
<doc>Clicks the button identified by ``locator``.</doc>
<status status="PASS" start="2025-09-21T20:00:29.906825" elapsed="11.786883"/>
</kw>
<kw name="Wait Until Element Is Visible" owner="SeleniumLibrary">
<arg>${logoD4S}</arg>
<arg>10s</arg>
<doc>Waits until the element ``locator`` is visible.</doc>
<status status="PASS" start="2025-09-21T20:00:41.693959" elapsed="0.034589"/>
</kw>
<kw name="Page Should Contain Image" owner="SeleniumLibrary">
<msg time="2025-09-21T20:00:41.734668" level="INFO">Current page contains image '//*[@id="page-wrapper"]/div[1]/nav/div/div/div[1]/a/img'.</msg>
<arg>${logoD4S}</arg>
<doc>Verifies image identified by ``locator`` is found from current page.</doc>
<status status="PASS" start="2025-09-21T20:00:41.728832" elapsed="0.005910"/>
</kw>
<status status="PASS" start="2025-09-21T20:00:25.457659" elapsed="16.277277"/>
</test>
<test id="s1-s13-t2" name="Assinar em Lote" line="17">
<kw name="Click Element" owner="SeleniumLibrary">
<msg time="2025-09-21T20:00:41.735891" level="INFO">Clicking element '//*[@id="div-menu-desk"]/ul[1]/li[2]/a'.</msg>
<arg>${botaoLote}</arg>
<doc>Click the element identified by ``locator``.</doc>
<status status="PASS" start="2025-09-21T20:00:41.735723" elapsed="5.908373"/>
</kw>
<kw name="Wait Until Element Is Visible" owner="SeleniumLibrary">
<arg>${paginaLote}</arg>
<arg>10s</arg>
<doc>Waits until the element ``locator`` is visible.</doc>
<status status="PASS" start="2025-09-21T20:00:47.644409" elapsed="0.027917"/>
</kw>
<kw name="Reload Page" owner="SeleniumLibrary">
<doc>Simulates user reloading page.</doc>
<status status="PASS" start="2025-09-21T20:00:47.672611" elapsed="5.186704"/>
</kw>
<kw name="Click Element" owner="SeleniumLibrary">
<msg time="2025-09-21T20:00:52.859873" level="INFO">Clicking element '//*[@id="editable_paginate"]/ul/li[6]/a'.</msg>
<arg>${botaoPagina5}</arg>
<doc>Click the element identified by ``locator``.</doc>
<status status="PASS" start="2025-09-21T20:00:52.859646" elapsed="10.164847"/>
</kw>
<kw name="Click Element" owner="SeleniumLibrary">
<msg time="2025-09-21T20:01:03.025013" level="INFO">Clicking element '//*[@id="editable_paginate"]/ul/li[10]/a'.</msg>
<arg>${botaoPagina9}</arg>
<doc>Click the element identified by ``locator``.</doc>
<status status="PASS" start="2025-09-21T20:01:03.024788" elapsed="14.433830"/>
</kw>
<kw name="Click Element" owner="SeleniumLibrary">
<msg time="2025-09-21T20:01:17.459153" level="INFO">Clicking element '//*[@id="editable_paginate"]/ul/li[11]/a'.</msg>
<arg>${botaoPagina13}</arg>
<doc>Click the element identified by ``locator``.</doc>
<status status="PASS" start="2025-09-21T20:01:17.458945" elapsed="5.323418"/>
</kw>
<kw name="Sleep" owner="BuiltIn">
<msg time="2025-09-21T20:01:24.783004" level="INFO">Slept 2 seconds.</msg>
<arg>2s</arg>
<doc>Pauses the test executed for the given time.</doc>
<status status="PASS" start="2025-09-21T20:01:22.782627" elapsed="2.000659"/>
</kw>
<kw name="Click Element" owner="SeleniumLibrary">
<msg time="2025-09-21T20:01:24.784415" level="INFO">Clicking element '//*[@id="select_all"]'.</msg>
<arg>${checkbox}</arg>
<doc>Click the element identified by ``locator``.</doc>
<status status="PASS" start="2025-09-21T20:01:24.784069" elapsed="0.073075"/>
</kw>
<kw name="Click Element" owner="SeleniumLibrary">
<msg time="2025-09-21T20:01:24.859213" level="INFO">Clicking element '//a[contains(., 'Assinar em lote')]'.</msg>
<arg>${botaoAssinarLote}</arg>
<doc>Click the element identified by ``locator``.</doc>
<status status="PASS" start="2025-09-21T20:01:24.858991" elapsed="0.049401"/>
</kw>
<kw name="Wait Until Element Is Visible" owner="SeleniumLibrary">
<arg>${senhaContaLote}</arg>
<arg>10s</arg>
<doc>Waits until the element ``locator`` is visible.</doc>
<status status="PASS" start="2025-09-21T20:01:24.908752" elapsed="0.627941"/>
</kw>
<kw name="Input Text" owner="SeleniumLibrary">
<msg time="2025-09-21T20:01:25.537270" level="INFO">Typing text 'd4sign123' into text field '//*[@id="senhaConta"]'.</msg>
<arg>${senhaContaLote}</arg>
<arg>${PASSWORD}</arg>
<doc>Types the given ``text`` into the text field identified by ``locator``.</doc>
<status status="PASS" start="2025-09-21T20:01:25.537004" elapsed="0.043647"/>
</kw>
<kw name="Click Element" owner="SeleniumLibrary">
<msg time="2025-09-21T20:01:25.581130" level="INFO">Clicking element '//*[@id="btnSalvarAssinatura"]'.</msg>
<arg>${salvarAssinatura}</arg>
<doc>Click the element identified by ``locator``.</doc>
<status status="PASS" start="2025-09-21T20:01:25.580929" elapsed="0.032104"/>
</kw>
<kw name="Wait Until Page Does Not Contain Element" owner="SeleniumLibrary">
<arg>${modal}</arg>
<arg>240s</arg>
<doc>Waits until the element ``locator`` disappears from the current page.</doc>
<status status="PASS" start="2025-09-21T20:01:25.613273" elapsed="113.035184"/>
</kw>
<kw name="Page Should Not Contain Element" owner="SeleniumLibrary">
<msg time="2025-09-21T20:03:18.653270" level="INFO">Current page does not contain element '//*[@id="form-assinaturaend"]'.</msg>
<arg>${modal}</arg>
<doc>Verifies that element ``locator`` is not found on the current page.</doc>
<status status="PASS" start="2025-09-21T20:03:18.648742" elapsed="0.004597"/>
</kw>
<status status="PASS" start="2025-09-21T20:00:41.735280" elapsed="156.918266"/>
</test>
<status status="PASS" start="2025-09-21T20:00:25.450066" elapsed="173.203918"/>
</suite>
<status status="FAIL" start="2025-09-21T19:48:55.152575" elapsed="863.502230"/>
</suite>
<statistics>
<total>
<stat pass="19" fail="13" skip="0">All Tests</stat>
</total>
<tag>
</tag>
<suite>
<stat name="Smoke Test - D4S" id="s1" pass="19" fail="13" skip="0">Smoke Test - D4S</stat>
<stat name="01-Busca-Signatario" id="s1-s1" pass="2" fail="0" skip="0">Smoke Test - D4S.01-Busca-Signatario</stat>
<stat name="02-Busca-Tags" id="s1-s2" pass="1" fail="1" skip="0">Smoke Test - D4S.02-Busca-Tags</stat>
<stat name="03-Listar-Fases" id="s1-s3" pass="2" fail="0" skip="0">Smoke Test - D4S.03-Listar-Fases</stat>
<stat name="04-Criar-Cofre" id="s1-s4" pass="2" fail="0" skip="0">Smoke Test - D4S.04-Criar-Cofre</stat>
<stat name="05-Envio-Desk" id="s1-s5" pass="2" fail="0" skip="0">Smoke Test - D4S.05-Envio-Desk</stat>
<stat name="06-Envio-Cofre" id="s1-s6" pass="1" fail="1" skip="0">Smoke Test - D4S.06-Envio-Cofre</stat>
<stat name="07-Envio-Assinatura" id="s1-s7" pass="0" fail="3" skip="0">Smoke Test - D4S.07-Envio-Assinatura</stat>
<stat name="08-Envio-Grupo-Assinatura" id="s1-s8" pass="0" fail="3" skip="0">Smoke Test - D4S.08-Envio-Grupo-Assinatura</stat>
<stat name="09-Envio-Template-Html" id="s1-s9" pass="1" fail="3" skip="0">Smoke Test - D4S.09-Envio-Template-Html</stat>
<stat name="10-Envio-Template-Word" id="s1-s10" pass="2" fail="2" skip="0">Smoke Test - D4S.10-Envio-Template-Word</stat>
<stat name="11-Envio-Lote" id="s1-s11" pass="2" fail="0" skip="0">Smoke Test - D4S.11-Envio-Lote</stat>
<stat name="12-Envio-Powerform" id="s1-s12" pass="2" fail="0" skip="0">Smoke Test - D4S.12-Envio-Powerform</stat>
<stat name="13-Assinatura-Lote" id="s1-s13" pass="2" fail="0" skip="0">Smoke Test - D4S.13-Assinatura-Lote</stat>
</suite>
</statistics>
<errors>
<msg time="2025-09-21T19:51:18.952157" level="WARN">Keyword 'Capture Page Screenshot' could not be run on failure: Message: no such window: target window already closed
from unknown error: web view not found
  (Session info: chrome=140.0.7339.128)
Stacktrace:
	GetHandleVerifier [0x0x7ff7530430f5+79493]
	GetHandleVerifier [0x0x7ff753043150+79584]
	(No symbol) [0x0x7ff752dc01ba]
	(No symbol) [0x0x7ff752d98271]
	(No symbol) [0x0x7ff752e47d2e]
	(No symbol) [0x0x7ff752e684c2]
	(No symbol) [0x0x7ff752e404e3]
	(No symbol) [0x0x7ff752e08e92]
	(No symbol) [0x0x7ff752e09c63]
	GetHandleVerifier [0x0x7ff753300dbd+2954061]
	GetHandleVerifier [0x0x7ff7532fb02a+2930106]
	GetHandleVerifier [0x0x7ff75331b357+3061991]
	GetHandleVerifier [0x0x7ff75305d60e+187294]
	GetHandleVerifier [0x0x7ff75306557f+219919]
	GetHandleVerifier [0x0x7ff75304c294+116772]
	GetHandleVerifier [0x0x7ff75304c449+117209]
	GetHandleVerifier [0x0x7ff753032618+11176]
	BaseThreadInitThunk [0x0x7ffb6e16e8d7+23]
	RtlUserThreadStart [0x0x7ffb6fe48d9c+44]
</msg>
</errors>
</robot>
