<?xml version="1.0" encoding="UTF-8"?>
<robot generator="Robot 7.3.2 (Python 3.13.5 on win32)" generated="2025-09-23T01:56:44.512389" rpa="false" schemaversion="5">
<suite id="s1" name="robot-D4S" source="H:\robot-D4S">
<suite id="s1-s1" name="API" source="H:\robot-D4S\API">
<suite id="s1-s1-s1" name="Listagens-API" source="H:\robot-D4S\API\Listagens-API.robot">
<test id="s1-s1-s1-t1" name="6 - Listar webhooks de um documento específico" line="96">
<kw name="Header Json">
<kw name="Create Dictionary" owner="BuiltIn">
<msg time="2025-09-23T01:56:44.579580" level="INFO">${headers} = {'Content-Type': 'application/json', 'tokenAPI': 'live_edbbbe82a765d29e08d33066fca8187d4d33af4ae5069f63f2532a33e157a3cc', 'cryptKey': 'live_crypt_986BQliUIFNKCO2ZlDCubKHZkIapJpTA'}</msg>
<var>${headers}</var>
<arg>Content-Type=application/json</arg>
<arg>tokenAPI=${TOKEN_API}</arg>
<arg>cryptKey=${CRYPT_KEY}</arg>
<doc>Creates and returns a dictionary based on the given ``items``.</doc>
<status status="PASS" start="2025-09-23T01:56:44.579290" elapsed="0.000378"/>
</kw>
<return>
<value>${headers}</value>
<status status="PASS" start="2025-09-23T01:56:44.579760" elapsed="0.000135"/>
</return>
<msg time="2025-09-23T01:56:44.580028" level="INFO">${headers} = {'Content-Type': 'application/json', 'tokenAPI': 'live_edbbbe82a765d29e08d33066fca8187d4d33af4ae5069f63f2532a33e157a3cc', 'cryptKey': 'live_crypt_986BQliUIFNKCO2ZlDCubKHZkIapJpTA'}</msg>
<var>${headers}</var>
<status status="PASS" start="2025-09-23T01:56:44.578915" elapsed="0.001190"/>
</kw>
<kw name="Create Session" owner="RequestsLibrary">
<msg time="2025-09-23T01:56:44.580472" level="INFO">Creating Session using : alias=d4sign, url=https://secure.d4sign.com.br/api/v1, headers={'Content-Type': 'application/json', 'tokenAPI': 'live_edbbbe82a765d29e08d33066fca8187d4d33af4ae5069f63f2532a33e157a3cc', 'cryptKey': 'live_crypt_986BQliUIFNKCO2ZlDCubKHZkIapJpTA'},                     cookies={}, auth=None, timeout=None, proxies=None, verify=False,                     debug=0 </msg>
<arg>d4sign</arg>
<arg>${BASE_URL}</arg>
<arg>headers=${headers}</arg>
<doc>Create Session: create a HTTP session to a server</doc>
<status status="PASS" start="2025-09-23T01:56:44.580258" elapsed="0.000376"/>
</kw>
<kw name="GET On Session" owner="RequestsLibrary">
<msg time="2025-09-23T01:56:45.898644" level="INFO">GET Request : url=https://secure.d4sign.com.br/api/v1/documents/1c42fc63-4c84-4f9e-a9ad-3052879770fb/webhooks 
 path_url=/api/v1/documents/1c42fc63-4c84-4f9e-a9ad-3052879770fb/webhooks 
 headers={'User-Agent': 'python-requests/2.32.5', 'Accept-Encoding': 'gzip, deflate', 'Accept': '*/*', 'Connection': 'keep-alive', 'Content-Type': 'application/json', 'tokenAPI': 'live_edbbbe82a765d29e08d33066fca8187d4d33af4ae5069f63f2532a33e157a3cc', 'cryptKey': 'live_crypt_986BQliUIFNKCO2ZlDCubKHZkIapJpTA'} 
 body=None 
 </msg>
<msg time="2025-09-23T01:56:45.898938" level="INFO">GET Response : url=https://secure.d4sign.com.br/api/v1/documents/1c42fc63-4c84-4f9e-a9ad-3052879770fb/webhooks 
 status=200, reason=OK 
 headers={'Date': 'Tue, 23 Sep 2025 04:57:19 GMT', 'Content-Type': 'application/json; charset=utf-8', 'Content-Length': '107', 'Connection': 'keep-alive', 'Set-Cookie': 'AWSALBTG=Pw9Pl4CBPcqMIqMkBVI0VExkxxMHZdYuuMHYDXvpHycWoIX9Rd3WwVhn8dxbuv5uLn+LXqd9hrb+yF8opnhPhEpylWrKswr3DApu8kv6I6IC7F00b8bJKwlT5f/Mq0jHIEgmNkBk7dOGrSlbkt28S3NScpWGTWrUz2EvyVEDarYjb+D7yLQ=; Expires=Tue, 30 Sep 2025 04:57:18 GMT; Path=/, AWSALBTGCORS=Pw9Pl4CBPcqMIqMkBVI0VExkxxMHZdYuuMHYDXvpHycWoIX9Rd3WwVhn8dxbuv5uLn+LXqd9hrb+yF8opnhPhEpylWrKswr3DApu8kv6I6IC7F00b8bJKwlT5f/Mq0jHIEgmNkBk7dOGrSlbkt28S3NScpWGTWrUz2EvyVEDarYjb+D7yLQ=; Expires=Tue, 30 Sep 2025 04:57:18 GMT; Path=/; SameSite=None; Secure, AWSALB=4/s5HjZW1a0UOuEjKI5URTpoXr9Gy9nblhKdNyzqA+5N9j23rWZXbjkp+R+VPeUvegM9+do5jToSrBcwWQTfaEYFcoz4GwFJiaWXWw9/nCapw1Ja3cj6WtSQJhOl; Expires=Tue, 30 Sep 2025 04:57:18 GMT; Path=/, AWSALBCORS=4/s5HjZW1a0UOuEjKI5URTpoXr9Gy9nblhKdNyzqA+5N9j23rWZXbjkp+R+VPeUvegM9+do5jToSrBcwWQTfaEYFcoz4GwFJiaWXWw9/nCapw1Ja3cj6WtSQJhOl; Expires=Tue, 30 Sep 2025 04:57:18 GMT; Path=/; SameSite=None; Secure, csrf_cookie_d4sign=f3f47929c549508f660720bb93096bff; expires=Tue, 23-Sep-2025 06:57:18 GMT; Max-Age=7200; path=/; secure', 'Server': 'Apache/2.4.41 (Ubuntu)', 'Strict-Transport-Security': 'max-age=31536000; includeSubDomains', 'X-Content-Type-Options': 'nosniff', 'X-XSS-Protection': '1; mode=block'} 
 body=[{"uuid":"1c42fc63-4c84-4f9e-a9ad-3052879770fb","webhook_url":"https:\/\/superteste.requestcatcher.com\/"}] 
 </msg>
<msg time="2025-09-23T01:56:45.899041" level="INFO">C:\Users\joaox\AppData\Local\Programs\Python\Python313\Lib\site-packages\urllib3\connectionpool.py:1097: InsecureRequestWarning: Unverified HTTPS request is being made to host 'secure.d4sign.com.br'. Adding certificate verification is strongly advised. See: https://urllib3.readthedocs.io/en/latest/advanced-usage.html#tls-warnings
  warnings.warn(</msg>
<msg time="2025-09-23T01:56:45.899394" level="INFO">${response} = &lt;Response [200]&gt;</msg>
<var>${response}</var>
<arg>d4sign</arg>
<arg>/${DOCUMENTS}/${UUID_WEBHOOK}</arg>
<doc>Sends a GET request on a previously created HTTP Session.</doc>
<status status="PASS" start="2025-09-23T01:56:44.580774" elapsed="1.318728"/>
</kw>
<kw name="Log Response Time">
<kw name="Convert To String" owner="BuiltIn">
<msg time="2025-09-23T01:56:45.901036" level="INFO">${tempo_str} = 0:00:01.316015</msg>
<var>${tempo_str}</var>
<arg>${response.elapsed}</arg>
<doc>Converts the given item to a Unicode string.</doc>
<status status="PASS" start="2025-09-23T01:56:45.900089" elapsed="0.001021"/>
</kw>
<kw name="Split String" owner="String">
<msg time="2025-09-23T01:56:45.901407" level="INFO">${partes} = ['0', '00', '01.316015']</msg>
<var>${partes}</var>
<arg>${tempo_str}</arg>
<arg>:</arg>
<doc>Splits the ``string`` using ``separator`` as a delimiter string.</doc>
<status status="PASS" start="2025-09-23T01:56:45.901211" elapsed="0.000271"/>
</kw>
<kw name="Convert To Number" owner="BuiltIn">
<msg time="2025-09-23T01:56:45.901846" level="INFO">${segundos} = 1.316015</msg>
<var>${segundos}</var>
<arg>${partes}[2]</arg>
<doc>Converts the given item to a floating point number.</doc>
<status status="PASS" start="2025-09-23T01:56:45.901601" elapsed="0.000315"/>
</kw>
<kw name="Evaluate" owner="BuiltIn">
<msg time="2025-09-23T01:56:45.902295" level="INFO">${tempo_arredondado} = 1.316</msg>
<var>${tempo_arredondado}</var>
<arg>round(${segundos}, 3)</arg>
<doc>Evaluates the given expression in Python and returns the result.</doc>
<status status="PASS" start="2025-09-23T01:56:45.902010" elapsed="0.000398"/>
</kw>
<return>
<value>${tempo_arredondado}</value>
<status status="PASS" start="2025-09-23T01:56:45.902483" elapsed="0.000096"/>
</return>
<msg time="2025-09-23T01:56:45.902679" level="INFO">${tempo} = 1.316</msg>
<var>${tempo}</var>
<arg>${response}</arg>
<status status="PASS" start="2025-09-23T01:56:45.899791" elapsed="0.002953"/>
</kw>
<kw name="Log To Console" owner="BuiltIn">
<arg>Tempo de resposta: ${tempo} segundos</arg>
<doc>Logs the given message to the console.</doc>
<status status="PASS" start="2025-09-23T01:56:45.902867" elapsed="0.000208"/>
</kw>
<kw name="Log" owner="BuiltIn">
<msg time="2025-09-23T01:56:45.903448" level="INFO">Tempo de resposta: 1.316 segundos</msg>
<arg>Tempo de resposta: ${tempo} segundos</arg>
<doc>Logs the given message with the given level.</doc>
<status status="PASS" start="2025-09-23T01:56:45.903279" elapsed="0.000248"/>
</kw>
<kw name="Status Should Be" owner="RequestsLibrary">
<arg>200</arg>
<arg>${response}</arg>
<doc>Fails if response status code is different than the expected.</doc>
<status status="PASS" start="2025-09-23T01:56:45.903668" elapsed="0.000203"/>
</kw>
<kw name="Log Response As Formatted JSON">
<kw name="Evaluate" owner="BuiltIn">
<msg time="2025-09-23T01:56:45.904813" level="INFO">${json} = [{'uuid': '1c42fc63-4c84-4f9e-a9ad-3052879770fb', 'webhook_url': 'https://superteste.requestcatcher.com/'}]</msg>
<var>${json}</var>
<arg>json.loads(r'''${response.text}''')</arg>
<arg>json</arg>
<doc>Evaluates the given expression in Python and returns the result.</doc>
<status status="PASS" start="2025-09-23T01:56:45.904194" elapsed="0.000687"/>
</kw>
<kw name="Evaluate" owner="BuiltIn">
<msg time="2025-09-23T01:56:45.905294" level="INFO">${pretty} = [
  {
    "uuid": "1c42fc63-4c84-4f9e-a9ad-3052879770fb",
    "webhook_url": "https://superteste.requestcatcher.com/"
  }
]</msg>
<var>${pretty}</var>
<arg>json.dumps(${json}, indent=2, ensure_ascii=False)</arg>
<arg>json</arg>
<doc>Evaluates the given expression in Python and returns the result.</doc>
<status status="PASS" start="2025-09-23T01:56:45.905048" elapsed="0.000312"/>
</kw>
<kw name="Log" owner="BuiltIn">
<msg time="2025-09-23T01:56:45.905574" level="INFO">[
  {
    "uuid": "1c42fc63-4c84-4f9e-a9ad-3052879770fb",
    "webhook_url": "https://superteste.requestcatcher.com/"
  }
]</msg>
<arg>${pretty}</arg>
<doc>Logs the given message with the given level.</doc>
<status status="PASS" start="2025-09-23T01:56:45.905444" elapsed="0.000197"/>
</kw>
<kw name="Log To Console" owner="BuiltIn">
<arg>${pretty}</arg>
<doc>Logs the given message to the console.</doc>
<status status="PASS" start="2025-09-23T01:56:45.905716" elapsed="0.000215"/>
</kw>
<arg>${response}</arg>
<status status="PASS" start="2025-09-23T01:56:45.904002" elapsed="0.001985"/>
</kw>
<doc>Listar webhooks de um documento específico</doc>
<status status="PASS" start="2025-09-23T01:56:44.577392" elapsed="1.328694"/>
</test>
<status status="PASS" start="2025-09-23T01:56:44.529811" elapsed="1.380803"/>
</suite>
<status status="PASS" start="2025-09-23T01:56:44.527894" elapsed="1.384166"/>
</suite>
<status status="PASS" start="2025-09-23T01:56:44.515230" elapsed="1.398289"/>
</suite>
<statistics>
<total>
<stat pass="1" fail="0" skip="0">All Tests</stat>
</total>
<tag>
</tag>
<suite>
<stat name="robot-D4S" id="s1" pass="1" fail="0" skip="0">robot-D4S</stat>
<stat name="API" id="s1-s1" pass="1" fail="0" skip="0">robot-D4S.API</stat>
<stat name="Listagens-API" id="s1-s1-s1" pass="1" fail="0" skip="0">robot-D4S.API.Listagens-API</stat>
</suite>
</statistics>
<errors>
</errors>
</robot>
