<?xml version="1.0" encoding="UTF-8"?>
<robot generator="Robot 7.3.2 (Python 3.13.7 on win32)" generated="2025-09-17T16:27:28.350903" rpa="false" schemaversion="5">
<suite id="s1" name="Robot" source="C:\Users\joao.carlos_d4sign\Desktop\Robot">
<suite id="s1-s1" name="Smoke Test - D4S" source="C:\Users\joao.carlos_d4sign\Desktop\Robot\Smoke Test - D4S">
<suite id="s1-s1-s1" name="Busca-Tags" source="C:\Users\joao.carlos_d4sign\Desktop\Robot\Smoke Test - D4S\busca-tags.robot">
<test id="s1-s1-s1-t1" name="Login" line="25">
<kw name="Open Browser" owner="SeleniumLibrary">
<msg time="2025-09-17T16:27:29.045174" level="INFO">Opening browser 'chrome' to base url 'https://secure.d4sign.com.br/'.</msg>
<arg>${URL}</arg>
<arg>chrome</arg>
<doc>Opens a new browser instance to the optional ``url``.</doc>
<status status="PASS" start="2025-09-17T16:27:29.044561" elapsed="4.995819"/>
</kw>
<kw name="Execute Javascript" owner="SeleniumLibrary">
<msg time="2025-09-17T16:27:34.042981" level="INFO">Executing JavaScript:
document.cookie = "contratoazul_language=pt"
Without any arguments.</msg>
<arg>${setcookie}</arg>
<doc>Executes the given JavaScript code with possible arguments.</doc>
<status status="PASS" start="2025-09-17T16:27:34.041346" elapsed="0.016915"/>
</kw>
<kw name="Wait Until Element Is Visible" owner="SeleniumLibrary">
<arg>${Email}</arg>
<arg>10s</arg>
<doc>Waits until the element ``locator`` is visible.</doc>
<status status="PASS" start="2025-09-17T16:27:34.058797" elapsed="0.046232"/>
</kw>
<kw name="Input Text" owner="SeleniumLibrary">
<msg time="2025-09-17T16:27:34.106785" level="INFO">Typing text 'automacao@d4sign.com.br' into text field 'id=Email'.</msg>
<arg>${Email}</arg>
<arg>${USERNAME}</arg>
<doc>Types the given ``text`` into the text field identified by ``locator``.</doc>
<status status="PASS" start="2025-09-17T16:27:34.105937" elapsed="0.207335"/>
</kw>
<kw name="Input Text" owner="SeleniumLibrary">
<msg time="2025-09-17T16:27:34.316584" level="INFO">Typing text 'd4sign123' into text field 'id=Passwd'.</msg>
<arg>${Passwd}</arg>
<arg>${PASSWORD}</arg>
<doc>Types the given ``text`` into the text field identified by ``locator``.</doc>
<status status="PASS" start="2025-09-17T16:27:34.314952" elapsed="0.268340"/>
</kw>
<kw name="Click Button" owner="SeleniumLibrary">
<msg time="2025-09-17T16:27:34.585478" level="INFO">Clicking button 'id=logar'.</msg>
<arg>${logar}</arg>
<doc>Clicks the button identified by ``locator``.</doc>
<status status="PASS" start="2025-09-17T16:27:34.584267" elapsed="0.420255"/>
</kw>
<kw name="Wait Until Element Is Visible" owner="SeleniumLibrary">
<arg>${logoD4S}</arg>
<arg>10s</arg>
<doc>Waits until the element ``locator`` is visible.</doc>
<status status="PASS" start="2025-09-17T16:27:35.005523" elapsed="6.783256"/>
</kw>
<kw name="Page Should Contain Image" owner="SeleniumLibrary">
<msg time="2025-09-17T16:27:41.821304" level="INFO">Current page contains image '//*[@id="page-wrapper"]/div[1]/nav/div/div/div[1]/a/img'.</msg>
<arg>${logoD4S}</arg>
<doc>Verifies image identified by ``locator`` is found from current page.</doc>
<status status="PASS" start="2025-09-17T16:27:41.789427" elapsed="0.032930"/>
</kw>
<status status="PASS" start="2025-09-17T16:27:29.039810" elapsed="12.783504"/>
</test>
<test id="s1-s1-s1-t2" name="Busca de e-mail de signatário" line="37">
<kw name="Click Element" owner="SeleniumLibrary">
<msg time="2025-09-17T16:27:41.839161" level="INFO">Clicking element '//*[@id="page-wrapper"]/div[2]/div[2]/div[1]/div/div/div/small/a[1]'.</msg>
<arg>${buscaTags}</arg>
<doc>Click the element identified by ``locator``.</doc>
<status status="PASS" start="2025-09-17T16:27:41.838056" elapsed="0.159193"/>
</kw>
<kw name="Wait Until Element Is Visible" owner="SeleniumLibrary">
<arg>${campoBusca}</arg>
<arg>10s</arg>
<doc>Waits until the element ``locator`` is visible.</doc>
<status status="PASS" start="2025-09-17T16:27:41.998399" elapsed="0.499207"/>
</kw>
<kw name="Input Text" owner="SeleniumLibrary">
<msg time="2025-09-17T16:27:42.498850" level="INFO">Typing text 'urgente' into text field '//*[@id="form-cofre"]/div/ul/li/input'.</msg>
<arg>${campoBusca}</arg>
<arg>urgente</arg>
<doc>Types the given ``text`` into the text field identified by ``locator``.</doc>
<status status="PASS" start="2025-09-17T16:27:42.498210" elapsed="0.139679"/>
</kw>
<kw name="Press Keys" owner="SeleniumLibrary">
<msg time="2025-09-17T16:27:42.640962" level="INFO">Sending key(s) ('ENTER',) to //*[@id="form-cofre"]/div/ul/li/input element.</msg>
<msg time="2025-09-17T16:27:42.971261" level="INFO">Pressing special key ENTER to element.</msg>
<msg time="2025-09-17T16:27:42.972062" level="INFO">Releasing special key ENTER.</msg>
<arg>${campoBusca}</arg>
<arg>ENTER</arg>
<doc>Simulates the user pressing key(s) to an element or on the active browser.</doc>
<status status="PASS" start="2025-09-17T16:27:42.639242" elapsed="0.363998"/>
</kw>
<kw name="Sleep" owner="BuiltIn">
<msg time="2025-09-17T16:27:45.006421" level="INFO">Slept 2 seconds.</msg>
<arg>2s</arg>
<doc>Pauses the test executed for the given time.</doc>
<status status="PASS" start="2025-09-17T16:27:43.003699" elapsed="2.004391"/>
</kw>
<kw name="Click Element" owner="SeleniumLibrary">
<msg time="2025-09-17T16:27:45.011374" level="INFO">Clicking element '//*[@id="btnS"]'.</msg>
<arg>${btnBusca}</arg>
<doc>Click the element identified by ``locator``.</doc>
<status status="PASS" start="2025-09-17T16:27:45.009482" elapsed="0.080090"/>
</kw>
<kw name="Wait Until Element Is Visible" owner="SeleniumLibrary">
<arg>${resultadoBusca}</arg>
<arg>10s</arg>
<doc>Waits until the element ``locator`` is visible.</doc>
<status status="PASS" start="2025-09-17T16:27:45.090526" elapsed="4.616835"/>
</kw>
<kw name="Click Element" owner="SeleniumLibrary">
<msg time="2025-09-17T16:27:49.708617" level="INFO">Clicking element '//*[@id="contratos"]/tbody/tr[2]/td[3]/a'.</msg>
<arg>${linkDocumento}</arg>
<doc>Click the element identified by ``locator``.</doc>
<status status="PASS" start="2025-09-17T16:27:49.707906" elapsed="0.128740"/>
</kw>
<kw name="Switch Window" owner="SeleniumLibrary">
<arg>NEW</arg>
<doc>Switches to browser window matching ``locator``.</doc>
<status status="PASS" start="2025-09-17T16:27:49.837225" elapsed="0.029636"/>
</kw>
<kw name="Wait Until Element Is Visible" owner="SeleniumLibrary">
<arg>${viewblob}</arg>
<arg>10s</arg>
<doc>Waits until the element ``locator`` is visible.</doc>
<status status="PASS" start="2025-09-17T16:27:49.867973" elapsed="5.188309"/>
</kw>
<kw name="Click Element" owner="SeleniumLibrary">
<msg time="2025-09-17T16:27:55.057443" level="INFO">Clicking element '//*[@id="btnshowdiv-tags-bbe2f42c-76c6-457e-b984-a5ba4f97b7dc"]/a'.</msg>
<arg>${tagViewblob}</arg>
<doc>Click the element identified by ``locator``.</doc>
<status status="PASS" start="2025-09-17T16:27:55.056833" elapsed="0.068539"/>
</kw>
<kw name="Wait Until Element Is Visible" owner="SeleniumLibrary">
<arg>${urgenteTag}</arg>
<arg>10s</arg>
<doc>Waits until the element ``locator`` is visible.</doc>
<status status="PASS" start="2025-09-17T16:27:55.125697" elapsed="0.031919"/>
</kw>
<status status="PASS" start="2025-09-17T16:27:41.831062" elapsed="13.326939"/>
</test>
<status status="PASS" start="2025-09-17T16:27:28.398145" elapsed="26.764751"/>
</suite>
<status status="PASS" start="2025-09-17T16:27:28.390268" elapsed="26.781316"/>
</suite>
<status status="PASS" start="2025-09-17T16:27:28.359841" elapsed="26.816891"/>
</suite>
<statistics>
<total>
<stat pass="2" fail="0" skip="0">All Tests</stat>
</total>
<tag>
</tag>
<suite>
<stat name="Robot" id="s1" pass="2" fail="0" skip="0">Robot</stat>
<stat name="Smoke Test - D4S" id="s1-s1" pass="2" fail="0" skip="0">Robot.Smoke Test - D4S</stat>
<stat name="Busca-Tags" id="s1-s1-s1" pass="2" fail="0" skip="0">Robot.Smoke Test - D4S.Busca-Tags</stat>
</suite>
</statistics>
<errors>
</errors>
</robot>
