<?xml version="1.0" encoding="UTF-8"?>
<robot generator="Robot 7.3.2 (Python 3.13.5 on win32)" generated="2025-09-21T13:56:07.261254" rpa="false" schemaversion="5">
<suite id="s1" name="Smoke Test - D4S" source="H:\robot-D4S\Smoke Test - D4S">
<suite id="s1-s1" name="01-Busca-Signatario" source="H:\robot-D4S\Smoke Test - D4S\01-busca-signatario.robot">
<test id="s1-s1-t1" name="Login" line="24">
<kw name="Open Browser" owner="SeleniumLibrary">
<msg time="2025-09-21T13:56:07.386121" level="INFO">Opening browser 'chrome' to base url 'https://secure.d4sign.com.br/'.</msg>
<arg>${URL}</arg>
<arg>chrome</arg>
<doc>Opens a new browser instance to the optional ``url``.</doc>
<status status="PASS" start="2025-09-21T13:56:07.385973" elapsed="2.147998"/>
</kw>
<kw name="Execute Javascript" owner="SeleniumLibrary">
<msg time="2025-09-21T13:56:09.534494" level="INFO">Executing JavaScript:
document.cookie = "contratoazul_language=pt"
Without any arguments.</msg>
<arg>${setcookie}</arg>
<doc>Executes the given JavaScript code with possible arguments.</doc>
<status status="PASS" start="2025-09-21T13:56:09.534220" elapsed="0.190049"/>
</kw>
<kw name="Wait Until Element Is Visible" owner="SeleniumLibrary">
<arg>${Email}</arg>
<arg>10s</arg>
<doc>Waits until the element ``locator`` is visible.</doc>
<status status="PASS" start="2025-09-21T13:56:09.724469" elapsed="1.677982"/>
</kw>
<kw name="Input Text" owner="SeleniumLibrary">
<msg time="2025-09-21T13:56:11.402803" level="INFO">Typing text 'automacao@d4sign.com.br' into text field 'id=Email'.</msg>
<arg>${Email}</arg>
<arg>${USERNAME}</arg>
<doc>Types the given ``text`` into the text field identified by ``locator``.</doc>
<status status="PASS" start="2025-09-21T13:56:11.402632" elapsed="0.054727"/>
</kw>
<kw name="Input Text" owner="SeleniumLibrary">
<msg time="2025-09-21T13:56:11.457725" level="INFO">Typing text 'd4sign123' into text field 'id=Passwd'.</msg>
<arg>${Passwd}</arg>
<arg>${PASSWORD}</arg>
<doc>Types the given ``text`` into the text field identified by ``locator``.</doc>
<status status="PASS" start="2025-09-21T13:56:11.457554" elapsed="0.036375"/>
</kw>
<kw name="Click Button" owner="SeleniumLibrary">
<msg time="2025-09-21T13:56:11.494418" level="INFO">Clicking button 'id=logar'.</msg>
<arg>${logar}</arg>
<doc>Clicks the button identified by ``locator``.</doc>
<status status="PASS" start="2025-09-21T13:56:11.494189" elapsed="0.122803"/>
</kw>
<kw name="Wait Until Element Is Visible" owner="SeleniumLibrary">
<arg>${logoD4S}</arg>
<arg>10s</arg>
<doc>Waits until the element ``locator`` is visible.</doc>
<status status="PASS" start="2025-09-21T13:56:11.617166" elapsed="4.789901"/>
</kw>
<kw name="Page Should Contain Image" owner="SeleniumLibrary">
<msg time="2025-09-21T13:56:16.411834" level="INFO">Current page contains image '//*[@id="page-wrapper"]/div[1]/nav/div/div/div[1]/a/img'.</msg>
<arg>${logoD4S}</arg>
<doc>Verifies image identified by ``locator`` is found from current page.</doc>
<status status="PASS" start="2025-09-21T13:56:16.407260" elapsed="0.004623"/>
</kw>
<status status="PASS" start="2025-09-21T13:56:07.385399" elapsed="9.026628"/>
</test>
<test id="s1-s1-t2" name="Busca de e-mail de signatário" line="36">
<kw name="Click Element" owner="SeleniumLibrary">
<msg time="2025-09-21T13:56:16.413520" level="INFO">Clicking element '//*[@id="page-wrapper"]/div[2]/div[2]/div[1]/div/div/div/small/a[2]'.</msg>
<arg>${buscaSignatario}</arg>
<doc>Click the element identified by ``locator``.</doc>
<status status="PASS" start="2025-09-21T13:56:16.413398" elapsed="0.036940"/>
</kw>
<kw name="Wait Until Element Is Visible" owner="SeleniumLibrary">
<arg>${campoBusca}</arg>
<arg>10s</arg>
<doc>Waits until the element ``locator`` is visible.</doc>
<status status="PASS" start="2025-09-21T13:56:16.450532" elapsed="1.448619"/>
</kw>
<kw name="Input Text" owner="SeleniumLibrary">
<msg time="2025-09-21T13:56:17.899508" level="INFO">Typing text 'joao.carlos@d4sign.com.br' into text field '//*[@id="q"]'.</msg>
<arg>${campoBusca}</arg>
<arg>joao.carlos@d4sign.com.br</arg>
<doc>Types the given ``text`` into the text field identified by ``locator``.</doc>
<status status="PASS" start="2025-09-21T13:56:17.899352" elapsed="0.034810"/>
</kw>
<kw name="Press Keys" owner="SeleniumLibrary">
<msg time="2025-09-21T13:56:17.934610" level="INFO">Sending key(s) ('ENTER',) to //*[@id="q"] element.</msg>
<msg time="2025-09-21T13:56:18.202713" level="INFO">Pressing special key ENTER to element.</msg>
<msg time="2025-09-21T13:56:18.202794" level="INFO">Releasing special key ENTER.</msg>
<arg>${campoBusca}</arg>
<arg>ENTER</arg>
<doc>Simulates the user pressing key(s) to an element or on the active browser.</doc>
<status status="PASS" start="2025-09-21T13:56:17.934347" elapsed="0.272692"/>
</kw>
<kw name="Wait Until Element Is Visible" owner="SeleniumLibrary">
<arg>${resultadoBusca}</arg>
<arg>10s</arg>
<doc>Waits until the element ``locator`` is visible.</doc>
<status status="PASS" start="2025-09-21T13:56:18.207240" elapsed="2.252905"/>
</kw>
<kw name="Click Element" owner="SeleniumLibrary">
<msg time="2025-09-21T13:56:20.460481" level="INFO">Clicking element '//*[@id="contratos"]/tbody/tr[7]/td[3]/a'.</msg>
<arg>${linkDocumento}</arg>
<doc>Click the element identified by ``locator``.</doc>
<status status="PASS" start="2025-09-21T13:56:20.460333" elapsed="0.046691"/>
</kw>
<kw name="Switch Window" owner="SeleniumLibrary">
<arg>NEW</arg>
<doc>Switches to browser window matching ``locator``.</doc>
<status status="PASS" start="2025-09-21T13:56:20.507216" elapsed="0.005102"/>
</kw>
<kw name="Wait Until Element Is Visible" owner="SeleniumLibrary">
<arg>${novaViewblob}</arg>
<arg>10s</arg>
<doc>Waits until the element ``locator`` is visible.</doc>
<status status="PASS" start="2025-09-21T13:56:20.512487" elapsed="2.577198"/>
</kw>
<kw name="Click Element" owner="SeleniumLibrary">
<msg time="2025-09-21T13:56:23.090010" level="INFO">Clicking element '//*[@id="btn-viewblob-completa"]'.</msg>
<arg>${btnViewblob}</arg>
<doc>Click the element identified by ``locator``.</doc>
<status status="PASS" start="2025-09-21T13:56:23.089861" elapsed="7.664004"/>
</kw>
<kw name="Wait Until Element Is Visible" owner="SeleniumLibrary">
<arg>${signatario}</arg>
<arg>10s</arg>
<doc>Waits until the element ``locator`` is visible.</doc>
<status status="PASS" start="2025-09-21T13:56:30.754133" elapsed="0.211998"/>
</kw>
<status status="PASS" start="2025-09-21T13:56:16.413149" elapsed="14.553163"/>
</test>
<status status="PASS" start="2025-09-21T13:56:07.274771" elapsed="23.691924"/>
</suite>
<suite id="s1-s2" name="02-Busca-Tags" source="H:\robot-D4S\Smoke Test - D4S\02-busca-tags.robot">
<test id="s1-s2-t1" name="Login" line="24">
<kw name="Open Browser" owner="SeleniumLibrary">
<msg time="2025-09-21T13:56:30.968973" level="INFO">Opening browser 'chrome' to base url 'https://secure.d4sign.com.br/'.</msg>
<arg>${URL}</arg>
<arg>chrome</arg>
<doc>Opens a new browser instance to the optional ``url``.</doc>
<status status="PASS" start="2025-09-21T13:56:30.968854" elapsed="2.112065"/>
</kw>
<kw name="Execute Javascript" owner="SeleniumLibrary">
<msg time="2025-09-21T13:56:33.081354" level="INFO">Executing JavaScript:
document.cookie = "contratoazul_language=pt"
Without any arguments.</msg>
<arg>${setcookie}</arg>
<doc>Executes the given JavaScript code with possible arguments.</doc>
<status status="PASS" start="2025-09-21T13:56:33.081093" elapsed="0.186856"/>
</kw>
<kw name="Wait Until Element Is Visible" owner="SeleniumLibrary">
<arg>${Email}</arg>
<arg>10s</arg>
<doc>Waits until the element ``locator`` is visible.</doc>
<status status="PASS" start="2025-09-21T13:56:33.268140" elapsed="1.677420"/>
</kw>
<kw name="Input Text" owner="SeleniumLibrary">
<msg time="2025-09-21T13:56:34.945919" level="INFO">Typing text 'automacao@d4sign.com.br' into text field 'id=Email'.</msg>
<arg>${Email}</arg>
<arg>${USERNAME}</arg>
<doc>Types the given ``text`` into the text field identified by ``locator``.</doc>
<status status="PASS" start="2025-09-21T13:56:34.945755" elapsed="0.053096"/>
</kw>
<kw name="Input Text" owner="SeleniumLibrary">
<msg time="2025-09-21T13:56:34.999310" level="INFO">Typing text 'd4sign123' into text field 'id=Passwd'.</msg>
<arg>${Passwd}</arg>
<arg>${PASSWORD}</arg>
<doc>Types the given ``text`` into the text field identified by ``locator``.</doc>
<status status="PASS" start="2025-09-21T13:56:34.999142" elapsed="0.086260"/>
</kw>
<kw name="Click Button" owner="SeleniumLibrary">
<msg time="2025-09-21T13:56:35.085786" level="INFO">Clicking button 'id=logar'.</msg>
<arg>${logar}</arg>
<doc>Clicks the button identified by ``locator``.</doc>
<status status="PASS" start="2025-09-21T13:56:35.085605" elapsed="0.079138"/>
</kw>
<kw name="Wait Until Element Is Visible" owner="SeleniumLibrary">
<arg>${logoD4S}</arg>
<arg>10s</arg>
<doc>Waits until the element ``locator`` is visible.</doc>
<status status="PASS" start="2025-09-21T13:56:35.164938" elapsed="3.710487"/>
</kw>
<kw name="Page Should Contain Image" owner="SeleniumLibrary">
<msg time="2025-09-21T13:56:38.880838" level="INFO">Current page contains image '//*[@id="page-wrapper"]/div[1]/nav/div/div/div[1]/a/img'.</msg>
<arg>${logoD4S}</arg>
<doc>Verifies image identified by ``locator`` is found from current page.</doc>
<status status="PASS" start="2025-09-21T13:56:38.875604" elapsed="0.005287"/>
</kw>
<status status="PASS" start="2025-09-21T13:56:30.968642" elapsed="7.912396"/>
</test>
<test id="s1-s2-t2" name="Busca de e-mail de signatário" line="36">
<kw name="Click Element" owner="SeleniumLibrary">
<msg time="2025-09-21T13:56:38.881839" level="INFO">Clicking element '//*[@id="page-wrapper"]/div[2]/div[2]/div[1]/div/div/div/small/a[1]'.</msg>
<arg>${buscaTags}</arg>
<doc>Click the element identified by ``locator``.</doc>
<status status="PASS" start="2025-09-21T13:56:38.881709" elapsed="0.037330"/>
</kw>
<kw name="Wait Until Element Is Visible" owner="SeleniumLibrary">
<arg>${campoBusca}</arg>
<arg>10s</arg>
<doc>Waits until the element ``locator`` is visible.</doc>
<status status="PASS" start="2025-09-21T13:56:38.919234" elapsed="0.618377"/>
</kw>
<kw name="Input Text" owner="SeleniumLibrary">
<msg time="2025-09-21T13:56:39.537934" level="INFO">Typing text 'urgente' into text field '//*[@id="form-cofre"]/div/ul/li/input'.</msg>
<arg>${campoBusca}</arg>
<arg>urgente</arg>
<doc>Types the given ``text`` into the text field identified by ``locator``.</doc>
<status status="PASS" start="2025-09-21T13:56:39.537786" elapsed="0.041166"/>
</kw>
<kw name="Press Keys" owner="SeleniumLibrary">
<msg time="2025-09-21T13:56:39.579405" level="INFO">Sending key(s) ('ENTER',) to //*[@id="form-cofre"]/div/ul/li/input element.</msg>
<msg time="2025-09-21T13:56:39.851342" level="INFO">Pressing special key ENTER to element.</msg>
<msg time="2025-09-21T13:56:39.851393" level="INFO">Releasing special key ENTER.</msg>
<arg>${campoBusca}</arg>
<arg>ENTER</arg>
<doc>Simulates the user pressing key(s) to an element or on the active browser.</doc>
<status status="PASS" start="2025-09-21T13:56:39.579158" elapsed="0.279962"/>
</kw>
<kw name="Sleep" owner="BuiltIn">
<msg time="2025-09-21T13:56:41.859519" level="INFO">Slept 2 seconds.</msg>
<arg>2s</arg>
<doc>Pauses the test executed for the given time.</doc>
<status status="PASS" start="2025-09-21T13:56:39.859309" elapsed="2.000288"/>
</kw>
<kw name="Click Element" owner="SeleniumLibrary">
<msg time="2025-09-21T13:56:41.859979" level="INFO">Clicking element '//*[@id="btnS"]'.</msg>
<arg>${btnBusca}</arg>
<doc>Click the element identified by ``locator``.</doc>
<status status="PASS" start="2025-09-21T13:56:41.859788" elapsed="1.685660"/>
</kw>
<kw name="Wait Until Element Is Visible" owner="SeleniumLibrary">
<arg>${resultadoBusca}</arg>
<arg>10s</arg>
<doc>Waits until the element ``locator`` is visible.</doc>
<status status="PASS" start="2025-09-21T13:56:43.545610" elapsed="0.018782"/>
</kw>
<kw name="Click Element" owner="SeleniumLibrary">
<msg time="2025-09-21T13:56:43.564686" level="INFO">Clicking element '//*[@id="contratos"]/tbody/tr[2]/td[3]/a'.</msg>
<arg>${linkDocumento}</arg>
<doc>Click the element identified by ``locator``.</doc>
<status status="PASS" start="2025-09-21T13:56:43.564548" elapsed="0.047371"/>
</kw>
<kw name="Switch Window" owner="SeleniumLibrary">
<arg>NEW</arg>
<doc>Switches to browser window matching ``locator``.</doc>
<status status="PASS" start="2025-09-21T13:56:43.612105" elapsed="0.008224"/>
</kw>
<kw name="Wait Until Element Is Visible" owner="SeleniumLibrary">
<arg>${viewblob}</arg>
<arg>10s</arg>
<doc>Waits until the element ``locator`` is visible.</doc>
<status status="PASS" start="2025-09-21T13:56:43.620511" elapsed="5.434392"/>
</kw>
<kw name="Click Element" owner="SeleniumLibrary">
<msg time="2025-09-21T13:56:49.055464" level="INFO">Clicking element '//*[@id="btnshowdiv-tags-bbe2f42c-76c6-457e-b984-a5ba4f97b7dc"]/a'.</msg>
<msg time="2025-09-21T13:56:50.164965" level="INFO" html="true">&lt;/td&gt;&lt;/tr&gt;&lt;tr&gt;&lt;td colspan="3"&gt;&lt;a href="selenium-screenshot-1.png"&gt;&lt;img src="selenium-screenshot-1.png" width="800px"&gt;&lt;/a&gt;</msg>
<msg time="2025-09-21T13:56:50.165090" level="FAIL">ElementClickInterceptedException: Message: element click intercepted: Element &lt;a href="javascript: tagsshow('div-tags-bbe2f42c-76c6-457e-b984-a5ba4f97b7dc');"&gt;...&lt;/a&gt; is not clickable at point (319, 332). Other element would receive the click: &lt;div id="viewblobdiv" class="col-lg-8 animated fadeInRight text-center" data-private=""&gt;...&lt;/div&gt;
  (Session info: chrome=140.0.7339.128); For documentation on this error, please visit: https://www.selenium.dev/documentation/webdriver/troubleshooting/errors#elementclickinterceptedexception
Stacktrace:
	GetHandleVerifier [0x0x7ff6d2c230f5+79493]
	GetHandleVerifier [0x0x7ff6d2c23150+79584]
	(No symbol) [0x0x7ff6d29a01ba]
	(No symbol) [0x0x7ff6d2a001f9]
	(No symbol) [0x0x7ff6d29fdb7e]
	(No symbol) [0x0x7ff6d29faac1]
	(No symbol) [0x0x7ff6d29f99b0]
	(No symbol) [0x0x7ff6d29eaf58]
	(No symbol) [0x0x7ff6d2a2070a]
	(No symbol) [0x0x7ff6d29ea7e6]
	(No symbol) [0x0x7ff6d2a20920]
	(No symbol) [0x0x7ff6d2a48b8b]
	(No symbol) [0x0x7ff6d2a204e3]
	(No symbol) [0x0x7ff6d29e8e92]
	(No symbol) [0x0x7ff6d29e9c63]
	GetHandleVerifier [0x0x7ff6d2ee0dbd+2954061]
	GetHandleVerifier [0x0x7ff6d2edb02a+2930106]
	GetHandleVerifier [0x0x7ff6d2efb357+3061991]
	GetHandleVerifier [0x0x7ff6d2c3d60e+187294]
	GetHandleVerifier [0x0x7ff6d2c4557f+219919]
	GetHandleVerifier [0x0x7ff6d2c2c294+116772]
	GetHandleVerifier [0x0x7ff6d2c2c449+117209]
	GetHandleVerifier [0x0x7ff6d2c12618+11176]
	BaseThreadInitThunk [0x0x7ffb6e16e8d7+23]
	RtlUserThreadStart [0x0x7ffb6fe48d9c+44]
</msg>
<arg>${tagViewblob}</arg>
<doc>Click the element identified by ``locator``.</doc>
<status status="FAIL" start="2025-09-21T13:56:49.055302" elapsed="1.119894">ElementClickInterceptedException: Message: element click intercepted: Element &lt;a href="javascript: tagsshow('div-tags-bbe2f42c-76c6-457e-b984-a5ba4f97b7dc');"&gt;...&lt;/a&gt; is not clickable at point (319, 332). Other element would receive the click: &lt;div id="viewblobdiv" class="col-lg-8 animated fadeInRight text-center" data-private=""&gt;...&lt;/div&gt;
  (Session info: chrome=140.0.7339.128); For documentation on this error, please visit: https://www.selenium.dev/documentation/webdriver/troubleshooting/errors#elementclickinterceptedexception
Stacktrace:
	GetHandleVerifier [0x0x7ff6d2c230f5+79493]
	GetHandleVerifier [0x0x7ff6d2c23150+79584]
	(No symbol) [0x0x7ff6d29a01ba]
	(No symbol) [0x0x7ff6d2a001f9]
	(No symbol) [0x0x7ff6d29fdb7e]
	(No symbol) [0x0x7ff6d29faac1]
	(No symbol) [0x0x7ff6d29f99b0]
	(No symbol) [0x0x7ff6d29eaf58]
	(No symbol) [0x0x7ff6d2a2070a]
	(No symbol) [0x0x7ff6d29ea7e6]
	(No symbol) [0x0x7ff6d2a20920]
	(No symbol) [0x0x7ff6d2a48b8b]
	(No symbol) [0x0x7ff6d2a204e3]
	(No symbol) [0x0x7ff6d29e8e92]
	(No symbol) [0x0x7ff6d29e9c63]
	GetHandleVerifier [0x0x7ff6d2ee0dbd+2954061]
	GetHandleVerifier [0x0x7ff6d2edb02a+2930106]
	GetHandleVerifier [0x0x7ff6d2efb357+3061991]
	GetHandleVerifier [0x0x7ff6d2c3d60e+187294]
	GetHandleVerifier [0x0x7ff6d2c4557f+219919]
	GetHandleVerifier [0x0x7ff6d2c2c294+116772]
	GetHandleVerifier [0x0x7ff6d2c2c449+117209]
	GetHandleVerifier [0x0x7ff6d2c12618+11176]
	BaseThreadInitThunk [0x0x7ffb6e16e8d7+23]
	RtlUserThreadStart [0x0x7ffb6fe48d9c+44]
</status>
</kw>
<kw name="Wait Until Element Is Visible" owner="SeleniumLibrary">
<arg>${urgenteTag}</arg>
<arg>10s</arg>
<doc>Waits until the element ``locator`` is visible.</doc>
<status status="NOT RUN" start="2025-09-21T13:56:50.175468" elapsed="0.000027"/>
</kw>
<status status="FAIL" start="2025-09-21T13:56:38.881275" elapsed="11.294421">ElementClickInterceptedException: Message: element click intercepted: Element &lt;a href="javascript: tagsshow('div-tags-bbe2f42c-76c6-457e-b984-a5ba4f97b7dc');"&gt;...&lt;/a&gt; is not clickable at point (319, 332). Other element would receive the click: &lt;div id="viewblobdiv" class="col-lg-8 animated fadeInRight text-center" data-private=""&gt;...&lt;/div&gt;
  (Session info: chrome=140.0.7339.128); For documentation on this error, please visit: https://www.selenium.dev/documentation/webdriver/troubleshooting/errors#elementclickinterceptedexception
Stacktrace:
	GetHandleVerifier [0x0x7ff6d2c230f5+79493]
	GetHandleVerifier [0x0x7ff6d2c23150+79584]
	(No symbol) [0x0x7ff6d29a01ba]
	(No symbol) [0x0x7ff6d2a001f9]
	(No symbol) [0x0x7ff6d29fdb7e]
	(No symbol) [0x0x7ff6d29faac1]
	(No symbol) [0x0x7ff6d29f99b0]
	(No symbol) [0x0x7ff6d29eaf58]
	(No symbol) [0x0x7ff6d2a2070a]
	(No symbol) [0x0x7ff6d29ea7e6]
	(No symbol) [0x0x7ff6d2a20920]
	(No symbol) [0x0x7ff6d2a48b8b]
	(No symbol) [0x0x7ff6d2a204e3]
	(No symbol) [0x0x7ff6d29e8e92]
	(No symbol) [0x0x7ff6d29e9c63]
	GetHandleVerifier [0x0x7ff6d2ee0dbd+2954061]
	GetHandleVerifier [0x0x7ff6d2edb02a+2930106]
	GetHandleVerifier [0x0x7ff6d2efb357+3061991]
	GetHandleVerifier [0x0x7ff6d2c3d60e+187294]
	GetHandleVerifier [0x0x7ff6d2c4557f+219919]
	GetHandleVerifier [0x0x7ff6d2c2c294+116772]
	GetHandleVerifier [0x0x7ff6d2c2c449+117209]
	GetHandleVerifier [0x0x7ff6d2c12618+11176]
	BaseThreadInitThunk [0x0x7ffb6e16e8d7+23]
	RtlUserThreadStart [0x0x7ffb6fe48d9c+44]
</status>
</test>
<status status="FAIL" start="2025-09-21T13:56:30.967321" elapsed="19.208881"/>
</suite>
<suite id="s1-s3" name="03-Listar-Fases" source="H:\robot-D4S\Smoke Test - D4S\03-listar-fases.robot">
<test id="s1-s3-t1" name="Login" line="25">
<kw name="Open Browser" owner="SeleniumLibrary">
<msg time="2025-09-21T13:56:50.178431" level="INFO">Opening browser 'chrome' to base url 'https://secure.d4sign.com.br/'.</msg>
<arg>${URL}</arg>
<arg>chrome</arg>
<doc>Opens a new browser instance to the optional ``url``.</doc>
<status status="PASS" start="2025-09-21T13:56:50.178327" elapsed="2.141582"/>
</kw>
<kw name="Execute Javascript" owner="SeleniumLibrary">
<msg time="2025-09-21T13:56:52.320380" level="INFO">Executing JavaScript:
document.cookie = "contratoazul_language=pt"
Without any arguments.</msg>
<arg>${setcookie}</arg>
<doc>Executes the given JavaScript code with possible arguments.</doc>
<status status="PASS" start="2025-09-21T13:56:52.320125" elapsed="0.191652"/>
</kw>
<kw name="Wait Until Element Is Visible" owner="SeleniumLibrary">
<arg>${Email}</arg>
<arg>10s</arg>
<doc>Waits until the element ``locator`` is visible.</doc>
<status status="PASS" start="2025-09-21T13:56:52.511982" elapsed="1.715036"/>
</kw>
<kw name="Input Text" owner="SeleniumLibrary">
<msg time="2025-09-21T13:56:54.227373" level="INFO">Typing text 'automacao@d4sign.com.br' into text field 'id=Email'.</msg>
<arg>${Email}</arg>
<arg>${USERNAME}</arg>
<doc>Types the given ``text`` into the text field identified by ``locator``.</doc>
<status status="PASS" start="2025-09-21T13:56:54.227211" elapsed="0.053057"/>
</kw>
<kw name="Input Text" owner="SeleniumLibrary">
<msg time="2025-09-21T13:56:54.280630" level="INFO">Typing text 'd4sign123' into text field 'id=Passwd'.</msg>
<arg>${Passwd}</arg>
<arg>${PASSWORD}</arg>
<doc>Types the given ``text`` into the text field identified by ``locator``.</doc>
<status status="PASS" start="2025-09-21T13:56:54.280463" elapsed="0.079915"/>
</kw>
<kw name="Click Button" owner="SeleniumLibrary">
<msg time="2025-09-21T13:56:54.360834" level="INFO">Clicking button 'id=logar'.</msg>
<arg>${logar}</arg>
<doc>Clicks the button identified by ``locator``.</doc>
<status status="PASS" start="2025-09-21T13:56:54.360616" elapsed="0.088427"/>
</kw>
<kw name="Wait Until Element Is Visible" owner="SeleniumLibrary">
<arg>${logoD4S}</arg>
<arg>10s</arg>
<doc>Waits until the element ``locator`` is visible.</doc>
<status status="PASS" start="2025-09-21T13:56:54.449244" elapsed="4.231950"/>
</kw>
<kw name="Page Should Contain Image" owner="SeleniumLibrary">
<msg time="2025-09-21T13:56:58.685953" level="INFO">Current page contains image '//*[@id="page-wrapper"]/div[1]/nav/div/div/div[1]/a/img'.</msg>
<arg>${logoD4S}</arg>
<doc>Verifies image identified by ``locator`` is found from current page.</doc>
<status status="PASS" start="2025-09-21T13:56:58.681376" elapsed="0.004630"/>
</kw>
<status status="PASS" start="2025-09-21T13:56:50.178161" elapsed="8.507971"/>
</test>
<test id="s1-s3-t2" name="Acessar o cofre e listar fases" line="35">
<kw name="Click Element" owner="SeleniumLibrary">
<msg time="2025-09-21T13:56:58.686637" level="INFO">Clicking element '//*[@id="liCofre_1414985"]/a'.</msg>
<arg>${cofre12}</arg>
<doc>Click the element identified by ``locator``.</doc>
<status status="PASS" start="2025-09-21T13:56:58.686522" elapsed="2.122308"/>
</kw>
<kw name="Wait Until Element Is Visible" owner="SeleniumLibrary">
<arg>${btnFase}</arg>
<doc>Waits until the element ``locator`` is visible.</doc>
<status status="PASS" start="2025-09-21T13:57:00.809003" elapsed="0.020992"/>
</kw>
<kw name="Click Element" owner="SeleniumLibrary">
<msg time="2025-09-21T13:57:00.830291" level="INFO">Clicking element '//*[@id="divBtnMoveFase"]/button'.</msg>
<arg>${btnFase}</arg>
<doc>Click the element identified by ``locator``.</doc>
<status status="PASS" start="2025-09-21T13:57:00.830155" elapsed="0.126561"/>
</kw>
<kw name="Click Element" owner="SeleniumLibrary">
<msg time="2025-09-21T13:57:00.957059" level="INFO">Clicking element '//*[@id="divBtnMoveFase"]/ul/li[3]/a'.</msg>
<arg>${fase1}</arg>
<doc>Click the element identified by ``locator``.</doc>
<status status="PASS" start="2025-09-21T13:57:00.956908" elapsed="2.310247"/>
</kw>
<kw name="Page Should Contain Element" owner="SeleniumLibrary">
<msg time="2025-09-21T13:57:03.292880" level="INFO">Current page contains element '//span[contains(normalize-space(text()), 'AGUARDANDO SIGNATÁRIOS')]'.</msg>
<arg>${signatarios}</arg>
<doc>Verifies that element ``locator`` is found on the current page.</doc>
<status status="PASS" start="2025-09-21T13:57:03.267340" elapsed="0.025612"/>
</kw>
<kw name="Click Element" owner="SeleniumLibrary">
<msg time="2025-09-21T13:57:03.293312" level="INFO">Clicking element '//*[@id="divBtnMoveFase"]/button'.</msg>
<arg>${btnFase}</arg>
<doc>Click the element identified by ``locator``.</doc>
<status status="PASS" start="2025-09-21T13:57:03.293152" elapsed="0.052186"/>
</kw>
<kw name="Click Element" owner="SeleniumLibrary">
<msg time="2025-09-21T13:57:03.345675" level="INFO">Clicking element '//*[@id="divBtnMoveFase"]/ul/li[4]/a'.</msg>
<arg>${fase2}</arg>
<doc>Click the element identified by ``locator``.</doc>
<status status="PASS" start="2025-09-21T13:57:03.345529" elapsed="1.800081"/>
</kw>
<kw name="Page Should Contain Element" owner="SeleniumLibrary">
<msg time="2025-09-21T13:57:05.181704" level="INFO">Current page contains element '//span[contains(normalize-space(text()), 'AGUARDANDO ASSINATURAS')]'.</msg>
<arg>${assinaturas}</arg>
<doc>Verifies that element ``locator`` is found on the current page.</doc>
<status status="PASS" start="2025-09-21T13:57:05.145796" elapsed="0.035970"/>
</kw>
<kw name="Click Element" owner="SeleniumLibrary">
<msg time="2025-09-21T13:57:05.182094" level="INFO">Clicking element '//*[@id="divBtnMoveFase"]/button'.</msg>
<arg>${btnFase}</arg>
<doc>Click the element identified by ``locator``.</doc>
<status status="PASS" start="2025-09-21T13:57:05.181946" elapsed="0.025715"/>
</kw>
<kw name="Click Element" owner="SeleniumLibrary">
<msg time="2025-09-21T13:57:05.208037" level="INFO">Clicking element '//*[@id="divBtnMoveFase"]/ul/li[5]/a'.</msg>
<arg>${fase3}</arg>
<doc>Click the element identified by ``locator``.</doc>
<status status="PASS" start="2025-09-21T13:57:05.207895" elapsed="1.801296"/>
</kw>
<kw name="Page Should Contain Element" owner="SeleniumLibrary">
<msg time="2025-09-21T13:57:07.019301" level="INFO">Current page contains element '//span[contains(normalize-space(text()), 'FINALIZADO')]'.</msg>
<arg>${finalizado}</arg>
<doc>Verifies that element ``locator`` is found on the current page.</doc>
<status status="PASS" start="2025-09-21T13:57:07.009382" elapsed="0.009978"/>
</kw>
<kw name="Click Element" owner="SeleniumLibrary">
<msg time="2025-09-21T13:57:07.019645" level="INFO">Clicking element '//*[@id="page-wrapper"]/div[2]/div[1]/div[1]/a'.</msg>
<arg>${btnInicio}</arg>
<doc>Click the element identified by ``locator``.</doc>
<status status="PASS" start="2025-09-21T13:57:07.019512" elapsed="1.223349"/>
</kw>
<status status="PASS" start="2025-09-21T13:56:58.686338" elapsed="9.556703"/>
</test>
<status status="PASS" start="2025-09-21T13:56:50.176626" elapsed="18.066668"/>
</suite>
<suite id="s1-s4" name="04-Criar-Cofre" source="H:\robot-D4S\Smoke Test - D4S\04-criar-cofre.robot">
<test id="s1-s4-t1" name="Login" line="19">
<kw name="Open Browser" owner="SeleniumLibrary">
<msg time="2025-09-21T13:57:08.577815" level="INFO">Opening browser 'chrome' to base url 'https://secure.d4sign.com.br/'.</msg>
<arg>${URL}</arg>
<arg>chrome</arg>
<doc>Opens a new browser instance to the optional ``url``.</doc>
<status status="PASS" start="2025-09-21T13:57:08.577683" elapsed="2.130046"/>
</kw>
<kw name="Execute Javascript" owner="SeleniumLibrary">
<msg time="2025-09-21T13:57:10.708182" level="INFO">Executing JavaScript:
document.cookie = "contratoazul_language=pt"
Without any arguments.</msg>
<arg>${setcookie}</arg>
<doc>Executes the given JavaScript code with possible arguments.</doc>
<status status="PASS" start="2025-09-21T13:57:10.707940" elapsed="0.172794"/>
</kw>
<kw name="Wait Until Element Is Visible" owner="SeleniumLibrary">
<arg>${Email}</arg>
<arg>10s</arg>
<doc>Waits until the element ``locator`` is visible.</doc>
<status status="PASS" start="2025-09-21T13:57:10.880922" elapsed="1.846580"/>
</kw>
<kw name="Input Text" owner="SeleniumLibrary">
<msg time="2025-09-21T13:57:12.727884" level="INFO">Typing text 'automacao@d4sign.com.br' into text field 'id=Email'.</msg>
<arg>${Email}</arg>
<arg>${USERNAME}</arg>
<doc>Types the given ``text`` into the text field identified by ``locator``.</doc>
<status status="PASS" start="2025-09-21T13:57:12.727709" elapsed="0.082811"/>
</kw>
<kw name="Input Text" owner="SeleniumLibrary">
<msg time="2025-09-21T13:57:12.810911" level="INFO">Typing text 'd4sign123' into text field 'id=Passwd'.</msg>
<arg>${Passwd}</arg>
<arg>${PASSWORD}</arg>
<doc>Types the given ``text`` into the text field identified by ``locator``.</doc>
<status status="PASS" start="2025-09-21T13:57:12.810753" elapsed="0.067337"/>
</kw>
<kw name="Click Button" owner="SeleniumLibrary">
<msg time="2025-09-21T13:57:12.878614" level="INFO">Clicking button 'id=logar'.</msg>
<arg>${logar}</arg>
<doc>Clicks the button identified by ``locator``.</doc>
<status status="PASS" start="2025-09-21T13:57:12.878361" elapsed="0.063280"/>
</kw>
<kw name="Wait Until Element Is Visible" owner="SeleniumLibrary">
<arg>${logoD4S}</arg>
<arg>10s</arg>
<doc>Waits until the element ``locator`` is visible.</doc>
<status status="PASS" start="2025-09-21T13:57:12.941922" elapsed="4.151039"/>
</kw>
<kw name="Page Should Contain Image" owner="SeleniumLibrary">
<msg time="2025-09-21T13:57:17.097676" level="INFO">Current page contains image '//*[@id="page-wrapper"]/div[1]/nav/div/div/div[1]/a/img'.</msg>
<arg>${logoD4S}</arg>
<doc>Verifies image identified by ``locator`` is found from current page.</doc>
<status status="PASS" start="2025-09-21T13:57:17.093138" elapsed="0.004592"/>
</kw>
<status status="PASS" start="2025-09-21T13:57:08.577293" elapsed="8.520559"/>
</test>
<test id="s1-s4-t2" name="Criar Cofre" line="29">
<kw name="Wait Until Element Is Visible" owner="SeleniumLibrary">
<arg>${CreateNewVault}</arg>
<arg>10s</arg>
<doc>Waits until the element ``locator`` is visible.</doc>
<status status="PASS" start="2025-09-21T13:57:17.098259" elapsed="0.007905"/>
</kw>
<kw name="Click Element" owner="SeleniumLibrary">
<msg time="2025-09-21T13:57:17.106462" level="INFO">Clicking element '//*[@id="div-menu-desk"]/span[1]/a'.</msg>
<arg>${CreateNewVault}</arg>
<doc>Click the element identified by ``locator``.</doc>
<status status="PASS" start="2025-09-21T13:57:17.106328" elapsed="0.033815"/>
</kw>
<kw name="Wait Until Element Is Visible" owner="SeleniumLibrary">
<arg>${nomecofre}</arg>
<arg>20s</arg>
<doc>Waits until the element ``locator`` is visible.</doc>
<status status="PASS" start="2025-09-21T13:57:17.140328" elapsed="0.617392"/>
</kw>
<kw name="Company" owner="FakerLibrary">
<msg time="2025-09-21T13:57:17.758195" level="INFO">${palavragerada} = Berry-Moses</msg>
<var>${palavragerada}</var>
<doc>:example: 'Acme Ltd'</doc>
<status status="PASS" start="2025-09-21T13:57:17.757906" elapsed="0.000309"/>
</kw>
<kw name="Input Text" owner="SeleniumLibrary">
<msg time="2025-09-21T13:57:17.758485" level="INFO">Typing text 'Berry-Moses' into text field 'id=nomeCofre'.</msg>
<arg>${nomecofre}</arg>
<arg>${palavragerada}</arg>
<doc>Types the given ``text`` into the text field identified by ``locator``.</doc>
<status status="PASS" start="2025-09-21T13:57:17.758343" elapsed="0.034631"/>
</kw>
<kw name="Click Button" owner="SeleniumLibrary">
<msg time="2025-09-21T13:57:17.793308" level="INFO">Clicking button 'id=btnSalvarCofre'.</msg>
<arg>${btnSalvarCofre}</arg>
<doc>Clicks the button identified by ``locator``.</doc>
<status status="PASS" start="2025-09-21T13:57:17.793159" elapsed="0.031878"/>
</kw>
<status status="PASS" start="2025-09-21T13:57:17.098071" elapsed="0.727147"/>
</test>
<status status="PASS" start="2025-09-21T13:57:08.243596" elapsed="9.581897"/>
</suite>
<suite id="s1-s5" name="05-Envio-Desk" source="H:\robot-D4S\Smoke Test - D4S\05-envio-desk.robot">
<test id="s1-s5-t1" name="Login" line="22">
<kw name="Open Browser" owner="SeleniumLibrary">
<msg time="2025-09-21T13:57:17.834497" level="INFO">Opening browser 'chrome' to base url 'https://secure.d4sign.com.br/'.</msg>
<arg>${URL}</arg>
<arg>chrome</arg>
<doc>Opens a new browser instance to the optional ``url``.</doc>
<status status="PASS" start="2025-09-21T13:57:17.834372" elapsed="2.133654"/>
</kw>
<kw name="Execute Javascript" owner="SeleniumLibrary">
<msg time="2025-09-21T13:57:19.968615" level="INFO">Executing JavaScript:
document.cookie = "contratoazul_language=pt"
Without any arguments.</msg>
<arg>${setcookie}</arg>
<doc>Executes the given JavaScript code with possible arguments.</doc>
<status status="PASS" start="2025-09-21T13:57:19.968300" elapsed="0.238784"/>
</kw>
<kw name="Wait Until Element Is Visible" owner="SeleniumLibrary">
<arg>${Email}</arg>
<arg>10s</arg>
<doc>Waits until the element ``locator`` is visible.</doc>
<status status="PASS" start="2025-09-21T13:57:20.207274" elapsed="1.863361"/>
</kw>
<kw name="Input Text" owner="SeleniumLibrary">
<msg time="2025-09-21T13:57:22.071021" level="INFO">Typing text 'automacao@d4sign.com.br' into text field 'id=Email'.</msg>
<arg>${Email}</arg>
<arg>${USERNAME}</arg>
<doc>Types the given ``text`` into the text field identified by ``locator``.</doc>
<status status="PASS" start="2025-09-21T13:57:22.070864" elapsed="0.068706"/>
</kw>
<kw name="Input Text" owner="SeleniumLibrary">
<msg time="2025-09-21T13:57:22.139912" level="INFO">Typing text 'd4sign123' into text field 'id=Passwd'.</msg>
<arg>${Passwd}</arg>
<arg>${PASSWORD}</arg>
<doc>Types the given ``text`` into the text field identified by ``locator``.</doc>
<status status="PASS" start="2025-09-21T13:57:22.139738" elapsed="0.091347"/>
</kw>
<kw name="Click Button" owner="SeleniumLibrary">
<msg time="2025-09-21T13:57:22.231417" level="INFO">Clicking button 'id=logar'.</msg>
<arg>${logar}</arg>
<doc>Clicks the button identified by ``locator``.</doc>
<status status="PASS" start="2025-09-21T13:57:22.231273" elapsed="0.065213"/>
</kw>
<kw name="Wait Until Element Is Visible" owner="SeleniumLibrary">
<arg>${logoD4S}</arg>
<arg>60s</arg>
<doc>Waits until the element ``locator`` is visible.</doc>
<status status="PASS" start="2025-09-21T13:57:22.296790" elapsed="4.668943"/>
</kw>
<kw name="Page Should Contain Image" owner="SeleniumLibrary">
<msg time="2025-09-21T13:57:26.970538" level="INFO">Current page contains image '//*[@id="page-wrapper"]/div[1]/nav/div/div/div[1]/a/img'.</msg>
<arg>${logoD4S}</arg>
<doc>Verifies image identified by ``locator`` is found from current page.</doc>
<status status="PASS" start="2025-09-21T13:57:26.965989" elapsed="0.004594"/>
</kw>
<status status="PASS" start="2025-09-21T13:57:17.834142" elapsed="9.136554"/>
</test>
<test id="s1-s5-t2" name="Envio" line="32">
<kw name="Click Element" owner="SeleniumLibrary">
<msg time="2025-09-21T13:57:26.971388" level="INFO">Clicking element '//*[@id="drop-zone"]/a/p[2]'.</msg>
<arg>${botaoEnvio}</arg>
<doc>Click the element identified by ``locator``.</doc>
<status status="PASS" start="2025-09-21T13:57:26.971268" elapsed="0.047335"/>
</kw>
<kw name="Wait Until Element Is Visible" owner="SeleniumLibrary">
<arg>${selectCofre}</arg>
<arg>60s</arg>
<doc>Waits until the element ``locator`` is visible.</doc>
<status status="PASS" start="2025-09-21T13:57:27.018776" elapsed="0.618707"/>
</kw>
<kw name="Click Element" owner="SeleniumLibrary">
<msg time="2025-09-21T13:57:27.637855" level="INFO">Clicking element 'name=uuid-cofre'.</msg>
<arg>${selectCofre}</arg>
<doc>Click the element identified by ``locator``.</doc>
<status status="PASS" start="2025-09-21T13:57:27.637707" elapsed="0.073335"/>
</kw>
<kw name="Click Element" owner="SeleniumLibrary">
<msg time="2025-09-21T13:57:27.711390" level="INFO">Clicking element '//*[@id="formUpload"]/select/option[157]'.</msg>
<arg>${selecionarCofre}</arg>
<doc>Click the element identified by ``locator``.</doc>
<status status="PASS" start="2025-09-21T13:57:27.711235" elapsed="0.178687"/>
</kw>
<kw name="Sleep" owner="BuiltIn">
<msg time="2025-09-21T13:57:29.890515" level="INFO">Slept 2 seconds.</msg>
<arg>2s</arg>
<doc>Pauses the test executed for the given time.</doc>
<status status="PASS" start="2025-09-21T13:57:27.890182" elapsed="2.000427"/>
</kw>
<kw name="Normalize Path" owner="OperatingSystem">
<msg time="2025-09-21T13:57:29.890970" level="INFO">${ABSOLUTE_PATH} = H:\robot-D4S\files\doc-testes.pdf</msg>
<var>${ABSOLUTE_PATH}</var>
<arg>${RELATIVE_PATH}</arg>
<doc>Normalizes the given path.</doc>
<status status="PASS" start="2025-09-21T13:57:29.890819" elapsed="0.000168"/>
</kw>
<kw name="Choose File" owner="SeleniumLibrary">
<msg time="2025-09-21T13:57:29.891252" level="INFO">Sending H:\robot-D4S\files\doc-testes.pdf to browser.</msg>
<arg>${fileupload}</arg>
<arg>${ABSOLUTE_PATH}</arg>
<doc>Inputs the ``file_path`` into the file input field ``locator``.</doc>
<status status="PASS" start="2025-09-21T13:57:29.891113" elapsed="0.022279"/>
</kw>
<kw name="Wait Until Element Is Visible" owner="SeleniumLibrary">
<arg>${Aguardandoenvio}</arg>
<arg>120s</arg>
<doc>Waits until the element ``locator`` is visible.</doc>
<status status="PASS" start="2025-09-21T13:57:29.913557" elapsed="8.048279"/>
</kw>
<kw name="Page Should Contain Element" owner="SeleniumLibrary">
<msg time="2025-09-21T13:57:37.964910" level="INFO">Current page contains element '//*[@id="page-wrapper"]/div[2]/div/div[1]/div/div/div/span[1]'.</msg>
<arg>${Aguardandoenvio}</arg>
<doc>Verifies that element ``locator`` is found on the current page.</doc>
<status status="PASS" start="2025-09-21T13:57:37.962018" elapsed="0.002942"/>
</kw>
<status status="PASS" start="2025-09-21T13:57:26.970959" elapsed="10.994157"/>
</test>
<status status="PASS" start="2025-09-21T13:57:17.825790" elapsed="20.139525"/>
</suite>
<suite id="s1-s6" name="06-Envio-Cofre" source="H:\robot-D4S\Smoke Test - D4S\06-envio-cofre.robot">
<test id="s1-s6-t1" name="Login" line="25">
<kw name="Open Browser" owner="SeleniumLibrary">
<msg time="2025-09-21T13:57:37.967476" level="INFO">Opening browser 'chrome' to base url 'https://secure.d4sign.com.br/'.</msg>
<arg>${URL}</arg>
<arg>chrome</arg>
<doc>Opens a new browser instance to the optional ``url``.</doc>
<status status="PASS" start="2025-09-21T13:57:37.967360" elapsed="2.102623"/>
</kw>
<kw name="Execute Javascript" owner="SeleniumLibrary">
<msg time="2025-09-21T13:57:40.070440" level="INFO">Executing JavaScript:
document.cookie = "contratoazul_language=pt"
Without any arguments.</msg>
<arg>${setcookie}</arg>
<doc>Executes the given JavaScript code with possible arguments.</doc>
<status status="PASS" start="2025-09-21T13:57:40.070188" elapsed="0.192273"/>
</kw>
<kw name="Wait Until Element Is Visible" owner="SeleniumLibrary">
<arg>${Email}</arg>
<arg>10s</arg>
<doc>Waits until the element ``locator`` is visible.</doc>
<status status="PASS" start="2025-09-21T13:57:40.262640" elapsed="2.060401"/>
</kw>
<kw name="Input Text" owner="SeleniumLibrary">
<msg time="2025-09-21T13:57:42.323399" level="INFO">Typing text 'automacao@d4sign.com.br' into text field 'id=Email'.</msg>
<arg>${Email}</arg>
<arg>${USERNAME}</arg>
<doc>Types the given ``text`` into the text field identified by ``locator``.</doc>
<status status="PASS" start="2025-09-21T13:57:42.323234" elapsed="0.046960"/>
</kw>
<kw name="Input Text" owner="SeleniumLibrary">
<msg time="2025-09-21T13:57:42.370559" level="INFO">Typing text 'd4sign123' into text field 'id=Passwd'.</msg>
<arg>${Passwd}</arg>
<arg>${PASSWORD}</arg>
<doc>Types the given ``text`` into the text field identified by ``locator``.</doc>
<status status="PASS" start="2025-09-21T13:57:42.370398" elapsed="0.076709"/>
</kw>
<kw name="Click Button" owner="SeleniumLibrary">
<msg time="2025-09-21T13:57:42.447447" level="INFO">Clicking button '//*[@id="logar"]'.</msg>
<arg>${logar}</arg>
<doc>Clicks the button identified by ``locator``.</doc>
<status status="PASS" start="2025-09-21T13:57:42.447304" elapsed="4.544775"/>
</kw>
<kw name="Wait Until Element Is Visible" owner="SeleniumLibrary">
<arg>${logoD4S}</arg>
<arg>60s</arg>
<doc>Waits until the element ``locator`` is visible.</doc>
<status status="PASS" start="2025-09-21T13:57:46.992248" elapsed="0.029938"/>
</kw>
<kw name="Page Should Contain Image" owner="SeleniumLibrary">
<msg time="2025-09-21T13:57:47.039793" level="INFO">Current page contains image '//*[@id="page-wrapper"]/div[1]/nav/div/div/div[1]/a/img'.</msg>
<arg>${logoD4S}</arg>
<doc>Verifies image identified by ``locator`` is found from current page.</doc>
<status status="PASS" start="2025-09-21T13:57:47.022366" elapsed="0.017488"/>
</kw>
<status status="PASS" start="2025-09-21T13:57:37.967143" elapsed="9.072864"/>
</test>
<test id="s1-s6-t2" name="Envio" line="35">
<kw name="Click Element" owner="SeleniumLibrary">
<msg time="2025-09-21T13:57:47.040537" level="INFO">Clicking element '//*[@id="liCofre_1414985"]/a'.</msg>
<arg>${cofre}</arg>
<doc>Click the element identified by ``locator``.</doc>
<status status="PASS" start="2025-09-21T13:57:47.040411" elapsed="2.899853"/>
</kw>
<kw name="Wait Until Element Is Visible" owner="SeleniumLibrary">
<arg>${novoArquivo}</arg>
<arg>20s</arg>
<doc>Waits until the element ``locator`` is visible.</doc>
<status status="PASS" start="2025-09-21T13:57:49.940559" elapsed="0.014147"/>
</kw>
<kw name="Click Element" owner="SeleniumLibrary">
<msg time="2025-09-21T13:57:49.955181" level="INFO">Clicking element 'id=label-new-file'.</msg>
<arg>${novoArquivo}</arg>
<doc>Click the element identified by ``locator``.</doc>
<status status="PASS" start="2025-09-21T13:57:49.954971" elapsed="0.066260"/>
</kw>
<kw name="Click Element" owner="SeleniumLibrary">
<msg time="2025-09-21T13:57:50.021576" level="INFO">Clicking element '//*[@id="page-wrapper"]/div[2]/div[2]/div[2]/div/div[1]/div[2]/ul/li[1]/a'.</msg>
<arg>${newfile}</arg>
<doc>Click the element identified by ``locator``.</doc>
<status status="PASS" start="2025-09-21T13:57:50.021426" elapsed="0.089680"/>
</kw>
<kw name="Sleep" owner="BuiltIn">
<msg time="2025-09-21T13:57:52.111674" level="INFO">Slept 2 seconds.</msg>
<arg>2s</arg>
<doc>Pauses the test executed for the given time.</doc>
<status status="PASS" start="2025-09-21T13:57:50.111355" elapsed="2.000395"/>
</kw>
<kw name="Normalize Path" owner="OperatingSystem">
<msg time="2025-09-21T13:57:52.112206" level="INFO">${ABSOLUTE_PATH} = H:\robot-D4S\files\doc-testes.pdf</msg>
<var>${ABSOLUTE_PATH}</var>
<arg>${RELATIVE_PATH}</arg>
<doc>Normalizes the given path.</doc>
<status status="PASS" start="2025-09-21T13:57:52.111991" elapsed="0.000242"/>
</kw>
<kw name="Choose File" owner="SeleniumLibrary">
<msg time="2025-09-21T13:57:52.112506" level="INFO">Sending H:\robot-D4S\files\doc-testes.pdf to browser.</msg>
<arg>${fileupload}</arg>
<arg>${ABSOLUTE_PATH}</arg>
<doc>Inputs the ``file_path`` into the file input field ``locator``.</doc>
<status status="PASS" start="2025-09-21T13:57:52.112366" elapsed="0.037400"/>
</kw>
<kw name="Wait Until Element Is Visible" owner="SeleniumLibrary">
<arg>${Aguardandoenvio}</arg>
<arg>60s</arg>
<doc>Waits until the element ``locator`` is visible.</doc>
<status status="PASS" start="2025-09-21T13:57:52.150048" elapsed="12.399072"/>
</kw>
<kw name="Page Should Contain Element" owner="SeleniumLibrary">
<msg time="2025-09-21T13:58:04.552521" level="INFO">Current page contains element '//*[@id="page-wrapper"]/div[2]/div/div[1]/div/div/div/span[1]'.</msg>
<arg>${Aguardandoenvio}</arg>
<doc>Verifies that element ``locator`` is found on the current page.</doc>
<status status="PASS" start="2025-09-21T13:58:04.549320" elapsed="0.003253"/>
</kw>
<status status="PASS" start="2025-09-21T13:57:47.040225" elapsed="17.512508"/>
</test>
<status status="PASS" start="2025-09-21T13:57:37.965580" elapsed="26.587409"/>
</suite>
<suite id="s1-s7" name="07-Envio-Assinatura" source="H:\robot-D4S\Smoke Test - D4S\07-envio-assinatura.robot">
<test id="s1-s7-t1" name="Login" line="31">
<kw name="Open Browser" owner="SeleniumLibrary">
<msg time="2025-09-21T13:58:04.555359" level="INFO">Opening browser 'chrome' to base url 'https://secure.d4sign.com.br/'.</msg>
<arg>${URL}</arg>
<arg>chrome</arg>
<doc>Opens a new browser instance to the optional ``url``.</doc>
<status status="PASS" start="2025-09-21T13:58:04.555234" elapsed="2.119811"/>
</kw>
<kw name="Execute Javascript" owner="SeleniumLibrary">
<msg time="2025-09-21T13:58:06.675484" level="INFO">Executing JavaScript:
document.cookie = "contratoazul_language=pt"
Without any arguments.</msg>
<arg>${setcookie}</arg>
<doc>Executes the given JavaScript code with possible arguments.</doc>
<status status="PASS" start="2025-09-21T13:58:06.675235" elapsed="0.194542"/>
</kw>
<kw name="Wait Until Element Is Visible" owner="SeleniumLibrary">
<arg>${Email}</arg>
<arg>10s</arg>
<doc>Waits until the element ``locator`` is visible.</doc>
<status status="PASS" start="2025-09-21T13:58:06.869964" elapsed="1.915441"/>
</kw>
<kw name="Input Text" owner="SeleniumLibrary">
<msg time="2025-09-21T13:58:08.785765" level="INFO">Typing text 'automacao@d4sign.com.br' into text field 'id=Email'.</msg>
<arg>${Email}</arg>
<arg>${USERNAME}</arg>
<doc>Types the given ``text`` into the text field identified by ``locator``.</doc>
<status status="PASS" start="2025-09-21T13:58:08.785596" elapsed="0.048553"/>
</kw>
<kw name="Input Text" owner="SeleniumLibrary">
<msg time="2025-09-21T13:58:08.834602" level="INFO">Typing text 'd4sign123' into text field 'id=Passwd'.</msg>
<arg>${Passwd}</arg>
<arg>${PASSWORD}</arg>
<doc>Types the given ``text`` into the text field identified by ``locator``.</doc>
<status status="PASS" start="2025-09-21T13:58:08.834407" elapsed="0.035403"/>
</kw>
<kw name="Click Button" owner="SeleniumLibrary">
<msg time="2025-09-21T13:58:08.870141" level="INFO">Clicking button 'id=logar'.</msg>
<arg>${logar}</arg>
<doc>Clicks the button identified by ``locator``.</doc>
<status status="PASS" start="2025-09-21T13:58:08.869996" elapsed="0.046432"/>
</kw>
<kw name="Wait Until Element Is Visible" owner="SeleniumLibrary">
<arg>${logoD4S}</arg>
<arg>10s</arg>
<doc>Waits until the element ``locator`` is visible.</doc>
<status status="PASS" start="2025-09-21T13:58:08.916602" elapsed="5.064361"/>
</kw>
<kw name="Page Should Contain Image" owner="SeleniumLibrary">
<msg time="2025-09-21T13:58:13.986543" level="INFO">Current page contains image '//*[@id="page-wrapper"]/div[1]/nav/div/div/div[1]/a/img'.</msg>
<arg>${logoD4S}</arg>
<doc>Verifies image identified by ``locator`` is found from current page.</doc>
<status status="PASS" start="2025-09-21T13:58:13.981133" elapsed="0.005468"/>
</kw>
<status status="PASS" start="2025-09-21T13:58:04.554929" elapsed="9.431861"/>
</test>
<test id="s1-s7-t2" name="Envio" line="41">
<kw name="Click Element" owner="SeleniumLibrary">
<msg time="2025-09-21T13:58:13.987362" level="INFO">Clicking element '//*[@id="drop-zone"]/a/p[2]'.</msg>
<arg>${botaoEnvio}</arg>
<doc>Click the element identified by ``locator``.</doc>
<status status="PASS" start="2025-09-21T13:58:13.987237" elapsed="0.040502"/>
</kw>
<kw name="Wait Until Element Is Visible" owner="SeleniumLibrary">
<arg>${selectCofre}</arg>
<arg>20s</arg>
<doc>Waits until the element ``locator`` is visible.</doc>
<status status="PASS" start="2025-09-21T13:58:14.028085" elapsed="0.620445"/>
</kw>
<kw name="Click Element" owner="SeleniumLibrary">
<msg time="2025-09-21T13:58:14.648862" level="INFO">Clicking element 'name=uuid-cofre'.</msg>
<arg>${selectCofre}</arg>
<doc>Click the element identified by ``locator``.</doc>
<status status="PASS" start="2025-09-21T13:58:14.648718" elapsed="0.152684"/>
</kw>
<kw name="Click Element" owner="SeleniumLibrary">
<msg time="2025-09-21T13:58:14.801741" level="INFO">Clicking element '//*[@id="formUpload"]/select/option[157]'.</msg>
<arg>${selecionarCofre}</arg>
<doc>Click the element identified by ``locator``.</doc>
<status status="PASS" start="2025-09-21T13:58:14.801594" elapsed="0.083731"/>
</kw>
<kw name="Sleep" owner="BuiltIn">
<msg time="2025-09-21T13:58:16.885795" level="INFO">Slept 2 seconds.</msg>
<arg>2s</arg>
<doc>Pauses the test executed for the given time.</doc>
<status status="PASS" start="2025-09-21T13:58:14.885512" elapsed="2.000359"/>
</kw>
<kw name="Normalize Path" owner="OperatingSystem">
<msg time="2025-09-21T13:58:16.886197" level="INFO">${ABSOLUTE_PATH} = H:\robot-D4S\files\doc-testes.pdf</msg>
<var>${ABSOLUTE_PATH}</var>
<arg>${RELATIVE_PATH}</arg>
<doc>Normalizes the given path.</doc>
<status status="PASS" start="2025-09-21T13:58:16.886059" elapsed="0.000155"/>
</kw>
<kw name="Choose File" owner="SeleniumLibrary">
<msg time="2025-09-21T13:58:16.886433" level="INFO">Sending H:\robot-D4S\files\doc-testes.pdf to browser.</msg>
<arg>${fileupload}</arg>
<arg>${ABSOLUTE_PATH}</arg>
<doc>Inputs the ``file_path`` into the file input field ``locator``.</doc>
<status status="PASS" start="2025-09-21T13:58:16.886313" elapsed="0.022322"/>
</kw>
<kw name="Wait Until Element Is Visible" owner="SeleniumLibrary">
<arg>${Aguardandoenvio}</arg>
<arg>20s</arg>
<doc>Waits until the element ``locator`` is visible.</doc>
<status status="PASS" start="2025-09-21T13:58:16.908800" elapsed="9.901581"/>
</kw>
<kw name="Page Should Contain Element" owner="SeleniumLibrary">
<msg time="2025-09-21T13:58:26.813280" level="INFO">Current page contains element '//*[@id="page-wrapper"]/div[2]/div/div[1]/div/div/div/span[1]'.</msg>
<arg>${Aguardandoenvio}</arg>
<doc>Verifies that element ``locator`` is found on the current page.</doc>
<status status="PASS" start="2025-09-21T13:58:26.810550" elapsed="0.002780"/>
</kw>
<status status="PASS" start="2025-09-21T13:58:13.987042" elapsed="12.826436"/>
</test>
<test id="s1-s7-t3" name="Assinatura" line="54">
<kw name="Click Element" owner="SeleniumLibrary">
<msg time="2025-09-21T13:58:26.813946" level="INFO">Clicking element '//*[@id="page-wrapper"]/div[2]/div/div[1]/div/div/div/div[4]/div/div[2]/div[1]/span[1]/a'.</msg>
<arg>${incluirEmail}</arg>
<doc>Click the element identified by ``locator``.</doc>
<status status="PASS" start="2025-09-21T13:58:26.813832" elapsed="0.035458"/>
</kw>
<kw name="Wait Until Element Is Enabled" owner="SeleniumLibrary">
<arg>${botaoAssinatura}</arg>
<arg>20s</arg>
<doc>Waits until the element ``locator`` is enabled.</doc>
<status status="PASS" start="2025-09-21T13:58:26.849481" elapsed="0.222672"/>
</kw>
<kw name="Click Element" owner="SeleniumLibrary">
<msg time="2025-09-21T13:58:27.072477" level="INFO">Clicking element '//*[@id="enviar-para-assinatura"]'.</msg>
<arg>${botaoAssinatura}</arg>
<doc>Click the element identified by ``locator``.</doc>
<status status="PASS" start="2025-09-21T13:58:27.072332" elapsed="0.024719"/>
</kw>
<kw name="Wait Until Element Is Visible" owner="SeleniumLibrary">
<arg>${botaoEnvio2}</arg>
<arg>20s</arg>
<doc>Waits until the element ``locator`` is visible.</doc>
<status status="PASS" start="2025-09-21T13:58:27.097239" elapsed="5.922768"/>
</kw>
<kw name="Click Element" owner="SeleniumLibrary">
<msg time="2025-09-21T13:58:33.020425" level="INFO">Clicking element '//*[@id="btnSalvarDocumento"]'.</msg>
<arg>${botaoEnvio2}</arg>
<doc>Click the element identified by ``locator``.</doc>
<status status="PASS" start="2025-09-21T13:58:33.020231" elapsed="0.029934"/>
</kw>
<kw name="Wait Until Page Contains Element" owner="SeleniumLibrary">
<arg>${faseEnviado}</arg>
<arg>10s</arg>
<doc>Waits until the element ``locator`` appears on the current page.</doc>
<status status="PASS" start="2025-09-21T13:58:33.050359" elapsed="7.174984"/>
</kw>
<kw name="Click Element" owner="SeleniumLibrary">
<msg time="2025-09-21T13:58:40.225764" level="INFO">Clicking element '//*[@id="adicionar-assinatura"]'.</msg>
<arg>${assinar}</arg>
<doc>Click the element identified by ``locator``.</doc>
<status status="PASS" start="2025-09-21T13:58:40.225535" elapsed="0.031671"/>
</kw>
<kw name="Wait Until Element Is Visible" owner="SeleniumLibrary">
<arg>${senhaConta}</arg>
<arg>20s</arg>
<doc>Waits until the element ``locator`` is visible.</doc>
<status status="PASS" start="2025-09-21T13:58:40.257406" elapsed="1.231690"/>
</kw>
<kw name="Input Password" owner="SeleniumLibrary">
<msg time="2025-09-21T13:58:41.489453" level="INFO">Typing password into text field 'id=senhaConta'.</msg>
<msg time="2025-09-21T13:58:41.502991" level="INFO">Temporally setting log level to: NONE</msg>
<arg>${senhaConta}</arg>
<arg>${PASSWORD}</arg>
<doc>Types the given password into the text field identified by ``locator``.</doc>
<status status="PASS" start="2025-09-21T13:58:41.489290" elapsed="0.029077"/>
</kw>
<kw name="Click Element" owner="SeleniumLibrary">
<msg time="2025-09-21T13:58:41.518729" level="INFO">Clicking element '//*[@id="btnSalvarAssinatura"]'.</msg>
<arg>${salvarAssinatura}</arg>
<doc>Click the element identified by ``locator``.</doc>
<status status="PASS" start="2025-09-21T13:58:41.518598" elapsed="0.025683"/>
</kw>
<kw name="Wait Until Page Contains Element" owner="SeleniumLibrary">
<arg>${verificaAssinatura}</arg>
<arg>20s</arg>
<doc>Waits until the element ``locator`` appears on the current page.</doc>
<status status="PASS" start="2025-09-21T13:58:41.544446" elapsed="0.006781"/>
</kw>
<status status="PASS" start="2025-09-21T13:58:26.813665" elapsed="14.737742"/>
</test>
<status status="PASS" start="2025-09-21T13:58:04.553326" elapsed="36.998315"/>
</suite>
<suite id="s1-s8" name="08-Envio-Grupo-Assinatura" source="H:\robot-D4S\Smoke Test - D4S\08-envio-grupo-assinatura.robot">
<test id="s1-s8-t1" name="Login" line="33">
<kw name="Open Browser" owner="SeleniumLibrary">
<msg time="2025-09-21T13:58:41.554311" level="INFO">Opening browser 'chrome' to base url 'https://secure.d4sign.com.br/'.</msg>
<arg>${URL}</arg>
<arg>chrome</arg>
<doc>Opens a new browser instance to the optional ``url``.</doc>
<status status="PASS" start="2025-09-21T13:58:41.554191" elapsed="2.108893"/>
</kw>
<kw name="Execute Javascript" owner="SeleniumLibrary">
<msg time="2025-09-21T13:58:43.663552" level="INFO">Executing JavaScript:
document.cookie = "contratoazul_language=pt"
Without any arguments.</msg>
<arg>${setcookie}</arg>
<doc>Executes the given JavaScript code with possible arguments.</doc>
<status status="PASS" start="2025-09-21T13:58:43.663286" elapsed="0.185709"/>
</kw>
<kw name="Wait Until Element Is Visible" owner="SeleniumLibrary">
<arg>${Email}</arg>
<arg>10s</arg>
<doc>Waits until the element ``locator`` is visible.</doc>
<status status="PASS" start="2025-09-21T13:58:43.849173" elapsed="1.842234"/>
</kw>
<kw name="Input Text" owner="SeleniumLibrary">
<msg time="2025-09-21T13:58:45.691793" level="INFO">Typing text 'automacao@d4sign.com.br' into text field 'id=Email'.</msg>
<arg>${Email}</arg>
<arg>${USERNAME}</arg>
<doc>Types the given ``text`` into the text field identified by ``locator``.</doc>
<status status="PASS" start="2025-09-21T13:58:45.691628" elapsed="0.086962"/>
</kw>
<kw name="Input Text" owner="SeleniumLibrary">
<msg time="2025-09-21T13:58:45.778945" level="INFO">Typing text 'd4sign123' into text field 'id=Passwd'.</msg>
<arg>${Passwd}</arg>
<arg>${PASSWORD}</arg>
<doc>Types the given ``text`` into the text field identified by ``locator``.</doc>
<status status="PASS" start="2025-09-21T13:58:45.778780" elapsed="0.059493"/>
</kw>
<kw name="Click Button" owner="SeleniumLibrary">
<msg time="2025-09-21T13:58:45.838647" level="INFO">Clicking button '//*[@id="logar"]'.</msg>
<arg>${logar}</arg>
<doc>Clicks the button identified by ``locator``.</doc>
<status status="PASS" start="2025-09-21T13:58:45.838499" elapsed="0.071029"/>
</kw>
<kw name="Wait Until Element Is Visible" owner="SeleniumLibrary">
<arg>${logoD4S}</arg>
<arg>60s</arg>
<doc>Waits until the element ``locator`` is visible.</doc>
<status status="PASS" start="2025-09-21T13:58:45.909717" elapsed="4.785947"/>
</kw>
<kw name="Page Should Contain Image" owner="SeleniumLibrary">
<msg time="2025-09-21T13:58:50.701352" level="INFO">Current page contains image '//*[@id="page-wrapper"]/div[1]/nav/div/div/div[1]/a/img'.</msg>
<arg>${logoD4S}</arg>
<doc>Verifies image identified by ``locator`` is found from current page.</doc>
<status status="PASS" start="2025-09-21T13:58:50.695877" elapsed="0.005527"/>
</kw>
<status status="PASS" start="2025-09-21T13:58:41.553957" elapsed="9.147589"/>
</test>
<test id="s1-s8-t2" name="Envio" line="43">
<kw name="Click Element" owner="SeleniumLibrary">
<msg time="2025-09-21T13:58:50.702062" level="INFO">Clicking element '//*[@id="drop-zone"]/a/p[2]'.</msg>
<arg>${botaoEnvio}</arg>
<doc>Click the element identified by ``locator``.</doc>
<status status="PASS" start="2025-09-21T13:58:50.701931" elapsed="0.042637"/>
</kw>
<kw name="Wait Until Element Is Visible" owner="SeleniumLibrary">
<arg>${selectCofre}</arg>
<arg>20s</arg>
<doc>Waits until the element ``locator`` is visible.</doc>
<status status="PASS" start="2025-09-21T13:58:50.744759" elapsed="1.459163"/>
</kw>
<kw name="Click Element" owner="SeleniumLibrary">
<msg time="2025-09-21T13:58:52.204267" level="INFO">Clicking element 'name=uuid-cofre'.</msg>
<arg>${selectCofre}</arg>
<doc>Click the element identified by ``locator``.</doc>
<status status="PASS" start="2025-09-21T13:58:52.204119" elapsed="0.105735"/>
</kw>
<kw name="Click Element" owner="SeleniumLibrary">
<msg time="2025-09-21T13:58:52.310189" level="INFO">Clicking element '//*[@id="formUpload"]/select/option[157]'.</msg>
<arg>${selecionarCofre}</arg>
<doc>Click the element identified by ``locator``.</doc>
<status status="PASS" start="2025-09-21T13:58:52.310035" elapsed="0.147711"/>
</kw>
<kw name="Sleep" owner="BuiltIn">
<msg time="2025-09-21T13:58:54.458291" level="INFO">Slept 2 seconds.</msg>
<arg>2s</arg>
<doc>Pauses the test executed for the given time.</doc>
<status status="PASS" start="2025-09-21T13:58:52.457934" elapsed="2.000432"/>
</kw>
<kw name="Normalize Path" owner="OperatingSystem">
<msg time="2025-09-21T13:58:54.458705" level="INFO">${ABSOLUTE_PATH} = H:\robot-D4S\files\doc-testes.pdf</msg>
<var>${ABSOLUTE_PATH}</var>
<arg>${RELATIVE_PATH}</arg>
<doc>Normalizes the given path.</doc>
<status status="PASS" start="2025-09-21T13:58:54.458561" elapsed="0.000202"/>
</kw>
<kw name="Choose File" owner="SeleniumLibrary">
<msg time="2025-09-21T13:58:54.458995" level="INFO">Sending H:\robot-D4S\files\doc-testes.pdf to browser.</msg>
<arg>${fileupload}</arg>
<arg>${ABSOLUTE_PATH}</arg>
<doc>Inputs the ``file_path`` into the file input field ``locator``.</doc>
<status status="PASS" start="2025-09-21T13:58:54.458866" elapsed="0.021125"/>
</kw>
<kw name="Wait Until Element Is Visible" owner="SeleniumLibrary">
<arg>${Aguardandoenvio}</arg>
<arg>20s</arg>
<doc>Waits until the element ``locator`` is visible.</doc>
<status status="PASS" start="2025-09-21T13:58:54.480176" elapsed="8.631277"/>
</kw>
<kw name="Page Should Contain Element" owner="SeleniumLibrary">
<msg time="2025-09-21T13:59:03.114504" level="INFO">Current page contains element '//*[@id="page-wrapper"]/div[2]/div/div[1]/div/div/div/span[1]'.</msg>
<arg>${Aguardandoenvio}</arg>
<doc>Verifies that element ``locator`` is found on the current page.</doc>
<status status="PASS" start="2025-09-21T13:59:03.111640" elapsed="0.002912"/>
</kw>
<status status="PASS" start="2025-09-21T13:58:50.701748" elapsed="12.413177"/>
</test>
<test id="s1-s8-t3" name="Assinatura" line="56">
<kw name="Click Element" owner="SeleniumLibrary">
<msg time="2025-09-21T13:59:03.115569" level="INFO">Clicking element '//*[@id="page-wrapper"]/div[2]/div/div[1]/div/div/div/div[4]/div/div[2]/div[1]/span[3]/a'.</msg>
<arg>${grupo}</arg>
<doc>Click the element identified by ``locator``.</doc>
<status status="PASS" start="2025-09-21T13:59:03.115426" elapsed="0.035220"/>
</kw>
<kw name="Wait Until Element Is Visible" owner="SeleniumLibrary">
<arg>${filtroGrupo}</arg>
<arg>10s</arg>
<doc>Waits until the element ``locator`` is visible.</doc>
<status status="PASS" start="2025-09-21T13:59:03.150842" elapsed="4.096363"/>
</kw>
<kw name="Input Text" owner="SeleniumLibrary">
<msg time="2025-09-21T13:59:07.247514" level="INFO">Typing text 'Grupo' into text field '//*[@id="filtro-grupos"]'.</msg>
<arg>${filtroGrupo}</arg>
<arg>Grupo</arg>
<doc>Types the given ``text`` into the text field identified by ``locator``.</doc>
<status status="PASS" start="2025-09-21T13:59:07.247377" elapsed="0.034210"/>
</kw>
<kw name="Wait Until Element Is Visible" owner="SeleniumLibrary">
<arg>${selecionarGrupo}</arg>
<doc>Waits until the element ``locator`` is visible.</doc>
<status status="PASS" start="2025-09-21T13:59:07.281798" elapsed="0.007164"/>
</kw>
<kw name="Click Element" owner="SeleniumLibrary">
<msg time="2025-09-21T13:59:07.289280" level="INFO">Clicking element '//*[@id="tabela-grupos"]/tbody/tr[29]/td[2]/a'.</msg>
<arg>${selecionarGrupo}</arg>
<doc>Click the element identified by ``locator``.</doc>
<status status="PASS" start="2025-09-21T13:59:07.289144" elapsed="0.024044"/>
</kw>
<kw name="Reload Page" owner="SeleniumLibrary">
<doc>Simulates user reloading page.</doc>
<status status="PASS" start="2025-09-21T13:59:07.313366" elapsed="5.032037"/>
</kw>
<kw name="Wait Until Element Is Enabled" owner="SeleniumLibrary">
<arg>${botaoAssinatura}</arg>
<arg>30s</arg>
<doc>Waits until the element ``locator`` is enabled.</doc>
<status status="PASS" start="2025-09-21T13:59:12.345578" elapsed="1.257541"/>
</kw>
<kw name="Click Element" owner="SeleniumLibrary">
<msg time="2025-09-21T13:59:13.603446" level="INFO">Clicking element '//*[@id="enviar-para-assinatura"]'.</msg>
<arg>${botaoAssinatura}</arg>
<doc>Click the element identified by ``locator``.</doc>
<status status="PASS" start="2025-09-21T13:59:13.603301" elapsed="0.027022"/>
</kw>
<kw name="Wait Until Element Is Visible" owner="SeleniumLibrary">
<arg>${botaoEnvio2}</arg>
<arg>20s</arg>
<doc>Waits until the element ``locator`` is visible.</doc>
<status status="PASS" start="2025-09-21T13:59:13.630511" elapsed="5.118841"/>
</kw>
<kw name="Click Element" owner="SeleniumLibrary">
<msg time="2025-09-21T13:59:18.749699" level="INFO">Clicking element '//*[@id="btnSalvarDocumento"]'.</msg>
<arg>${botaoEnvio2}</arg>
<doc>Click the element identified by ``locator``.</doc>
<status status="PASS" start="2025-09-21T13:59:18.749556" elapsed="0.051740"/>
</kw>
<kw name="Wait Until Page Contains Element" owner="SeleniumLibrary">
<arg>${faseEnviado}</arg>
<arg>50s</arg>
<doc>Waits until the element ``locator`` appears on the current page.</doc>
<status status="PASS" start="2025-09-21T13:59:18.801538" elapsed="8.382045"/>
</kw>
<status status="PASS" start="2025-09-21T13:59:03.115216" elapsed="24.068548"/>
</test>
<status status="PASS" start="2025-09-21T13:58:41.551967" elapsed="45.632048"/>
</suite>
<suite id="s1-s9" name="09-Envio-Template-Html" source="H:\robot-D4S\Smoke Test - D4S\09-envio-template-html.robot">
<test id="s1-s9-t1" name="Login" line="41">
<kw name="Open Browser" owner="SeleniumLibrary">
<msg time="2025-09-21T13:59:27.186470" level="INFO">Opening browser 'chrome' to base url 'https://secure.d4sign.com.br/'.</msg>
<arg>${URL}</arg>
<arg>chrome</arg>
<doc>Opens a new browser instance to the optional ``url``.</doc>
<status status="PASS" start="2025-09-21T13:59:27.186302" elapsed="2.174706"/>
</kw>
<kw name="Execute Javascript" owner="SeleniumLibrary">
<msg time="2025-09-21T13:59:29.361841" level="INFO">Executing JavaScript:
document.cookie = "contratoazul_language=pt"
Without any arguments.</msg>
<arg>${setcookie}</arg>
<doc>Executes the given JavaScript code with possible arguments.</doc>
<status status="PASS" start="2025-09-21T13:59:29.361319" elapsed="0.186978"/>
</kw>
<kw name="Wait Until Element Is Visible" owner="SeleniumLibrary">
<arg>${Email}</arg>
<arg>10s</arg>
<doc>Waits until the element ``locator`` is visible.</doc>
<status status="PASS" start="2025-09-21T13:59:29.548482" elapsed="1.709160"/>
</kw>
<kw name="Input Text" owner="SeleniumLibrary">
<msg time="2025-09-21T13:59:31.258114" level="INFO">Typing text 'automacao@d4sign.com.br' into text field 'id=Email'.</msg>
<arg>${Email}</arg>
<arg>${USERNAME}</arg>
<doc>Types the given ``text`` into the text field identified by ``locator``.</doc>
<status status="PASS" start="2025-09-21T13:59:31.257863" elapsed="0.085647"/>
</kw>
<kw name="Input Text" owner="SeleniumLibrary">
<msg time="2025-09-21T13:59:31.343839" level="INFO">Typing text 'd4sign123' into text field 'id=Passwd'.</msg>
<arg>${Passwd}</arg>
<arg>${PASSWORD}</arg>
<doc>Types the given ``text`` into the text field identified by ``locator``.</doc>
<status status="PASS" start="2025-09-21T13:59:31.343681" elapsed="0.036655"/>
</kw>
<kw name="Click Button" owner="SeleniumLibrary">
<msg time="2025-09-21T13:59:31.380804" level="INFO">Clicking button 'id=logar'.</msg>
<arg>${logar}</arg>
<doc>Clicks the button identified by ``locator``.</doc>
<status status="PASS" start="2025-09-21T13:59:31.380594" elapsed="0.049450"/>
</kw>
<kw name="Wait Until Element Is Visible" owner="SeleniumLibrary">
<arg>${logoD4S}</arg>
<arg>10s</arg>
<doc>Waits until the element ``locator`` is visible.</doc>
<status status="PASS" start="2025-09-21T13:59:31.430235" elapsed="4.209103"/>
</kw>
<kw name="Page Should Contain Image" owner="SeleniumLibrary">
<msg time="2025-09-21T13:59:35.644044" level="INFO">Current page contains image '//*[@id="page-wrapper"]/div[1]/nav/div/div/div[1]/a/img'.</msg>
<arg>${logoD4S}</arg>
<doc>Verifies image identified by ``locator`` is found from current page.</doc>
<status status="PASS" start="2025-09-21T13:59:35.639597" elapsed="0.004496"/>
</kw>
<status status="PASS" start="2025-09-21T13:59:27.186039" elapsed="8.458175"/>
</test>
<test id="s1-s9-t2" name="Preenchimento de Template HTML" line="51">
<kw name="Click Element" owner="SeleniumLibrary">
<msg time="2025-09-21T13:59:35.644705" level="INFO">Clicking element '//*[@id="liCofre_1414985"]/a'.</msg>
<arg>${cofre}</arg>
<doc>Click the element identified by ``locator``.</doc>
<status status="PASS" start="2025-09-21T13:59:35.644595" elapsed="2.065818"/>
</kw>
<kw name="Wait Until Element Is Visible" owner="SeleniumLibrary">
<arg>${novoArquivo}</arg>
<arg>20s</arg>
<doc>Waits until the element ``locator`` is visible.</doc>
<status status="PASS" start="2025-09-21T13:59:37.710605" elapsed="0.239344"/>
</kw>
<kw name="Click Element" owner="SeleniumLibrary">
<msg time="2025-09-21T13:59:37.950450" level="INFO">Clicking element 'id=label-new-file'.</msg>
<arg>${novoArquivo}</arg>
<doc>Click the element identified by ``locator``.</doc>
<status status="PASS" start="2025-09-21T13:59:37.950252" elapsed="0.155208"/>
</kw>
<kw name="Click Element" owner="SeleniumLibrary">
<msg time="2025-09-21T13:59:38.105961" level="INFO">Clicking element '//*[@id="page-wrapper"]/div[2]/div[2]/div[2]/div/div[1]/div[2]/ul/li[4]/a'.</msg>
<arg>${templateHTML}</arg>
<doc>Click the element identified by ``locator``.</doc>
<status status="PASS" start="2025-09-21T13:59:38.105743" elapsed="1.538120"/>
</kw>
<kw name="Input Text" owner="SeleniumLibrary">
<msg time="2025-09-21T13:59:39.644228" level="INFO">Typing text 'Apple' into text field '//*[@id="keyt_marca"]'.</msg>
<arg>${campoMarca}</arg>
<arg>Apple</arg>
<doc>Types the given ``text`` into the text field identified by ``locator``.</doc>
<status status="PASS" start="2025-09-21T13:59:39.644064" elapsed="0.056907"/>
</kw>
<kw name="Input Text" owner="SeleniumLibrary">
<msg time="2025-09-21T13:59:39.701276" level="INFO">Typing text 'Fruta' into text field '//*[@id="keyt_laranja"]'.</msg>
<arg>${campoLaranja}</arg>
<arg>Fruta</arg>
<doc>Types the given ``text`` into the text field identified by ``locator``.</doc>
<status status="PASS" start="2025-09-21T13:59:39.701134" elapsed="0.040302"/>
</kw>
<kw name="Input Text" owner="SeleniumLibrary">
<msg time="2025-09-21T13:59:39.741775" level="INFO">Typing text 'Preto' into text field '//*[@id="keyt_cor"]'.</msg>
<arg>${campoCor}</arg>
<arg>Preto</arg>
<doc>Types the given ``text`` into the text field identified by ``locator``.</doc>
<status status="PASS" start="2025-09-21T13:59:39.741626" elapsed="0.040105"/>
</kw>
<kw name="Input Text" owner="SeleniumLibrary">
<msg time="2025-09-21T13:59:39.782042" level="INFO">Typing text 'TRUE' into text field '//*[@id="keyt_trueFALSE"]'.</msg>
<arg>${campoTrueFALSE}</arg>
<arg>TRUE</arg>
<doc>Types the given ``text`` into the text field identified by ``locator``.</doc>
<status status="PASS" start="2025-09-21T13:59:39.781899" elapsed="0.066511"/>
</kw>
<kw name="Input Text" owner="SeleniumLibrary">
<msg time="2025-09-21T13:59:39.848747" level="INFO">Typing text 'Av. Brasil' into text field '//*[@id="keyt_rua"]'.</msg>
<arg>${campoRua}</arg>
<arg>Av. Brasil</arg>
<doc>Types the given ``text`` into the text field identified by ``locator``.</doc>
<status status="PASS" start="2025-09-21T13:59:39.848601" elapsed="0.061509"/>
</kw>
<kw name="Input Text" owner="SeleniumLibrary">
<msg time="2025-09-21T13:59:39.910529" level="INFO">Typing text 'Paris' into text field '//*[@id="keyt_lugares"]'.</msg>
<arg>${campoLugares}</arg>
<arg>Paris</arg>
<doc>Types the given ``text`` into the text field identified by ``locator``.</doc>
<status status="PASS" start="2025-09-21T13:59:39.910365" elapsed="0.068479"/>
</kw>
<kw name="Input Text" owner="SeleniumLibrary">
<msg time="2025-09-21T13:59:39.979194" level="INFO">Typing text 'Taverna Medieval' into text field '//*[@id="keyt_restaurant"]'.</msg>
<arg>${campoRestaurant}</arg>
<arg>Taverna Medieval</arg>
<doc>Types the given ``text`` into the text field identified by ``locator``.</doc>
<status status="PASS" start="2025-09-21T13:59:39.979041" elapsed="0.096408"/>
</kw>
<kw name="Click Element" owner="SeleniumLibrary">
<msg time="2025-09-21T13:59:40.075932" level="INFO">Clicking element '//*[@id="btnSaveTemplate"]'.</msg>
<arg>${salvarTemplate}</arg>
<doc>Click the element identified by ``locator``.</doc>
<status status="PASS" start="2025-09-21T13:59:40.075646" elapsed="0.049043"/>
</kw>
<kw name="Wait Until Page Contains Element" owner="SeleniumLibrary">
<arg>${verificaEnvio}</arg>
<arg>60s</arg>
<doc>Waits until the element ``locator`` appears on the current page.</doc>
<status status="PASS" start="2025-09-21T13:59:40.124901" elapsed="11.239388"/>
</kw>
<status status="PASS" start="2025-09-21T13:59:35.644416" elapsed="15.720049"/>
</test>
<test id="s1-s9-t3" name="Envio do Documento" line="67">
<kw name="Click Element" owner="SeleniumLibrary">
<msg time="2025-09-21T13:59:51.365307" level="INFO">Clicking element '//*[@id="page-wrapper"]/div[2]/div/div[1]/div/div/div/div[4]/div/div[2]/div[1]/span[1]/a'.</msg>
<arg>${incluirEmail}</arg>
<doc>Click the element identified by ``locator``.</doc>
<status status="PASS" start="2025-09-21T13:59:51.364869" elapsed="0.035608"/>
</kw>
<kw name="Wait Until Element Is Visible" owner="SeleniumLibrary">
<arg>${botaoAssinatura}</arg>
<arg>10s</arg>
<doc>Waits until the element ``locator`` is visible.</doc>
<status status="PASS" start="2025-09-21T13:59:51.400653" elapsed="0.011408"/>
</kw>
<kw name="Sleep" owner="BuiltIn">
<msg time="2025-09-21T14:00:01.412927" level="INFO">Slept 10 seconds.</msg>
<arg>10s</arg>
<doc>Pauses the test executed for the given time.</doc>
<status status="PASS" start="2025-09-21T13:59:51.412289" elapsed="10.000785"/>
</kw>
<kw name="Click Element" owner="SeleniumLibrary">
<msg time="2025-09-21T14:00:01.413928" level="INFO">Clicking element '//*[@id="enviar-para-assinatura"]'.</msg>
<arg>${botaoAssinatura}</arg>
<doc>Click the element identified by ``locator``.</doc>
<status status="PASS" start="2025-09-21T14:00:01.413556" elapsed="0.029379"/>
</kw>
<kw name="Wait Until Element Is Visible" owner="SeleniumLibrary">
<arg>${botaoEnvio2}</arg>
<arg>20s</arg>
<doc>Waits until the element ``locator`` is visible.</doc>
<status status="PASS" start="2025-09-21T14:00:01.443208" elapsed="1.027608"/>
</kw>
<kw name="Click Element" owner="SeleniumLibrary">
<msg time="2025-09-21T14:00:02.471154" level="INFO">Clicking element '//*[@id="btnSalvarDocumento"]'.</msg>
<arg>${botaoEnvio2}</arg>
<doc>Click the element identified by ``locator``.</doc>
<status status="PASS" start="2025-09-21T14:00:02.471009" elapsed="0.026591"/>
</kw>
<kw name="Wait Until Page Contains Element" owner="SeleniumLibrary">
<arg>${faseEnviado}</arg>
<arg>50s</arg>
<doc>Waits until the element ``locator`` appears on the current page.</doc>
<status status="PASS" start="2025-09-21T14:00:02.497791" elapsed="5.334004"/>
</kw>
<status status="PASS" start="2025-09-21T13:59:51.364690" elapsed="16.467326"/>
</test>
<test id="s1-s9-t4" name="Assinatura do Template" line="77">
<kw name="Click Element" owner="SeleniumLibrary">
<msg time="2025-09-21T14:00:07.832856" level="INFO">Clicking element '//*[@id="adicionar-assinatura"]'.</msg>
<arg>${assinar}</arg>
<doc>Click the element identified by ``locator``.</doc>
<status status="PASS" start="2025-09-21T14:00:07.832684" elapsed="0.030342"/>
</kw>
<kw name="Wait Until Element Is Visible" owner="SeleniumLibrary">
<arg>${senhaConta}</arg>
<arg>10s</arg>
<doc>Waits until the element ``locator`` is visible.</doc>
<status status="PASS" start="2025-09-21T14:00:07.863189" elapsed="0.820355"/>
</kw>
<kw name="Input Text" owner="SeleniumLibrary">
<msg time="2025-09-21T14:00:08.683885" level="INFO">Typing text 'd4sign123' into text field 'id=senhaConta'.</msg>
<arg>${senhaConta}</arg>
<arg>${PASSWORD}</arg>
<doc>Types the given ``text`` into the text field identified by ``locator``.</doc>
<status status="PASS" start="2025-09-21T14:00:08.683730" elapsed="0.024584"/>
</kw>
<kw name="Click Element" owner="SeleniumLibrary">
<msg time="2025-09-21T14:00:08.708646" level="INFO">Clicking element '//*[@id="btnSalvarAssinatura"]'.</msg>
<arg>${salvarAssinatura}</arg>
<doc>Click the element identified by ``locator``.</doc>
<status status="PASS" start="2025-09-21T14:00:08.708498" elapsed="0.025693"/>
</kw>
<kw name="Wait Until Element Is Visible" owner="SeleniumLibrary">
<arg>${verificaAssinatura}</arg>
<arg>20s</arg>
<doc>Waits until the element ``locator`` is visible.</doc>
<status status="PASS" start="2025-09-21T14:00:08.734477" elapsed="3.956950"/>
</kw>
<kw name="Page Should Contain Element" owner="SeleniumLibrary">
<msg time="2025-09-21T14:00:12.694406" level="INFO">Current page contains element '//*[@id="viewblobdiv"]/div[2]/div[1]'.</msg>
<arg>${verificaAssinatura}</arg>
<doc>Verifies that element ``locator`` is found on the current page.</doc>
<status status="PASS" start="2025-09-21T14:00:12.691659" elapsed="0.002789"/>
</kw>
<status status="PASS" start="2025-09-21T14:00:07.832414" elapsed="4.862141"/>
</test>
<status status="PASS" start="2025-09-21T13:59:27.184327" elapsed="45.510467"/>
</suite>
<suite id="s1-s10" name="10-Envio-Template-Word" source="H:\robot-D4S\Smoke Test - D4S\10-envio-template-word.robot">
<test id="s1-s10-t1" name="Login" line="41">
<kw name="Open Browser" owner="SeleniumLibrary">
<msg time="2025-09-21T14:00:12.696853" level="INFO">Opening browser 'chrome' to base url 'https://secure.d4sign.com.br/'.</msg>
<arg>${URL}</arg>
<arg>chrome</arg>
<doc>Opens a new browser instance to the optional ``url``.</doc>
<status status="PASS" start="2025-09-21T14:00:12.696745" elapsed="2.101286"/>
</kw>
<kw name="Execute Javascript" owner="SeleniumLibrary">
<msg time="2025-09-21T14:00:14.798446" level="INFO">Executing JavaScript:
document.cookie = "contratoazul_language=pt"
Without any arguments.</msg>
<arg>${setcookie}</arg>
<doc>Executes the given JavaScript code with possible arguments.</doc>
<status status="PASS" start="2025-09-21T14:00:14.798210" elapsed="0.191356"/>
</kw>
<kw name="Wait Until Element Is Visible" owner="SeleniumLibrary">
<arg>${Email}</arg>
<arg>10s</arg>
<doc>Waits until the element ``locator`` is visible.</doc>
<status status="PASS" start="2025-09-21T14:00:14.989732" elapsed="1.869436"/>
</kw>
<kw name="Input Text" owner="SeleniumLibrary">
<msg time="2025-09-21T14:00:16.859552" level="INFO">Typing text 'automacao@d4sign.com.br' into text field 'id=Email'.</msg>
<arg>${Email}</arg>
<arg>${USERNAME}</arg>
<doc>Types the given ``text`` into the text field identified by ``locator``.</doc>
<status status="PASS" start="2025-09-21T14:00:16.859385" elapsed="0.066659"/>
</kw>
<kw name="Input Text" owner="SeleniumLibrary">
<msg time="2025-09-21T14:00:16.926466" level="INFO">Typing text 'd4sign123' into text field 'id=Passwd'.</msg>
<arg>${Passwd}</arg>
<arg>${PASSWORD}</arg>
<doc>Types the given ``text`` into the text field identified by ``locator``.</doc>
<status status="PASS" start="2025-09-21T14:00:16.926276" elapsed="0.035834"/>
</kw>
<kw name="Click Button" owner="SeleniumLibrary">
<msg time="2025-09-21T14:00:16.962497" level="INFO">Clicking button 'id=logar'.</msg>
<arg>${logar}</arg>
<doc>Clicks the button identified by ``locator``.</doc>
<status status="PASS" start="2025-09-21T14:00:16.962322" elapsed="0.101693"/>
</kw>
<kw name="Wait Until Element Is Visible" owner="SeleniumLibrary">
<arg>${logoD4S}</arg>
<arg>10s</arg>
<doc>Waits until the element ``locator`` is visible.</doc>
<status status="PASS" start="2025-09-21T14:00:17.064288" elapsed="4.214894"/>
</kw>
<kw name="Page Should Contain Image" owner="SeleniumLibrary">
<msg time="2025-09-21T14:00:21.283757" level="INFO">Current page contains image '//*[@id="page-wrapper"]/div[1]/nav/div/div/div[1]/a/img'.</msg>
<arg>${logoD4S}</arg>
<doc>Verifies image identified by ``locator`` is found from current page.</doc>
<status status="PASS" start="2025-09-21T14:00:21.279347" elapsed="0.004463"/>
</kw>
<status status="PASS" start="2025-09-21T14:00:12.696563" elapsed="8.587380"/>
</test>
<test id="s1-s10-t2" name="Preenchimento de Template HTML" line="51">
<kw name="Click Element" owner="SeleniumLibrary">
<msg time="2025-09-21T14:00:21.284691" level="INFO">Clicking element '//*[@id="liCofre_1414985"]/a'.</msg>
<arg>${cofre}</arg>
<doc>Click the element identified by ``locator``.</doc>
<status status="PASS" start="2025-09-21T14:00:21.284552" elapsed="8.206177"/>
</kw>
<kw name="Wait Until Element Is Visible" owner="SeleniumLibrary">
<arg>${novoArquivo}</arg>
<arg>20s</arg>
<doc>Waits until the element ``locator`` is visible.</doc>
<status status="PASS" start="2025-09-21T14:00:29.490929" elapsed="0.021469"/>
</kw>
<kw name="Click Element" owner="SeleniumLibrary">
<msg time="2025-09-21T14:00:29.512698" level="INFO">Clicking element 'id=label-new-file'.</msg>
<arg>${novoArquivo}</arg>
<doc>Click the element identified by ``locator``.</doc>
<status status="PASS" start="2025-09-21T14:00:29.512556" elapsed="0.098169"/>
</kw>
<kw name="Click Element" owner="SeleniumLibrary">
<msg time="2025-09-21T14:00:29.611121" level="INFO">Clicking element '//*[@id="page-wrapper"]/div[2]/div[2]/div[2]/div/div[1]/div[2]/ul/li[144]/a'.</msg>
<arg>${templateWORD}</arg>
<doc>Click the element identified by ``locator``.</doc>
<status status="PASS" start="2025-09-21T14:00:29.610962" elapsed="1.390211"/>
</kw>
<kw name="Input Text" owner="SeleniumLibrary">
<msg time="2025-09-21T14:00:31.001540" level="INFO">Typing text '000001' into text field '//*[@id="form_clientecodigo"]'.</msg>
<arg>${campoCodigo}</arg>
<arg>000001</arg>
<doc>Types the given ``text`` into the text field identified by ``locator``.</doc>
<status status="PASS" start="2025-09-21T14:00:31.001380" elapsed="0.049459"/>
</kw>
<kw name="Input Text" owner="SeleniumLibrary">
<msg time="2025-09-21T14:00:31.051229" level="INFO">Typing text '17/09/2025' into text field '//*[@id="form_data"]'.</msg>
<arg>${campoData}</arg>
<arg>17/09/2025</arg>
<doc>Types the given ``text`` into the text field identified by ``locator``.</doc>
<status status="PASS" start="2025-09-21T14:00:31.051076" elapsed="0.055845"/>
</kw>
<kw name="Input Text" owner="SeleniumLibrary">
<msg time="2025-09-21T14:00:31.107263" level="INFO">Typing text 'Marisa Modas' into text field '//*[@id="form_clientenomefantasia"]'.</msg>
<arg>${campoNomeFantasia}</arg>
<arg>Marisa Modas</arg>
<doc>Types the given ``text`` into the text field identified by ``locator``.</doc>
<status status="PASS" start="2025-09-21T14:00:31.107111" elapsed="0.041831"/>
</kw>
<kw name="Input Text" owner="SeleniumLibrary">
<msg time="2025-09-21T14:00:31.149328" level="INFO">Typing text 'Sáo Paulo' into text field '//*[@id="form_clientecidade"]'.</msg>
<arg>${campoCidade}</arg>
<arg>Sáo Paulo</arg>
<doc>Types the given ``text`` into the text field identified by ``locator``.</doc>
<status status="PASS" start="2025-09-21T14:00:31.149176" elapsed="0.038323"/>
</kw>
<kw name="Input Text" owner="SeleniumLibrary">
<msg time="2025-09-21T14:00:31.188189" level="INFO">Typing text 'Av. Brasil' into text field '//*[@id="form_clienteendereco"]'.</msg>
<arg>${campoEndereco}</arg>
<arg>Av. Brasil</arg>
<doc>Types the given ``text`` into the text field identified by ``locator``.</doc>
<status status="PASS" start="2025-09-21T14:00:31.187781" elapsed="0.052716"/>
</kw>
<kw name="Input Text" owner="SeleniumLibrary">
<msg time="2025-09-21T14:00:31.240891" level="INFO">Typing text 'Paris' into text field '//*[@id="form_clientebairro"]'.</msg>
<arg>${campoBairro}</arg>
<arg>Paris</arg>
<doc>Types the given ``text`` into the text field identified by ``locator``.</doc>
[...]
<status status="PASS" start="2025-09-21T14:01:29.237008" elapsed="2.372582"/>
</kw>
<kw name="Execute Javascript" owner="SeleniumLibrary">
<msg time="2025-09-21T14:01:31.610326" level="INFO">Executing JavaScript:
document.cookie = "contratoazul_language=pt"
Without any arguments.</msg>
<arg>${setcookie}</arg>
<doc>Executes the given JavaScript code with possible arguments.</doc>
<status status="PASS" start="2025-09-21T14:01:31.609940" elapsed="0.380989"/>
</kw>
<kw name="Wait Until Element Is Visible" owner="SeleniumLibrary">
<arg>${Email}</arg>
<arg>10s</arg>
<doc>Waits until the element ``locator`` is visible.</doc>
<status status="PASS" start="2025-09-21T14:01:31.991223" elapsed="1.709152"/>
</kw>
<kw name="Input Text" owner="SeleniumLibrary">
<msg time="2025-09-21T14:01:33.700927" level="INFO">Typing text 'automacao@d4sign.com.br' into text field 'id=Email'.</msg>
<arg>${Email}</arg>
<arg>${USERNAME}</arg>
<doc>Types the given ``text`` into the text field identified by ``locator``.</doc>
<status status="PASS" start="2025-09-21T14:01:33.700681" elapsed="0.087885"/>
</kw>
<kw name="Input Text" owner="SeleniumLibrary">
<msg time="2025-09-21T14:01:33.789150" level="INFO">Typing text 'd4sign123' into text field 'id=Passwd'.</msg>
<arg>${Passwd}</arg>
<arg>${PASSWORD}</arg>
<doc>Types the given ``text`` into the text field identified by ``locator``.</doc>
<status status="PASS" start="2025-09-21T14:01:33.788893" elapsed="0.065561"/>
</kw>
<kw name="Click Button" owner="SeleniumLibrary">
<msg time="2025-09-21T14:01:33.854939" level="INFO">Clicking button '//*[@id="logar"]'.</msg>
<arg>${logar}</arg>
<doc>Clicks the button identified by ``locator``.</doc>
<status status="PASS" start="2025-09-21T14:01:33.854730" elapsed="0.083444"/>
</kw>
<kw name="Wait Until Element Is Visible" owner="SeleniumLibrary">
<arg>${logoD4S}</arg>
<arg>60s</arg>
<doc>Waits until the element ``locator`` is visible.</doc>
<status status="PASS" start="2025-09-21T14:01:33.938444" elapsed="4.199521"/>
</kw>
<kw name="Page Should Contain Image" owner="SeleniumLibrary">
<msg time="2025-09-21T14:01:38.144634" level="INFO">Current page contains image '//*[@id="page-wrapper"]/div[1]/nav/div/div/div[1]/a/img'.</msg>
<arg>${logoD4S}</arg>
<doc>Verifies image identified by ``locator`` is found from current page.</doc>
<status status="PASS" start="2025-09-21T14:01:38.138233" elapsed="0.006612"/>
</kw>
<status status="PASS" start="2025-09-21T14:01:29.236638" elapsed="8.908534"/>
</test>
<test id="s1-s12-t2" name="Preparação do PowerForm" line="47">
<kw name="Click Element" owner="SeleniumLibrary">
<msg time="2025-09-21T14:01:38.146490" level="INFO">Clicking element '//*[@id="page-wrapper"]/div[2]/div[1]/div[3]/div/a'.</msg>
<arg>${CLM}</arg>
<doc>Click the element identified by ``locator``.</doc>
<status status="PASS" start="2025-09-21T14:01:38.146299" elapsed="0.036622"/>
</kw>
<kw name="Click Element" owner="SeleniumLibrary">
<msg time="2025-09-21T14:01:38.183475" level="INFO">Clicking element '//*[@id="page-wrapper"]/div[2]/div[1]/div[3]/div/ul/li[5]/a'.</msg>
<arg>${PowerForm}</arg>
<doc>Click the element identified by ``locator``.</doc>
<status status="PASS" start="2025-09-21T14:01:38.183249" elapsed="3.679483"/>
</kw>
<kw name="Wait Until Element Is Visible" owner="SeleniumLibrary">
<arg>${criarPowerForm}</arg>
<arg>20s</arg>
<doc>Waits until the element ``locator`` is visible.</doc>
<status status="PASS" start="2025-09-21T14:01:41.862994" elapsed="0.012858"/>
</kw>
<kw name="Click Element" owner="SeleniumLibrary">
<msg time="2025-09-21T14:01:41.876289" level="INFO">Clicking element '//*[@id="btnSaveTemplate"]'.</msg>
<arg>${criarPowerForm}</arg>
<doc>Click the element identified by ``locator``.</doc>
<status status="PASS" start="2025-09-21T14:01:41.876089" elapsed="0.029528"/>
</kw>
<kw name="Wait Until Element Is Visible" owner="SeleniumLibrary">
<arg>${campoCofre}</arg>
<arg>20s</arg>
<doc>Waits until the element ``locator`` is visible.</doc>
<status status="PASS" start="2025-09-21T14:01:41.905909" elapsed="0.837167"/>
</kw>
<kw name="Click Element" owner="SeleniumLibrary">
<msg time="2025-09-21T14:01:42.743596" level="INFO">Clicking element '//*[@id="uuid_cofre"]'.</msg>
<arg>${campoCofre}</arg>
<doc>Click the element identified by ``locator``.</doc>
<status status="PASS" start="2025-09-21T14:01:42.743375" elapsed="0.068597"/>
</kw>
<kw name="Click Element" owner="SeleniumLibrary">
<msg time="2025-09-21T14:01:42.812523" level="INFO">Clicking element '//*[@id="uuid_cofre"]/option[2]'.</msg>
<arg>${selecionarCofre}</arg>
<doc>Click the element identified by ``locator``.</doc>
<status status="PASS" start="2025-09-21T14:01:42.812287" elapsed="0.174789"/>
</kw>
<kw name="Sleep" owner="BuiltIn">
<msg time="2025-09-21T14:01:47.988063" level="INFO">Slept 5 seconds.</msg>
<arg>5s</arg>
<doc>Pauses the test executed for the given time.</doc>
<status status="PASS" start="2025-09-21T14:01:42.987445" elapsed="5.000725"/>
</kw>
<kw name="Click Element" owner="SeleniumLibrary">
<msg time="2025-09-21T14:01:47.988697" level="INFO">Clicking element '//*[@id="uuid-template"]'.</msg>
<arg>${campoTemplate}</arg>
<doc>Click the element identified by ``locator``.</doc>
<status status="PASS" start="2025-09-21T14:01:47.988478" elapsed="0.083047"/>
</kw>
<kw name="Click Element" owner="SeleniumLibrary">
<msg time="2025-09-21T14:01:48.072135" level="INFO">Clicking element '//*[@id="uuid-template"]'.</msg>
<arg>${campoTemplate}</arg>
<doc>Click the element identified by ``locator``.</doc>
<status status="PASS" start="2025-09-21T14:01:48.071915" elapsed="0.131501"/>
</kw>
<kw name="Click Element" owner="SeleniumLibrary">
<msg time="2025-09-21T14:01:48.203927" level="INFO">Clicking element '//*[@id="meus-templates"]/option[338]'.</msg>
<arg>${selecionarTemplate}</arg>
<doc>Click the element identified by ``locator``.</doc>
<status status="PASS" start="2025-09-21T14:01:48.203706" elapsed="0.015358"/>
</kw>
<kw name="Input Text" owner="SeleniumLibrary">
<msg time="2025-09-21T14:01:48.219547" level="INFO">Typing text 'PowerForm - Automação' into text field '//*[@id="nome_documento"]'.</msg>
<arg>${nomeDocumento}</arg>
<arg>PowerForm - Automação</arg>
<doc>Types the given ``text`` into the text field identified by ``locator``.</doc>
<status status="PASS" start="2025-09-21T14:01:48.219325" elapsed="0.062309"/>
</kw>
<kw name="Click Element" owner="SeleniumLibrary">
<msg time="2025-09-21T14:01:48.282093" level="INFO">Clicking element '//*[@id="docButton"]'.</msg>
<arg>${botaoContinuar}</arg>
<doc>Click the element identified by ``locator``.</doc>
<status status="PASS" start="2025-09-21T14:01:48.281892" elapsed="0.046577"/>
</kw>
<kw name="Wait Until Element Is Visible" owner="SeleniumLibrary">
<arg>${btntoken}</arg>
<arg>20s</arg>
<doc>Waits until the element ``locator`` is visible.</doc>
<status status="PASS" start="2025-09-21T14:01:48.328765" elapsed="0.623359"/>
</kw>
<kw name="Click Element" owner="SeleniumLibrary">
<msg time="2025-09-21T14:01:48.952673" level="INFO">Clicking element '//*[@id="tokenCount"]/button'.</msg>
<arg>${btntoken}</arg>
<doc>Click the element identified by ``locator``.</doc>
<status status="PASS" start="2025-09-21T14:01:48.952452" elapsed="0.039936"/>
</kw>
<kw name="Sleep" owner="BuiltIn">
<msg time="2025-09-21T14:01:50.993591" level="INFO">Slept 2 seconds.</msg>
<arg>2s</arg>
<doc>Pauses the test executed for the given time.</doc>
<status status="PASS" start="2025-09-21T14:01:48.992946" elapsed="2.000752"/>
</kw>
<kw name="Input Text" owner="SeleniumLibrary">
<msg time="2025-09-21T14:01:50.994289" level="INFO">Typing text 'automacao@d4sign.com.br' into text field '//*[@id="email_be7b9c59-e046-4f7f-999f-19f91b57c346"]'.</msg>
<arg>${campoEmail}</arg>
<arg>${USERNAME}</arg>
<doc>Types the given ``text`` into the text field identified by ``locator``.</doc>
<status status="PASS" start="2025-09-21T14:01:50.994053" elapsed="0.065284"/>
</kw>
<kw name="Set Focus To Element" owner="SeleniumLibrary">
<arg>${campoEmail}</arg>
<doc>Sets the focus to the element identified by ``locator``.</doc>
<status status="PASS" start="2025-09-21T14:01:51.059798" elapsed="0.006845"/>
</kw>
<kw name="Press Keys" owner="SeleniumLibrary">
<msg time="2025-09-21T14:01:51.067203" level="INFO">Sending key(s) ('TAB',) to //*[@id="email_be7b9c59-e046-4f7f-999f-19f91b57c346"] element.</msg>
<msg time="2025-09-21T14:01:51.346562" level="INFO">Pressing special key TAB to element.</msg>
<msg time="2025-09-21T14:01:51.346645" level="INFO">Releasing special key TAB.</msg>
<arg>${campoEmail}</arg>
<arg>TAB</arg>
<doc>Simulates the user pressing key(s) to an element or on the active browser.</doc>
<status status="PASS" start="2025-09-21T14:01:51.066869" elapsed="0.292603"/>
</kw>
<kw name="Click Element" owner="SeleniumLibrary">
<msg time="2025-09-21T14:01:51.360135" level="INFO">Clicking element '//*[@id="fillerButton"]'.</msg>
<arg>${btnEmail}</arg>
<doc>Click the element identified by ``locator``.</doc>
<status status="PASS" start="2025-09-21T14:01:51.359876" elapsed="0.037722"/>
</kw>
<kw name="Click Element" owner="SeleniumLibrary">
<msg time="2025-09-21T14:01:51.398111" level="INFO">Clicking element '//*[@id="btnSavePf"]'.</msg>
<arg>${btnsalvar}</arg>
<doc>Click the element identified by ``locator``.</doc>
<status status="PASS" start="2025-09-21T14:01:51.397890" elapsed="0.030718"/>
</kw>
<kw name="Sleep" owner="BuiltIn">
<msg time="2025-09-21T14:01:56.429441" level="INFO">Slept 5 seconds.</msg>
<arg>5s</arg>
<doc>Pauses the test executed for the given time.</doc>
<status status="PASS" start="2025-09-21T14:01:51.428878" elapsed="5.000701"/>
</kw>
<kw name="Click Element" owner="SeleniumLibrary">
<msg time="2025-09-21T14:01:56.430411" level="INFO">Clicking element '//*[@id="pfv2-result"]/button'.</msg>
<arg>${btnsend}</arg>
<doc>Click the element identified by ``locator``.</doc>
<status status="PASS" start="2025-09-21T14:01:56.430035" elapsed="0.044220"/>
</kw>
<kw name="Wait Until Element Is Visible" owner="SeleniumLibrary">
<arg>${btnSalvarPower}</arg>
<arg>20s</arg>
<doc>Waits until the element ``locator`` is visible.</doc>
<status status="PASS" start="2025-09-21T14:01:56.474547" elapsed="0.633969"/>
</kw>
<kw name="Click Element" owner="SeleniumLibrary">
<msg time="2025-09-21T14:01:57.109044" level="INFO">Clicking element '//*[@id="btnSalvarPower"]'.</msg>
<arg>${btnSalvarPower}</arg>
<doc>Click the element identified by ``locator``.</doc>
<status status="PASS" start="2025-09-21T14:01:57.108838" elapsed="0.029091"/>
</kw>
<kw name="Wait Until Page Does Not Contain Element" owner="SeleniumLibrary">
<arg>${btnSalvarPower}</arg>
<arg>20s</arg>
<doc>Waits until the element ``locator`` disappears from the current page.</doc>
<status status="PASS" start="2025-09-21T14:01:57.138748" elapsed="4.399066"/>
</kw>
<status status="PASS" start="2025-09-21T14:01:38.145966" elapsed="23.392422"/>
</test>
<status status="PASS" start="2025-09-21T14:01:29.227559" elapsed="32.311277"/>
</suite>
<suite id="s1-s13" name="13-Assinatura-Lote" source="H:\robot-D4S\Smoke Test - D4S\13-assinatura-lote.robot">
<test id="s1-s13-t1" name="Login" line="29">
<kw name="Open Browser" owner="SeleniumLibrary">
<msg time="2025-09-21T14:02:01.542293" level="INFO">Opening browser 'chrome' to base url 'https://secure.d4sign.com.br/'.</msg>
<arg>${URL}</arg>
<arg>chrome</arg>
<doc>Opens a new browser instance to the optional ``url``.</doc>
<status status="PASS" start="2025-09-21T14:02:01.542128" elapsed="2.137436"/>
</kw>
<kw name="Execute Javascript" owner="SeleniumLibrary">
<msg time="2025-09-21T14:02:03.680324" level="INFO">Executing JavaScript:
document.cookie = "contratoazul_language=pt"
Without any arguments.</msg>
<arg>${setcookie}</arg>
<doc>Executes the given JavaScript code with possible arguments.</doc>
<status status="PASS" start="2025-09-21T14:02:03.679925" elapsed="0.115124"/>
</kw>
<kw name="Wait Until Element Is Visible" owner="SeleniumLibrary">
<arg>${Email}</arg>
<arg>10s</arg>
<doc>Waits until the element ``locator`` is visible.</doc>
<status status="PASS" start="2025-09-21T14:02:03.795334" elapsed="2.054083"/>
</kw>
<kw name="Input Text" owner="SeleniumLibrary">
<msg time="2025-09-21T14:02:05.849931" level="INFO">Typing text 'automacao@d4sign.com.br' into text field 'id=Email'.</msg>
<arg>${Email}</arg>
<arg>${USERNAME}</arg>
<doc>Types the given ``text`` into the text field identified by ``locator``.</doc>
<status status="PASS" start="2025-09-21T14:02:05.849694" elapsed="0.055516"/>
</kw>
<kw name="Input Text" owner="SeleniumLibrary">
<msg time="2025-09-21T14:02:05.905769" level="INFO">Typing text 'd4sign123' into text field 'id=Passwd'.</msg>
<arg>${Passwd}</arg>
<arg>${PASSWORD}</arg>
<doc>Types the given ``text`` into the text field identified by ``locator``.</doc>
<status status="PASS" start="2025-09-21T14:02:05.905514" elapsed="0.084663"/>
</kw>
<kw name="Click Button" owner="SeleniumLibrary">
<msg time="2025-09-21T14:02:05.990625" level="INFO">Clicking button 'id=logar'.</msg>
<arg>${logar}</arg>
<doc>Clicks the button identified by ``locator``.</doc>
<status status="PASS" start="2025-09-21T14:02:05.990426" elapsed="4.451714"/>
</kw>
<kw name="Wait Until Element Is Visible" owner="SeleniumLibrary">
<arg>${logoD4S}</arg>
<arg>10s</arg>
<doc>Waits until the element ``locator`` is visible.</doc>
<status status="PASS" start="2025-09-21T14:02:10.442429" elapsed="0.010123"/>
</kw>
<kw name="Page Should Contain Image" owner="SeleniumLibrary">
<msg time="2025-09-21T14:02:10.458803" level="INFO">Current page contains image '//*[@id="page-wrapper"]/div[1]/nav/div/div/div[1]/a/img'.</msg>
<arg>${logoD4S}</arg>
<doc>Verifies image identified by ``locator`` is found from current page.</doc>
<status status="PASS" start="2025-09-21T14:02:10.452789" elapsed="0.006094"/>
</kw>
<status status="PASS" start="2025-09-21T14:02:01.541756" elapsed="8.917321"/>
</test>
<test id="s1-s13-t2" name="Assinar em Lote" line="39">
<kw name="Click Element" owner="SeleniumLibrary">
<msg time="2025-09-21T14:02:10.460154" level="INFO">Clicking element '//*[@id="div-menu-desk"]/ul[1]/li[2]/a'.</msg>
<arg>${botaoLote}</arg>
<doc>Click the element identified by ``locator``.</doc>
<status status="PASS" start="2025-09-21T14:02:10.459939" elapsed="8.597802"/>
</kw>
<kw name="Wait Until Element Is Visible" owner="SeleniumLibrary">
<arg>${paginaLote}</arg>
<arg>10s</arg>
<doc>Waits until the element ``locator`` is visible.</doc>
<status status="PASS" start="2025-09-21T14:02:19.058055" elapsed="0.022642"/>
</kw>
<kw name="Reload Page" owner="SeleniumLibrary">
<doc>Simulates user reloading page.</doc>
<status status="PASS" start="2025-09-21T14:02:19.081235" elapsed="8.299081"/>
</kw>
<kw name="Click Element" owner="SeleniumLibrary">
<msg time="2025-09-21T14:02:27.380780" level="INFO">Clicking element '//*[@id="editable_paginate"]/ul/li[6]/a'.</msg>
<arg>${botaoPagina5}</arg>
<doc>Click the element identified by ``locator``.</doc>
<status status="PASS" start="2025-09-21T14:02:27.380569" elapsed="8.786502"/>
</kw>
<kw name="Click Element" owner="SeleniumLibrary">
<msg time="2025-09-21T14:02:36.167546" level="INFO">Clicking element '//*[@id="editable_paginate"]/ul/li[10]/a'.</msg>
<arg>${botaoPagina9}</arg>
<doc>Click the element identified by ``locator``.</doc>
<status status="PASS" start="2025-09-21T14:02:36.167328" elapsed="8.563677"/>
</kw>
<kw name="Click Element" owner="SeleniumLibrary">
<msg time="2025-09-21T14:02:44.731515" level="INFO">Clicking element '//*[@id="editable_paginate"]/ul/li[11]/a'.</msg>
<arg>${botaoPagina13}</arg>
<doc>Click the element identified by ``locator``.</doc>
<status status="PASS" start="2025-09-21T14:02:44.731293" elapsed="8.253662"/>
</kw>
<kw name="Click Element" owner="SeleniumLibrary">
<msg time="2025-09-21T14:02:52.985480" level="INFO">Clicking element '//*[@id="select_all"]'.</msg>
<arg>${checkbox}</arg>
<doc>Click the element identified by ``locator``.</doc>
<status status="PASS" start="2025-09-21T14:02:52.985265" elapsed="0.065712"/>
</kw>
<kw name="Click Element" owner="SeleniumLibrary">
<msg time="2025-09-21T14:02:53.051442" level="INFO">Clicking element '(//*[@id="divBtnMove"]/a)[3]'.</msg>
<arg>${botaoAssinarLote}</arg>
<doc>Click the element identified by ``locator``.</doc>
<status status="PASS" start="2025-09-21T14:02:53.051228" elapsed="0.060803"/>
</kw>
<kw name="Wait Until Element Is Visible" owner="SeleniumLibrary">
<arg>${senhaConta}</arg>
<arg>10s</arg>
<doc>Waits until the element ``locator`` is visible.</doc>
<status status="PASS" start="2025-09-21T14:02:53.112321" elapsed="0.424337"/>
</kw>
<kw name="Input Text" owner="SeleniumLibrary">
<msg time="2025-09-21T14:02:53.537253" level="INFO">Typing text 'd4sign123' into text field '//*[@id="senhaConta"]'.</msg>
<arg>${senhaConta}</arg>
<arg>${PASSWORD}</arg>
<doc>Types the given ``text`` into the text field identified by ``locator``.</doc>
<status status="PASS" start="2025-09-21T14:02:53.537013" elapsed="0.073475"/>
</kw>
<kw name="Click Element" owner="SeleniumLibrary">
<msg time="2025-09-21T14:02:53.610944" level="INFO">Clicking element '//*[@id="btnSalvarAssinatura"]'.</msg>
<arg>${assinar}</arg>
<doc>Click the element identified by ``locator``.</doc>
<status status="PASS" start="2025-09-21T14:02:53.610738" elapsed="0.041704"/>
</kw>
<kw name="Wait Until Page Does Not Contain Element" owner="SeleniumLibrary">
<arg>${modal}</arg>
<arg>240s</arg>
<doc>Waits until the element ``locator`` disappears from the current page.</doc>
<status status="PASS" start="2025-09-21T14:02:53.652732" elapsed="127.387501"/>
</kw>
<kw name="Page Should Not Contain Element" owner="SeleniumLibrary">
<msg time="2025-09-21T14:05:01.045459" level="INFO">Current page does not contain element '//*[@id="form-assinaturaend"]'.</msg>
<arg>${modal}</arg>
<doc>Verifies that element ``locator`` is not found on the current page.</doc>
<status status="PASS" start="2025-09-21T14:05:01.040524" elapsed="0.005016"/>
</kw>
<status status="PASS" start="2025-09-21T14:02:10.459556" elapsed="170.586187"/>
</test>
<status status="PASS" start="2025-09-21T14:02:01.539389" elapsed="179.506825"/>
</suite>
<status status="FAIL" start="2025-09-21T13:56:07.262028" elapsed="533.784997"/>
</suite>
<statistics>
<total>
<stat pass="30" fail="2" skip="0">All Tests</stat>
</total>
<tag>
</tag>
<suite>
<stat name="Smoke Test - D4S" id="s1" pass="30" fail="2" skip="0">Smoke Test - D4S</stat>
<stat name="01-Busca-Signatario" id="s1-s1" pass="2" fail="0" skip="0">Smoke Test - D4S.01-Busca-Signatario</stat>
<stat name="02-Busca-Tags" id="s1-s2" pass="1" fail="1" skip="0">Smoke Test - D4S.02-Busca-Tags</stat>
<stat name="03-Listar-Fases" id="s1-s3" pass="2" fail="0" skip="0">Smoke Test - D4S.03-Listar-Fases</stat>
<stat name="04-Criar-Cofre" id="s1-s4" pass="2" fail="0" skip="0">Smoke Test - D4S.04-Criar-Cofre</stat>
<stat name="05-Envio-Desk" id="s1-s5" pass="2" fail="0" skip="0">Smoke Test - D4S.05-Envio-Desk</stat>
<stat name="06-Envio-Cofre" id="s1-s6" pass="2" fail="0" skip="0">Smoke Test - D4S.06-Envio-Cofre</stat>
<stat name="07-Envio-Assinatura" id="s1-s7" pass="3" fail="0" skip="0">Smoke Test - D4S.07-Envio-Assinatura</stat>
<stat name="08-Envio-Grupo-Assinatura" id="s1-s8" pass="3" fail="0" skip="0">Smoke Test - D4S.08-Envio-Grupo-Assinatura</stat>
<stat name="09-Envio-Template-Html" id="s1-s9" pass="4" fail="0" skip="0">Smoke Test - D4S.09-Envio-Template-Html</stat>
<stat name="10-Envio-Template-Word" id="s1-s10" pass="4" fail="0" skip="0">Smoke Test - D4S.10-Envio-Template-Word</stat>
<stat name="11-Envio-Lote" id="s1-s11" pass="1" fail="1" skip="0">Smoke Test - D4S.11-Envio-Lote</stat>
<stat name="12-Envio-Powerform" id="s1-s12" pass="2" fail="0" skip="0">Smoke Test - D4S.12-Envio-Powerform</stat>
<stat name="13-Assinatura-Lote" id="s1-s13" pass="2" fail="0" skip="0">Smoke Test - D4S.13-Assinatura-Lote</stat>
</suite>
</statistics>
<errors>
</errors>
</robot>
