<?xml version="1.0" encoding="UTF-8"?>
<robot generator="Robot 7.3.2 (Python 3.13.7 on win32)" generated="2025-09-30T00:12:06.632497" rpa="false" schemaversion="5">
<suite id="s1" name="Robot" source="C:\Users\joao.carlos_d4sign\Desktop\Robot">
<suite id="s1-s1" name="API" source="C:\Users\joao.carlos_d4sign\Desktop\Robot\API">
<suite id="s1-s1-s1" name="Posts-API" source="C:\Users\joao.carlos_d4sign\Desktop\Robot\API\Posts-API.robot">
<test id="s1-s1-s1-t1" name="11 - Criar documento Template HTML" line="362">
<kw name="Gerar Documento Via Template HTML" owner="keywords">
<kw name="Create Dictionary" owner="BuiltIn">
<msg time="2025-09-30T00:12:07.179639" level="INFO">&amp;{headers} = { tokenAPI=live_edbbbe82a765d29e08d33066fca8187d4d33af4ae5069f63f2532a33e157a3cc | cryptKey=live_crypt_986BQliUIFNKCO2ZlDCubKHZkIapJpTA | Content-Type=application/json | Accept=application/json }</msg>
<var>&amp;{headers}</var>
<arg>tokenAPI=${TOKEN_API}</arg>
<arg>cryptKey=${CRYPT_KEY}</arg>
<arg>Content-Type=application/json</arg>
<arg>Accept=application/json</arg>
<doc>Creates and returns a dictionary based on the given ``items``.</doc>
<status status="PASS" start="2025-09-30T00:12:07.178890" elapsed="0.001076"/>
</kw>
<kw name="Create Dictionary" owner="BuiltIn">
<msg time="2025-09-30T00:12:07.181262" level="INFO">&amp;{dados_template} = { marca=Carro | laranja=Fruta | cor=Azul | trueFALSE=true | rua=Avenida Paulista | lugares=Parque Ibirapuera | restaurant=Restaurante Fictício }</msg>
<var>&amp;{dados_template}</var>
<arg>marca=${marca}</arg>
<arg>laranja=${laranja}</arg>
<arg>cor=${cor}</arg>
<arg>trueFALSE=${trueFALSE}</arg>
<arg>rua=${rua}</arg>
<arg>lugares=${lugares}</arg>
<arg>restaurant=${restaurant}</arg>
<doc>Creates and returns a dictionary based on the given ``items``.</doc>
<status status="PASS" start="2025-09-30T00:12:07.180246" elapsed="0.001344"/>
</kw>
<kw name="Create Dictionary" owner="BuiltIn">
<msg time="2025-09-30T00:12:07.182481" level="INFO">&amp;{templates_obj} = { NjMyMTg=={'marca': 'Carro', 'laranja': 'Fruta', 'cor': 'Azul', 'trueFALSE': 'true', 'rua': 'Avenida Paulista', 'lugares': 'Parque Ibirapuera', 'restaurant': 'Restaurante Fictício'} }</msg>
<var>&amp;{templates_obj}</var>
<arg>${template_id_html}=&amp;{dados_template}</arg>
<doc>Creates and returns a dictionary based on the given ``items``.</doc>
<status status="PASS" start="2025-09-30T00:12:07.181854" elapsed="0.001042"/>
</kw>
<kw name="Create Dictionary" owner="BuiltIn">
<msg time="2025-09-30T00:12:07.184049" level="INFO">&amp;{body} = { name_document=Relatório de QA - Temp HTML | templates={'NjMyMTg=': {'marca': 'Carro', 'laranja': 'Fruta', 'cor': 'Azul', 'trueFALSE': 'true', 'rua': 'Avenida Paulista', 'lugares': 'Parque Ibirapuera...</msg>
<var>&amp;{body}</var>
<arg>name_document=${nome_documento_html}</arg>
<arg>templates=&amp;{templates_obj}</arg>
<doc>Creates and returns a dictionary based on the given ``items``.</doc>
<status status="PASS" start="2025-09-30T00:12:07.183130" elapsed="0.001401"/>
</kw>
<kw name="Delete All Sessions" owner="RequestsLibrary">
<msg time="2025-09-30T00:12:07.185363" level="INFO">Deleting All Sessions</msg>
<doc>Removes all the session objects</doc>
<status status="PASS" start="2025-09-30T00:12:07.184893" elapsed="0.000778"/>
</kw>
<kw name="Create Session" owner="RequestsLibrary">
<msg time="2025-09-30T00:12:07.186440" level="INFO">Creating Session using : alias=gerar_template_html, url=https://secure.d4sign.com.br/api/v1, headers={'tokenAPI': 'live_edbbbe82a765d29e08d33066fca8187d4d33af4ae5069f63f2532a33e157a3cc', 'cryptKey': 'live_crypt_986BQliUIFNKCO2ZlDCubKHZkIapJpTA', 'Content-Type': 'application/json', 'Accept': 'application/json'},                     cookies={}, auth=None, timeout=None, proxies=None, verify=False,                     debug=0 </msg>
<arg>gerar_template_html</arg>
<arg>${BASE_URL}</arg>
<arg>headers=&amp;{headers}</arg>
<doc>Create Session: create a HTTP session to a server</doc>
<status status="PASS" start="2025-09-30T00:12:07.185862" elapsed="0.001244"/>
</kw>
<kw name="POST On Session" owner="RequestsLibrary">
<msg time="2025-09-30T00:12:15.901382" level="INFO">POST Request : url=https://secure.d4sign.com.br/api/v1/documents/27431c09-bf98-418b-8727-1abfabae28c9/makedocumentbytemplate 
 path_url=/api/v1/documents/27431c09-bf98-418b-8727-1abfabae28c9/makedocumentbytemplate 
 headers={'User-Agent': 'python-requests/2.32.5', 'Accept-Encoding': 'gzip, deflate', 'Accept': 'application/json', 'Connection': 'keep-alive', 'tokenAPI': 'live_edbbbe82a765d29e08d33066fca8187d4d33af4ae5069f63f2532a33e157a3cc', 'cryptKey': 'live_crypt_986BQliUIFNKCO2ZlDCubKHZkIapJpTA', 'Content-Type': 'application/json', 'Content-Length': '258'} 
 body=b'{"name_document": "Relat\\u00f3rio de QA - Temp HTML", "templates": {"NjMyMTg=": {"marca": "Carro", "laranja": "Fruta", "cor": "Azul", "trueFALSE": "true", "rua": "Avenida Paulista", "lugares": "Parque Ibirapuera", "restaurant": "Restaurante Fict\\u00edcio"}}}' 
 </msg>
<msg time="2025-09-30T00:12:15.901771" level="INFO">POST Response : url=https://secure.d4sign.com.br/api/v1/documents/27431c09-bf98-418b-8727-1abfabae28c9/makedocumentbytemplate 
 status=200, reason=OK 
 headers={'Date': 'Tue, 30 Sep 2025 03:12:16 GMT', 'Content-Type': 'application/json; charset=utf-8', 'Content-Length': '67', 'Connection': 'keep-alive', 'Set-Cookie': 'AWSALBTG=CtBEQVJCxxwMoEOdNIIhC7wNskrRtsW4QjqzJYHVM69p58M1Fua+zH129VMQgrkkbzMys7l9bVJzPkQxKjQafEUj0tY2EeSEB4Ot+fkJnFKJ4+Lrsc1mRaxulCIdfC04WlPa1B4IbTj6sx5K0ma54+Rhp78FjuNZ6jgdTNKZ38FEtN6cIQU=; Expires=Tue, 07 Oct 2025 03:12:07 GMT; Path=/, AWSALBTGCORS=CtBEQVJCxxwMoEOdNIIhC7wNskrRtsW4QjqzJYHVM69p58M1Fua+zH129VMQgrkkbzMys7l9bVJzPkQxKjQafEUj0tY2EeSEB4Ot+fkJnFKJ4+Lrsc1mRaxulCIdfC04WlPa1B4IbTj6sx5K0ma54+Rhp78FjuNZ6jgdTNKZ38FEtN6cIQU=; Expires=Tue, 07 Oct 2025 03:12:07 GMT; Path=/; SameSite=None; Secure, AWSALB=qe+RfGEXoZqc0jvANMHDUgzGUhSRbPxdB4Ex7U/MNPnq6JGpnNGIKctbPeUdi5uEmM0zWhB82WEZoODHG8udxxsfkiPJpy5qfobvHIKODlf5rgH2x+UYOp0xQC83; Expires=Tue, 07 Oct 2025 03:12:07 GMT; Path=/, AWSALBCORS=qe+RfGEXoZqc0jvANMHDUgzGUhSRbPxdB4Ex7U/MNPnq6JGpnNGIKctbPeUdi5uEmM0zWhB82WEZoODHG8udxxsfkiPJpy5qfobvHIKODlf5rgH2x+UYOp0xQC83; Expires=Tue, 07 Oct 2025 03:12:07 GMT; Path=/; SameSite=None; Secure, ci_session=21np6ocucp70b3hehbm713i31i1r3e9j; expires=Tue, 30-Sep-2025 05:12:15 GMT; Max-Age=7200; path=/; secure; HttpOnly', 'Server': 'Apache/2.4.41 (Ubuntu)', 'Strict-Transport-Security': 'max-age=31536000; includeSubDomains', 'X-Content-Type-Options': 'nosniff', 'Expires': 'Thu, 19 Nov 1981 08:52:00 GMT', 'Cache-Control': 'no-store, no-cache, must-revalidate', 'Pragma': 'no-cache', 'X-XSS-Protection': '1; mode=block'} 
 body={"message":"success","uuid":"f66aff56-8e89-43a3-926f-8e506ce84d01"} 
 </msg>
<msg time="2025-09-30T00:12:15.902011" level="INFO">C:\Users\joao.carlos_d4sign\AppData\Local\Packages\PythonSoftwareFoundation.Python.3.13_qbz5n2kfra8p0\LocalCache\local-packages\Python313\site-packages\urllib3\connectionpool.py:1097: InsecureRequestWarning: Unverified HTTPS request is being made to host 'secure.d4sign.com.br'. Adding certificate verification is strongly advised. See: https://urllib3.readthedocs.io/en/latest/advanced-usage.html#tls-warnings
  warnings.warn(</msg>
<msg time="2025-09-30T00:12:15.902655" level="INFO">${response} = &lt;Response [200]&gt;</msg>
<var>${response}</var>
<arg>gerar_template_html</arg>
<arg>/documents/${UUID_SAFE1}/makedocumentbytemplate</arg>
<arg>json=&amp;{body}</arg>
<doc>Sends a POST request on a previously created HTTP Session.</doc>
<status status="PASS" start="2025-09-30T00:12:07.187313" elapsed="8.715505"/>
</kw>
<return>
<value>${response}</value>
<status status="PASS" start="2025-09-30T00:12:15.902965" elapsed="0.000446"/>
</return>
<msg time="2025-09-30T00:12:15.903697" level="INFO">${response} = &lt;Response [200]&gt;</msg>
<var>${response}</var>
<arg>${TOKEN_API}</arg>
<arg>${CRYPT_KEY}</arg>
<arg>${UUID_SAFE1}</arg>
<arg>${TEMPLATE_ID_HTML}</arg>
<arg>${NOME_DOC_HTML}</arg>
<arg>${MARCA_VAR}</arg>
<arg>${LARANJA_VAR}</arg>
<arg>${COR_VAR}</arg>
<arg>${TRUEFALSE_VAR}</arg>
<arg>${RUA_VAR}</arg>
<arg>${LUGARES_VAR}</arg>
<arg>${RESTAURANT_VAR}</arg>
<doc>Cria um documento a partir de um template HTML.</doc>
<status status="PASS" start="2025-09-30T00:12:07.177354" elapsed="8.726853"/>
</kw>
<kw name="Status Should Be" owner="RequestsLibrary">
<arg>200</arg>
<arg>${response}</arg>
<doc>Fails if response status code is different than the expected.</doc>
<status status="PASS" start="2025-09-30T00:12:15.906059" elapsed="0.001652"/>
</kw>
<kw name="Log Response Time" owner="keywords">
<kw name="Convert To String" owner="BuiltIn">
<msg time="2025-09-30T00:12:15.912562" level="INFO">${tempo_str} = 0:00:08.707030</msg>
<var>${tempo_str}</var>
<arg>${response.elapsed}</arg>
<doc>Converts the given item to a Unicode string.</doc>
<status status="PASS" start="2025-09-30T00:12:15.910768" elapsed="0.002059"/>
</kw>
<kw name="Split String" owner="String">
<msg time="2025-09-30T00:12:15.913607" level="INFO">${partes} = ['0', '00', '08.707030']</msg>
<var>${partes}</var>
<arg>${tempo_str}</arg>
<arg>:</arg>
<doc>Splits the ``string`` using ``separator`` as a delimiter string.</doc>
<status status="PASS" start="2025-09-30T00:12:15.912996" elapsed="0.001101"/>
</kw>
<kw name="Convert To Number" owner="BuiltIn">
<msg time="2025-09-30T00:12:15.915813" level="INFO">${segundos} = 8.70703</msg>
<var>${segundos}</var>
<arg>${partes}[2]</arg>
<doc>Converts the given item to a floating point number.</doc>
<status status="PASS" start="2025-09-30T00:12:15.914885" elapsed="0.001364"/>
</kw>
<kw name="Evaluate" owner="BuiltIn">
<msg time="2025-09-30T00:12:15.920539" level="INFO">${tempo_arredondado} = 8.707</msg>
<var>${tempo_arredondado}</var>
<arg>round(${segundos}, 3)</arg>
<doc>Evaluates the given expression in Python and returns the result.</doc>
<status status="PASS" start="2025-09-30T00:12:15.916714" elapsed="0.004817"/>
</kw>
<return>
<value>${tempo_arredondado}</value>
<status status="PASS" start="2025-09-30T00:12:15.921778" elapsed="0.000312"/>
</return>
<arg>${response}</arg>
<status status="PASS" start="2025-09-30T00:12:15.908796" elapsed="0.013464"/>
</kw>
<kw name="Call Method" owner="BuiltIn">
<msg time="2025-09-30T00:12:15.923447" level="INFO">${json_anexo} = {'message': 'success', 'uuid': 'f66aff56-8e89-43a3-926f-8e506ce84d01'}</msg>
<var>${json_anexo}</var>
<arg>${response}</arg>
<arg>json</arg>
<doc>Calls the named method of the given object with the provided arguments.</doc>
<status status="PASS" start="2025-09-30T00:12:15.922688" elapsed="0.001111"/>
</kw>
<kw name="Should Be Equal As Strings" owner="BuiltIn">
<arg>${json_anexo['message']}</arg>
<arg>success</arg>
<doc>Fails if objects are unequal after converting them to strings.</doc>
<status status="PASS" start="2025-09-30T00:12:15.924822" elapsed="0.001869"/>
</kw>
<kw name="Log Response As Formatted JSON" owner="keywords">
<kw name="Evaluate" owner="BuiltIn">
<msg time="2025-09-30T00:12:15.930043" level="INFO">${json} = {'message': 'success', 'uuid': 'f66aff56-8e89-43a3-926f-8e506ce84d01'}</msg>
<var>${json}</var>
<arg>json.loads(r'''${response.text}''')</arg>
<arg>json</arg>
<doc>Evaluates the given expression in Python and returns the result.</doc>
<status status="PASS" start="2025-09-30T00:12:15.927768" elapsed="0.002558"/>
</kw>
<kw name="Evaluate" owner="BuiltIn">
<msg time="2025-09-30T00:12:15.932111" level="INFO">${pretty} = {
  "message": "success",
  "uuid": "f66aff56-8e89-43a3-926f-8e506ce84d01"
}</msg>
<var>${pretty}</var>
<arg>json.dumps(${json}, indent=2, ensure_ascii=False)</arg>
<arg>json</arg>
<doc>Evaluates the given expression in Python and returns the result.</doc>
<status status="PASS" start="2025-09-30T00:12:15.930514" elapsed="0.002184"/>
</kw>
<kw name="Log" owner="BuiltIn">
<msg time="2025-09-30T00:12:15.934499" level="INFO">{
  "message": "success",
  "uuid": "f66aff56-8e89-43a3-926f-8e506ce84d01"
}</msg>
<arg>${pretty}</arg>
<doc>Logs the given message with the given level.</doc>
<status status="PASS" start="2025-09-30T00:12:15.933045" elapsed="0.003367"/>
</kw>
<kw name="Log To Console" owner="BuiltIn">
<arg>${pretty}</arg>
<doc>Logs the given message to the console.</doc>
<status status="PASS" start="2025-09-30T00:12:15.937401" elapsed="0.002299"/>
</kw>
<arg>${response}</arg>
<status status="PASS" start="2025-09-30T00:12:15.927180" elapsed="0.013441"/>
</kw>
<kw name="Log Response As Formatted JSON" owner="keywords">
<kw name="Evaluate" owner="BuiltIn">
<msg time="2025-09-30T00:12:15.951159" level="INFO">${json} = {'message': 'success', 'uuid': 'f66aff56-8e89-43a3-926f-8e506ce84d01'}</msg>
<var>${json}</var>
<arg>json.loads(r'''${response.text}''')</arg>
<arg>json</arg>
<doc>Evaluates the given expression in Python and returns the result.</doc>
<status status="PASS" start="2025-09-30T00:12:15.944663" elapsed="0.008256"/>
</kw>
<kw name="Evaluate" owner="BuiltIn">
<msg time="2025-09-30T00:12:15.955831" level="INFO">${pretty} = {
  "message": "success",
  "uuid": "f66aff56-8e89-43a3-926f-8e506ce84d01"
}</msg>
<var>${pretty}</var>
<arg>json.dumps(${json}, indent=2, ensure_ascii=False)</arg>
<arg>json</arg>
<doc>Evaluates the given expression in Python and returns the result.</doc>
<status status="PASS" start="2025-09-30T00:12:15.953447" elapsed="0.002709"/>
</kw>
<kw name="Log" owner="BuiltIn">
<msg time="2025-09-30T00:12:15.956914" level="INFO">{
  "message": "success",
  "uuid": "f66aff56-8e89-43a3-926f-8e506ce84d01"
}</msg>
<arg>${pretty}</arg>
<doc>Logs the given message with the given level.</doc>
<status status="PASS" start="2025-09-30T00:12:15.956399" elapsed="0.000879"/>
</kw>
<kw name="Log To Console" owner="BuiltIn">
<arg>${pretty}</arg>
<doc>Logs the given message to the console.</doc>
<status status="PASS" start="2025-09-30T00:12:15.957587" elapsed="0.001124"/>
</kw>
<arg>${response}</arg>
<status status="PASS" start="2025-09-30T00:12:15.941582" elapsed="0.017409"/>
</kw>
<doc>Valida a criação de um documento usando um template HTML e variáveis específicas.</doc>
<status status="PASS" start="2025-09-30T00:12:07.172297" elapsed="8.787925"/>
</test>
<status status="PASS" start="2025-09-30T00:12:06.767569" elapsed="9.215755"/>
</suite>
<status status="PASS" start="2025-09-30T00:12:06.751158" elapsed="9.266419"/>
</suite>
<status status="PASS" start="2025-09-30T00:12:06.642088" elapsed="9.391243"/>
</suite>
<statistics>
<total>
<stat pass="1" fail="0" skip="0">All Tests</stat>
</total>
<tag>
</tag>
<suite>
<stat name="Robot" id="s1" pass="1" fail="0" skip="0">Robot</stat>
<stat name="API" id="s1-s1" pass="1" fail="0" skip="0">Robot.API</stat>
<stat name="Posts-API" id="s1-s1-s1" pass="1" fail="0" skip="0">Robot.API.Posts-API</stat>
</suite>
</statistics>
<errors>
</errors>
</robot>
