<?xml version="1.0" encoding="UTF-8"?>
<robot generator="Robot 7.3.2 (Python 3.13.7 on win32)" generated="2025-09-30T20:35:16.250644" rpa="false" schemaversion="5">
<suite id="s1" name="Robot" source="C:\Users\joao.carlos_d4sign\Desktop\Robot">
<suite id="s1-s1" name="Tests" source="C:\Users\joao.carlos_d4sign\Desktop\Robot\tests">
<suite id="s1-s1-s1" name="Smoke" source="C:\Users\joao.carlos_d4sign\Desktop\Robot\tests\smoke">
<suite id="s1-s1-s1-s1" name="Templates" source="C:\Users\joao.carlos_d4sign\Desktop\Robot\tests\smoke\templates">
<suite id="s1-s1-s1-s1-s1" name="10-Envio-Template-Word" source="C:\Users\joao.carlos_d4sign\Desktop\Robot\tests\smoke\templates\10-envio-template-word.robot">
<kw name="Test Setup" owner="ui_keywords" type="SETUP">
<kw name="Set Log Level" owner="BuiltIn">
<msg time="2025-09-30T20:35:16.970437" level="DEBUG">Log level changed from INFO to TRACE.</msg>
<msg time="2025-09-30T20:35:16.970648" level="TRACE">Return: 'INFO'</msg>
<arg>${LOG_LEVEL}</arg>
<doc>Sets the log threshold to the specified level.</doc>
<status status="PASS" start="2025-09-30T20:35:16.969888" elapsed="0.000905"/>
</kw>
<kw name="Set Log Level" owner="BuiltIn">
<msg time="2025-09-30T20:35:16.971304" level="TRACE">Arguments: [ 'NONE' ]</msg>
<arg>NONE</arg>
<doc>Sets the log threshold to the specified level.</doc>
<status status="PASS" start="2025-09-30T20:35:16.971005" elapsed="0.000604"/>
</kw>
<kw name="Set Variable If" owner="BuiltIn">
<var>${url}</var>
<arg>'${ENVIRONMENT}'=='dev'</arg>
<arg>${URL_DEV}</arg>
<arg>'${ENVIRONMENT}'=='homol'</arg>
<arg>${URL_HOMOL}</arg>
<arg>'${ENVIRONMENT}'=='staging'</arg>
<arg>${URL_STAGING}</arg>
<arg>'${ENVIRONMENT}'=='prod'</arg>
<arg>${URL_PROD}</arg>
<arg>${URL_PROD}</arg>
<doc>Sets variable based on the given condition.</doc>
<status status="PASS" start="2025-09-30T20:35:16.971797" elapsed="0.000857"/>
</kw>
<kw name="Set Suite Variable" owner="BuiltIn">
<arg>${URL}</arg>
<arg>${url}</arg>
<doc>Makes a variable available everywhere within the scope of the current suite.</doc>
<status status="PASS" start="2025-09-30T20:35:16.973119" elapsed="0.001800"/>
</kw>
<kw name="Set Variable If" owner="BuiltIn">
<var>${timeout}</var>
<arg>'${ENVIRONMENT}'=='dev'</arg>
<arg>${TIMEOUT_DEV}</arg>
<arg>'${ENVIRONMENT}'=='homol'</arg>
<arg>${TIMEOUT_STAGING}</arg>
<arg>'${ENVIRONMENT}'=='staging'</arg>
<arg>${TIMEOUT_STAGING}</arg>
<arg>'${ENVIRONMENT}'=='prod'</arg>
<arg>${TIMEOUT_PROD}</arg>
<arg>${TIMEOUT_STAGING}</arg>
<doc>Sets variable based on the given condition.</doc>
<status status="PASS" start="2025-09-30T20:35:16.975452" elapsed="0.000938"/>
</kw>
<kw name="Set Suite Variable" owner="BuiltIn">
<arg>${TIMEOUT}</arg>
<arg>${timeout}</arg>
<doc>Makes a variable available everywhere within the scope of the current suite.</doc>
<status status="PASS" start="2025-09-30T20:35:16.976629" elapsed="0.000485"/>
</kw>
<kw name="Set Log Level" owner="BuiltIn">
<arg>${LOG_LEVEL}</arg>
<doc>Sets the log threshold to the specified level.</doc>
<status status="PASS" start="2025-09-30T20:35:16.977283" elapsed="0.000456"/>
</kw>
<kw name="Login D4Sign" owner="ui_keywords">
<kw name="Open Browser" owner="SeleniumLibrary">
<arg>${URL}</arg>
<arg>${BROWSER_HEADLESS}</arg>
<doc>Opens a new browser instance to the optional ``url``.</doc>
<status status="PASS" start="2025-09-30T20:35:16.978501" elapsed="5.983557"/>
</kw>
<kw name="Set Window Size" owner="SeleniumLibrary">
<arg>1920</arg>
<arg>1080</arg>
<doc>Sets current windows size to given ``width`` and ``height``.</doc>
<status status="PASS" start="2025-09-30T20:35:22.962969" elapsed="0.294880"/>
</kw>
<kw name="Execute Javascript" owner="SeleniumLibrary">
<arg>${set_cookie}</arg>
<doc>Executes the given JavaScript code with possible arguments.</doc>
<status status="PASS" start="2025-09-30T20:35:23.258567" elapsed="0.026653"/>
</kw>
<kw name="Wait Until Element Is Visible" owner="SeleniumLibrary">
<arg>${Email}</arg>
<arg>${TIMEOUT}</arg>
<doc>Waits until the element ``locator`` is visible.</doc>
<status status="PASS" start="2025-09-30T20:35:23.285890" elapsed="2.158158"/>
</kw>
<kw name="Input Text" owner="SeleniumLibrary">
<arg>${Email}</arg>
<arg>${USERNAME}</arg>
<doc>Types the given ``text`` into the text field identified by ``locator``.</doc>
<status status="PASS" start="2025-09-30T20:35:25.444704" elapsed="0.122895"/>
</kw>
<kw name="Input Text" owner="SeleniumLibrary">
<arg>${Passwd}</arg>
<arg>${PASSWORD}</arg>
<doc>Types the given ``text`` into the text field identified by ``locator``.</doc>
<status status="PASS" start="2025-09-30T20:35:25.568126" elapsed="0.051557"/>
</kw>
<kw name="Click Button" owner="SeleniumLibrary">
<arg>${logar}</arg>
<doc>Clicks the button identified by ``locator``.</doc>
<status status="PASS" start="2025-09-30T20:35:25.620009" elapsed="0.263969"/>
</kw>
<kw name="Wait Until Element Is Visible" owner="SeleniumLibrary">
<arg>${logoD4S}</arg>
<arg>${TIMEOUT}</arg>
<doc>Waits until the element ``locator`` is visible.</doc>
<status status="PASS" start="2025-09-30T20:35:25.884567" elapsed="3.206702"/>
</kw>
<kw name="Page Should Contain Image" owner="SeleniumLibrary">
<arg>${logoD4S}</arg>
<doc>Verifies image identified by ``locator`` is found from current page.</doc>
<status status="PASS" start="2025-09-30T20:35:29.091621" elapsed="0.015020"/>
</kw>
<arg>${browser_type}</arg>
<arg>${set_cookie}</arg>
<doc>Realiza login no sistema D4Sign</doc>
<status status="PASS" start="2025-09-30T20:35:16.977987" elapsed="12.129050"/>
</kw>
<doc>Setup comum para todos os testes</doc>
<status status="PASS" start="2025-09-30T20:35:16.968438" elapsed="12.138835"/>
</kw>
<test id="s1-s1-s1-s1-s1-t1" name="Preenchimento de Template HTML" line="15">
<kw name="Log Template Test Info" owner="tag_logging">
<kw name="Log Tag Info" owner="tag_logging">
<kw name="Set Variable If" owner="BuiltIn">
<var>${emoji}</var>
<arg>'${tag}' == '${SMOKE_TAG}'</arg>
<arg>🔥</arg>
<arg>'${tag}' == '${API_TAG}'</arg>
<arg>🌐</arg>
<arg>'${tag}' == '${UI_TAG}'</arg>
<arg>🖥️</arg>
<arg>'${tag}' == '${CRITICAL_TAG}'</arg>
<arg>⚠️</arg>
<arg>'${tag}' == '${REGRESSION_TAG}'</arg>
<arg>🔄</arg>
<arg>'${tag}' == '${LOGIN_TAG}'</arg>
<arg>🔐</arg>
<arg>'${tag}' == '${UPLOAD_TAG}'</arg>
<arg>📤</arg>
<arg>'${tag}' == '${SIGNATURE_TAG}'</arg>
<arg>✍️</arg>
<arg>'${tag}' == '${TEMPLATE_TAG}'</arg>
<arg>📄</arg>
<arg>'${tag}' == '${BATCH_TAG}'</arg>
<arg>📦</arg>
<arg>🏷️</arg>
<doc>Sets variable based on the given condition.</doc>
<status status="PASS" start="2025-09-30T20:35:29.123384" elapsed="0.004357"/>
</kw>
<kw name="Log" owner="BuiltIn">
<arg>${emoji} [${tag}] ${message}</arg>
<arg>${level}</arg>
<doc>Logs the given message with the given level.</doc>
<status status="PASS" start="2025-09-30T20:35:29.129085" elapsed="0.001961"/>
</kw>
<arg>${TEMPLATE_TAG}</arg>
<arg>${message}</arg>
<doc>Log informações específicas baseadas na tag do teste</doc>
<status status="PASS" start="2025-09-30T20:35:29.121346" elapsed="0.010180"/>
</kw>
<arg>Iniciando teste de template Word</arg>
<doc>Log específico para testes de template</doc>
<status status="PASS" start="2025-09-30T20:35:29.118295" elapsed="0.013487"/>
</kw>
<kw name="Click Element" owner="SeleniumLibrary">
<arg>${cofre12}</arg>
<doc>Click the element identified by ``locator``.</doc>
<status status="PASS" start="2025-09-30T20:35:29.132616" elapsed="5.226982"/>
</kw>
<kw name="Wait Until Page Contains Element" owner="SeleniumLibrary">
<arg>${IAmodal}</arg>
<arg>${TIMEOUT}</arg>
<doc>Waits until the element ``locator`` appears on the current page.</doc>
<status status="PASS" start="2025-09-30T20:35:34.360878" elapsed="4.113195"/>
</kw>
<kw name="Click Element" owner="SeleniumLibrary">
<arg>${IAmodal}</arg>
<doc>Click the element identified by ``locator``.</doc>
<status status="PASS" start="2025-09-30T20:35:38.474728" elapsed="0.101034"/>
</kw>
<kw name="Wait Until Page Does Not Contain Element" owner="SeleniumLibrary">
<arg>${IAmodal}</arg>
<arg>${TIMEOUT}</arg>
<doc>Waits until the element ``locator`` disappears from the current page.</doc>
<status status="PASS" start="2025-09-30T20:35:38.576415" elapsed="0.007730"/>
</kw>
<kw name="Wait Until Element Is Visible" owner="SeleniumLibrary">
<arg>${novoArquivo}</arg>
<arg>${TIMEOUT}</arg>
<doc>Waits until the element ``locator`` is visible.</doc>
<status status="PASS" start="2025-09-30T20:35:38.584836" elapsed="0.037990"/>
</kw>
<kw name="Click Element" owner="SeleniumLibrary">
<arg>${novoArquivo}</arg>
<doc>Click the element identified by ``locator``.</doc>
<status status="PASS" start="2025-09-30T20:35:38.623979" elapsed="0.145485"/>
</kw>
<kw name="Click Element" owner="SeleniumLibrary">
<arg>${templateWORD}</arg>
<doc>Click the element identified by ``locator``.</doc>
<status status="PASS" start="2025-09-30T20:35:38.770262" elapsed="1.746714"/>
</kw>
<kw name="Input Text" owner="SeleniumLibrary">
<arg>${campoCodigo}</arg>
<arg>000001</arg>
<doc>Types the given ``text`` into the text field identified by ``locator``.</doc>
<status status="FAIL" start="2025-09-30T20:35:40.518618" elapsed="0.228086">Element with locator '//*[@id="form_clientecodigo"]' not found.</status>
</kw>
<kw name="Input Text" owner="SeleniumLibrary">
<arg>${campoData}</arg>
<arg>17/09/2025</arg>
<doc>Types the given ``text`` into the text field identified by ``locator``.</doc>
<status status="NOT RUN" start="2025-09-30T20:35:40.747797" elapsed="0.000579"/>
</kw>
<kw name="Input Text" owner="SeleniumLibrary">
<arg>${campoNomeFantasia}</arg>
<arg>Marisa Modas</arg>
<doc>Types the given ``text`` into the text field identified by ``locator``.</doc>
<status status="NOT RUN" start="2025-09-30T20:35:40.748792" elapsed="0.000381"/>
</kw>
<kw name="Input Text" owner="SeleniumLibrary">
<arg>${campoCidade}</arg>
<arg>Sáo Paulo</arg>
<doc>Types the given ``text`` into the text field identified by ``locator``.</doc>
<status status="NOT RUN" start="2025-09-30T20:35:40.749623" elapsed="0.000373"/>
</kw>
<kw name="Input Text" owner="SeleniumLibrary">
<arg>${campoEndereco}</arg>
<arg>Av. Brasil</arg>
<doc>Types the given ``text`` into the text field identified by ``locator``.</doc>
<status status="NOT RUN" start="2025-09-30T20:35:40.750443" elapsed="0.000369"/>
</kw>
<kw name="Input Text" owner="SeleniumLibrary">
<arg>${campoBairro}</arg>
<arg>Paris</arg>
<doc>Types the given ``text`` into the text field identified by ``locator``.</doc>
<status status="NOT RUN" start="2025-09-30T20:35:40.751239" elapsed="0.000373"/>
</kw>
<kw name="Input Text" owner="SeleniumLibrary">
<arg>${campoCep}</arg>
<arg>08531147</arg>
<doc>Types the given ``text`` into the text field identified by ``locator``.</doc>
<status status="NOT RUN" start="2025-09-30T20:35:40.752038" elapsed="0.000383"/>
</kw>
<kw name="Click Element" owner="SeleniumLibrary">
<arg>${salvarTemplate}</arg>
<doc>Click the element identified by ``locator``.</doc>
<status status="NOT RUN" start="2025-09-30T20:35:40.753104" elapsed="0.000857"/>
</kw>
<kw name="Wait Until Page Contains Element" owner="SeleniumLibrary">
<arg>${verificaEnvio}</arg>
<arg>240s</arg>
<doc>Waits until the element ``locator`` appears on the current page.</doc>
<status status="NOT RUN" start="2025-09-30T20:35:40.754754" elapsed="0.000983"/>
</kw>
<tag>regression</tag>
<tag>template</tag>
<tag>ui</tag>
<status status="FAIL" start="2025-09-30T20:35:29.107412" elapsed="11.649543">Element with locator '//*[@id="form_clientecodigo"]' not found.</status>
</test>
<test id="s1-s1-s1-s1-s1-t2" name="Envio do Documento" line="37">
<kw name="Click Element" owner="SeleniumLibrary">
<arg>${incluirEmail}</arg>
<doc>Click the element identified by ``locator``.</doc>
<status status="FAIL" start="2025-09-30T20:35:40.806708" elapsed="0.216143">Element with locator '//*[@id="page-wrapper"]/div[2]/div/div[1]/div/div/div/div[4]/div/div[2]/div[1]/span[1]/a' not found.</status>
</kw>
<kw name="Wait Until Element Is Visible" owner="SeleniumLibrary">
<arg>${botaoAssinatura}</arg>
<arg>${TIMEOUT}</arg>
<doc>Waits until the element ``locator`` is visible.</doc>
<status status="NOT RUN" start="2025-09-30T20:35:41.024285" elapsed="0.001492"/>
</kw>
<kw name="Sleep" owner="BuiltIn">
<arg>10s</arg>
<doc>Pauses the test executed for the given time.</doc>
<status status="NOT RUN" start="2025-09-30T20:35:41.026656" elapsed="0.000793"/>
</kw>
<kw name="Click Element" owner="SeleniumLibrary">
<arg>${botaoAssinatura}</arg>
<doc>Click the element identified by ``locator``.</doc>
<status status="NOT RUN" start="2025-09-30T20:35:41.028406" elapsed="0.000758"/>
</kw>
<kw name="Wait Until Element Is Visible" owner="SeleniumLibrary">
<arg>${botaoEnvio2}</arg>
<arg>${TIMEOUT}</arg>
<doc>Waits until the element ``locator`` is visible.</doc>
<status status="NOT RUN" start="2025-09-30T20:35:41.029892" elapsed="0.000630"/>
</kw>
<kw name="Click Element" owner="SeleniumLibrary">
<arg>${botaoEnvio2}</arg>
<doc>Click the element identified by ``locator``.</doc>
<status status="NOT RUN" start="2025-09-30T20:35:41.031196" elapsed="0.000550"/>
</kw>
<kw name="Wait Until Page Contains Element" owner="SeleniumLibrary">
<arg>${faseEnviado}</arg>
<arg>${TIMEOUT}</arg>
<doc>Waits until the element ``locator`` appears on the current page.</doc>
<status status="NOT RUN" start="2025-09-30T20:35:41.032360" elapsed="0.000615"/>
</kw>
<status status="FAIL" start="2025-09-30T20:35:40.796220" elapsed="0.237778">Element with locator '//*[@id="page-wrapper"]/div[2]/div/div[1]/div/div/div/div[4]/div/div[2]/div[1]/span[1]/a' not found.</status>
</test>
<test id="s1-s1-s1-s1-s1-t3" name="Assinatura do Template" line="47">
<kw name="Click Element" owner="SeleniumLibrary">
<arg>${assinar}</arg>
<doc>Click the element identified by ``locator``.</doc>
<status status="FAIL" start="2025-09-30T20:35:41.075493" elapsed="0.157321">Element with locator '//*[@id="adicionar-assinatura"]' not found.</status>
</kw>
<kw name="Wait Until Element Is Visible" owner="SeleniumLibrary">
<arg>${senhaConta}</arg>
<arg>${TIMEOUT}</arg>
<doc>Waits until the element ``locator`` is visible.</doc>
<status status="NOT RUN" start="2025-09-30T20:35:41.233709" elapsed="0.000691"/>
</kw>
<kw name="Input Text" owner="SeleniumLibrary">
<arg>${senhaConta}</arg>
<arg>${PASSWORD}</arg>
<doc>Types the given ``text`` into the text field identified by ``locator``.</doc>
<status status="NOT RUN" start="2025-09-30T20:35:41.235405" elapsed="0.001103"/>
</kw>
<kw name="Click Element" owner="SeleniumLibrary">
<arg>${salvarAssinatura}</arg>
<doc>Click the element identified by ``locator``.</doc>
<status status="NOT RUN" start="2025-09-30T20:35:41.237067" elapsed="0.000385"/>
</kw>
<kw name="Wait Until Element Is Visible" owner="SeleniumLibrary">
<arg>${verificaAssinatura}</arg>
<arg>${TIMEOUT}</arg>
<doc>Waits until the element ``locator`` is visible.</doc>
<status status="NOT RUN" start="2025-09-30T20:35:41.237851" elapsed="0.000354"/>
</kw>
<kw name="Page Should Contain Element" owner="SeleniumLibrary">
<arg>${verificaAssinatura}</arg>
<doc>Verifies that element ``locator`` is found on the current page.</doc>
<status status="NOT RUN" start="2025-09-30T20:35:41.238549" elapsed="0.000286"/>
</kw>
<status status="FAIL" start="2025-09-30T20:35:41.045109" elapsed="0.194154">Element with locator '//*[@id="adicionar-assinatura"]' not found.</status>
</test>
<kw name="Suite Teardown" owner="ui_keywords" type="TEARDOWN">
<kw name="Log" owner="BuiltIn">
<arg>Finalizando execução da suíte de testes</arg>
<arg>INFO</arg>
<doc>Logs the given message with the given level.</doc>
<status status="PASS" start="2025-09-30T20:35:41.279706" elapsed="0.001032"/>
</kw>
<kw name="Close Browser" owner="SeleniumLibrary">
<doc>Closes the current browser.</doc>
<status status="PASS" start="2025-09-30T20:35:41.281175" elapsed="4.187779"/>
</kw>
<doc>Teardown da suíte de testes</doc>
<status status="PASS" start="2025-09-30T20:35:41.278395" elapsed="4.190903"/>
</kw>
<status status="FAIL" start="2025-09-30T20:35:16.465045" elapsed="29.004439"/>
</suite>
<status status="FAIL" start="2025-09-30T20:35:16.434663" elapsed="29.039870"/>
</suite>
<status status="FAIL" start="2025-09-30T20:35:16.412707" elapsed="29.066939"/>
</suite>
<status status="FAIL" start="2025-09-30T20:35:16.398288" elapsed="29.085372"/>
</suite>
<status status="FAIL" start="2025-09-30T20:35:16.261907" elapsed="29.226768"/>
</suite>
<statistics>
<total>
<stat pass="0" fail="3" skip="0">All Tests</stat>
</total>
<tag>
<stat pass="0" fail="1" skip="0">regression</stat>
<stat pass="0" fail="1" skip="0">template</stat>
<stat pass="0" fail="1" skip="0">ui</stat>
</tag>
<suite>
<stat name="Robot" id="s1" pass="0" fail="3" skip="0">Robot</stat>
<stat name="Tests" id="s1-s1" pass="0" fail="3" skip="0">Robot.Tests</stat>
<stat name="Smoke" id="s1-s1-s1" pass="0" fail="3" skip="0">Robot.Tests.Smoke</stat>
<stat name="Templates" id="s1-s1-s1-s1" pass="0" fail="3" skip="0">Robot.Tests.Smoke.Templates</stat>
<stat name="10-Envio-Template-Word" id="s1-s1-s1-s1-s1" pass="0" fail="3" skip="0">Robot.Tests.Smoke.Templates.10-Envio-Template-Word</stat>
</suite>
</statistics>
<errors>
</errors>
</robot>
