<?xml version="1.0" encoding="UTF-8"?>
<robot generator="Robot 7.3.2 (Python 3.13.5 on win32)" generated="2025-09-21T15:29:01.483485" rpa="false" schemaversion="5">
<suite id="s1" name="Smoke Test - D4S" source="H:\robot-D4S\Smoke Test - D4S">
<suite id="s1-s1" name="01-Busca-Signatario" source="H:\robot-D4S\Smoke Test - D4S\01-busca-signatario.robot">
<test id="s1-s1-t1" name="Login" line="7">
<kw name="Open Browser" owner="SeleniumLibrary">
<msg time="2025-09-21T15:29:01.765331" level="INFO">Opening browser 'chrome' to base url 'https://secure.d4sign.com.br/'.</msg>
<arg>${URL}</arg>
<arg>${BROWSER}</arg>
<doc>Opens a new browser instance to the optional ``url``.</doc>
<status status="PASS" start="2025-09-21T15:29:01.765161" elapsed="2.391147"/>
</kw>
<kw name="Execute Javascript" owner="SeleniumLibrary">
<msg time="2025-09-21T15:29:04.157170" level="INFO">Executing JavaScript:
document.cookie = "contratoazul_language=pt"
Without any arguments.</msg>
<arg>${setcookie}</arg>
<doc>Executes the given JavaScript code with possible arguments.</doc>
<status status="PASS" start="2025-09-21T15:29:04.156690" elapsed="0.207321"/>
</kw>
<kw name="Wait Until Element Is Visible" owner="SeleniumLibrary">
<arg>${Email}</arg>
<arg>${TIMEOUT}</arg>
<doc>Waits until the element ``locator`` is visible.</doc>
<status status="PASS" start="2025-09-21T15:29:04.364217" elapsed="1.858121"/>
</kw>
<kw name="Input Text" owner="SeleniumLibrary">
<msg time="2025-09-21T15:29:06.222690" level="INFO">Typing text 'automacao@d4sign.com.br' into text field 'id=Email'.</msg>
<arg>${Email}</arg>
<arg>${USERNAME}</arg>
<doc>Types the given ``text`` into the text field identified by ``locator``.</doc>
<status status="PASS" start="2025-09-21T15:29:06.222527" elapsed="0.043401"/>
</kw>
<kw name="Input Text" owner="SeleniumLibrary">
<msg time="2025-09-21T15:29:06.266289" level="INFO">Typing text 'd4sign123' into text field 'id=Passwd'.</msg>
<arg>${Passwd}</arg>
<arg>${PASSWORD}</arg>
<doc>Types the given ``text`` into the text field identified by ``locator``.</doc>
<status status="PASS" start="2025-09-21T15:29:06.266127" elapsed="0.078594"/>
</kw>
<kw name="Click Button" owner="SeleniumLibrary">
<msg time="2025-09-21T15:29:06.345139" level="INFO">Clicking button 'id=logar'.</msg>
<arg>${logar}</arg>
<doc>Clicks the button identified by ``locator``.</doc>
<status status="PASS" start="2025-09-21T15:29:06.344981" elapsed="0.043508"/>
</kw>
<kw name="Wait Until Element Is Visible" owner="SeleniumLibrary">
<arg>${logoD4S}</arg>
<arg>${TIMEOUT}</arg>
<doc>Waits until the element ``locator`` is visible.</doc>
<status status="PASS" start="2025-09-21T15:29:06.388688" elapsed="4.692879"/>
</kw>
<kw name="Page Should Contain Image" owner="SeleniumLibrary">
<msg time="2025-09-21T15:29:11.086347" level="INFO">Current page contains image '//*[@id="page-wrapper"]/div[1]/nav/div/div/div[1]/a/img'.</msg>
<arg>${logoD4S}</arg>
<doc>Verifies image identified by ``locator`` is found from current page.</doc>
<status status="PASS" start="2025-09-21T15:29:11.081766" elapsed="0.004630"/>
</kw>
<status status="PASS" start="2025-09-21T15:29:01.764641" elapsed="9.321884"/>
</test>
<test id="s1-s1-t2" name="Busca de e-mail de signatário" line="19">
<kw name="Click Element" owner="SeleniumLibrary">
<msg time="2025-09-21T15:29:11.086999" level="INFO">Clicking element '//*[@id="page-wrapper"]/div[2]/div[2]/div[1]/div/div/div/small/a[2]'.</msg>
<arg>${buscaSignatario}</arg>
<doc>Click the element identified by ``locator``.</doc>
<status status="PASS" start="2025-09-21T15:29:11.086888" elapsed="0.035084"/>
</kw>
<kw name="Wait Until Element Is Visible" owner="SeleniumLibrary">
<arg>${campoBusca}</arg>
<arg>${TIMEOUT}</arg>
<doc>Waits until the element ``locator`` is visible.</doc>
<status status="PASS" start="2025-09-21T15:29:11.122171" elapsed="0.618097"/>
</kw>
<kw name="Input Text" owner="SeleniumLibrary">
<msg time="2025-09-21T15:29:11.740602" level="INFO">Typing text 'joao.carlos@d4sign.com.br' into text field '//*[@id="q"]'.</msg>
<arg>${campoBusca}</arg>
<arg>${EMAIL_TESTE}</arg>
<doc>Types the given ``text`` into the text field identified by ``locator``.</doc>
<status status="PASS" start="2025-09-21T15:29:11.740451" elapsed="0.032858"/>
</kw>
<kw name="Press Keys" owner="SeleniumLibrary">
<msg time="2025-09-21T15:29:11.773750" level="INFO">Sending key(s) ('ENTER',) to //*[@id="q"] element.</msg>
<msg time="2025-09-21T15:29:12.045393" level="INFO">Pressing special key ENTER to element.</msg>
<msg time="2025-09-21T15:29:12.045450" level="INFO">Releasing special key ENTER.</msg>
<arg>${campoBusca}</arg>
<arg>ENTER</arg>
<doc>Simulates the user pressing key(s) to an element or on the active browser.</doc>
<status status="PASS" start="2025-09-21T15:29:11.773501" elapsed="0.274719"/>
</kw>
<kw name="Wait Until Element Is Visible" owner="SeleniumLibrary">
<arg>${resultadoBusca}</arg>
<arg>${TIMEOUT}</arg>
<doc>Waits until the element ``locator`` is visible.</doc>
<status status="PASS" start="2025-09-21T15:29:12.048402" elapsed="2.316399"/>
</kw>
<kw name="Click Element" owner="SeleniumLibrary">
<msg time="2025-09-21T15:29:14.365129" level="INFO">Clicking element '//*[@id="contratos"]/tbody/tr[7]/td[3]/a'.</msg>
<arg>${linkDocumento}</arg>
<doc>Click the element identified by ``locator``.</doc>
<status status="PASS" start="2025-09-21T15:29:14.364987" elapsed="0.048676"/>
</kw>
<kw name="Switch Window" owner="SeleniumLibrary">
<arg>NEW</arg>
<doc>Switches to browser window matching ``locator``.</doc>
<status status="PASS" start="2025-09-21T15:29:14.413872" elapsed="0.005746"/>
</kw>
<kw name="Wait Until Element Is Visible" owner="SeleniumLibrary">
<arg>${novaViewblob}</arg>
<arg>${TIMEOUT}</arg>
<doc>Waits until the element ``locator`` is visible.</doc>
<status status="PASS" start="2025-09-21T15:29:14.419765" elapsed="2.248163"/>
</kw>
<kw name="Click Element" owner="SeleniumLibrary">
<msg time="2025-09-21T15:29:16.668254" level="INFO">Clicking element '//*[@id="btn-viewblob-completa"]'.</msg>
<arg>${btnViewblob}</arg>
<doc>Click the element identified by ``locator``.</doc>
<status status="PASS" start="2025-09-21T15:29:16.668110" elapsed="6.798847"/>
</kw>
<kw name="Wait Until Element Is Visible" owner="SeleniumLibrary">
<arg>${signatario}</arg>
<arg>${TIMEOUT}</arg>
<doc>Waits until the element ``locator`` is visible.</doc>
<status status="PASS" start="2025-09-21T15:29:23.467199" elapsed="0.210664"/>
</kw>
<status status="PASS" start="2025-09-21T15:29:11.086702" elapsed="12.591337"/>
</test>
<status status="PASS" start="2025-09-21T15:29:01.503113" elapsed="22.175268"/>
</suite>
<suite id="s1-s2" name="02-Busca-Tags" source="H:\robot-D4S\Smoke Test - D4S\02-busca-tags.robot">
<test id="s1-s2-t1" name="Login" line="7">
<kw name="Open Browser" owner="SeleniumLibrary">
<msg time="2025-09-21T15:29:23.681593" level="INFO">Opening browser 'chrome' to base url 'https://secure.d4sign.com.br/'.</msg>
<arg>${URL}</arg>
<arg>chrome</arg>
<doc>Opens a new browser instance to the optional ``url``.</doc>
<status status="PASS" start="2025-09-21T15:29:23.681479" elapsed="2.125923"/>
</kw>
<kw name="Execute Javascript" owner="SeleniumLibrary">
<msg time="2025-09-21T15:29:25.808009" level="INFO">Executing JavaScript:
document.cookie = "contratoazul_language=pt"
Without any arguments.</msg>
<arg>${setcookie}</arg>
<doc>Executes the given JavaScript code with possible arguments.</doc>
<status status="PASS" start="2025-09-21T15:29:25.807648" elapsed="0.212167"/>
</kw>
<kw name="Wait Until Element Is Visible" owner="SeleniumLibrary">
<arg>${Email}</arg>
<arg>${TIMEOUT}</arg>
<doc>Waits until the element ``locator`` is visible.</doc>
<status status="PASS" start="2025-09-21T15:29:26.020010" elapsed="1.851033"/>
</kw>
<kw name="Input Text" owner="SeleniumLibrary">
<msg time="2025-09-21T15:29:27.871412" level="INFO">Typing text 'automacao@d4sign.com.br' into text field 'id=Email'.</msg>
<arg>${Email}</arg>
<arg>${USERNAME}</arg>
<doc>Types the given ``text`` into the text field identified by ``locator``.</doc>
<status status="PASS" start="2025-09-21T15:29:27.871258" elapsed="0.073197"/>
</kw>
<kw name="Input Text" owner="SeleniumLibrary">
<msg time="2025-09-21T15:29:27.944868" level="INFO">Typing text 'd4sign123' into text field 'id=Passwd'.</msg>
<arg>${Passwd}</arg>
<arg>${PASSWORD}</arg>
<doc>Types the given ``text`` into the text field identified by ``locator``.</doc>
<status status="PASS" start="2025-09-21T15:29:27.944711" elapsed="0.037454"/>
</kw>
<kw name="Click Button" owner="SeleniumLibrary">
<msg time="2025-09-21T15:29:27.982498" level="INFO">Clicking button 'id=logar'.</msg>
<arg>${logar}</arg>
<doc>Clicks the button identified by ``locator``.</doc>
<status status="PASS" start="2025-09-21T15:29:27.982353" elapsed="0.082475"/>
</kw>
<kw name="Wait Until Element Is Visible" owner="SeleniumLibrary">
<arg>${logoD4S}</arg>
<arg>${TIMEOUT}</arg>
<doc>Waits until the element ``locator`` is visible.</doc>
<status status="PASS" start="2025-09-21T15:29:28.065026" elapsed="4.797452"/>
</kw>
<kw name="Page Should Contain Image" owner="SeleniumLibrary">
<msg time="2025-09-21T15:29:32.867156" level="INFO">Current page contains image '//*[@id="page-wrapper"]/div[1]/nav/div/div/div[1]/a/img'.</msg>
<arg>${logoD4S}</arg>
<doc>Verifies image identified by ``locator`` is found from current page.</doc>
<status status="PASS" start="2025-09-21T15:29:32.862681" elapsed="0.004523"/>
</kw>
<status status="PASS" start="2025-09-21T15:29:23.681280" elapsed="9.186060"/>
</test>
<test id="s1-s2-t2" name="Busca de e-mail de signatário" line="19">
<kw name="Click Element" owner="SeleniumLibrary">
<msg time="2025-09-21T15:29:32.867915" level="INFO">Clicking element '//*[@id="page-wrapper"]/div[2]/div[2]/div[1]/div/div/div/small/a[1]'.</msg>
<arg>${buscaTags}</arg>
<doc>Click the element identified by ``locator``.</doc>
<status status="PASS" start="2025-09-21T15:29:32.867786" elapsed="0.037076"/>
</kw>
<kw name="Wait Until Element Is Visible" owner="SeleniumLibrary">
<msg time="2025-09-21T15:29:43.143968" level="INFO" html="true">&lt;/td&gt;&lt;/tr&gt;&lt;tr&gt;&lt;td colspan="3"&gt;&lt;a href="selenium-screenshot-1.png"&gt;&lt;img src="selenium-screenshot-1.png" width="800px"&gt;&lt;/a&gt;</msg>
<msg time="2025-09-21T15:29:43.144077" level="FAIL">Element '//*[@id="q"]' not visible after 10 seconds.</msg>
<arg>${campoBusca}</arg>
<arg>${TIMEOUT}</arg>
<doc>Waits until the element ``locator`` is visible.</doc>
<status status="FAIL" start="2025-09-21T15:29:32.905141" elapsed="10.243259">Element '//*[@id="q"]' not visible after 10 seconds.</status>
</kw>
<kw name="Input Text" owner="SeleniumLibrary">
<arg>${campoBusca}</arg>
<arg>urgente</arg>
<doc>Types the given ``text`` into the text field identified by ``locator``.</doc>
<status status="NOT RUN" start="2025-09-21T15:29:43.148595" elapsed="0.000025"/>
</kw>
<kw name="Press Keys" owner="SeleniumLibrary">
<arg>${campoBusca}</arg>
<arg>ENTER</arg>
<doc>Simulates the user pressing key(s) to an element or on the active browser.</doc>
<status status="NOT RUN" start="2025-09-21T15:29:43.148733" elapsed="0.000018"/>
</kw>
<kw name="Sleep" owner="BuiltIn">
<arg>2s</arg>
<doc>Pauses the test executed for the given time.</doc>
<status status="NOT RUN" start="2025-09-21T15:29:43.148828" elapsed="0.000015"/>
</kw>
<kw name="Click Element" owner="SeleniumLibrary">
<arg>${btnBusca}</arg>
<doc>Click the element identified by ``locator``.</doc>
<status status="NOT RUN" start="2025-09-21T15:29:43.148909" elapsed="0.000013"/>
</kw>
<kw name="Wait Until Element Is Visible" owner="SeleniumLibrary">
<arg>${resultadoBusca}</arg>
<arg>${TIMEOUT}</arg>
<doc>Waits until the element ``locator`` is visible.</doc>
<status status="NOT RUN" start="2025-09-21T15:29:43.148984" elapsed="0.000012"/>
</kw>
<kw name="Click Element" owner="SeleniumLibrary">
<arg>${linkDocumento}</arg>
<doc>Click the element identified by ``locator``.</doc>
<status status="NOT RUN" start="2025-09-21T15:29:43.149060" elapsed="0.000011"/>
</kw>
<kw name="Switch Window" owner="SeleniumLibrary">
<arg>NEW</arg>
<doc>Switches to browser window matching ``locator``.</doc>
<status status="NOT RUN" start="2025-09-21T15:29:43.149137" elapsed="0.000010"/>
</kw>
<kw name="Wait Until Element Is Visible" owner="SeleniumLibrary">
<arg>${viewblob}</arg>
<arg>${TIMEOUT}</arg>
<doc>Waits until the element ``locator`` is visible.</doc>
<status status="NOT RUN" start="2025-09-21T15:29:43.149236" elapsed="0.000011"/>
</kw>
<kw name="Click Element" owner="SeleniumLibrary">
<arg>${tagViewblob}</arg>
<doc>Click the element identified by ``locator``.</doc>
<status status="NOT RUN" start="2025-09-21T15:29:43.149304" elapsed="0.000011"/>
</kw>
<kw name="Wait Until Element Is Visible" owner="SeleniumLibrary">
<arg>${urgenteTag}</arg>
<arg>${TIMEOUT}</arg>
<doc>Waits until the element ``locator`` is visible.</doc>
<status status="NOT RUN" start="2025-09-21T15:29:43.149369" elapsed="0.000012"/>
</kw>
<status status="FAIL" start="2025-09-21T15:29:32.867559" elapsed="10.281924">Element '//*[@id="q"]' not visible after 10 seconds.</status>
</test>
<status status="FAIL" start="2025-09-21T15:29:23.678724" elapsed="19.471018"/>
</suite>
<suite id="s1-s3" name="03-Listar-Fases" source="H:\robot-D4S\Smoke Test - D4S\03-listar-fases.robot">
<test id="s1-s3-t1" name="Login" line="8">
<kw name="Open Browser" owner="SeleniumLibrary">
<msg time="2025-09-21T15:29:43.152718" level="INFO">Opening browser 'chrome' to base url 'https://secure.d4sign.com.br/'.</msg>
<arg>${URL}</arg>
<arg>chrome</arg>
<doc>Opens a new browser instance to the optional ``url``.</doc>
<status status="PASS" start="2025-09-21T15:29:43.152610" elapsed="2.097797"/>
</kw>
<kw name="Execute Javascript" owner="SeleniumLibrary">
<msg time="2025-09-21T15:29:45.250898" level="INFO">Executing JavaScript:
document.cookie = "contratoazul_language=pt"
Without any arguments.</msg>
<arg>${setcookie}</arg>
<doc>Executes the given JavaScript code with possible arguments.</doc>
<status status="PASS" start="2025-09-21T15:29:45.250618" elapsed="0.186059"/>
</kw>
<kw name="Wait Until Element Is Visible" owner="SeleniumLibrary">
<arg>${Email}</arg>
<arg>${TIMEOUT}</arg>
<doc>Waits until the element ``locator`` is visible.</doc>
<status status="PASS" start="2025-09-21T15:29:45.436941" elapsed="1.848507"/>
</kw>
<kw name="Input Text" owner="SeleniumLibrary">
<msg time="2025-09-21T15:29:47.285834" level="INFO">Typing text 'automacao@d4sign.com.br' into text field 'id=Email'.</msg>
<arg>${Email}</arg>
<arg>${USERNAME}</arg>
<doc>Types the given ``text`` into the text field identified by ``locator``.</doc>
<status status="PASS" start="2025-09-21T15:29:47.285677" elapsed="0.082686"/>
</kw>
<kw name="Input Text" owner="SeleniumLibrary">
<msg time="2025-09-21T15:29:47.368723" level="INFO">Typing text 'd4sign123' into text field 'id=Passwd'.</msg>
<arg>${Passwd}</arg>
<arg>${PASSWORD}</arg>
<doc>Types the given ``text`` into the text field identified by ``locator``.</doc>
<status status="PASS" start="2025-09-21T15:29:47.368560" elapsed="0.031965"/>
</kw>
<kw name="Click Button" owner="SeleniumLibrary">
<msg time="2025-09-21T15:29:47.400841" level="INFO">Clicking button 'id=logar'.</msg>
<arg>${logar}</arg>
<doc>Clicks the button identified by ``locator``.</doc>
<status status="PASS" start="2025-09-21T15:29:47.400699" elapsed="0.051124"/>
</kw>
<kw name="Wait Until Element Is Visible" owner="SeleniumLibrary">
<arg>${logoD4S}</arg>
<arg>${TIMEOUT}</arg>
<doc>Waits until the element ``locator`` is visible.</doc>
<status status="PASS" start="2025-09-21T15:29:47.452017" elapsed="4.228955"/>
</kw>
<kw name="Page Should Contain Image" owner="SeleniumLibrary">
<msg time="2025-09-21T15:29:51.685895" level="INFO">Current page contains image '//*[@id="page-wrapper"]/div[1]/nav/div/div/div[1]/a/img'.</msg>
<arg>${logoD4S}</arg>
<doc>Verifies image identified by ``locator`` is found from current page.</doc>
<status status="PASS" start="2025-09-21T15:29:51.681163" elapsed="0.004782"/>
</kw>
<status status="PASS" start="2025-09-21T15:29:43.152439" elapsed="8.533628"/>
</test>
<test id="s1-s3-t2" name="Acessar o cofre e listar fases" line="18">
<kw name="Click Element" owner="SeleniumLibrary">
<msg time="2025-09-21T15:29:51.686667" level="INFO">Clicking element '//*[@id="liCofre_1414985"]/a'.</msg>
<arg>${cofre12}</arg>
<doc>Click the element identified by ``locator``.</doc>
<status status="PASS" start="2025-09-21T15:29:51.686548" elapsed="2.213422"/>
</kw>
<kw name="Wait Until Element Is Visible" owner="SeleniumLibrary">
<arg>${btnFase}</arg>
<doc>Waits until the element ``locator`` is visible.</doc>
<status status="PASS" start="2025-09-21T15:29:53.900169" elapsed="0.021559"/>
</kw>
<kw name="Click Element" owner="SeleniumLibrary">
<msg time="2025-09-21T15:29:53.922039" level="INFO">Clicking element '//*[@id="divBtnMoveFase"]/button'.</msg>
<arg>${btnFase}</arg>
<doc>Click the element identified by ``locator``.</doc>
<status status="PASS" start="2025-09-21T15:29:53.921899" elapsed="0.119217"/>
</kw>
<kw name="Click Element" owner="SeleniumLibrary">
<msg time="2025-09-21T15:29:54.041450" level="INFO">Clicking element '//*[@id="divBtnMoveFase"]/ul/li[3]/a'.</msg>
<arg>${fase1}</arg>
<doc>Click the element identified by ``locator``.</doc>
<status status="PASS" start="2025-09-21T15:29:54.041307" elapsed="2.447173"/>
</kw>
<kw name="Page Should Contain Element" owner="SeleniumLibrary">
<msg time="2025-09-21T15:29:56.509512" level="INFO">Current page contains element '//span[contains(normalize-space(text()), 'AGUARDANDO SIGNATÁRIOS')]'.</msg>
<arg>${signatarios}</arg>
<doc>Verifies that element ``locator`` is found on the current page.</doc>
<status status="PASS" start="2025-09-21T15:29:56.488748" elapsed="0.020829"/>
</kw>
<kw name="Click Element" owner="SeleniumLibrary">
<msg time="2025-09-21T15:29:56.509881" level="INFO">Clicking element '//*[@id="divBtnMoveFase"]/button'.</msg>
<arg>${btnFase}</arg>
<doc>Click the element identified by ``locator``.</doc>
<status status="PASS" start="2025-09-21T15:29:56.509741" elapsed="0.042738"/>
</kw>
<kw name="Click Element" owner="SeleniumLibrary">
<msg time="2025-09-21T15:29:56.552855" level="INFO">Clicking element '//*[@id="divBtnMoveFase"]/ul/li[4]/a'.</msg>
<arg>${fase2}</arg>
<doc>Click the element identified by ``locator``.</doc>
<status status="PASS" start="2025-09-21T15:29:56.552708" elapsed="1.891862"/>
</kw>
<kw name="Page Should Contain Element" owner="SeleniumLibrary">
<msg time="2025-09-21T15:29:58.450493" level="INFO">Current page contains element '//span[contains(normalize-space(text()), 'AGUARDANDO ASSINATURAS')]'.</msg>
<arg>${assinaturas}</arg>
<doc>Verifies that element ``locator`` is found on the current page.</doc>
<status status="PASS" start="2025-09-21T15:29:58.444785" elapsed="0.005765"/>
</kw>
<kw name="Click Element" owner="SeleniumLibrary">
<msg time="2025-09-21T15:29:58.450869" level="INFO">Clicking element '//*[@id="divBtnMoveFase"]/button'.</msg>
<arg>${btnFase}</arg>
<doc>Click the element identified by ``locator``.</doc>
<status status="PASS" start="2025-09-21T15:29:58.450729" elapsed="0.025677"/>
</kw>
<kw name="Click Element" owner="SeleniumLibrary">
<msg time="2025-09-21T15:29:58.476741" level="INFO">Clicking element '//*[@id="divBtnMoveFase"]/ul/li[5]/a'.</msg>
<arg>${fase3}</arg>
<doc>Click the element identified by ``locator``.</doc>
<status status="PASS" start="2025-09-21T15:29:58.476601" elapsed="1.964441"/>
</kw>
<kw name="Page Should Contain Element" owner="SeleniumLibrary">
<msg time="2025-09-21T15:30:00.475255" level="INFO">Current page contains element '//span[contains(normalize-space(text()), 'FINALIZADO')]'.</msg>
<arg>${finalizado}</arg>
<doc>Verifies that element ``locator`` is found on the current page.</doc>
<status status="PASS" start="2025-09-21T15:30:00.441269" elapsed="0.034048"/>
</kw>
<kw name="Click Element" owner="SeleniumLibrary">
<msg time="2025-09-21T15:30:00.475656" level="INFO">Clicking element '//*[@id="page-wrapper"]/div[2]/div[1]/div[1]/a'.</msg>
<arg>${btnInicio}</arg>
<doc>Click the element identified by ``locator``.</doc>
<status status="PASS" start="2025-09-21T15:30:00.475510" elapsed="1.263943"/>
</kw>
<status status="PASS" start="2025-09-21T15:29:51.686347" elapsed="10.053351"/>
</test>
<status status="PASS" start="2025-09-21T15:29:43.150050" elapsed="18.590018"/>
</suite>
<suite id="s1-s4" name="04-Criar-Cofre" source="H:\robot-D4S\Smoke Test - D4S\04-criar-cofre.robot">
<test id="s1-s4-t1" name="Login" line="8">
<kw name="Open Browser" owner="SeleniumLibrary">
<msg time="2025-09-21T15:30:02.024037" level="INFO">Opening browser 'chrome' to base url 'https://secure.d4sign.com.br/'.</msg>
<arg>${URL}</arg>
<arg>chrome</arg>
<doc>Opens a new browser instance to the optional ``url``.</doc>
<status status="PASS" start="2025-09-21T15:30:02.023908" elapsed="2.116350"/>
</kw>
<kw name="Execute Javascript" owner="SeleniumLibrary">
<msg time="2025-09-21T15:30:04.140918" level="INFO">Executing JavaScript:
document.cookie = "contratoazul_language=pt"
Without any arguments.</msg>
<arg>${setcookie}</arg>
<doc>Executes the given JavaScript code with possible arguments.</doc>
<status status="PASS" start="2025-09-21T15:30:04.140518" elapsed="0.194850"/>
</kw>
<kw name="Wait Until Element Is Visible" owner="SeleniumLibrary">
<arg>${Email}</arg>
<arg>${TIMEOUT}</arg>
<doc>Waits until the element ``locator`` is visible.</doc>
<status status="PASS" start="2025-09-21T15:30:04.335567" elapsed="1.837265"/>
</kw>
<kw name="Input Text" owner="SeleniumLibrary">
<msg time="2025-09-21T15:30:06.173341" level="INFO">Typing text 'automacao@d4sign.com.br' into text field 'id=Email'.</msg>
<arg>${Email}</arg>
<arg>${USERNAME}</arg>
<doc>Types the given ``text`` into the text field identified by ``locator``.</doc>
<status status="PASS" start="2025-09-21T15:30:06.173132" elapsed="0.052885"/>
</kw>
<kw name="Input Text" owner="SeleniumLibrary">
<msg time="2025-09-21T15:30:06.226400" level="INFO">Typing text 'd4sign123' into text field 'id=Passwd'.</msg>
<arg>${Passwd}</arg>
<arg>${PASSWORD}</arg>
<doc>Types the given ``text`` into the text field identified by ``locator``.</doc>
<status status="PASS" start="2025-09-21T15:30:06.226233" elapsed="0.033016"/>
</kw>
<kw name="Click Button" owner="SeleniumLibrary">
<msg time="2025-09-21T15:30:06.259641" level="INFO">Clicking button 'id=logar'.</msg>
<arg>${logar}</arg>
<doc>Clicks the button identified by ``locator``.</doc>
<status status="PASS" start="2025-09-21T15:30:06.259485" elapsed="0.057450"/>
</kw>
<kw name="Wait Until Element Is Visible" owner="SeleniumLibrary">
<arg>${logoD4S}</arg>
<arg>${TIMEOUT}</arg>
<doc>Waits until the element ``locator`` is visible.</doc>
<status status="PASS" start="2025-09-21T15:30:06.317127" elapsed="4.206512"/>
</kw>
<kw name="Page Should Contain Image" owner="SeleniumLibrary">
<msg time="2025-09-21T15:30:10.529072" level="INFO">Current page contains image '//*[@id="page-wrapper"]/div[1]/nav/div/div/div[1]/a/img'.</msg>
<arg>${logoD4S}</arg>
<doc>Verifies image identified by ``locator`` is found from current page.</doc>
<status status="PASS" start="2025-09-21T15:30:10.523844" elapsed="0.005285"/>
</kw>
<status status="PASS" start="2025-09-21T15:30:02.023529" elapsed="8.505737"/>
</test>
<test id="s1-s4-t2" name="Criar Cofre" line="18">
<kw name="Wait Until Element Is Visible" owner="SeleniumLibrary">
<arg>${CreateNewVault}</arg>
<arg>${TIMEOUT}</arg>
<doc>Waits until the element ``locator`` is visible.</doc>
<status status="PASS" start="2025-09-21T15:30:10.529631" elapsed="0.009911"/>
</kw>
<kw name="Click Element" owner="SeleniumLibrary">
<msg time="2025-09-21T15:30:10.540212" level="INFO">Clicking element '//*[@id="div-menu-desk"]/span[1]/a'.</msg>
<arg>${CreateNewVault}</arg>
<doc>Click the element identified by ``locator``.</doc>
<status status="PASS" start="2025-09-21T15:30:10.539956" elapsed="0.057870"/>
</kw>
<kw name="Wait Until Element Is Visible" owner="SeleniumLibrary">
<arg>${nomecofre}</arg>
<arg>20s</arg>
<doc>Waits until the element ``locator`` is visible.</doc>
<status status="PASS" start="2025-09-21T15:30:10.598146" elapsed="0.621901"/>
</kw>
<kw name="Company" owner="FakerLibrary">
<msg time="2025-09-21T15:30:11.220583" level="INFO">${palavragerada} = Duke-Braun</msg>
<var>${palavragerada}</var>
<doc>:example: 'Acme Ltd'</doc>
<status status="PASS" start="2025-09-21T15:30:11.220287" elapsed="0.000317"/>
</kw>
<kw name="Input Text" owner="SeleniumLibrary">
<msg time="2025-09-21T15:30:11.220878" level="INFO">Typing text 'Duke-Braun' into text field 'id=nomeCofre'.</msg>
<arg>${nomecofre}</arg>
<arg>${palavragerada}</arg>
<doc>Types the given ``text`` into the text field identified by ``locator``.</doc>
<status status="PASS" start="2025-09-21T15:30:11.220730" elapsed="0.040196"/>
</kw>
<kw name="Click Button" owner="SeleniumLibrary">
<msg time="2025-09-21T15:30:11.261449" level="INFO">Clicking button 'id=btnSalvarCofre'.</msg>
<arg>${btnSalvarCofre}</arg>
<doc>Clicks the button identified by ``locator``.</doc>
<status status="PASS" start="2025-09-21T15:30:11.261272" elapsed="0.040153"/>
</kw>
<status status="PASS" start="2025-09-21T15:30:10.529449" elapsed="0.772213"/>
</test>
<status status="PASS" start="2025-09-21T15:30:01.740497" elapsed="9.561560"/>
</suite>
<suite id="s1-s5" name="05-Envio-Desk" source="H:\robot-D4S\Smoke Test - D4S\05-envio-desk.robot">
<test id="s1-s5-t1" name="Login" line="8">
<kw name="Open Browser" owner="SeleniumLibrary">
<msg time="2025-09-21T15:30:11.310281" level="INFO">Opening browser 'chrome' to base url 'https://secure.d4sign.com.br/'.</msg>
<arg>${URL}</arg>
<arg>chrome</arg>
<doc>Opens a new browser instance to the optional ``url``.</doc>
<status status="PASS" start="2025-09-21T15:30:11.310147" elapsed="2.136504"/>
</kw>
<kw name="Execute Javascript" owner="SeleniumLibrary">
<msg time="2025-09-21T15:30:13.447517" level="INFO">Executing JavaScript:
document.cookie = "contratoazul_language=pt"
Without any arguments.</msg>
<arg>${setcookie}</arg>
<doc>Executes the given JavaScript code with possible arguments.</doc>
<status status="PASS" start="2025-09-21T15:30:13.446994" elapsed="0.243869"/>
</kw>
<kw name="Wait Until Element Is Visible" owner="SeleniumLibrary">
<arg>${Email}</arg>
<arg>${TIMEOUT}</arg>
<doc>Waits until the element ``locator`` is visible.</doc>
<status status="PASS" start="2025-09-21T15:30:13.691081" elapsed="1.845104"/>
</kw>
<kw name="Input Text" owner="SeleniumLibrary">
<msg time="2025-09-21T15:30:15.536859" level="INFO">Typing text 'automacao@d4sign.com.br' into text field 'id=Email'.</msg>
<arg>${Email}</arg>
<arg>${USERNAME}</arg>
<doc>Types the given ``text`` into the text field identified by ``locator``.</doc>
<status status="PASS" start="2025-09-21T15:30:15.536579" elapsed="0.095976"/>
</kw>
<kw name="Input Text" owner="SeleniumLibrary">
<msg time="2025-09-21T15:30:15.633196" level="INFO">Typing text 'd4sign123' into text field 'id=Passwd'.</msg>
<arg>${Passwd}</arg>
<arg>${PASSWORD}</arg>
<doc>Types the given ``text`` into the text field identified by ``locator``.</doc>
<status status="PASS" start="2025-09-21T15:30:15.632895" elapsed="0.066942"/>
</kw>
<kw name="Click Button" owner="SeleniumLibrary">
<msg time="2025-09-21T15:30:15.700282" level="INFO">Clicking button 'id=logar'.</msg>
<arg>${logar}</arg>
<doc>Clicks the button identified by ``locator``.</doc>
<status status="PASS" start="2025-09-21T15:30:15.700111" elapsed="0.082565"/>
</kw>
<kw name="Wait Until Element Is Visible" owner="SeleniumLibrary">
<arg>${logoD4S}</arg>
<arg>60s</arg>
<doc>Waits until the element ``locator`` is visible.</doc>
<status status="PASS" start="2025-09-21T15:30:15.782964" elapsed="4.213044"/>
</kw>
<kw name="Page Should Contain Image" owner="SeleniumLibrary">
<msg time="2025-09-21T15:30:20.001944" level="INFO">Current page contains image '//*[@id="page-wrapper"]/div[1]/nav/div/div/div[1]/a/img'.</msg>
<arg>${logoD4S}</arg>
<doc>Verifies image identified by ``locator`` is found from current page.</doc>
<status status="PASS" start="2025-09-21T15:30:19.996236" elapsed="0.005793"/>
</kw>
<status status="PASS" start="2025-09-21T15:30:11.309868" elapsed="8.692376"/>
</test>
<test id="s1-s5-t2" name="Envio" line="18">
<kw name="Click Element" owner="SeleniumLibrary">
<msg time="2025-09-21T15:30:20.002883" level="INFO">Clicking element '//*[@id="drop-zone"]/a/p[2]'.</msg>
<arg>${botaoEnvio}</arg>
<doc>Click the element identified by ``locator``.</doc>
<status status="PASS" start="2025-09-21T15:30:20.002757" elapsed="0.043735"/>
</kw>
<kw name="Wait Until Element Is Visible" owner="SeleniumLibrary">
<arg>${selectCofre}</arg>
<arg>60s</arg>
<doc>Waits until the element ``locator`` is visible.</doc>
<status status="PASS" start="2025-09-21T15:30:20.046836" elapsed="0.621440"/>
</kw>
<kw name="Click Element" owner="SeleniumLibrary">
<msg time="2025-09-21T15:30:20.668643" level="INFO">Clicking element 'name=uuid-cofre'.</msg>
<arg>${selectCofre}</arg>
<doc>Click the element identified by ``locator``.</doc>
<status status="PASS" start="2025-09-21T15:30:20.668496" elapsed="0.169604"/>
</kw>
<kw name="Click Element" owner="SeleniumLibrary">
<msg time="2025-09-21T15:30:20.838625" level="INFO">Clicking element '//*[@id="formUpload"]/select/option[157]'.</msg>
<arg>${selecionarCofre}</arg>
<doc>Click the element identified by ``locator``.</doc>
<status status="PASS" start="2025-09-21T15:30:20.838463" elapsed="0.111039"/>
</kw>
<kw name="Sleep" owner="BuiltIn">
<msg time="2025-09-21T15:30:22.950014" level="INFO">Slept 2 seconds.</msg>
<arg>2s</arg>
<doc>Pauses the test executed for the given time.</doc>
<status status="PASS" start="2025-09-21T15:30:20.949750" elapsed="2.000367"/>
</kw>
<kw name="Normalize Path" owner="OperatingSystem">
<msg time="2025-09-21T15:30:22.950505" level="INFO">${ABSOLUTE_PATH} = H:\robot-D4S\files\doc-testes.pdf</msg>
<var>${ABSOLUTE_PATH}</var>
<arg>${RELATIVE_PATH}</arg>
<doc>Normalizes the given path.</doc>
<status status="PASS" start="2025-09-21T15:30:22.950355" elapsed="0.000166"/>
</kw>
<kw name="Choose File" owner="SeleniumLibrary">
<msg time="2025-09-21T15:30:22.950802" level="INFO">Sending H:\robot-D4S\files\doc-testes.pdf to browser.</msg>
<arg>${fileupload}</arg>
<arg>${ABSOLUTE_PATH}</arg>
<doc>Inputs the ``file_path`` into the file input field ``locator``.</doc>
<status status="PASS" start="2025-09-21T15:30:22.950658" elapsed="0.023194"/>
</kw>
<kw name="Wait Until Element Is Visible" owner="SeleniumLibrary">
<arg>${Aguardandoenvio}</arg>
<arg>120s</arg>
<doc>Waits until the element ``locator`` is visible.</doc>
<status status="PASS" start="2025-09-21T15:30:22.974110" elapsed="8.680797"/>
</kw>
<kw name="Page Should Contain Element" owner="SeleniumLibrary">
<msg time="2025-09-21T15:30:31.658980" level="INFO">Current page contains element '//*[@id="page-wrapper"]/div[2]/div/div[1]/div/div/div/span[1]'.</msg>
<arg>${Aguardandoenvio}</arg>
<doc>Verifies that element ``locator`` is found on the current page.</doc>
<status status="PASS" start="2025-09-21T15:30:31.655168" elapsed="0.003903"/>
</kw>
<status status="PASS" start="2025-09-21T15:30:20.002552" elapsed="11.656776"/>
</test>
<status status="PASS" start="2025-09-21T15:30:11.302470" elapsed="20.357178"/>
</suite>
<suite id="s1-s6" name="06-Envio-Cofre" source="H:\robot-D4S\Smoke Test - D4S\06-envio-cofre.robot">
<test id="s1-s6-t1" name="Login" line="8">
<kw name="Open Browser" owner="SeleniumLibrary">
<msg time="2025-09-21T15:30:31.666002" level="INFO">Opening browser 'chrome' to base url 'https://secure.d4sign.com.br/'.</msg>
<arg>${URL}</arg>
<arg>chrome</arg>
<doc>Opens a new browser instance to the optional ``url``.</doc>
<status status="PASS" start="2025-09-21T15:30:31.665877" elapsed="2.179280"/>
</kw>
<kw name="Execute Javascript" owner="SeleniumLibrary">
<msg time="2025-09-21T15:30:33.845957" level="INFO">Executing JavaScript:
document.cookie = "contratoazul_language=pt"
Without any arguments.</msg>
<arg>${setcookie}</arg>
<doc>Executes the given JavaScript code with possible arguments.</doc>
<status status="PASS" start="2025-09-21T15:30:33.845454" elapsed="0.228757"/>
</kw>
<kw name="Wait Until Element Is Visible" owner="SeleniumLibrary">
<arg>${Email}</arg>
<arg>10s</arg>
<doc>Waits until the element ``locator`` is visible.</doc>
<status status="PASS" start="2025-09-21T15:30:34.074389" elapsed="2.104289"/>
</kw>
<kw name="Input Text" owner="SeleniumLibrary">
<msg time="2025-09-21T15:30:36.179273" level="INFO">Typing text 'automacao@d4sign.com.br' into text field 'id=Email'.</msg>
<arg>${Email}</arg>
<arg>${USERNAME}</arg>
<doc>Types the given ``text`` into the text field identified by ``locator``.</doc>
<status status="PASS" start="2025-09-21T15:30:36.179003" elapsed="0.744500"/>
</kw>
<kw name="Input Text" owner="SeleniumLibrary">
<msg time="2025-09-21T15:30:36.923918" level="INFO">Typing text 'd4sign123' into text field 'id=Passwd'.</msg>
<arg>${Passwd}</arg>
<arg>${PASSWORD}</arg>
<doc>Types the given ``text`` into the text field identified by ``locator``.</doc>
<status status="PASS" start="2025-09-21T15:30:36.923737" elapsed="0.045810"/>
</kw>
<kw name="Click Button" owner="SeleniumLibrary">
<msg time="2025-09-21T15:30:36.969962" level="INFO">Clicking button 'id=logar'.</msg>
<arg>${logar}</arg>
<doc>Clicks the button identified by ``locator``.</doc>
<status status="PASS" start="2025-09-21T15:30:36.969801" elapsed="0.079893"/>
</kw>
<kw name="Wait Until Element Is Visible" owner="SeleniumLibrary">
<arg>${logoD4S}</arg>
<arg>60s</arg>
<doc>Waits until the element ``locator`` is visible.</doc>
<status status="PASS" start="2025-09-21T15:30:37.049962" elapsed="4.316589"/>
</kw>
<kw name="Page Should Contain Image" owner="SeleniumLibrary">
<msg time="2025-09-21T15:30:41.373950" level="INFO">Current page contains image '//*[@id="page-wrapper"]/div[1]/nav/div/div/div[1]/a/img'.</msg>
<arg>${logoD4S}</arg>
<doc>Verifies image identified by ``locator`` is found from current page.</doc>
<status status="PASS" start="2025-09-21T15:30:41.366885" elapsed="0.007150"/>
</kw>
<status status="PASS" start="2025-09-21T15:30:31.665626" elapsed="9.708625"/>
</test>
<test id="s1-s6-t2" name="Envio" line="18">
<kw name="Click Element" owner="SeleniumLibrary">
<msg time="2025-09-21T15:30:41.375039" level="INFO">Clicking element '//*[@id="liCofre_1414985"]/a'.</msg>
<arg>${cofre12}</arg>
<doc>Click the element identified by ``locator``.</doc>
<status status="PASS" start="2025-09-21T15:30:41.374864" elapsed="4.294274"/>
</kw>
<kw name="Wait Until Element Is Visible" owner="SeleniumLibrary">
<arg>${novoArquivo}</arg>
<arg>20s</arg>
<doc>Waits until the element ``locator`` is visible.</doc>
<status status="PASS" start="2025-09-21T15:30:45.669415" elapsed="0.035867"/>
</kw>
<kw name="Click Element" owner="SeleniumLibrary">
<msg time="2025-09-21T15:30:45.705933" level="INFO">Clicking element 'id=label-new-file'.</msg>
<arg>${novoArquivo}</arg>
<doc>Click the element identified by ``locator``.</doc>
<status status="PASS" start="2025-09-21T15:30:45.705701" elapsed="0.150682"/>
</kw>
<kw name="Click Element" owner="SeleniumLibrary">
<msg time="2025-09-21T15:30:45.857016" level="INFO">Clicking element '//*[@id="page-wrapper"]/div[2]/div[2]/div[2]/div/div[1]/div[2]/ul/li[1]/a'.</msg>
<arg>${newfile}</arg>
<doc>Click the element identified by ``locator``.</doc>
<status status="PASS" start="2025-09-21T15:30:45.856726" elapsed="0.123841"/>
</kw>
<kw name="Sleep" owner="BuiltIn">
<msg time="2025-09-21T15:30:47.981161" level="INFO">Slept 2 seconds.</msg>
<arg>2s</arg>
<doc>Pauses the test executed for the given time.</doc>
<status status="PASS" start="2025-09-21T15:30:45.980827" elapsed="2.000445"/>
</kw>
<kw name="Normalize Path" owner="OperatingSystem">
<msg time="2025-09-21T15:30:47.981678" level="INFO">${ABSOLUTE_PATH} = H:\robot-D4S\files\doc-testes.pdf</msg>
<var>${ABSOLUTE_PATH}</var>
<arg>${RELATIVE_PATH}</arg>
<doc>Normalizes the given path.</doc>
<status status="PASS" start="2025-09-21T15:30:47.981522" elapsed="0.000173"/>
</kw>
<kw name="Choose File" owner="SeleniumLibrary">
<msg time="2025-09-21T15:30:47.981986" level="INFO">Sending H:\robot-D4S\files\doc-testes.pdf to browser.</msg>
<arg>${fileupload}</arg>
<arg>${ABSOLUTE_PATH}</arg>
<doc>Inputs the ``file_path`` into the file input field ``locator``.</doc>
<status status="PASS" start="2025-09-21T15:30:47.981836" elapsed="0.038255"/>
</kw>
<kw name="Wait Until Element Is Visible" owner="SeleniumLibrary">
<arg>${Aguardandoenvio}</arg>
<arg>60s</arg>
<doc>Waits until the element ``locator`` is visible.</doc>
<status status="PASS" start="2025-09-21T15:30:48.020324" elapsed="8.623133"/>
</kw>
<kw name="Page Should Contain Element" owner="SeleniumLibrary">
<msg time="2025-09-21T15:30:56.647436" level="INFO">Current page contains element '//*[@id="page-wrapper"]/div[2]/div/div[1]/div/div/div/span[1]'.</msg>
<arg>${Aguardandoenvio}</arg>
<doc>Verifies that element ``locator`` is found on the current page.</doc>
<status status="PASS" start="2025-09-21T15:30:56.643690" elapsed="0.003825"/>
</kw>
<status status="PASS" start="2025-09-21T15:30:41.374565" elapsed="15.273222"/>
</test>
<status status="PASS" start="2025-09-21T15:30:31.660073" elapsed="24.988092"/>
</suite>
<suite id="s1-s7" name="07-Envio-Assinatura" source="H:\robot-D4S\Smoke Test - D4S\07-envio-assinatura.robot">
<test id="s1-s7-t1" name="Login" line="8">
<kw name="Open Browser" owner="SeleniumLibrary">
<msg time="2025-09-21T15:30:56.653190" level="INFO">Opening browser 'chrome' to base url 'https://secure.d4sign.com.br/'.</msg>
<arg>${URL}</arg>
<arg>chrome</arg>
<doc>Opens a new browser instance to the optional ``url``.</doc>
<status status="PASS" start="2025-09-21T15:30:56.653057" elapsed="2.164531"/>
</kw>
<kw name="Execute Javascript" owner="SeleniumLibrary">
<msg time="2025-09-21T15:30:58.818086" level="INFO">Executing JavaScript:
document.cookie = "contratoazul_language=pt"
Without any arguments.</msg>
<arg>${setcookie}</arg>
<doc>Executes the given JavaScript code with possible arguments.</doc>
<status status="PASS" start="2025-09-21T15:30:58.817817" elapsed="0.199915"/>
</kw>
<kw name="Wait Until Element Is Visible" owner="SeleniumLibrary">
<arg>${Email}</arg>
<arg>10s</arg>
<doc>Waits until the element ``locator`` is visible.</doc>
<status status="PASS" start="2025-09-21T15:30:59.017992" elapsed="1.840647"/>
</kw>
<kw name="Input Text" owner="SeleniumLibrary">
<msg time="2025-09-21T15:31:00.859191" level="INFO">Typing text 'automacao@d4sign.com.br' into text field 'id=Email'.</msg>
<arg>${Email}</arg>
<arg>${USERNAME}</arg>
<doc>Types the given ``text`` into the text field identified by ``locator``.</doc>
<status status="PASS" start="2025-09-21T15:31:00.858939" elapsed="0.105045"/>
</kw>
<kw name="Input Text" owner="SeleniumLibrary">
<msg time="2025-09-21T15:31:00.964412" level="INFO">Typing text 'd4sign123' into text field 'id=Passwd'.</msg>
<arg>${Passwd}</arg>
<arg>${PASSWORD}</arg>
<doc>Types the given ``text`` into the text field identified by ``locator``.</doc>
<status status="PASS" start="2025-09-21T15:31:00.964221" elapsed="0.063579"/>
</kw>
<kw name="Click Button" owner="SeleniumLibrary">
<msg time="2025-09-21T15:31:01.028344" level="INFO">Clicking button 'id=logar'.</msg>
<arg>${logar}</arg>
<doc>Clicks the button identified by ``locator``.</doc>
<status status="PASS" start="2025-09-21T15:31:01.028106" elapsed="0.078703"/>
</kw>
<kw name="Wait Until Element Is Visible" owner="SeleniumLibrary">
<arg>${logoD4S}</arg>
<arg>10s</arg>
<doc>Waits until the element ``locator`` is visible.</doc>
<status status="PASS" start="2025-09-21T15:31:01.107106" elapsed="4.654779"/>
</kw>
<kw name="Page Should Contain Image" owner="SeleniumLibrary">
<msg time="2025-09-21T15:31:05.767327" level="INFO">Current page contains image '//*[@id="page-wrapper"]/div[1]/nav/div/div/div[1]/a/img'.</msg>
<arg>${logoD4S}</arg>
<doc>Verifies image identified by ``locator`` is found from current page.</doc>
<status status="PASS" start="2025-09-21T15:31:05.762082" elapsed="0.005304"/>
</kw>
<status status="PASS" start="2025-09-21T15:30:56.652785" elapsed="9.114752"/>
</test>
<test id="s1-s7-t2" name="Envio" line="18">
<kw name="Click Element" owner="SeleniumLibrary">
<msg time="2025-09-21T15:31:05.768153" level="INFO">Clicking element '//*[@id="drop-zone"]/a/p[2]'.</msg>
<arg>${botaoEnvio}</arg>
<doc>Click the element identified by ``locator``.</doc>
<status status="PASS" start="2025-09-21T15:31:05.767933" elapsed="0.073808"/>
</kw>
<kw name="Wait Until Element Is Visible" owner="SeleniumLibrary">
<arg>${selectCofre}</arg>
<arg>20s</arg>
<doc>Waits until the element ``locator`` is visible.</doc>
<status status="PASS" start="2025-09-21T15:31:05.841996" elapsed="0.622152"/>
</kw>
<kw name="Click Element" owner="SeleniumLibrary">
<msg time="2025-09-21T15:31:06.464616" level="INFO">Clicking element 'name=uuid-cofre'.</msg>
<arg>${selectCofre}</arg>
<doc>Click the element identified by ``locator``.</doc>
<status status="PASS" start="2025-09-21T15:31:06.464406" elapsed="0.159696"/>
</kw>
<kw name="Click Element" owner="SeleniumLibrary">
<msg time="2025-09-21T15:31:06.624660" level="INFO">Clicking element '//*[@id="formUpload"]/select/option[157]'.</msg>
<arg>${selecionarCofre}</arg>
<doc>Click the element identified by ``locator``.</doc>
<status status="PASS" start="2025-09-21T15:31:06.624412" elapsed="0.098742"/>
</kw>
<kw name="Sleep" owner="BuiltIn">
<msg time="2025-09-21T15:31:08.723904" level="INFO">Slept 2 seconds.</msg>
<arg>2s</arg>
<doc>Pauses the test executed for the given time.</doc>
<status status="PASS" start="2025-09-21T15:31:06.723437" elapsed="2.000574"/>
</kw>
<kw name="Normalize Path" owner="OperatingSystem">
<msg time="2025-09-21T15:31:08.724369" level="INFO">${ABSOLUTE_PATH} = H:\robot-D4S\files\doc-testes.pdf</msg>
<var>${ABSOLUTE_PATH}</var>
<arg>${RELATIVE_PATH}</arg>
<doc>Normalizes the given path.</doc>
<status status="PASS" start="2025-09-21T15:31:08.724233" elapsed="0.000153"/>
</kw>
<kw name="Choose File" owner="SeleniumLibrary">
<msg time="2025-09-21T15:31:08.724664" level="INFO">Sending H:\robot-D4S\files\doc-testes.pdf to browser.</msg>
<arg>${fileupload}</arg>
<arg>${ABSOLUTE_PATH}</arg>
<doc>Inputs the ``file_path`` into the file input field ``locator``.</doc>
<status status="PASS" start="2025-09-21T15:31:08.724522" elapsed="0.022227"/>
</kw>
<kw name="Wait Until Element Is Visible" owner="SeleniumLibrary">
<arg>${Aguardandoenvio}</arg>
<arg>20s</arg>
<doc>Waits until the element ``locator`` is visible.</doc>
<status status="PASS" start="2025-09-21T15:31:08.746983" elapsed="7.905480"/>
</kw>
<kw name="Page Should Contain Element" owner="SeleniumLibrary">
<msg time="2025-09-21T15:31:16.656462" level="INFO">Current page contains element '//*[@id="page-wrapper"]/div[2]/div/div[1]/div/div/div/span[1]'.</msg>
<arg>${Aguardandoenvio}</arg>
<doc>Verifies that element ``locator`` is found on the current page.</doc>
<status status="PASS" start="2025-09-21T15:31:16.652717" elapsed="0.003801"/>
</kw>
<status status="PASS" start="2025-09-21T15:31:05.767747" elapsed="10.889180"/>
</test>
<test id="s1-s7-t3" name="Assinatura" line="31">
<kw name="Click Element" owner="SeleniumLibrary">
<msg time="2025-09-21T15:31:16.657706" level="INFO">Clicking element '//*[@id="page-wrapper"]/div[2]/div/div[1]/div/div/div/div[4]/div/div[2]/div[1]/span[1]/a'.</msg>
<arg>${incluirEmail}</arg>
<doc>Click the element identified by ``locator``.</doc>
<status status="PASS" start="2025-09-21T15:31:16.657441" elapsed="0.043708"/>
</kw>
<kw name="Wait Until Element Is Enabled" owner="SeleniumLibrary">
<arg>${botaoAssinatura}</arg>
<arg>20s</arg>
<doc>Waits until the element ``locator`` is enabled.</doc>
<status status="PASS" start="2025-09-21T15:31:16.701559" elapsed="0.852124"/>
</kw>
<kw name="Click Element" owner="SeleniumLibrary">
<msg time="2025-09-21T15:31:17.554065" level="INFO">Clicking element '//*[@id="enviar-para-assinatura"]'.</msg>
<arg>${botaoAssinatura}</arg>
<doc>Click the element identified by ``locator``.</doc>
<status status="PASS" start="2025-09-21T15:31:17.553915" elapsed="0.028892"/>
</kw>
<kw name="Wait Until Element Is Visible" owner="SeleniumLibrary">
<arg>${botaoEnvio2}</arg>
<arg>20s</arg>
<doc>Waits until the element ``locator`` is visible.</doc>
<status status="PASS" start="2025-09-21T15:31:17.583088" elapsed="6.335858"/>
</kw>
<kw name="Click Element" owner="SeleniumLibrary">
<msg time="2025-09-21T15:31:23.919263" level="INFO">Clicking element '//*[@id="btnSalvarDocumento"]'.</msg>
<arg>${botaoEnvio2}</arg>
<doc>Click the element identified by ``locator``.</doc>
<status status="PASS" start="2025-09-21T15:31:23.919127" elapsed="0.024730"/>
</kw>
<kw name="Wait Until Page Contains Element" owner="SeleniumLibrary">
<arg>${faseEnviado}</arg>
<arg>10s</arg>
<doc>Waits until the element ``locator`` appears on the current page.</doc>
<status status="PASS" start="2025-09-21T15:31:23.944093" elapsed="7.267360"/>
</kw>
<kw name="Click Element" owner="SeleniumLibrary">
<msg time="2025-09-21T15:31:31.211832" level="INFO">Clicking element '//*[@id="adicionar-assinatura"]'.</msg>
<arg>${assinar}</arg>
<doc>Click the element identified by ``locator``.</doc>
<status status="PASS" start="2025-09-21T15:31:31.211684" elapsed="0.033329"/>
</kw>
<kw name="Wait Until Element Is Visible" owner="SeleniumLibrary">
<arg>${senhaConta}</arg>
<arg>20s</arg>
<doc>Waits until the element ``locator`` is visible.</doc>
<status status="PASS" start="2025-09-21T15:31:31.245173" elapsed="1.436351"/>
</kw>
<kw name="Input Password" owner="SeleniumLibrary">
<msg time="2025-09-21T15:31:32.681856" level="INFO">Typing password into text field 'id=senhaConta'.</msg>
<msg time="2025-09-21T15:31:32.696001" level="INFO">Temporally setting log level to: NONE</msg>
<arg>${senhaConta}</arg>
<arg>${PASSWORD}</arg>
<doc>Types the given password into the text field identified by ``locator``.</doc>
<status status="PASS" start="2025-09-21T15:31:32.681704" elapsed="0.030254"/>
</kw>
<kw name="Click Element" owner="SeleniumLibrary">
<msg time="2025-09-21T15:31:32.712385" level="INFO">Clicking element '//*[@id="btnSalvarAssinatura"]'.</msg>
<arg>${salvarAssinatura}</arg>
<doc>Click the element identified by ``locator``.</doc>
<status status="PASS" start="2025-09-21T15:31:32.712245" elapsed="0.029339"/>
</kw>
<kw name="Wait Until Page Contains Element" owner="SeleniumLibrary">
<arg>${verificaAssinatura}</arg>
<arg>20s</arg>
<doc>Waits until the element ``locator`` appears on the current page.</doc>
<status status="PASS" start="2025-09-21T15:31:32.741835" elapsed="0.008512"/>
</kw>
<status status="PASS" start="2025-09-21T15:31:16.657160" elapsed="16.093382"/>
</test>
<status status="PASS" start="2025-09-21T15:30:56.648630" elapsed="36.102296"/>
</suite>
<suite id="s1-s8" name="08-Envio-Grupo-Assinatura" source="H:\robot-D4S\Smoke Test - D4S\08-envio-grupo-assinatura.robot">
<test id="s1-s8-t1" name="Login" line="8">
<kw name="Open Browser" owner="SeleniumLibrary">
<msg time="2025-09-21T15:31:32.754748" level="INFO">Opening browser 'chrome' to base url 'https://secure.d4sign.com.br/'.</msg>
<arg>${URL}</arg>
<arg>chrome</arg>
<doc>Opens a new browser instance to the optional ``url``.</doc>
<status status="PASS" start="2025-09-21T15:31:32.754580" elapsed="2.102854"/>
</kw>
<kw name="Execute Javascript" owner="SeleniumLibrary">
<msg time="2025-09-21T15:31:34.857927" level="INFO">Executing JavaScript:
document.cookie = "contratoazul_language=pt"
Without any arguments.</msg>
<arg>${setcookie}</arg>
<doc>Executes the given JavaScript code with possible arguments.</doc>
<status status="PASS" start="2025-09-21T15:31:34.857664" elapsed="0.193006"/>
</kw>
<kw name="Wait Until Element Is Visible" owner="SeleniumLibrary">
<arg>${Email}</arg>
<arg>10s</arg>
<doc>Waits until the element ``locator`` is visible.</doc>
<status status="PASS" start="2025-09-21T15:31:35.050875" elapsed="1.664584"/>
</kw>
<kw name="Input Text" owner="SeleniumLibrary">
<msg time="2025-09-21T15:31:36.715865" level="INFO">Typing text 'automacao@d4sign.com.br' into text field 'id=Email'.</msg>
<arg>${Email}</arg>
<arg>${USERNAME}</arg>
<doc>Types the given ``text`` into the text field identified by ``locator``.</doc>
<status status="PASS" start="2025-09-21T15:31:36.715672" elapsed="0.122505"/>
</kw>
<kw name="Input Text" owner="SeleniumLibrary">
<msg time="2025-09-21T15:31:36.839235" level="INFO">Typing text 'd4sign123' into text field 'id=Passwd'.</msg>
<arg>${Passwd}</arg>
<arg>${PASSWORD}</arg>
<doc>Types the given ``text`` into the text field identified by ``locator``.</doc>
<status status="PASS" start="2025-09-21T15:31:36.838756" elapsed="0.044892"/>
</kw>
<kw name="Click Button" owner="SeleniumLibrary">
<msg time="2025-09-21T15:31:36.883990" level="INFO">Clicking button 'id=logar'.</msg>
<arg>${logar}</arg>
<doc>Clicks the button identified by ``locator``.</doc>
<status status="PASS" start="2025-09-21T15:31:36.883847" elapsed="0.057909"/>
</kw>
<kw name="Wait Until Element Is Visible" owner="SeleniumLibrary">
<arg>${logoD4S}</arg>
<arg>60s</arg>
<doc>Waits until the element ``locator`` is visible.</doc>
<status status="PASS" start="2025-09-21T15:31:36.941965" elapsed="4.168314"/>
</kw>
<kw name="Page Should Contain Image" owner="SeleniumLibrary">
<msg time="2025-09-21T15:31:41.116117" level="INFO">Current page contains image '//*[@id="page-wrapper"]/div[1]/nav/div/div/div[1]/a/img'.</msg>
<arg>${logoD4S}</arg>
<doc>Verifies image identified by ``locator`` is found from current page.</doc>
<status status="PASS" start="2025-09-21T15:31:41.110463" elapsed="0.005709"/>
</kw>
<status status="PASS" start="2025-09-21T15:31:32.754249" elapsed="8.362054"/>
</test>
<test id="s1-s8-t2" name="Envio" line="18">
<kw name="Click Element" owner="SeleniumLibrary">
<msg time="2025-09-21T15:31:41.116826" level="INFO">Clicking element '//*[@id="drop-zone"]/a/p[2]'.</msg>
<arg>${botaoEnvio}</arg>
<doc>Click the element identified by ``locator``.</doc>
<status status="PASS" start="2025-09-21T15:31:41.116704" elapsed="0.030426"/>
</kw>
<kw name="Wait Until Element Is Visible" owner="SeleniumLibrary">
<arg>${selectCofre}</arg>
<arg>20s</arg>
<doc>Waits until the element ``locator`` is visible.</doc>
<status status="PASS" start="2025-09-21T15:31:41.147329" elapsed="0.624096"/>
</kw>
<kw name="Click Element" owner="SeleniumLibrary">
<msg time="2025-09-21T15:31:41.771754" level="INFO">Clicking element 'name=uuid-cofre'.</msg>
<arg>${selectCofre}</arg>
<doc>Click the element identified by ``locator``.</doc>
<status status="PASS" start="2025-09-21T15:31:41.771602" elapsed="0.143729"/>
</kw>
<kw name="Click Element" owner="SeleniumLibrary">
<msg time="2025-09-21T15:31:41.915651" level="INFO">Clicking element '//*[@id="formUpload"]/select/option[157]'.</msg>
<arg>${selecionarCofre}</arg>
<doc>Click the element identified by ``locator``.</doc>
<status status="PASS" start="2025-09-21T15:31:41.915507" elapsed="0.099163"/>
</kw>
<kw name="Sleep" owner="BuiltIn">
<msg time="2025-09-21T15:31:44.015333" level="INFO">Slept 2 seconds.</msg>
<arg>2s</arg>
<doc>Pauses the test executed for the given time.</doc>
<status status="PASS" start="2025-09-21T15:31:42.014903" elapsed="2.000510"/>
</kw>
<kw name="Normalize Path" owner="OperatingSystem">
<msg time="2025-09-21T15:31:44.015731" level="INFO">${ABSOLUTE_PATH} = H:\robot-D4S\files\doc-testes.pdf</msg>
<var>${ABSOLUTE_PATH}</var>
<arg>${RELATIVE_PATH}</arg>
<doc>Normalizes the given path.</doc>
<status status="PASS" start="2025-09-21T15:31:44.015595" elapsed="0.000153"/>
</kw>
<kw name="Choose File" owner="SeleniumLibrary">
<msg time="2025-09-21T15:31:44.016044" level="INFO">Sending H:\robot-D4S\files\doc-testes.pdf to browser.</msg>
<arg>${fileupload}</arg>
<arg>${ABSOLUTE_PATH}</arg>
<doc>Inputs the ``file_path`` into the file input field ``locator``.</doc>
<status status="PASS" start="2025-09-21T15:31:44.015893" elapsed="0.023040"/>
</kw>
<kw name="Wait Until Element Is Visible" owner="SeleniumLibrary">
<arg>${Aguardandoenvio}</arg>
<arg>20s</arg>
<doc>Waits until the element ``locator`` is visible.</doc>
<status status="PASS" start="2025-09-21T15:31:44.039201" elapsed="7.548742"/>
</kw>
<kw name="Page Should Contain Element" owner="SeleniumLibrary">
<msg time="2025-09-21T15:31:51.590956" level="INFO">Current page contains element '//*[@id="page-wrapper"]/div[2]/div/div[1]/div/div/div/span[1]'.</msg>
<arg>${Aguardandoenvio}</arg>
<doc>Verifies that element ``locator`` is found on the current page.</doc>
<status status="PASS" start="2025-09-21T15:31:51.588115" elapsed="0.002898"/>
</kw>
<status status="PASS" start="2025-09-21T15:31:41.116516" elapsed="10.474671"/>
</test>
<test id="s1-s8-t3" name="Assinatura" line="31">
<kw name="Click Element" owner="SeleniumLibrary">
<msg time="2025-09-21T15:31:51.591666" level="INFO">Clicking element '//*[@id="page-wrapper"]/div[2]/div/div[1]/div/div/div/div[4]/div/div[2]/div[1]/span[3]/a'.</msg>
<arg>${grupo}</arg>
<doc>Click the element identified by ``locator``.</doc>
<status status="PASS" start="2025-09-21T15:31:51.591551" elapsed="0.034346"/>
</kw>
<kw name="Wait Until Element Is Visible" owner="SeleniumLibrary">
<arg>${filtroGrupo}</arg>
<arg>10s</arg>
<doc>Waits until the element ``locator`` is visible.</doc>
<status status="PASS" start="2025-09-21T15:31:51.626107" elapsed="2.665695"/>
</kw>
<kw name="Input Text" owner="SeleniumLibrary">
<msg time="2025-09-21T15:31:54.292158" level="INFO">Typing text 'Grupo' into text field '//*[@id="filtro-grupos"]'.</msg>
<arg>${filtroGrupo}</arg>
<arg>Grupo</arg>
<doc>Types the given ``text`` into the text field identified by ``locator``.</doc>
<status status="PASS" start="2025-09-21T15:31:54.292002" elapsed="0.036252"/>
</kw>
<kw name="Wait Until Element Is Visible" owner="SeleniumLibrary">
<arg>${selecionarGrupo}</arg>
<doc>Waits until the element ``locator`` is visible.</doc>
<status status="PASS" start="2025-09-21T15:31:54.328429" elapsed="0.008009"/>
</kw>
<kw name="Click Element" owner="SeleniumLibrary">
<msg time="2025-09-21T15:31:54.336737" level="INFO">Clicking element '//*[@id="tabela-grupos"]/tbody/tr[29]/td[2]/a'.</msg>
<arg>${selecionarGrupo}</arg>
<doc>Click the element identified by ``locator``.</doc>
<status status="PASS" start="2025-09-21T15:31:54.336600" elapsed="0.025559"/>
</kw>
<kw name="Reload Page" owner="SeleniumLibrary">
<doc>Simulates user reloading page.</doc>
<status status="PASS" start="2025-09-21T15:31:54.362355" elapsed="4.735137"/>
</kw>
<kw name="Wait Until Element Is Enabled" owner="SeleniumLibrary">
<arg>${botaoAssinatura}</arg>
<arg>30s</arg>
<doc>Waits until the element ``locator`` is enabled.</doc>
<status status="PASS" start="2025-09-21T15:31:59.097693" elapsed="1.248481"/>
</kw>
<kw name="Click Element" owner="SeleniumLibrary">
<msg time="2025-09-21T15:32:00.346504" level="INFO">Clicking element '//*[@id="enviar-para-assinatura"]'.</msg>
<arg>${botaoAssinatura}</arg>
<doc>Click the element identified by ``locator``.</doc>
<status status="PASS" start="2025-09-21T15:32:00.346361" elapsed="0.027934"/>
</kw>
<kw name="Wait Until Element Is Visible" owner="SeleniumLibrary">
<arg>${botaoEnvio2}</arg>
<arg>20s</arg>
<doc>Waits until the element ``locator`` is visible.</doc>
<status status="PASS" start="2025-09-21T15:32:00.374492" elapsed="2.862688"/>
</kw>
<kw name="Click Element" owner="SeleniumLibrary">
<msg time="2025-09-21T15:32:03.237641" level="INFO">Clicking element '//*[@id="btnSalvarDocumento"]'.</msg>
<arg>${botaoEnvio2}</arg>
<doc>Click the element identified by ``locator``.</doc>
<status status="PASS" start="2025-09-21T15:32:03.237458" elapsed="0.026850"/>
</kw>
<kw name="Wait Until Page Contains Element" owner="SeleniumLibrary">
<arg>${faseEnviado}</arg>
<arg>50s</arg>
<doc>Waits until the element ``locator`` appears on the current page.</doc>
<status status="PASS" start="2025-09-21T15:32:03.264555" elapsed="7.805133"/>
</kw>
<status status="PASS" start="2025-09-21T15:31:51.591377" elapsed="19.478515"/>
</test>
<status status="PASS" start="2025-09-21T15:31:32.751434" elapsed="38.318737"/>
</suite>
<suite id="s1-s9" name="09-Envio-Template-Html" source="H:\robot-D4S\Smoke Test - D4S\09-envio-template-html.robot">
<test id="s1-s9-t1" name="Login" line="7">
<kw name="Open Browser" owner="SeleniumLibrary">
<msg time="2025-09-21T15:32:11.073393" level="INFO">Opening browser 'chrome' to base url 'https://secure.d4sign.com.br/'.</msg>
<arg>${URL}</arg>
<arg>chrome</arg>
<doc>Opens a new browser instance to the optional ``url``.</doc>
<status status="PASS" start="2025-09-21T15:32:11.073234" elapsed="2.160789"/>
</kw>
<kw name="Execute Javascript" owner="SeleniumLibrary">
<msg time="2025-09-21T15:32:13.234517" level="INFO">Executing JavaScript:
document.cookie = "contratoazul_language=pt"
Without any arguments.</msg>
<arg>${setcookie}</arg>
<doc>Executes the given JavaScript code with possible arguments.</doc>
<status status="PASS" start="2025-09-21T15:32:13.234266" elapsed="0.220083"/>
</kw>
<kw name="Wait Until Element Is Visible" owner="SeleniumLibrary">
<arg>${Email}</arg>
<arg>10s</arg>
<doc>Waits until the element ``locator`` is visible.</doc>
<status status="PASS" start="2025-09-21T15:32:13.454545" elapsed="1.841917"/>
</kw>
<kw name="Input Text" owner="SeleniumLibrary">
<msg time="2025-09-21T15:32:15.296959" level="INFO">Typing text 'automacao@d4sign.com.br' into text field 'id=Email'.</msg>
<arg>${Email}</arg>
<arg>${USERNAME}</arg>
<doc>Types the given ``text`` into the text field identified by ``locator``.</doc>
<status status="PASS" start="2025-09-21T15:32:15.296718" elapsed="0.097986"/>
</kw>
<kw name="Input Text" owner="SeleniumLibrary">
<msg time="2025-09-21T15:32:15.395097" level="INFO">Typing text 'd4sign123' into text field 'id=Passwd'.</msg>
<arg>${Passwd}</arg>
<arg>${PASSWORD}</arg>
<doc>Types the given ``text`` into the text field identified by ``locator``.</doc>
<status status="PASS" start="2025-09-21T15:32:15.394934" elapsed="0.683324"/>
</kw>
<kw name="Click Button" owner="SeleniumLibrary">
<msg time="2025-09-21T15:32:16.078642" level="INFO">Clicking button 'id=logar'.</msg>
<arg>${logar}</arg>
<doc>Clicks the button identified by ``locator``.</doc>
<status status="PASS" start="2025-09-21T15:32:16.078493" elapsed="0.071290"/>
</kw>
<kw name="Wait Until Element Is Visible" owner="SeleniumLibrary">
<arg>${logoD4S}</arg>
<arg>10s</arg>
<doc>Waits until the element ``locator`` is visible.</doc>
<status status="PASS" start="2025-09-21T15:32:16.150037" elapsed="4.149945"/>
</kw>
<kw name="Page Should Contain Image" owner="SeleniumLibrary">
<msg time="2025-09-21T15:32:20.305355" level="INFO">Current page contains image '//*[@id="page-wrapper"]/div[1]/nav/div/div/div[1]/a/img'.</msg>
<arg>${logoD4S}</arg>
<doc>Verifies image identified by ``locator`` is found from current page.</doc>
<status status="PASS" start="2025-09-21T15:32:20.300177" elapsed="0.005232"/>
</kw>
<status status="PASS" start="2025-09-21T15:32:11.073026" elapsed="9.232513"/>
</test>
<test id="s1-s9-t2" name="Preenchimento de Template HTML" line="17">
<kw name="Click Element" owner="SeleniumLibrary">
<msg time="2025-09-21T15:32:20.306013" level="INFO">Clicking element '//*[@id="liCofre_1414985"]/a'.</msg>
<arg>${cofre12}</arg>
<doc>Click the element identified by ``locator``.</doc>
<status status="PASS" start="2025-09-21T15:32:20.305891" elapsed="3.399732"/>
</kw>
<kw name="Wait Until Element Is Visible" owner="SeleniumLibrary">
<arg>${novoArquivo}</arg>
<arg>20s</arg>
<doc>Waits until the element ``locator`` is visible.</doc>
<status status="PASS" start="2025-09-21T15:32:23.705878" elapsed="0.012110"/>
</kw>
<kw name="Click Element" owner="SeleniumLibrary">
<msg time="2025-09-21T15:32:23.718283" level="INFO">Clicking element 'id=label-new-file'.</msg>
<arg>${novoArquivo}</arg>
<doc>Click the element identified by ``locator``.</doc>
<status status="PASS" start="2025-09-21T15:32:23.718148" elapsed="0.070877"/>
</kw>
<kw name="Click Element" owner="SeleniumLibrary">
<msg time="2025-09-21T15:32:23.789366" level="INFO">Clicking element '//*[@id="page-wrapper"]/div[2]/div[2]/div[2]/div/div[1]/div[2]/ul/li[4]/a'.</msg>
<arg>${templateHTML}</arg>
<doc>Click the element identified by ``locator``.</doc>
<status status="PASS" start="2025-09-21T15:32:23.789215" elapsed="2.121212"/>
</kw>
<kw name="Input Text" owner="SeleniumLibrary">
<msg time="2025-09-21T15:32:25.910771" level="INFO">Typing text 'Apple' into text field '//*[@id="keyt_marca"]'.</msg>
<arg>${campoMarca}</arg>
<arg>Apple</arg>
<doc>Types the given ``text`` into the text field identified by ``locator``.</doc>
<status status="PASS" start="2025-09-21T15:32:25.910620" elapsed="0.059913"/>
</kw>
<kw name="Input Text" owner="SeleniumLibrary">
<msg time="2025-09-21T15:32:25.970880" level="INFO">Typing text 'Fruta' into text field '//*[@id="keyt_laranja"]'.</msg>
<arg>${campoLaranja}</arg>
<arg>Fruta</arg>
<doc>Types the given ``text`` into the text field identified by ``locator``.</doc>
<status status="PASS" start="2025-09-21T15:32:25.970729" elapsed="0.041574"/>
</kw>
<kw name="Input Text" owner="SeleniumLibrary">
<msg time="2025-09-21T15:32:26.012639" level="INFO">Typing text 'Preto' into text field '//*[@id="keyt_cor"]'.</msg>
<arg>${campoCor}</arg>
<arg>Preto</arg>
<doc>Types the given ``text`` into the text field identified by ``locator``.</doc>
<status status="PASS" start="2025-09-21T15:32:26.012492" elapsed="0.041520"/>
</kw>
<kw name="Input Text" owner="SeleniumLibrary">
<msg time="2025-09-21T15:32:26.054385" level="INFO">Typing text 'TRUE' into text field '//*[@id="keyt_trueFALSE"]'.</msg>
<arg>${campoTrueFALSE}</arg>
<arg>TRUE</arg>
<doc>Types the given ``text`` into the text field identified by ``locator``.</doc>
<status status="PASS" start="2025-09-21T15:32:26.054225" elapsed="0.046520"/>
</kw>
<kw name="Input Text" owner="SeleniumLibrary">
<msg time="2025-09-21T15:32:26.101096" level="INFO">Typing text 'Av. Brasil' into text field '//*[@id="keyt_rua"]'.</msg>
<arg>${campoRua}</arg>
<arg>Av. Brasil</arg>
<doc>Types the given ``text`` into the text field identified by ``locator``.</doc>
<status status="PASS" start="2025-09-21T15:32:26.100945" elapsed="0.055238"/>
</kw>
<kw name="Input Text" owner="SeleniumLibrary">
<msg time="2025-09-21T15:32:26.156673" level="INFO">Typing text 'Paris' into text field '//*[@id="keyt_lugares"]'.</msg>
<arg>${campoLugares}</arg>
<arg>Paris</arg>
<doc>Types the given ``text`` into the text field identified by ``locator``.</doc>
<status status="PASS" start="2025-09-21T15:32:26.156512" elapsed="0.051639"/>
</kw>
<kw name="Input Text" owner="SeleniumLibrary">
<msg time="2025-09-21T15:32:26.208471" level="INFO">Typing text 'Taverna Medieval' into text field '//*[@id="keyt_restaurant"]'.</msg>
<arg>${campoRestaurant}</arg>
<arg>Taverna Medieval</arg>
<doc>Types the given ``text`` into the text field identified by ``locator``.</doc>
<status status="PASS" start="2025-09-21T15:32:26.208323" elapsed="0.057273"/>
</kw>
<kw name="Click Element" owner="SeleniumLibrary">
<msg time="2025-09-21T15:32:26.265917" level="INFO">Clicking element '//*[@id="btnSaveTemplate"]'.</msg>
<arg>${salvarTemplate}</arg>
<doc>Click the element identified by ``locator``.</doc>
<status status="PASS" start="2025-09-21T15:32:26.265771" elapsed="0.030021"/>
</kw>
<kw name="Wait Until Page Contains Element" owner="SeleniumLibrary">
<arg>${verificaEnvio}</arg>
<arg>60s</arg>
<doc>Waits until the element ``locator`` appears on the current page.</doc>
<status status="PASS" start="2025-09-21T15:32:26.295967" elapsed="11.901401"/>
</kw>
<status status="PASS" start="2025-09-21T15:32:20.305711" elapsed="17.891851"/>
</test>
<test id="s1-s9-t3" name="Envio do Documento" line="33">
<kw name="Click Element" owner="SeleniumLibrary">
<msg time="2025-09-21T15:32:38.198160" level="INFO">Clicking element '//*[@id="page-wrapper"]/div[2]/div/div[1]/div/div/div/div[4]/div/div[2]/div[1]/span[1]/a'.</msg>
<arg>${incluirEmail}</arg>
<doc>Click the element identified by ``locator``.</doc>
<status status="PASS" start="2025-09-21T15:32:38.198032" elapsed="0.034486"/>
</kw>
<kw name="Wait Until Element Is Visible" owner="SeleniumLibrary">
<arg>${botaoAssinatura}</arg>
<arg>10s</arg>
<doc>Waits until the element ``locator`` is visible.</doc>
<status status="PASS" start="2025-09-21T15:32:38.232694" elapsed="0.008095"/>
</kw>
<kw name="Sleep" owner="BuiltIn">
<msg time="2025-09-21T15:32:48.241820" level="INFO">Slept 10 seconds.</msg>
<arg>10s</arg>
<doc>Pauses the test executed for the given time.</doc>
<status status="PASS" start="2025-09-21T15:32:38.241104" elapsed="10.000908"/>
</kw>
<kw name="Click Element" owner="SeleniumLibrary">
<msg time="2025-09-21T15:32:48.242780" level="INFO">Clicking element '//*[@id="enviar-para-assinatura"]'.</msg>
<arg>${botaoAssinatura}</arg>
<doc>Click the element identified by ``locator``.</doc>
<status status="PASS" start="2025-09-21T15:32:48.242492" elapsed="0.029472"/>
</kw>
<kw name="Wait Until Element Is Visible" owner="SeleniumLibrary">
<arg>${botaoEnvio2}</arg>
<arg>20s</arg>
<doc>Waits until the element ``locator`` is visible.</doc>
<status status="PASS" start="2025-09-21T15:32:48.272170" elapsed="1.268481"/>
</kw>
<kw name="Click Element" owner="SeleniumLibrary">
<msg time="2025-09-21T15:32:49.540990" level="INFO">Clicking element '//*[@id="btnSalvarDocumento"]'.</msg>
<arg>${botaoEnvio2}</arg>
<doc>Click the element identified by ``locator``.</doc>
<status status="PASS" start="2025-09-21T15:32:49.540844" elapsed="0.024426"/>
</kw>
<kw name="Wait Until Page Contains Element" owner="SeleniumLibrary">
<arg>${faseEnviado}</arg>
<arg>50s</arg>
<doc>Waits until the element ``locator`` appears on the current page.</doc>
<status status="PASS" start="2025-09-21T15:32:49.565465" elapsed="5.482212"/>
</kw>
<status status="PASS" start="2025-09-21T15:32:38.197823" elapsed="16.850038"/>
</test>
<test id="s1-s9-t4" name="Assinatura do Template" line="43">
<kw name="Click Element" owner="SeleniumLibrary">
<msg time="2025-09-21T15:32:55.048399" level="INFO">Clicking element '//*[@id="adicionar-assinatura"]'.</msg>
<arg>${assinar}</arg>
<doc>Click the element identified by ``locator``.</doc>
<status status="PASS" start="2025-09-21T15:32:55.048268" elapsed="0.031214"/>
</kw>
<kw name="Wait Until Element Is Visible" owner="SeleniumLibrary">
<arg>${senhaConta}</arg>
<arg>10s</arg>
<doc>Waits until the element ``locator`` is visible.</doc>
<status status="PASS" start="2025-09-21T15:32:55.079764" elapsed="1.030813"/>
</kw>
<kw name="Input Text" owner="SeleniumLibrary">
<msg time="2025-09-21T15:32:56.110909" level="INFO">Typing text 'd4sign123' into text field 'id=senhaConta'.</msg>
<arg>${senhaConta}</arg>
<arg>${PASSWORD}</arg>
<doc>Types the given ``text`` into the text field identified by ``locator``.</doc>
<status status="PASS" start="2025-09-21T15:32:56.110756" elapsed="0.025264"/>
</kw>
<kw name="Click Element" owner="SeleniumLibrary">
<msg time="2025-09-21T15:32:56.136463" level="INFO">Clicking element '//*[@id="btnSalvarAssinatura"]'.</msg>
<arg>${salvarAssinatura}</arg>
<doc>Click the element identified by ``locator``.</doc>
<status status="PASS" start="2025-09-21T15:32:56.136211" elapsed="0.029283"/>
</kw>
<kw name="Wait Until Element Is Visible" owner="SeleniumLibrary">
<arg>${verificaAssinatura}</arg>
<arg>20s</arg>
<doc>Waits until the element ``locator`` is visible.</doc>
<status status="PASS" start="2025-09-21T15:32:56.165683" elapsed="4.282958"/>
</kw>
<kw name="Page Should Contain Element" owner="SeleniumLibrary">
<msg time="2025-09-21T15:33:00.451638" level="INFO">Current page contains element '//*[@id="viewblobdiv"]/div[2]/div[1]'.</msg>
<arg>${verificaAssinatura}</arg>
<doc>Verifies that element ``locator`` is found on the current page.</doc>
<status status="PASS" start="2025-09-21T15:33:00.448822" elapsed="0.002864"/>
</kw>
<status status="PASS" start="2025-09-21T15:32:55.048069" elapsed="5.403772"/>
</test>
<status status="PASS" start="2025-09-21T15:32:11.070513" elapsed="49.381609"/>
</suite>
<suite id="s1-s10" name="10-Envio-Template-Word" source="H:\robot-D4S\Smoke Test - D4S\10-envio-template-word.robot">
<test id="s1-s10-t1" name="Login" line="7">
<kw name="Open Browser" owner="SeleniumLibrary">
<msg time="2025-09-21T15:33:00.455184" level="INFO">Opening browser 'chrome' to base url 'https://secure.d4sign.com.br/'.</msg>
<arg>${URL}</arg>
<arg>chrome</arg>
<doc>Opens a new browser instance to the optional ``url``.</doc>
<status status="PASS" start="2025-09-21T15:33:00.455074" elapsed="2.135091"/>
</kw>
<kw name="Execute Javascript" owner="SeleniumLibrary">
<msg time="2025-09-21T15:33:02.591109" level="INFO">Executing JavaScript:
document.cookie = "contratoazul_language=pt"
Without any arguments.</msg>
<arg>${setcookie}</arg>
<doc>Executes the given JavaScript code with possible arguments.</doc>
<status status="PASS" start="2025-09-21T15:33:02.590663" elapsed="0.204940"/>
</kw>
<kw name="Wait Until Element Is Visible" owner="SeleniumLibrary">
<arg>${Email}</arg>
<arg>10s</arg>
<doc>Waits until the element ``locator`` is visible.</doc>
<status status="PASS" start="2025-09-21T15:33:02.795800" elapsed="1.846887"/>
</kw>
<kw name="Input Text" owner="SeleniumLibrary">
<msg time="2025-09-21T15:33:04.642998" level="INFO">Typing text 'automacao@d4sign.com.br' into text field 'id=Email'.</msg>
<arg>${Email}</arg>
<arg>${USERNAME}</arg>
<doc>Types the given ``text`` into the text field identified by ``locator``.</doc>
<status status="PASS" start="2025-09-21T15:33:04.642854" elapsed="0.081304"/>
</kw>
<kw name="Input Text" owner="SeleniumLibrary">
<msg time="2025-09-21T15:33:04.724532" level="INFO">Typing text 'd4sign123' into text field 'id=Passwd'.</msg>
<arg>${Passwd}</arg>
<arg>${PASSWORD}</arg>
<doc>Types the given ``text`` into the text field identified by ``locator``.</doc>
<status status="PASS" start="2025-09-21T15:33:04.724368" elapsed="0.032110"/>
</kw>
<kw name="Click Button" owner="SeleniumLibrary">
<msg time="2025-09-21T15:33:04.756789" level="INFO">Clicking button 'id=logar'.</msg>
<arg>${logar}</arg>
<doc>Clicks the button identified by ``locator``.</doc>
<status status="PASS" start="2025-09-21T15:33:04.756651" elapsed="0.045930"/>
</kw>
<kw name="Wait Until Element Is Visible" owner="SeleniumLibrary">
<arg>${logoD4S}</arg>
<arg>10s</arg>
<doc>Waits until the element ``locator`` is visible.</doc>
<status status="PASS" start="2025-09-21T15:33:04.802790" elapsed="4.185422"/>
</kw>
<kw name="Page Should Contain Image" owner="SeleniumLibrary">
<msg time="2025-09-21T15:33:08.993606" level="INFO">Current page contains image '//*[@id="page-wrapper"]/div[1]/nav/div/div/div[1]/a/img'.</msg>
<arg>${logoD4S}</arg>
<doc>Verifies image identified by ``locator`` is found from current page.</doc>
<status status="PASS" start="2025-09-21T15:33:08.988433" elapsed="0.005220"/>
</kw>
<status status="PASS" start="2025-09-21T15:33:00.454863" elapsed="8.538912"/>
</test>
<test id="s1-s10-t2" name="Preenchimento de Template HTML" line="17">
<kw name="Click Element" owner="SeleniumLibrary">
<msg time="2025-09-21T15:33:08.994325" level="INFO">Clicking element '//*[@id="liCofre_1414985"]/a'.</msg>
<arg>${cofre12}</arg>
<doc>Click the element identified by ``locator``.</doc>
<status status="PASS" start="2025-09-21T15:33:08.994201" elapsed="2.173750"/>
</kw>
<kw name="Wait Until Element Is Visible" owner="SeleniumLibrary">
<arg>${novoArquivo}</arg>
<arg>20s</arg>
<doc>Waits until the element ``locator`` is visible.</doc>
<status status="PASS" start="2025-09-21T15:33:11.168125" elapsed="0.028606"/>
</kw>
<kw name="Click Element" owner="SeleniumLibrary">
<msg time="2025-09-21T15:33:11.197105" level="INFO">Clicking element 'id=label-new-file'.</msg>
<arg>${novoArquivo}</arg>
<doc>Click the element identified by ``locator``.</doc>
<status status="PASS" start="2025-09-21T15:33:11.196959" elapsed="0.161336"/>
</kw>
<kw name="Click Element" owner="SeleniumLibrary">
<msg time="2025-09-21T15:33:11.358648" level="INFO">Clicking element '//*[@id="page-wrapper"]/div[2]/div[2]/div[2]/div/div[1]/div[2]/ul/li[144]/a'.</msg>
<arg>${templateWORD}</arg>
<doc>Click the element identified by ``locator``.</doc>
<status status="PASS" start="2025-09-21T15:33:11.358496" elapsed="1.331078"/>
</kw>
<kw name="Input Text" owner="SeleniumLibrary">
<msg time="2025-09-21T15:33:12.689964" level="INFO">Typing text '000001' into text field '//*[@id="form_clientecodigo"]'.</msg>
<arg>${campoCodigo}</arg>
<arg>000001</arg>
<doc>Types the given ``text`` into the text field identified by ``locator``.</doc>
<status status="PASS" start="2025-09-21T15:33:12.689810" elapsed="0.050879"/>
</kw>
<kw name="Input Text" owner="SeleniumLibrary">
<msg time="2025-09-21T15:33:12.741269" level="INFO">Typing text '17/09/2025' into text field '//*[@id="form_data"]'.</msg>
<arg>${campoData}</arg>
<arg>17/09/2025</arg>
<doc>Types the given ``text`` into the text field identified by ``locator``.</doc>
<status status="PASS" start="2025-09-21T15:33:12.740973" elapsed="0.042217"/>
</kw>
<kw name="Input Text" owner="SeleniumLibrary">
<msg time="2025-09-21T15:33:12.783848" level="INFO">Typing text 'Marisa Modas' into text field '//*[@id="form_clientenomefantasia"]'.</msg>
<arg>${campoNomeFantasia}</arg>
<arg>Marisa Modas</arg>
<doc>Types the given ``text`` into the text field identified by ``locator``.</doc>
<status status="PASS" start="2025-09-21T15:33:12.783601" elapsed="0.046098"/>
</kw>
<kw name="Input Text" owner="SeleniumLibrary">
<msg time="2025-09-21T15:33:12.830142" level="INFO">Typing text 'Sáo Paulo' into text field '//*[@id="form_clientecidade"]'.</msg>
<arg>${campoCidade}</arg>
<arg>Sáo Paulo</arg>
<doc>Types the given ``text`` into the text field identified by ``locator``.</doc>
<status status="PASS" start="2025-09-21T15:33:12.829995" elapsed="0.049124"/>
</kw>
<kw name="Input Text" owner="SeleniumLibrary">
<msg time="2025-09-21T15:33:12.879504" level="INFO">Typing text 'Av. Brasil' into text field '//*[@id="form_clienteendereco"]'.</msg>
<arg>${campoEndereco}</arg>
<arg>Av. Brasil</arg>
<doc>Types the given ``text`` into the text field identified by ``locator``.</doc>
<status status="PASS" start="2025-09-21T15:33:12.879355" elapsed="0.061322"/>
</kw>
<kw name="Input Text" owner="SeleniumLibrary">
<msg time="2025-09-21T15:33:12.941202" level="INFO">Typing text 'Paris' into text field '//*[@id="form_clientebairro"]'.</msg>
<arg>${campoBairro}</arg>
<arg>Paris</arg>
<doc>Types the given ``text`` into the text field identified by ``locator``.</doc>
<status status="PASS" start="2025-09-21T15:33:12.940946" elapsed="0.034163"/>
</kw>
<kw name="Input Text" owner="SeleniumLibrary">
<msg time="2025-09-21T15:33:12.975469" level="INFO">Typing text '08531147' into text field '//*[@id="form_clientecep"]'.</msg>
<arg>${campoCep}</arg>
<arg>08531147</arg>
<doc>Types the given ``text`` into the text field identified by ``locator``.</doc>
<status status="PASS" start="2025-09-21T15:33:12.975319" elapsed="0.060771"/>
</kw>
<kw name="Click Element" owner="SeleniumLibrary">
<msg time="2025-09-21T15:33:13.036442" level="INFO">Clicking element '//*[@id="btnSaveTemplate"]'.</msg>
<arg>${salvarTemplate}</arg>
<doc>Click the element identified by ``locator``.</doc>
<status status="PASS" start="2025-09-21T15:33:13.036290" elapsed="0.036681"/>
</kw>
<kw name="Wait Until Page Contains Element" owner="SeleniumLibrary">
<arg>${verificaEnvio}</arg>
<arg>240s</arg>
<doc>Waits until the element ``locator`` appears on the current page.</doc>
<status status="PASS" start="2025-09-21T15:33:13.073156" elapsed="6.035472"/>
</kw>
<status status="PASS" start="2025-09-21T15:33:08.993988" elapsed="10.114827"/>
</test>
<test id="s1-s10-t3" name="Envio do Documento" line="33">
<kw name="Click Element" owner="SeleniumLibrary">
<msg time="2025-09-21T15:33:19.109392" level="INFO">Clicking element '//*[@id="page-wrapper"]/div[2]/div/div[1]/div/div/div/div[4]/div/div[2]/div[1]/span[1]/a'.</msg>
<arg>${incluirEmail}</arg>
<doc>Click the element identified by ``locator``.</doc>
<status status="PASS" start="2025-09-21T15:33:19.109257" elapsed="0.031166"/>
</kw>
<kw name="Wait Until Element Is Visible" owner="SeleniumLibrary">
<arg>${botaoAssinatura}</arg>
<arg>10s</arg>
<doc>Waits until the element ``locator`` is visible.</doc>
<status status="PASS" start="2025-09-21T15:33:19.140721" elapsed="0.008514"/>
</kw>
<kw name="Sleep" owner="BuiltIn">
<msg time="2025-09-21T15:33:29.149696" level="INFO">Slept 10 seconds.</msg>
<arg>10s</arg>
<doc>Pauses the test executed for the given time.</doc>
<status status="PASS" start="2025-09-21T15:33:19.149396" elapsed="10.000385"/>
</kw>
<kw name="Click Element" owner="SeleniumLibrary">
<msg time="2025-09-21T15:33:29.150122" level="INFO">Clicking element '//*[@id="enviar-para-assinatura"]'.</msg>
<arg>${botaoAssinatura}</arg>
<doc>Click the element identified by ``locator``.</doc>
<status status="PASS" start="2025-09-21T15:33:29.149976" elapsed="0.027165"/>
</kw>
<kw name="Wait Until Element Is Visible" owner="SeleniumLibrary">
<arg>${botaoEnvio2}</arg>
<arg>20s</arg>
<doc>Waits until the element ``locator`` is visible.</doc>
<status status="PASS" start="2025-09-21T15:33:29.177329" elapsed="3.272710"/>
</kw>
<kw name="Click Element" owner="SeleniumLibrary">
<msg time="2025-09-21T15:33:32.450360" level="INFO">Clicking element '//*[@id="btnSalvarDocumento"]'.</msg>
<arg>${botaoEnvio2}</arg>
<doc>Click the element identified by ``locator``.</doc>
<status status="PASS" start="2025-09-21T15:33:32.450222" elapsed="0.026531"/>
</kw>
<kw name="Wait Until Page Contains Element" owner="SeleniumLibrary">
<arg>${faseEnviado}</arg>
<arg>50s</arg>
<doc>Waits until the element ``locator`` appears on the current page.</doc>
<status status="PASS" start="2025-09-21T15:33:32.476952" elapsed="6.966912"/>
</kw>
<status status="PASS" start="2025-09-21T15:33:19.109056" elapsed="20.335030"/>
</test>
<test id="s1-s10-t4" name="Assinatura do Template" line="43">
<kw name="Click Element" owner="SeleniumLibrary">
<msg time="2025-09-21T15:33:39.444620" level="INFO">Clicking element '//*[@id="adicionar-assinatura"]'.</msg>
<arg>${assinar}</arg>
<doc>Click the element identified by ``locator``.</doc>
<status status="PASS" start="2025-09-21T15:33:39.444496" elapsed="0.032284"/>
</kw>
<kw name="Wait Until Element Is Visible" owner="SeleniumLibrary">
<arg>${senhaConta}</arg>
<arg>10s</arg>
<doc>Waits until the element ``locator`` is visible.</doc>
<status status="PASS" start="2025-09-21T15:33:39.476951" elapsed="0.844273"/>
</kw>
<kw name="Input Text" owner="SeleniumLibrary">
<msg time="2025-09-21T15:33:40.321578" level="INFO">Typing text 'd4sign123' into text field 'id=senhaConta'.</msg>
<arg>${senhaConta}</arg>
<arg>${PASSWORD}</arg>
<doc>Types the given ``text`` into the text field identified by ``locator``.</doc>
<status status="PASS" start="2025-09-21T15:33:40.321419" elapsed="0.028006"/>
</kw>
<kw name="Click Element" owner="SeleniumLibrary">
<msg time="2025-09-21T15:33:40.349766" level="INFO">Clicking element '//*[@id="btnSalvarAssinatura"]'.</msg>
<arg>${salvarAssinatura}</arg>
<doc>Click the element identified by ``locator``.</doc>
<status status="PASS" start="2025-09-21T15:33:40.349618" elapsed="0.025526"/>
</kw>
<kw name="Wait Until Element Is Visible" owner="SeleniumLibrary">
<arg>${verificaAssinatura}</arg>
<arg>20s</arg>
<doc>Waits until the element ``locator`` is visible.</doc>
<status status="PASS" start="2025-09-21T15:33:40.375460" elapsed="3.853601"/>
</kw>
<kw name="Page Should Contain Element" owner="SeleniumLibrary">
<msg time="2025-09-21T15:33:44.232244" level="INFO">Current page contains element '//*[@id="viewblobdiv"]/div[2]/div[1]'.</msg>
<arg>${verificaAssinatura}</arg>
[...]
	(No symbol) [0x0x7ff6d2a48b8b]
	(No symbol) [0x0x7ff6d2a204e3]
	(No symbol) [0x0x7ff6d29e8e92]
	(No symbol) [0x0x7ff6d29e9c63]
	GetHandleVerifier [0x0x7ff6d2ee0dbd+2954061]
	GetHandleVerifier [0x0x7ff6d2edb02a+2930106]
	GetHandleVerifier [0x0x7ff6d2efb357+3061991]
	GetHandleVerifier [0x0x7ff6d2c3d60e+187294]
	GetHandleVerifier [0x0x7ff6d2c4557f+219919]
	GetHandleVerifier [0x0x7ff6d2c2c294+116772]
	GetHandleVerifier [0x0x7ff6d2c2c449+117209]
	GetHandleVerifier [0x0x7ff6d2c12618+11176]
	BaseThreadInitThunk [0x0x7ffb6e16e8d7+23]
	RtlUserThreadStart [0x0x7ffb6fe48d9c+44]
</status>
</test>
<status status="FAIL" start="2025-09-21T15:33:44.232904" elapsed="14.197205"/>
</suite>
<suite id="s1-s12" name="12-Envio-Powerform" source="H:\robot-D4S\Smoke Test - D4S\12-envio-powerform.robot">
<test id="s1-s12-t1" name="Login" line="9">
<kw name="Open Browser" owner="SeleniumLibrary">
<msg time="2025-09-21T15:33:58.442034" level="INFO">Opening browser 'chrome' to base url 'https://secure.d4sign.com.br/'.</msg>
<arg>${URL}</arg>
<arg>chrome</arg>
<doc>Opens a new browser instance to the optional ``url``.</doc>
<status status="PASS" start="2025-09-21T15:33:58.441851" elapsed="2.140607"/>
</kw>
<kw name="Execute Javascript" owner="SeleniumLibrary">
<msg time="2025-09-21T15:34:00.583162" level="INFO">Executing JavaScript:
document.cookie = "contratoazul_language=pt"
Without any arguments.</msg>
<arg>${setcookie}</arg>
<doc>Executes the given JavaScript code with possible arguments.</doc>
<status status="PASS" start="2025-09-21T15:34:00.582774" elapsed="0.189359"/>
</kw>
<kw name="Wait Until Element Is Visible" owner="SeleniumLibrary">
<arg>${Email}</arg>
<arg>10s</arg>
<doc>Waits until the element ``locator`` is visible.</doc>
<status status="PASS" start="2025-09-21T15:34:00.772447" elapsed="1.687682"/>
</kw>
<kw name="Input Text" owner="SeleniumLibrary">
<msg time="2025-09-21T15:34:02.460701" level="INFO">Typing text 'automacao@d4sign.com.br' into text field 'id=Email'.</msg>
<arg>${Email}</arg>
<arg>${USERNAME}</arg>
<doc>Types the given ``text`` into the text field identified by ``locator``.</doc>
<status status="PASS" start="2025-09-21T15:34:02.460450" elapsed="0.110833"/>
</kw>
<kw name="Input Text" owner="SeleniumLibrary">
<msg time="2025-09-21T15:34:02.571841" level="INFO">Typing text 'd4sign123' into text field 'id=Passwd'.</msg>
<arg>${Passwd}</arg>
<arg>${PASSWORD}</arg>
<doc>Types the given ``text`` into the text field identified by ``locator``.</doc>
<status status="PASS" start="2025-09-21T15:34:02.571591" elapsed="0.054459"/>
</kw>
<kw name="Click Button" owner="SeleniumLibrary">
<msg time="2025-09-21T15:34:02.626575" level="INFO">Clicking button 'id=logar'.</msg>
<arg>${logar}</arg>
<doc>Clicks the button identified by ``locator``.</doc>
<status status="PASS" start="2025-09-21T15:34:02.626356" elapsed="0.089242"/>
</kw>
<kw name="Wait Until Element Is Visible" owner="SeleniumLibrary">
<arg>${logoD4S}</arg>
<arg>60s</arg>
<doc>Waits until the element ``locator`` is visible.</doc>
<status status="PASS" start="2025-09-21T15:34:02.715857" elapsed="4.138586"/>
</kw>
<kw name="Page Should Contain Image" owner="SeleniumLibrary">
<msg time="2025-09-21T15:34:06.860906" level="INFO">Current page contains image '//*[@id="page-wrapper"]/div[1]/nav/div/div/div[1]/a/img'.</msg>
<arg>${logoD4S}</arg>
<doc>Verifies image identified by ``locator`` is found from current page.</doc>
<status status="PASS" start="2025-09-21T15:34:06.854747" elapsed="0.006240"/>
</kw>
<status status="PASS" start="2025-09-21T15:33:58.441428" elapsed="8.419767"/>
</test>
<test id="s1-s12-t2" name="Preparação do PowerForm" line="19">
<kw name="Click Element" owner="SeleniumLibrary">
<msg time="2025-09-21T15:34:06.862100" level="INFO">Clicking element '//*[@id="page-wrapper"]/div[2]/div[1]/div[3]/div/a'.</msg>
<arg>${CLM}</arg>
<doc>Click the element identified by ``locator``.</doc>
<status status="PASS" start="2025-09-21T15:34:06.861913" elapsed="0.036425"/>
</kw>
<kw name="Click Element" owner="SeleniumLibrary">
<msg time="2025-09-21T15:34:06.898821" level="INFO">Clicking element '//*[@id="page-wrapper"]/div[2]/div[1]/div[3]/div/ul/li[5]/a'.</msg>
<arg>${PowerForm}</arg>
<doc>Click the element identified by ``locator``.</doc>
<status status="PASS" start="2025-09-21T15:34:06.898609" elapsed="3.628728"/>
</kw>
<kw name="Wait Until Element Is Visible" owner="SeleniumLibrary">
<arg>${criarPowerForm}</arg>
<arg>20s</arg>
<doc>Waits until the element ``locator`` is visible.</doc>
<status status="PASS" start="2025-09-21T15:34:10.527652" elapsed="0.015667"/>
</kw>
<kw name="Click Element" owner="SeleniumLibrary">
<msg time="2025-09-21T15:34:10.543784" level="INFO">Clicking element '//*[@id="btnSaveTemplate"]'.</msg>
<arg>${criarPowerForm}</arg>
<doc>Click the element identified by ``locator``.</doc>
<status status="PASS" start="2025-09-21T15:34:10.543575" elapsed="0.035378"/>
</kw>
<kw name="Wait Until Element Is Visible" owner="SeleniumLibrary">
<msg time="2025-09-21T15:34:30.838083" level="INFO" html="true">&lt;/td&gt;&lt;/tr&gt;&lt;tr&gt;&lt;td colspan="3"&gt;&lt;a href="selenium-screenshot-3.png"&gt;&lt;img src="selenium-screenshot-3.png" width="800px"&gt;&lt;/a&gt;</msg>
<msg time="2025-09-21T15:34:30.838220" level="FAIL">Element '//*[@id="uuid-cofre"]' not visible after 20 seconds.</msg>
<arg>${campoCofre}</arg>
<arg>20s</arg>
<doc>Waits until the element ``locator`` is visible.</doc>
<status status="FAIL" start="2025-09-21T15:34:10.579333" elapsed="20.259886">Element '//*[@id="uuid-cofre"]' not visible after 20 seconds.</status>
</kw>
<kw name="Click Element" owner="SeleniumLibrary">
<arg>${campoCofre}</arg>
<doc>Click the element identified by ``locator``.</doc>
<status status="NOT RUN" start="2025-09-21T15:34:30.839538" elapsed="0.000032"/>
</kw>
<kw name="Click Element" owner="SeleniumLibrary">
<arg>${selecionarCofre}</arg>
<doc>Click the element identified by ``locator``.</doc>
<status status="NOT RUN" start="2025-09-21T15:34:30.839781" elapsed="0.000030"/>
</kw>
<kw name="Sleep" owner="BuiltIn">
<arg>5s</arg>
<doc>Pauses the test executed for the given time.</doc>
<status status="NOT RUN" start="2025-09-21T15:34:30.839960" elapsed="0.000026"/>
</kw>
<kw name="Click Element" owner="SeleniumLibrary">
<arg>${campoTemplate}</arg>
<doc>Click the element identified by ``locator``.</doc>
<status status="NOT RUN" start="2025-09-21T15:34:30.840114" elapsed="0.000025"/>
</kw>
<kw name="Click Element" owner="SeleniumLibrary">
<arg>${campoTemplate}</arg>
<doc>Click the element identified by ``locator``.</doc>
<status status="NOT RUN" start="2025-09-21T15:34:30.840325" elapsed="0.000024"/>
</kw>
<kw name="Click Element" owner="SeleniumLibrary">
<arg>${selecionarTemplate}</arg>
<doc>Click the element identified by ``locator``.</doc>
<status status="NOT RUN" start="2025-09-21T15:34:30.840474" elapsed="0.000023"/>
</kw>
<kw name="Input Text" owner="SeleniumLibrary">
<arg>${nomeDocumento}</arg>
<arg>PowerForm - Automação</arg>
<doc>Types the given ``text`` into the text field identified by ``locator``.</doc>
<status status="NOT RUN" start="2025-09-21T15:34:30.840617" elapsed="0.000023"/>
</kw>
<kw name="Click Element" owner="SeleniumLibrary">
<arg>${botaoContinuar}</arg>
<doc>Click the element identified by ``locator``.</doc>
<status status="NOT RUN" start="2025-09-21T15:34:30.840762" elapsed="0.000025"/>
</kw>
<kw name="Wait Until Element Is Visible" owner="SeleniumLibrary">
<arg>${btntoken}</arg>
<arg>20s</arg>
<doc>Waits until the element ``locator`` is visible.</doc>
<status status="NOT RUN" start="2025-09-21T15:34:30.840901" elapsed="0.000022"/>
</kw>
<kw name="Click Element" owner="SeleniumLibrary">
<arg>${btntoken}</arg>
<doc>Click the element identified by ``locator``.</doc>
<status status="NOT RUN" start="2025-09-21T15:34:30.841044" elapsed="0.000021"/>
</kw>
<kw name="Sleep" owner="BuiltIn">
<arg>2s</arg>
<doc>Pauses the test executed for the given time.</doc>
<status status="NOT RUN" start="2025-09-21T15:34:30.841174" elapsed="0.000022"/>
</kw>
<kw name="Input Text" owner="SeleniumLibrary">
<arg>${campoEmail}</arg>
<arg>${USERNAME}</arg>
<doc>Types the given ``text`` into the text field identified by ``locator``.</doc>
<status status="NOT RUN" start="2025-09-21T15:34:30.841308" elapsed="0.000021"/>
</kw>
<kw name="Set Focus To Element" owner="SeleniumLibrary">
<arg>${campoEmail}</arg>
<doc>Sets the focus to the element identified by ``locator``.</doc>
<status status="NOT RUN" start="2025-09-21T15:34:30.841502" elapsed="0.000021"/>
</kw>
<kw name="Press Keys" owner="SeleniumLibrary">
<arg>${campoEmail}</arg>
<arg>TAB</arg>
<doc>Simulates the user pressing key(s) to an element or on the active browser.</doc>
<status status="NOT RUN" start="2025-09-21T15:34:30.841635" elapsed="0.000021"/>
</kw>
<kw name="Click Element" owner="SeleniumLibrary">
<arg>${btnEmail}</arg>
<doc>Click the element identified by ``locator``.</doc>
<status status="NOT RUN" start="2025-09-21T15:34:30.841768" elapsed="0.000021"/>
</kw>
<kw name="Click Element" owner="SeleniumLibrary">
<arg>${btnSalvarPf}</arg>
<doc>Click the element identified by ``locator``.</doc>
<status status="NOT RUN" start="2025-09-21T15:34:30.841895" elapsed="0.000020"/>
</kw>
<kw name="Sleep" owner="BuiltIn">
<arg>5s</arg>
<doc>Pauses the test executed for the given time.</doc>
<status status="NOT RUN" start="2025-09-21T15:34:30.842019" elapsed="0.000022"/>
</kw>
<kw name="Click Element" owner="SeleniumLibrary">
<arg>${btnsend}</arg>
<doc>Click the element identified by ``locator``.</doc>
<status status="NOT RUN" start="2025-09-21T15:34:30.842147" elapsed="0.000019"/>
</kw>
<kw name="Wait Until Element Is Visible" owner="SeleniumLibrary">
<arg>${btnSalvarPower}</arg>
<arg>20s</arg>
<doc>Waits until the element ``locator`` is visible.</doc>
<status status="NOT RUN" start="2025-09-21T15:34:30.842316" elapsed="0.000022"/>
</kw>
<kw name="Click Element" owner="SeleniumLibrary">
<arg>${btnSalvarPower}</arg>
<doc>Click the element identified by ``locator``.</doc>
<status status="NOT RUN" start="2025-09-21T15:34:30.842451" elapsed="0.000020"/>
</kw>
<kw name="Wait Until Page Does Not Contain Element" owner="SeleniumLibrary">
<arg>${btnSalvarPower}</arg>
<arg>20s</arg>
<doc>Waits until the element ``locator`` disappears from the current page.</doc>
<status status="NOT RUN" start="2025-09-21T15:34:30.842636" elapsed="0.000021"/>
</kw>
<status status="FAIL" start="2025-09-21T15:34:06.861560" elapsed="23.981259">Element '//*[@id="uuid-cofre"]' not visible after 20 seconds.</status>
</test>
<status status="FAIL" start="2025-09-21T15:33:58.430648" elapsed="32.412607"/>
</suite>
<suite id="s1-s13" name="13-Assinatura-Lote" source="H:\robot-D4S\Smoke Test - D4S\13-assinatura-lote.robot">
<test id="s1-s13-t1" name="Login" line="7">
<kw name="Open Browser" owner="SeleniumLibrary">
<msg time="2025-09-21T15:34:30.849311" level="INFO">Opening browser 'chrome' to base url 'https://secure.d4sign.com.br/'.</msg>
<arg>${URL}</arg>
<arg>chrome</arg>
<doc>Opens a new browser instance to the optional ``url``.</doc>
<status status="PASS" start="2025-09-21T15:34:30.849152" elapsed="5.084852"/>
</kw>
<kw name="Execute Javascript" owner="SeleniumLibrary">
<msg time="2025-09-21T15:34:35.934831" level="INFO">Executing JavaScript:
document.cookie = "contratoazul_language=pt"
Without any arguments.</msg>
<arg>${setcookie}</arg>
<doc>Executes the given JavaScript code with possible arguments.</doc>
<status status="PASS" start="2025-09-21T15:34:35.934277" elapsed="0.002936"/>
</kw>
<kw name="Wait Until Element Is Visible" owner="SeleniumLibrary">
<arg>${Email}</arg>
<arg>10s</arg>
<doc>Waits until the element ``locator`` is visible.</doc>
<status status="PASS" start="2025-09-21T15:34:35.937420" elapsed="0.008575"/>
</kw>
<kw name="Input Text" owner="SeleniumLibrary">
<msg time="2025-09-21T15:34:35.946415" level="INFO">Typing text 'automacao@d4sign.com.br' into text field 'id=Email'.</msg>
<arg>${Email}</arg>
<arg>${USERNAME}</arg>
<doc>Types the given ``text`` into the text field identified by ``locator``.</doc>
<status status="PASS" start="2025-09-21T15:34:35.946209" elapsed="0.053605"/>
</kw>
<kw name="Input Text" owner="SeleniumLibrary">
<msg time="2025-09-21T15:34:36.000293" level="INFO">Typing text 'd4sign123' into text field 'id=Passwd'.</msg>
<arg>${Passwd}</arg>
<arg>${PASSWORD}</arg>
<doc>Types the given ``text`` into the text field identified by ``locator``.</doc>
<status status="PASS" start="2025-09-21T15:34:36.000066" elapsed="0.065783"/>
</kw>
<kw name="Click Button" owner="SeleniumLibrary">
<msg time="2025-09-21T15:34:36.066320" level="INFO">Clicking button 'id=logar'.</msg>
<arg>${logar}</arg>
<doc>Clicks the button identified by ``locator``.</doc>
<status status="PASS" start="2025-09-21T15:34:36.066113" elapsed="0.079544"/>
</kw>
<kw name="Wait Until Element Is Visible" owner="SeleniumLibrary">
<arg>${logoD4S}</arg>
<arg>10s</arg>
<doc>Waits until the element ``locator`` is visible.</doc>
<status status="PASS" start="2025-09-21T15:34:36.145934" elapsed="4.251111"/>
</kw>
<kw name="Page Should Contain Image" owner="SeleniumLibrary">
<msg time="2025-09-21T15:34:40.403254" level="INFO">Current page contains image '//*[@id="page-wrapper"]/div[1]/nav/div/div/div[1]/a/img'.</msg>
<arg>${logoD4S}</arg>
<doc>Verifies image identified by ``locator`` is found from current page.</doc>
<status status="PASS" start="2025-09-21T15:34:40.397300" elapsed="0.006034"/>
</kw>
<status status="PASS" start="2025-09-21T15:34:30.848853" elapsed="9.554723"/>
</test>
<test id="s1-s13-t2" name="Assinar em Lote" line="17">
<kw name="Click Element" owner="SeleniumLibrary">
<msg time="2025-09-21T15:34:40.404437" level="INFO">Clicking element '//*[@id="div-menu-desk"]/ul[1]/li[2]/a'.</msg>
<arg>${botaoLote}</arg>
<doc>Click the element identified by ``locator``.</doc>
<status status="PASS" start="2025-09-21T15:34:40.404241" elapsed="11.390525"/>
</kw>
<kw name="Wait Until Element Is Visible" owner="SeleniumLibrary">
<arg>${paginaLote}</arg>
<arg>10s</arg>
<doc>Waits until the element ``locator`` is visible.</doc>
<status status="PASS" start="2025-09-21T15:34:51.795105" elapsed="0.020466"/>
</kw>
<kw name="Reload Page" owner="SeleniumLibrary">
<doc>Simulates user reloading page.</doc>
<status status="PASS" start="2025-09-21T15:34:51.815814" elapsed="10.107673"/>
</kw>
<kw name="Click Element" owner="SeleniumLibrary">
<msg time="2025-09-21T15:35:01.923961" level="INFO">Clicking element '//*[@id="editable_paginate"]/ul/li[6]/a'.</msg>
<arg>${botaoPagina5}</arg>
<doc>Click the element identified by ``locator``.</doc>
<status status="PASS" start="2025-09-21T15:35:01.923748" elapsed="9.936464"/>
</kw>
<kw name="Click Element" owner="SeleniumLibrary">
<msg time="2025-09-21T15:35:11.860779" level="INFO">Clicking element '//*[@id="editable_paginate"]/ul/li[10]/a'.</msg>
<arg>${botaoPagina9}</arg>
<doc>Click the element identified by ``locator``.</doc>
<status status="PASS" start="2025-09-21T15:35:11.860549" elapsed="9.977659"/>
</kw>
<kw name="Click Element" owner="SeleniumLibrary">
<msg time="2025-09-21T15:35:21.838679" level="INFO">Clicking element '//*[@id="editable_paginate"]/ul/li[11]/a'.</msg>
<arg>${botaoPagina13}</arg>
<doc>Click the element identified by ``locator``.</doc>
<status status="PASS" start="2025-09-21T15:35:21.838469" elapsed="9.908997"/>
</kw>
<kw name="Click Element" owner="SeleniumLibrary">
<msg time="2025-09-21T15:35:31.747936" level="INFO">Clicking element '//*[@id="select_all"]'.</msg>
<arg>${checkbox}</arg>
<doc>Click the element identified by ``locator``.</doc>
<status status="PASS" start="2025-09-21T15:35:31.747727" elapsed="0.051102"/>
</kw>
<kw name="Click Element" owner="SeleniumLibrary">
<msg time="2025-09-21T15:35:31.799292" level="INFO">Clicking element '(//*[@id="divBtnMove"]/a)[3]'.</msg>
<arg>${botaoAssinarLote}</arg>
<doc>Click the element identified by ``locator``.</doc>
<status status="PASS" start="2025-09-21T15:35:31.799085" elapsed="0.034779"/>
</kw>
<kw name="Wait Until Element Is Visible" owner="SeleniumLibrary">
<arg>${senhaConta}</arg>
<arg>10s</arg>
<doc>Waits until the element ``locator`` is visible.</doc>
<status status="PASS" start="2025-09-21T15:35:31.834132" elapsed="1.047583"/>
</kw>
<kw name="Input Text" owner="SeleniumLibrary">
<msg time="2025-09-21T15:35:32.882412" level="INFO">Typing text 'd4sign123' into text field 'id=senhaConta'.</msg>
<arg>${senhaConta}</arg>
<arg>${PASSWORD}</arg>
<doc>Types the given ``text`` into the text field identified by ``locator``.</doc>
<status status="PASS" start="2025-09-21T15:35:32.882178" elapsed="0.034282"/>
</kw>
<kw name="Click Element" owner="SeleniumLibrary">
<msg time="2025-09-21T15:35:32.916967" level="INFO">Clicking element '//*[@id="adicionar-assinatura"]'.</msg>
<msg time="2025-09-21T15:35:32.990402" level="INFO" html="true">&lt;/td&gt;&lt;/tr&gt;&lt;tr&gt;&lt;td colspan="3"&gt;&lt;a href="selenium-screenshot-4.png"&gt;&lt;img src="selenium-screenshot-4.png" width="800px"&gt;&lt;/a&gt;</msg>
<msg time="2025-09-21T15:35:32.990602" level="FAIL">Element with locator '//*[@id="adicionar-assinatura"]' not found.</msg>
<arg>${assinar}</arg>
<doc>Click the element identified by ``locator``.</doc>
<status status="FAIL" start="2025-09-21T15:35:32.916753" elapsed="0.078290">Element with locator '//*[@id="adicionar-assinatura"]' not found.</status>
</kw>
<kw name="Wait Until Page Does Not Contain Element" owner="SeleniumLibrary">
<arg>${modal}</arg>
<arg>240s</arg>
<doc>Waits until the element ``locator`` disappears from the current page.</doc>
<status status="NOT RUN" start="2025-09-21T15:35:32.995308" elapsed="0.000035"/>
</kw>
<kw name="Page Should Not Contain Element" owner="SeleniumLibrary">
<arg>${modal}</arg>
<doc>Verifies that element ``locator`` is not found on the current page.</doc>
<status status="NOT RUN" start="2025-09-21T15:35:32.995519" elapsed="0.000026"/>
</kw>
<status status="FAIL" start="2025-09-21T15:34:40.403901" elapsed="52.591829">Element with locator '//*[@id="adicionar-assinatura"]' not found.</status>
</test>
<status status="FAIL" start="2025-09-21T15:34:30.844075" elapsed="62.152078"/>
</suite>
<status status="FAIL" start="2025-09-21T15:29:01.484378" elapsed="391.512622"/>
</suite>
<statistics>
<total>
<stat pass="28" fail="4" skip="0">All Tests</stat>
</total>
<tag>
</tag>
<suite>
<stat name="Smoke Test - D4S" id="s1" pass="28" fail="4" skip="0">Smoke Test - D4S</stat>
<stat name="01-Busca-Signatario" id="s1-s1" pass="2" fail="0" skip="0">Smoke Test - D4S.01-Busca-Signatario</stat>
<stat name="02-Busca-Tags" id="s1-s2" pass="1" fail="1" skip="0">Smoke Test - D4S.02-Busca-Tags</stat>
<stat name="03-Listar-Fases" id="s1-s3" pass="2" fail="0" skip="0">Smoke Test - D4S.03-Listar-Fases</stat>
<stat name="04-Criar-Cofre" id="s1-s4" pass="2" fail="0" skip="0">Smoke Test - D4S.04-Criar-Cofre</stat>
<stat name="05-Envio-Desk" id="s1-s5" pass="2" fail="0" skip="0">Smoke Test - D4S.05-Envio-Desk</stat>
<stat name="06-Envio-Cofre" id="s1-s6" pass="2" fail="0" skip="0">Smoke Test - D4S.06-Envio-Cofre</stat>
<stat name="07-Envio-Assinatura" id="s1-s7" pass="3" fail="0" skip="0">Smoke Test - D4S.07-Envio-Assinatura</stat>
<stat name="08-Envio-Grupo-Assinatura" id="s1-s8" pass="3" fail="0" skip="0">Smoke Test - D4S.08-Envio-Grupo-Assinatura</stat>
<stat name="09-Envio-Template-Html" id="s1-s9" pass="4" fail="0" skip="0">Smoke Test - D4S.09-Envio-Template-Html</stat>
<stat name="10-Envio-Template-Word" id="s1-s10" pass="4" fail="0" skip="0">Smoke Test - D4S.10-Envio-Template-Word</stat>
<stat name="11-Envio-Lote" id="s1-s11" pass="1" fail="1" skip="0">Smoke Test - D4S.11-Envio-Lote</stat>
<stat name="12-Envio-Powerform" id="s1-s12" pass="1" fail="1" skip="0">Smoke Test - D4S.12-Envio-Powerform</stat>
<stat name="13-Assinatura-Lote" id="s1-s13" pass="1" fail="1" skip="0">Smoke Test - D4S.13-Assinatura-Lote</stat>
</suite>
</statistics>
<errors>
</errors>
</robot>
