<?xml version="1.0" encoding="UTF-8"?>
<robot generator="Robot 7.3.2 (Python 3.13.5 on win32)" generated="2025-10-05T21:06:51.326590" rpa="false" schemaversion="5">
<suite id="s1" name="Envio-Lote" source="H:\robot-D4S\tests\web\envios\envio-lote.robot">
<kw name="Test Setup" owner="ui_keywords" type="SETUP">
<kw name="Set Log Level" owner="BuiltIn">
<msg time="2025-10-05T21:06:51.471300" level="DEBUG">Log level changed from INFO to DEBUG.</msg>
<arg>${LOG_LEVEL}</arg>
<doc>Sets the log threshold to the specified level.</doc>
<status status="PASS" start="2025-10-05T21:06:51.471186" elapsed="0.000149"/>
</kw>
<kw name="Set Log Level" owner="BuiltIn">
<msg time="2025-10-05T21:06:51.471482" level="DEBUG">Log level changed from DEBUG to DEBUG.</msg>
<arg>DEBUG</arg>
<doc>Sets the log threshold to the specified level.</doc>
<status status="PASS" start="2025-10-05T21:06:51.471410" elapsed="0.000096"/>
</kw>
<kw name="Set Variable If" owner="BuiltIn">
<msg time="2025-10-05T21:06:51.471741" level="INFO">${url} = https://secure.d4sign.com.br/</msg>
<var>${url}</var>
<arg>'${ENVIRONMENT}'=='dev'</arg>
<arg>${URL_DEV}</arg>
<arg>'${ENVIRONMENT}'=='homol'</arg>
<arg>${URL_HOMOL}</arg>
<arg>'${ENVIRONMENT}'=='staging'</arg>
<arg>${URL_STAGING}</arg>
<arg>'${ENVIRONMENT}'=='prod'</arg>
<arg>${URL_PROD}</arg>
<arg>${URL_PROD}</arg>
<doc>Sets variable based on the given condition.</doc>
<status status="PASS" start="2025-10-05T21:06:51.471569" elapsed="0.000186"/>
</kw>
<kw name="Set Suite Variable" owner="BuiltIn">
<msg time="2025-10-05T21:06:51.471900" level="INFO">${URL} = https://secure.d4sign.com.br/</msg>
<arg>${URL}</arg>
<arg>${url}</arg>
<doc>Makes a variable available everywhere within the scope of the current suite.</doc>
<status status="PASS" start="2025-10-05T21:06:51.471824" elapsed="0.000096"/>
</kw>
<kw name="Set Variable If" owner="BuiltIn">
<msg time="2025-10-05T21:06:51.472115" level="INFO">${timeout} = 240s</msg>
<var>${timeout}</var>
<arg>'${ENVIRONMENT}'=='dev'</arg>
<arg>${TIMEOUT_DEV}</arg>
<arg>'${ENVIRONMENT}'=='homol'</arg>
<arg>${TIMEOUT_STAGING}</arg>
<arg>'${ENVIRONMENT}'=='staging'</arg>
<arg>${TIMEOUT_STAGING}</arg>
<arg>'${ENVIRONMENT}'=='prod'</arg>
<arg>${TIMEOUT_PROD}</arg>
<arg>${TIMEOUT_STAGING}</arg>
<doc>Sets variable based on the given condition.</doc>
<status status="PASS" start="2025-10-05T21:06:51.471973" elapsed="0.000157"/>
</kw>
<kw name="Set Suite Variable" owner="BuiltIn">
<msg time="2025-10-05T21:06:51.472271" level="INFO">${TIMEOUT} = 240s</msg>
<arg>${TIMEOUT}</arg>
<arg>${timeout}</arg>
<doc>Makes a variable available everywhere within the scope of the current suite.</doc>
<status status="PASS" start="2025-10-05T21:06:51.472199" elapsed="0.000092"/>
</kw>
<kw name="Set Log Level" owner="BuiltIn">
<msg time="2025-10-05T21:06:51.472416" level="DEBUG">Log level changed from DEBUG to DEBUG.</msg>
<arg>${LOG_LEVEL}</arg>
<doc>Sets the log threshold to the specified level.</doc>
<status status="PASS" start="2025-10-05T21:06:51.472346" elapsed="0.000091"/>
</kw>
<kw name="Login D4Sign" owner="ui_keywords">
<kw name="Open Browser" owner="SeleniumLibrary">
<msg time="2025-10-05T21:06:51.472793" level="INFO">Opening browser 'headlessfirefox' to base url 'https://secure.d4sign.com.br/'.</msg>
<msg time="2025-10-05T21:06:51.474644" level="DEBUG">Selenium Manager binary found at: C:\Users\joaox\AppData\Local\Programs\Python\Python313\Lib\site-packages\selenium\webdriver\common\windows\selenium-manager.exe</msg>
<msg time="2025-10-05T21:06:51.474705" level="DEBUG">Executing process: C:\Users\joaox\AppData\Local\Programs\Python\Python313\Lib\site-packages\selenium\webdriver\common\windows\selenium-manager.exe --browser firefox --debug --language-binding python --output json</msg>
<msg time="2025-10-05T21:06:51.544187" level="DEBUG">geckodriver not found in PATH</msg>
<msg time="2025-10-05T21:06:51.544259" level="DEBUG">firefox not found in PATH</msg>
<msg time="2025-10-05T21:06:51.544287" level="DEBUG">Running command: REG QUERY HKCU\Software\Mozilla\Mozilla Firefox /v CurrentVersion</msg>
<msg time="2025-10-05T21:06:51.544310" level="DEBUG">Output: ""</msg>
<msg time="2025-10-05T21:06:51.544331" level="DEBUG">firefox not found in the system</msg>
<msg time="2025-10-05T21:06:51.544351" level="DEBUG">Required browser: firefox 143.0.4</msg>
<msg time="2025-10-05T21:06:51.544370" level="DEBUG">firefox 143.0.4 already exists</msg>
<msg time="2025-10-05T21:06:51.544389" level="DEBUG">firefox 143.0.4 is available at C:\Users\joaox\.cache\selenium\firefox\win64\143.0.4\firefox.exe</msg>
<msg time="2025-10-05T21:06:51.544408" level="DEBUG">Required driver: geckodriver 0.36.0</msg>
<msg time="2025-10-05T21:06:51.544428" level="DEBUG">geckodriver 0.36.0 already in the cache</msg>
<msg time="2025-10-05T21:06:51.544447" level="DEBUG">Driver path: C:\Users\joaox\.cache\selenium\geckodriver\win64\0.36.0\geckodriver.exe</msg>
<msg time="2025-10-05T21:06:51.544465" level="DEBUG">Browser path: C:\Users\joaox\.cache\selenium\firefox\win64\143.0.4\firefox.exe</msg>
<msg time="2025-10-05T21:06:51.548876" level="DEBUG">Started executable: `C:\Users\joaox\.cache\selenium\geckodriver\win64\0.36.0\geckodriver.exe` in a child process with pid: 23120 using 0 to output &lt;_io.TextIOWrapper name='H:\\robot-D4S\\results\\geckodriver-3.log' mode='a+' encoding='utf-8'&gt;</msg>
<msg time="2025-10-05T21:06:52.563998" level="DEBUG">POST http://localhost:60951/session {'capabilities': {'firstMatch': [{}], 'alwaysMatch': {'browserName': 'firefox', 'acceptInsecureCerts': True, 'moz:debuggerAddress': True, 'pageLoadStrategy': &lt;PageLoadStrategy.normal: 'normal'&gt;, 'browserVersion': None, 'moz:firefoxOptions': {'binary': 'C:\\Users\\joaox\\.cache\\selenium\\firefox\\win64\\143.0.4\\firefox.exe', 'prefs': {'remote.active-protocols': 1}, 'profile': 'UEsDBBQAAAAIANqoRVuooscaewMAANkMAAAHAAAAdXNlci5qc6VWTW/UMBC9I/EfUE8gsVYL9AKn0hYJqaKoq4qj5diTjbuObezx...', 'args': ['-headless']}}}}</msg>
<msg time="2025-10-05T21:06:52.565029" level="DEBUG">Starting new HTTP connection (1): localhost:60951</msg>
<msg time="2025-10-05T21:06:55.350360" level="DEBUG">http://localhost:60951 "POST /session HTTP/1.1" 200 0</msg>
<msg time="2025-10-05T21:06:55.350447" level="DEBUG">Remote response: status=200 | data={"value":{"sessionId":"8e10d966-d2af-4d5f-ba0f-e1db74940a3e","capabilities":{"acceptInsecureCerts":true,"browserName":"firefox","browserVersion":"143.0.4","moz:accessibilityChecks":false,"moz:buildID":"20251003115653","moz:geckodriverVersion":"0.36.0","moz:headless":true,"moz:platformVersion":"10.0","moz:processID":12188,"moz:profile":"C:\\Users\\joaox\\AppData\\Local\\Temp\\rust_mozprofile5jsbr8","moz:shutdownTimeout":60000,"moz:webdriverClick":true,"moz:windowless":false,"pageLoadStrategy":"normal","platformName":"windows","proxy":{},"setWindowRect":true,"strictFileInteractability":false,"timeouts":{"implicit":0,"pageLoad":300000,"script":30000},"unhandledPromptBehavior":"dismiss and notify","userAgent":"Mozilla/5.0 (Windows NT 10.0; Win64; x64; rv:143.0) Gecko/20100101 Firefox/143.0"}}} | headers=HTTPHeaderDict({'content-type': 'application/json; charset=utf-8', 'cache-control': 'no-cache', 'content-length': '800', 'date': 'Mon, 06 Oct 2025 00:06:54 GMT'})</msg>
<msg time="2025-10-05T21:06:55.350496" level="DEBUG">Finished Request</msg>
<msg time="2025-10-05T21:06:55.350577" level="DEBUG">POST http://localhost:60951/session/8e10d966-d2af-4d5f-ba0f-e1db74940a3e/timeouts {'script': 5000}</msg>
<msg time="2025-10-05T21:06:55.351912" level="DEBUG">http://localhost:60951 "POST /session/8e10d966-d2af-4d5f-ba0f-e1db74940a3e/timeouts HTTP/1.1" 200 0</msg>
<msg time="2025-10-05T21:06:55.351990" level="DEBUG">Remote response: status=200 | data={"value":null} | headers=HTTPHeaderDict({'content-type': 'application/json; charset=utf-8', 'cache-control': 'no-cache', 'content-length': '14', 'date': 'Mon, 06 Oct 2025 00:06:54 GMT'})</msg>
<msg time="2025-10-05T21:06:55.352026" level="DEBUG">Finished Request</msg>
<msg time="2025-10-05T21:06:55.352079" level="DEBUG">POST http://localhost:60951/session/8e10d966-d2af-4d5f-ba0f-e1db74940a3e/timeouts {'implicit': 0}</msg>
<msg time="2025-10-05T21:06:55.353053" level="DEBUG">http://localhost:60951 "POST /session/8e10d966-d2af-4d5f-ba0f-e1db74940a3e/timeouts HTTP/1.1" 200 0</msg>
<msg time="2025-10-05T21:06:55.353121" level="DEBUG">Remote response: status=200 | data={"value":null} | headers=HTTPHeaderDict({'content-type': 'application/json; charset=utf-8', 'cache-control': 'no-cache', 'content-length': '14', 'date': 'Mon, 06 Oct 2025 00:06:54 GMT'})</msg>
<msg time="2025-10-05T21:06:55.353157" level="DEBUG">Finished Request</msg>
<msg time="2025-10-05T21:06:55.353207" level="DEBUG">POST http://localhost:60951/session/8e10d966-d2af-4d5f-ba0f-e1db74940a3e/timeouts {'pageLoad': 300000}</msg>
<msg time="2025-10-05T21:06:55.354261" level="DEBUG">http://localhost:60951 "POST /session/8e10d966-d2af-4d5f-ba0f-e1db74940a3e/timeouts HTTP/1.1" 200 0</msg>
<msg time="2025-10-05T21:06:55.354322" level="DEBUG">Remote response: status=200 | data={"value":null} | headers=HTTPHeaderDict({'content-type': 'application/json; charset=utf-8', 'cache-control': 'no-cache', 'content-length': '14', 'date': 'Mon, 06 Oct 2025 00:06:54 GMT'})</msg>
<msg time="2025-10-05T21:06:55.354359" level="DEBUG">Finished Request</msg>
<msg time="2025-10-05T21:06:55.354414" level="DEBUG">POST http://localhost:60951/session/8e10d966-d2af-4d5f-ba0f-e1db74940a3e/url {'url': 'https://secure.d4sign.com.br/'}</msg>
<msg time="2025-10-05T21:06:55.545083" level="DEBUG">http://localhost:60951 "POST /session/8e10d966-d2af-4d5f-ba0f-e1db74940a3e/url HTTP/1.1" 200 0</msg>
<msg time="2025-10-05T21:06:55.545162" level="DEBUG">Remote response: status=200 | data={"value":null} | headers=HTTPHeaderDict({'content-type': 'application/json; charset=utf-8', 'cache-control': 'no-cache', 'content-length': '14', 'date': 'Mon, 06 Oct 2025 00:06:54 GMT'})</msg>
<msg time="2025-10-05T21:06:55.545198" level="DEBUG">Finished Request</msg>
<msg time="2025-10-05T21:06:55.545220" level="DEBUG">Opened browser with session id 8e10d966-d2af-4d5f-ba0f-e1db74940a3e.</msg>
<arg>${URL}</arg>
<arg>${BROWSER_HEADLESS}</arg>
<doc>Opens a new browser instance to the optional ``url``.</doc>
<status status="PASS" start="2025-10-05T21:06:51.472680" elapsed="4.072571"/>
</kw>
<kw name="Set Window Size" owner="SeleniumLibrary">
<msg time="2025-10-05T21:06:55.545504" level="DEBUG">POST http://localhost:60951/session/8e10d966-d2af-4d5f-ba0f-e1db74940a3e/window/rect {'x': None, 'y': None, 'width': 1920, 'height': 1080}</msg>
<msg time="2025-10-05T21:06:55.831312" level="DEBUG">http://localhost:60951 "POST /session/8e10d966-d2af-4d5f-ba0f-e1db74940a3e/window/rect HTTP/1.1" 200 0</msg>
<msg time="2025-10-05T21:06:55.831393" level="DEBUG">Remote response: status=200 | data={"value":{"x":4,"y":4,"width":1920,"height":1080}} | headers=HTTPHeaderDict({'content-type': 'application/json; charset=utf-8', 'cache-control': 'no-cache', 'content-length': '50', 'date': 'Mon, 06 Oct 2025 00:06:54 GMT'})</msg>
<msg time="2025-10-05T21:06:55.831431" level="DEBUG">Finished Request</msg>
<arg>1920</arg>
<arg>1080</arg>
<doc>Sets current windows size to given ``width`` and ``height``.</doc>
<status status="PASS" start="2025-10-05T21:06:55.545361" elapsed="0.286114"/>
</kw>
<kw name="Execute Javascript" owner="SeleniumLibrary">
<msg time="2025-10-05T21:06:55.831831" level="INFO">Executing JavaScript:
d4sign_ai_cofre = "1"
Without any arguments.</msg>
<msg time="2025-10-05T21:06:55.831900" level="DEBUG">POST http://localhost:60951/session/8e10d966-d2af-4d5f-ba0f-e1db74940a3e/execute/sync {'script': 'd4sign_ai_cofre = "1"', 'args': []}</msg>
<msg time="2025-10-05T21:06:55.837556" level="DEBUG">http://localhost:60951 "POST /session/8e10d966-d2af-4d5f-ba0f-e1db74940a3e/execute/sync HTTP/1.1" 200 0</msg>
<msg time="2025-10-05T21:06:55.837639" level="DEBUG">Remote response: status=200 | data={"value":null} | headers=HTTPHeaderDict({'content-type': 'application/json; charset=utf-8', 'cache-control': 'no-cache', 'content-length': '14', 'date': 'Mon, 06 Oct 2025 00:06:55 GMT'})</msg>
<msg time="2025-10-05T21:06:55.837676" level="DEBUG">Finished Request</msg>
<arg>${set_cookie}</arg>
<doc>Executes the given JavaScript code with possible arguments.</doc>
<status status="PASS" start="2025-10-05T21:06:55.831588" elapsed="0.006129"/>
</kw>
<kw name="Wait Until Element Is Visible" owner="SeleniumLibrary">
<msg time="2025-10-05T21:06:55.838233" level="DEBUG">POST http://localhost:60951/session/8e10d966-d2af-4d5f-ba0f-e1db74940a3e/elements {'using': 'css selector', 'value': '[id="Email"]'}</msg>
<msg time="2025-10-05T21:06:55.841519" level="DEBUG">http://localhost:60951 "POST /session/8e10d966-d2af-4d5f-ba0f-e1db74940a3e/elements HTTP/1.1" 200 0</msg>
<msg time="2025-10-05T21:06:55.841594" level="DEBUG">Remote response: status=200 | data={"value":[]} | headers=HTTPHeaderDict({'content-type': 'application/json; charset=utf-8', 'cache-control': 'no-cache', 'content-length': '12', 'date': 'Mon, 06 Oct 2025 00:06:55 GMT'})</msg>
<msg time="2025-10-05T21:06:55.841631" level="DEBUG">Finished Request</msg>
<msg time="2025-10-05T21:06:56.042240" level="DEBUG">POST http://localhost:60951/session/8e10d966-d2af-4d5f-ba0f-e1db74940a3e/elements {'using': 'css selector', 'value': '[id="Email"]'}</msg>
<msg time="2025-10-05T21:06:56.043511" level="DEBUG">http://localhost:60951 "POST /session/8e10d966-d2af-4d5f-ba0f-e1db74940a3e/elements HTTP/1.1" 200 0</msg>
<msg time="2025-10-05T21:06:56.043578" level="DEBUG">Remote response: status=200 | data={"value":[]} | headers=HTTPHeaderDict({'content-type': 'application/json; charset=utf-8', 'cache-control': 'no-cache', 'content-length': '12', 'date': 'Mon, 06 Oct 2025 00:06:55 GMT'})</msg>
<msg time="2025-10-05T21:06:56.043613" level="DEBUG">Finished Request</msg>
<msg time="2025-10-05T21:06:56.244093" level="DEBUG">POST http://localhost:60951/session/8e10d966-d2af-4d5f-ba0f-e1db74940a3e/elements {'using': 'css selector', 'value': '[id="Email"]'}</msg>
<msg time="2025-10-05T21:06:56.245711" level="DEBUG">http://localhost:60951 "POST /session/8e10d966-d2af-4d5f-ba0f-e1db74940a3e/elements HTTP/1.1" 200 0</msg>
<msg time="2025-10-05T21:06:56.245780" level="DEBUG">Remote response: status=200 | data={"value":[]} | headers=HTTPHeaderDict({'content-type': 'application/json; charset=utf-8', 'cache-control': 'no-cache', 'content-length': '12', 'date': 'Mon, 06 Oct 2025 00:06:55 GMT'})</msg>
<msg time="2025-10-05T21:06:56.245817" level="DEBUG">Finished Request</msg>
<msg time="2025-10-05T21:06:56.446482" level="DEBUG">POST http://localhost:60951/session/8e10d966-d2af-4d5f-ba0f-e1db74940a3e/elements {'using': 'css selector', 'value': '[id="Email"]'}</msg>
<msg time="2025-10-05T21:06:56.448080" level="DEBUG">http://localhost:60951 "POST /session/8e10d966-d2af-4d5f-ba0f-e1db74940a3e/elements HTTP/1.1" 200 0</msg>
<msg time="2025-10-05T21:06:56.448151" level="DEBUG">Remote response: status=200 | data={"value":[]} | headers=HTTPHeaderDict({'content-type': 'application/json; charset=utf-8', 'cache-control': 'no-cache', 'content-length': '12', 'date': 'Mon, 06 Oct 2025 00:06:55 GMT'})</msg>
<msg time="2025-10-05T21:06:56.448185" level="DEBUG">Finished Request</msg>
<msg time="2025-10-05T21:06:56.648842" level="DEBUG">POST http://localhost:60951/session/8e10d966-d2af-4d5f-ba0f-e1db74940a3e/elements {'using': 'css selector', 'value': '[id="Email"]'}</msg>
<msg time="2025-10-05T21:06:56.650241" level="DEBUG">http://localhost:60951 "POST /session/8e10d966-d2af-4d5f-ba0f-e1db74940a3e/elements HTTP/1.1" 200 0</msg>
<msg time="2025-10-05T21:06:56.650309" level="DEBUG">Remote response: status=200 | data={"value":[]} | headers=HTTPHeaderDict({'content-type': 'application/json; charset=utf-8', 'cache-control': 'no-cache', 'content-length': '12', 'date': 'Mon, 06 Oct 2025 00:06:55 GMT'})</msg>
<msg time="2025-10-05T21:06:56.650345" level="DEBUG">Finished Request</msg>
<msg time="2025-10-05T21:06:56.850880" level="DEBUG">POST http://localhost:60951/session/8e10d966-d2af-4d5f-ba0f-e1db74940a3e/elements {'using': 'css selector', 'value': '[id="Email"]'}</msg>
<msg time="2025-10-05T21:06:56.855212" level="DEBUG">http://localhost:60951 "POST /session/8e10d966-d2af-4d5f-ba0f-e1db74940a3e/elements HTTP/1.1" 200 0</msg>
<msg time="2025-10-05T21:06:56.855681" level="DEBUG">Remote response: status=200 | data={"value":[]} | headers=HTTPHeaderDict({'content-type': 'application/json; charset=utf-8', 'cache-control': 'no-cache', 'content-length': '12', 'date': 'Mon, 06 Oct 2025 00:06:56 GMT'})</msg>
<msg time="2025-10-05T21:06:56.855814" level="DEBUG">Finished Request</msg>
<msg time="2025-10-05T21:06:57.056511" level="DEBUG">POST http://localhost:60951/session/8e10d966-d2af-4d5f-ba0f-e1db74940a3e/elements {'using': 'css selector', 'value': '[id="Email"]'}</msg>
<msg time="2025-10-05T21:06:57.061274" level="DEBUG">http://localhost:60951 "POST /session/8e10d966-d2af-4d5f-ba0f-e1db74940a3e/elements HTTP/1.1" 200 0</msg>
<msg time="2025-10-05T21:06:57.061574" level="DEBUG">Remote response: status=200 | data={"value":[]} | headers=HTTPHeaderDict({'content-type': 'application/json; charset=utf-8', 'cache-control': 'no-cache', 'content-length': '12', 'date': 'Mon, 06 Oct 2025 00:06:56 GMT'})</msg>
<msg time="2025-10-05T21:06:57.061741" level="DEBUG">Finished Request</msg>
<msg time="2025-10-05T21:06:57.262109" level="DEBUG">POST http://localhost:60951/session/8e10d966-d2af-4d5f-ba0f-e1db74940a3e/elements {'using': 'css selector', 'value': '[id="Email"]'}</msg>
<msg time="2025-10-05T21:06:57.264543" level="DEBUG">http://localhost:60951 "POST /session/8e10d966-d2af-4d5f-ba0f-e1db74940a3e/elements HTTP/1.1" 200 0</msg>
<msg time="2025-10-05T21:06:57.264682" level="DEBUG">Remote response: status=200 | data={"value":[]} | headers=HTTPHeaderDict({'content-type': 'application/json; charset=utf-8', 'cache-control': 'no-cache', 'content-length': '12', 'date': 'Mon, 06 Oct 2025 00:06:56 GMT'})</msg>
<msg time="2025-10-05T21:06:57.264754" level="DEBUG">Finished Request</msg>
<msg time="2025-10-05T21:06:57.465120" level="DEBUG">POST http://localhost:60951/session/8e10d966-d2af-4d5f-ba0f-e1db74940a3e/elements {'using': 'css selector', 'value': '[id="Email"]'}</msg>
<msg time="2025-10-05T21:06:57.467420" level="DEBUG">http://localhost:60951 "POST /session/8e10d966-d2af-4d5f-ba0f-e1db74940a3e/elements HTTP/1.1" 200 0</msg>
<msg time="2025-10-05T21:06:57.467555" level="DEBUG">Remote response: status=200 | data={"value":[]} | headers=HTTPHeaderDict({'content-type': 'application/json; charset=utf-8', 'cache-control': 'no-cache', 'content-length': '12', 'date': 'Mon, 06 Oct 2025 00:06:56 GMT'})</msg>
<msg time="2025-10-05T21:06:57.467651" level="DEBUG">Finished Request</msg>
<msg time="2025-10-05T21:06:57.668412" level="DEBUG">POST http://localhost:60951/session/8e10d966-d2af-4d5f-ba0f-e1db74940a3e/elements {'using': 'css selector', 'value': '[id="Email"]'}</msg>
<msg time="2025-10-05T21:06:57.671358" level="DEBUG">http://localhost:60951 "POST /session/8e10d966-d2af-4d5f-ba0f-e1db74940a3e/elements HTTP/1.1" 200 0</msg>
<msg time="2025-10-05T21:06:57.671520" level="DEBUG">Remote response: status=200 | data={"value":[]} | headers=HTTPHeaderDict({'content-type': 'application/json; charset=utf-8', 'cache-control': 'no-cache', 'content-length': '12', 'date': 'Mon, 06 Oct 2025 00:06:56 GMT'})</msg>
<msg time="2025-10-05T21:06:57.671595" level="DEBUG">Finished Request</msg>
<msg time="2025-10-05T21:06:57.871991" level="DEBUG">POST http://localhost:60951/session/8e10d966-d2af-4d5f-ba0f-e1db74940a3e/elements {'using': 'css selector', 'value': '[id="Email"]'}</msg>
<msg time="2025-10-05T21:06:57.880042" level="DEBUG">http://localhost:60951 "POST /session/8e10d966-d2af-4d5f-ba0f-e1db74940a3e/elements HTTP/1.1" 200 0</msg>
<msg time="2025-10-05T21:06:57.880125" level="DEBUG">Remote response: status=200 | data={"value":[{"element-6066-11e4-a52e-4f735466cecf":"6ad3b1b2-56c2-4024-b164-b5f6b8561451"}]} | headers=HTTPHeaderDict({'content-type': 'application/json; charset=utf-8', 'cache-control': 'no-cache', 'content-length': '90', 'date': 'Mon, 06 Oct 2025 00:06:57 GMT'})</msg>
<msg time="2025-10-05T21:06:57.880165" level="DEBUG">Finished Request</msg>
<msg time="2025-10-05T21:06:57.880502" level="DEBUG">POST http://localhost:60951/session/8e10d966-d2af-4d5f-ba0f-e1db74940a3e/execute/sync {'script': '/* isDisplayed */return (function(){return (function(){var g=this||self;\nfunction aa(a){var b=typeof...', 'args': [{'element-6066-11e4-a52e-4f735466cecf': '6ad3b1b2-56c2-4024-b164-b5f6b8561451'}]}</msg>
<msg time="2025-10-05T21:06:57.884041" level="DEBUG">http://localhost:60951 "POST /session/8e10d966-d2af-4d5f-ba0f-e1db74940a3e/execute/sync HTTP/1.1" 200 0</msg>
<msg time="2025-10-05T21:06:57.884110" level="DEBUG">Remote response: status=200 | data={"value":true} | headers=HTTPHeaderDict({'content-type': 'application/json; charset=utf-8', 'cache-control': 'no-cache', 'content-length': '14', 'date': 'Mon, 06 Oct 2025 00:06:57 GMT'})</msg>
<msg time="2025-10-05T21:06:57.884148" level="DEBUG">Finished Request</msg>
<arg>${Email}</arg>
<arg>${TIMEOUT}</arg>
<doc>Waits until the element ``locator`` is visible.</doc>
<status status="PASS" start="2025-10-05T21:06:55.837841" elapsed="2.046348"/>
</kw>
<kw name="Input Text" owner="SeleniumLibrary">
<msg time="2025-10-05T21:06:57.884582" level="INFO">Typing text 'automacao@d4sign.com.br' into text field 'id=Email'.</msg>
<msg time="2025-10-05T21:06:57.884649" level="DEBUG">POST http://localhost:60951/session/8e10d966-d2af-4d5f-ba0f-e1db74940a3e/elements {'using': 'css selector', 'value': '[id="Email"]'}</msg>
<msg time="2025-10-05T21:06:57.887198" level="DEBUG">http://localhost:60951 "POST /session/8e10d966-d2af-4d5f-ba0f-e1db74940a3e/elements HTTP/1.1" 200 0</msg>
<msg time="2025-10-05T21:06:57.887268" level="DEBUG">Remote response: status=200 | data={"value":[{"element-6066-11e4-a52e-4f735466cecf":"6ad3b1b2-56c2-4024-b164-b5f6b8561451"}]} | headers=HTTPHeaderDict({'content-type': 'application/json; charset=utf-8', 'cache-control': 'no-cache', 'content-length': '90', 'date': 'Mon, 06 Oct 2025 00:06:57 GMT'})</msg>
<msg time="2025-10-05T21:06:57.887308" level="DEBUG">Finished Request</msg>
<msg time="2025-10-05T21:06:57.887365" level="DEBUG">POST http://localhost:60951/session/8e10d966-d2af-4d5f-ba0f-e1db74940a3e/element/6ad3b1b2-56c2-4024-b164-b5f6b8561451/clear {}</msg>
<msg time="2025-10-05T21:06:57.890908" level="DEBUG">http://localhost:60951 "POST /session/8e10d966-d2af-4d5f-ba0f-e1db74940a3e/element/6ad3b1b2-56c2-4024-b164-b5f6b8561451/clear HTTP/1.1" 200 0</msg>
<msg time="2025-10-05T21:06:57.890981" level="DEBUG">Remote response: status=200 | data={"value":null} | headers=HTTPHeaderDict({'content-type': 'application/json; charset=utf-8', 'cache-control': 'no-cache', 'content-length': '14', 'date': 'Mon, 06 Oct 2025 00:06:57 GMT'})</msg>
<msg time="2025-10-05T21:06:57.891016" level="DEBUG">Finished Request</msg>
<msg time="2025-10-05T21:06:57.891082" level="DEBUG">POST http://localhost:60951/session/8e10d966-d2af-4d5f-ba0f-e1db74940a3e/element/6ad3b1b2-56c2-4024-b164-b5f6b8561451/value {'text': 'automacao@d4sign.com.br', 'value': ['a', 'u', 't', 'o', 'm', 'a', 'c', 'a', 'o', '@', 'd', '4', 's', 'i', 'g', 'n', '.', 'c', 'o', 'm', '.', 'b', 'r']}</msg>
<msg time="2025-10-05T21:06:57.903131" level="DEBUG">http://localhost:60951 "POST /session/8e10d966-d2af-4d5f-ba0f-e1db74940a3e/element/6ad3b1b2-56c2-4024-b164-b5f6b8561451/value HTTP/1.1" 200 0</msg>
<msg time="2025-10-05T21:06:57.903215" level="DEBUG">Remote response: status=200 | data={"value":null} | headers=HTTPHeaderDict({'content-type': 'application/json; charset=utf-8', 'cache-control': 'no-cache', 'content-length': '14', 'date': 'Mon, 06 Oct 2025 00:06:57 GMT'})</msg>
<msg time="2025-10-05T21:06:57.903250" level="DEBUG">Finished Request</msg>
<arg>${Email}</arg>
<arg>${USERNAME}</arg>
<doc>Types the given ``text`` into the text field identified by ``locator``.</doc>
<status status="PASS" start="2025-10-05T21:06:57.884428" elapsed="0.018862"/>
</kw>
<kw name="Input Text" owner="SeleniumLibrary">
<msg time="2025-10-05T21:06:57.903539" level="INFO">Typing text 'd4sign123' into text field 'id=Passwd'.</msg>
<msg time="2025-10-05T21:06:57.903598" level="DEBUG">POST http://localhost:60951/session/8e10d966-d2af-4d5f-ba0f-e1db74940a3e/elements {'using': 'css selector', 'value': '[id="Passwd"]'}</msg>
<msg time="2025-10-05T21:06:57.904634" level="DEBUG">http://localhost:60951 "POST /session/8e10d966-d2af-4d5f-ba0f-e1db74940a3e/elements HTTP/1.1" 200 0</msg>
<msg time="2025-10-05T21:06:57.904702" level="DEBUG">Remote response: status=200 | data={"value":[{"element-6066-11e4-a52e-4f735466cecf":"9eee27e8-b606-43c8-b7e8-04910296fa19"}]} | headers=HTTPHeaderDict({'content-type': 'application/json; charset=utf-8', 'cache-control': 'no-cache', 'content-length': '90', 'date': 'Mon, 06 Oct 2025 00:06:57 GMT'})</msg>
<msg time="2025-10-05T21:06:57.904737" level="DEBUG">Finished Request</msg>
<msg time="2025-10-05T21:06:57.904787" level="DEBUG">POST http://localhost:60951/session/8e10d966-d2af-4d5f-ba0f-e1db74940a3e/element/9eee27e8-b606-43c8-b7e8-04910296fa19/clear {}</msg>
<msg time="2025-10-05T21:06:57.906926" level="DEBUG">http://localhost:60951 "POST /session/8e10d966-d2af-4d5f-ba0f-e1db74940a3e/element/9eee27e8-b606-43c8-b7e8-04910296fa19/clear HTTP/1.1" 200 0</msg>
<msg time="2025-10-05T21:06:57.906982" level="DEBUG">Remote response: status=200 | data={"value":null} | headers=HTTPHeaderDict({'content-type': 'application/json; charset=utf-8', 'cache-control': 'no-cache', 'content-length': '14', 'date': 'Mon, 06 Oct 2025 00:06:57 GMT'})</msg>
<msg time="2025-10-05T21:06:57.907015" level="DEBUG">Finished Request</msg>
<msg time="2025-10-05T21:06:57.907069" level="DEBUG">POST http://localhost:60951/session/8e10d966-d2af-4d5f-ba0f-e1db74940a3e/element/9eee27e8-b606-43c8-b7e8-04910296fa19/value {'text': 'd4sign123', 'value': ['d', '4', 's', 'i', 'g', 'n', '1', '2', '3']}</msg>
<msg time="2025-10-05T21:06:57.910897" level="DEBUG">http://localhost:60951 "POST /session/8e10d966-d2af-4d5f-ba0f-e1db74940a3e/element/9eee27e8-b606-43c8-b7e8-04910296fa19/value HTTP/1.1" 200 0</msg>
<msg time="2025-10-05T21:06:57.910962" level="DEBUG">Remote response: status=200 | data={"value":null} | headers=HTTPHeaderDict({'content-type': 'application/json; charset=utf-8', 'cache-control': 'no-cache', 'content-length': '14', 'date': 'Mon, 06 Oct 2025 00:06:57 GMT'})</msg>
<msg time="2025-10-05T21:06:57.910997" level="DEBUG">Finished Request</msg>
<arg>${Passwd}</arg>
<arg>${PASSWORD}</arg>
<doc>Types the given ``text`` into the text field identified by ``locator``.</doc>
<status status="PASS" start="2025-10-05T21:06:57.903394" elapsed="0.007645"/>
</kw>
<kw name="Click Button" owner="SeleniumLibrary">
<msg time="2025-10-05T21:06:57.911265" level="INFO">Clicking button 'id=logar'.</msg>
<msg time="2025-10-05T21:06:57.911327" level="DEBUG">POST http://localhost:60951/session/8e10d966-d2af-4d5f-ba0f-e1db74940a3e/elements {'using': 'css selector', 'value': '[id="logar"]'}</msg>
<msg time="2025-10-05T21:06:57.912275" level="DEBUG">http://localhost:60951 "POST /session/8e10d966-d2af-4d5f-ba0f-e1db74940a3e/elements HTTP/1.1" 200 0</msg>
<msg time="2025-10-05T21:06:57.912332" level="DEBUG">Remote response: status=200 | data={"value":[{"element-6066-11e4-a52e-4f735466cecf":"09431e9c-d852-4e64-8aac-77779b220b72"}]} | headers=HTTPHeaderDict({'content-type': 'application/json; charset=utf-8', 'cache-control': 'no-cache', 'content-length': '90', 'date': 'Mon, 06 Oct 2025 00:06:57 GMT'})</msg>
<msg time="2025-10-05T21:06:57.912367" level="DEBUG">Finished Request</msg>
<msg time="2025-10-05T21:06:57.912418" level="DEBUG">GET http://localhost:60951/session/8e10d966-d2af-4d5f-ba0f-e1db74940a3e/element/09431e9c-d852-4e64-8aac-77779b220b72/name {}</msg>
<msg time="2025-10-05T21:06:57.913207" level="DEBUG">http://localhost:60951 "GET /session/8e10d966-d2af-4d5f-ba0f-e1db74940a3e/element/09431e9c-d852-4e64-8aac-77779b220b72/name HTTP/1.1" 200 0</msg>
<msg time="2025-10-05T21:06:57.913258" level="DEBUG">Remote response: status=200 | data={"value":"button"} | headers=HTTPHeaderDict({'content-type': 'application/json; charset=utf-8', 'cache-control': 'no-cache', 'content-length': '18', 'date': 'Mon, 06 Oct 2025 00:06:57 GMT'})</msg>
<msg time="2025-10-05T21:06:57.913289" level="DEBUG">Finished Request</msg>
<msg time="2025-10-05T21:06:57.913343" level="DEBUG">POST http://localhost:60951/session/8e10d966-d2af-4d5f-ba0f-e1db74940a3e/elements {'using': 'css selector', 'value': '[id="logar"]'}</msg>
<msg time="2025-10-05T21:06:57.914039" level="DEBUG">http://localhost:60951 "POST /session/8e10d966-d2af-4d5f-ba0f-e1db74940a3e/elements HTTP/1.1" 200 0</msg>
<msg time="2025-10-05T21:06:57.914094" level="DEBUG">Remote response: status=200 | data={"value":[{"element-6066-11e4-a52e-4f735466cecf":"09431e9c-d852-4e64-8aac-77779b220b72"}]} | headers=HTTPHeaderDict({'content-type': 'application/json; charset=utf-8', 'cache-control': 'no-cache', 'content-length': '90', 'date': 'Mon, 06 Oct 2025 00:06:57 GMT'})</msg>
<msg time="2025-10-05T21:06:57.914130" level="DEBUG">Finished Request</msg>
<msg time="2025-10-05T21:06:57.914180" level="DEBUG">GET http://localhost:60951/session/8e10d966-d2af-4d5f-ba0f-e1db74940a3e/element/09431e9c-d852-4e64-8aac-77779b220b72/name {}</msg>
<msg time="2025-10-05T21:06:57.915054" level="DEBUG">http://localhost:60951 "GET /session/8e10d966-d2af-4d5f-ba0f-e1db74940a3e/element/09431e9c-d852-4e64-8aac-77779b220b72/name HTTP/1.1" 200 0</msg>
<msg time="2025-10-05T21:06:57.915108" level="DEBUG">Remote response: status=200 | data={"value":"button"} | headers=HTTPHeaderDict({'content-type': 'application/json; charset=utf-8', 'cache-control': 'no-cache', 'content-length': '18', 'date': 'Mon, 06 Oct 2025 00:06:57 GMT'})</msg>
<msg time="2025-10-05T21:06:57.915140" level="DEBUG">Finished Request</msg>
<msg time="2025-10-05T21:06:57.915185" level="DEBUG">POST http://localhost:60951/session/8e10d966-d2af-4d5f-ba0f-e1db74940a3e/element/09431e9c-d852-4e64-8aac-77779b220b72/click {}</msg>
<msg time="2025-10-05T21:06:57.982897" level="DEBUG">http://localhost:60951 "POST /session/8e10d966-d2af-4d5f-ba0f-e1db74940a3e/element/09431e9c-d852-4e64-8aac-77779b220b72/click HTTP/1.1" 200 0</msg>
<msg time="2025-10-05T21:06:57.982976" level="DEBUG">Remote response: status=200 | data={"value":null} | headers=HTTPHeaderDict({'content-type': 'application/json; charset=utf-8', 'cache-control': 'no-cache', 'content-length': '14', 'date': 'Mon, 06 Oct 2025 00:06:57 GMT'})</msg>
<msg time="2025-10-05T21:06:57.983014" level="DEBUG">Finished Request</msg>
<arg>${logar}</arg>
<doc>Clicks the button identified by ``locator``.</doc>
<status status="PASS" start="2025-10-05T21:06:57.911139" elapsed="0.071915"/>
</kw>
<kw name="Wait Until Element Is Visible" owner="SeleniumLibrary">
<msg time="2025-10-05T21:06:57.983392" level="DEBUG">POST http://localhost:60951/session/8e10d966-d2af-4d5f-ba0f-e1db74940a3e/elements {'using': 'xpath', 'value': '//*[@id="page-wrapper"]/div[1]/nav/div/div/div[1]/a/img'}</msg>
<msg time="2025-10-05T21:06:57.984555" level="DEBUG">http://localhost:60951 "POST /session/8e10d966-d2af-4d5f-ba0f-e1db74940a3e/elements HTTP/1.1" 200 0</msg>
<msg time="2025-10-05T21:06:57.984621" level="DEBUG">Remote response: status=200 | data={"value":[]} | headers=HTTPHeaderDict({'content-type': 'application/json; charset=utf-8', 'cache-control': 'no-cache', 'content-length': '12', 'date': 'Mon, 06 Oct 2025 00:06:57 GMT'})</msg>
<msg time="2025-10-05T21:06:57.984656" level="DEBUG">Finished Request</msg>
<msg time="2025-10-05T21:06:58.184892" level="DEBUG">POST http://localhost:60951/session/8e10d966-d2af-4d5f-ba0f-e1db74940a3e/elements {'using': 'xpath', 'value': '//*[@id="page-wrapper"]/div[1]/nav/div/div/div[1]/a/img'}</msg>
<msg time="2025-10-05T21:06:58.186256" level="DEBUG">http://localhost:60951 "POST /session/8e10d966-d2af-4d5f-ba0f-e1db74940a3e/elements HTTP/1.1" 200 0</msg>
<msg time="2025-10-05T21:06:58.186335" level="DEBUG">Remote response: status=200 | data={"value":[]} | headers=HTTPHeaderDict({'content-type': 'application/json; charset=utf-8', 'cache-control': 'no-cache', 'content-length': '12', 'date': 'Mon, 06 Oct 2025 00:06:57 GMT'})</msg>
<msg time="2025-10-05T21:06:58.186371" level="DEBUG">Finished Request</msg>
<msg time="2025-10-05T21:06:58.386638" level="DEBUG">POST http://localhost:60951/session/8e10d966-d2af-4d5f-ba0f-e1db74940a3e/elements {'using': 'xpath', 'value': '//*[@id="page-wrapper"]/div[1]/nav/div/div/div[1]/a/img'}</msg>
<msg time="2025-10-05T21:06:58.388059" level="DEBUG">http://localhost:60951 "POST /session/8e10d966-d2af-4d5f-ba0f-e1db74940a3e/elements HTTP/1.1" 200 0</msg>
<msg time="2025-10-05T21:06:58.388134" level="DEBUG">Remote response: status=200 | data={"value":[]} | headers=HTTPHeaderDict({'content-type': 'application/json; charset=utf-8', 'cache-control': 'no-cache', 'content-length': '12', 'date': 'Mon, 06 Oct 2025 00:06:57 GMT'})</msg>
<msg time="2025-10-05T21:06:58.388172" level="DEBUG">Finished Request</msg>
<msg time="2025-10-05T21:06:58.588772" level="DEBUG">POST http://localhost:60951/session/8e10d966-d2af-4d5f-ba0f-e1db74940a3e/elements {'using': 'xpath', 'value': '//*[@id="page-wrapper"]/div[1]/nav/div/div/div[1]/a/img'}</msg>
<msg time="2025-10-05T21:06:58.590041" level="DEBUG">http://localhost:60951 "POST /session/8e10d966-d2af-4d5f-ba0f-e1db74940a3e/elements HTTP/1.1" 200 0</msg>
<msg time="2025-10-05T21:06:58.590120" level="DEBUG">Remote response: status=200 | data={"value":[]} | headers=HTTPHeaderDict({'content-type': 'application/json; charset=utf-8', 'cache-control': 'no-cache', 'content-length': '12', 'date': 'Mon, 06 Oct 2025 00:06:57 GMT'})</msg>
<msg time="2025-10-05T21:06:58.590155" level="DEBUG">Finished Request</msg>
<msg time="2025-10-05T21:06:58.790910" level="DEBUG">POST http://localhost:60951/session/8e10d966-d2af-4d5f-ba0f-e1db74940a3e/elements {'using': 'xpath', 'value': '//*[@id="page-wrapper"]/div[1]/nav/div/div/div[1]/a/img'}</msg>
<msg time="2025-10-05T21:06:58.793575" level="DEBUG">http://localhost:60951 "POST /session/8e10d966-d2af-4d5f-ba0f-e1db74940a3e/elements HTTP/1.1" 200 0</msg>
<msg time="2025-10-05T21:06:58.793722" level="DEBUG">Remote response: status=200 | data={"value":[]} | headers=HTTPHeaderDict({'content-type': 'application/json; charset=utf-8', 'cache-control': 'no-cache', 'content-length': '12', 'date': 'Mon, 06 Oct 2025 00:06:57 GMT'})</msg>
<msg time="2025-10-05T21:06:58.793800" level="DEBUG">Finished Request</msg>
<msg time="2025-10-05T21:06:58.994516" level="DEBUG">POST http://localhost:60951/session/8e10d966-d2af-4d5f-ba0f-e1db74940a3e/elements {'using': 'xpath', 'value': '//*[@id="page-wrapper"]/div[1]/nav/div/div/div[1]/a/img'}</msg>
<msg time="2025-10-05T21:06:58.997061" level="DEBUG">http://localhost:60951 "POST /session/8e10d966-d2af-4d5f-ba0f-e1db74940a3e/elements HTTP/1.1" 200 0</msg>
<msg time="2025-10-05T21:06:58.997197" level="DEBUG">Remote response: status=200 | data={"value":[]} | headers=HTTPHeaderDict({'content-type': 'application/json; charset=utf-8', 'cache-control': 'no-cache', 'content-length': '12', 'date': 'Mon, 06 Oct 2025 00:06:58 GMT'})</msg>
<msg time="2025-10-05T21:06:58.997276" level="DEBUG">Finished Request</msg>
<msg time="2025-10-05T21:06:59.197739" level="DEBUG">POST http://localhost:60951/session/8e10d966-d2af-4d5f-ba0f-e1db74940a3e/elements {'using': 'xpath', 'value': '//*[@id="page-wrapper"]/div[1]/nav/div/div/div[1]/a/img'}</msg>
<msg time="2025-10-05T21:06:59.202512" level="DEBUG">http://localhost:60951 "POST /session/8e10d966-d2af-4d5f-ba0f-e1db74940a3e/elements HTTP/1.1" 200 0</msg>
<msg time="2025-10-05T21:06:59.202693" level="DEBUG">Remote response: status=200 | data={"value":[]} | headers=HTTPHeaderDict({'content-type': 'application/json; charset=utf-8', 'cache-control': 'no-cache', 'content-length': '12', 'date': 'Mon, 06 Oct 2025 00:06:58 GMT'})</msg>
<msg time="2025-10-05T21:06:59.202793" level="DEBUG">Finished Request</msg>
<msg time="2025-10-05T21:06:59.403450" level="DEBUG">POST http://localhost:60951/session/8e10d966-d2af-4d5f-ba0f-e1db74940a3e/elements {'using': 'xpath', 'value': '//*[@id="page-wrapper"]/div[1]/nav/div/div/div[1]/a/img'}</msg>
<msg time="2025-10-05T21:06:59.404894" level="DEBUG">http://localhost:60951 "POST /session/8e10d966-d2af-4d5f-ba0f-e1db74940a3e/elements HTTP/1.1" 200 0</msg>
<msg time="2025-10-05T21:06:59.404983" level="DEBUG">Remote response: status=200 | data={"value":[]} | headers=HTTPHeaderDict({'content-type': 'application/json; charset=utf-8', 'cache-control': 'no-cache', 'content-length': '12', 'date': 'Mon, 06 Oct 2025 00:06:58 GMT'})</msg>
<msg time="2025-10-05T21:06:59.405026" level="DEBUG">Finished Request</msg>
<msg time="2025-10-05T21:06:59.605283" level="DEBUG">POST http://localhost:60951/session/8e10d966-d2af-4d5f-ba0f-e1db74940a3e/elements {'using': 'xpath', 'value': '//*[@id="page-wrapper"]/div[1]/nav/div/div/div[1]/a/img'}</msg>
<msg time="2025-10-05T21:06:59.606608" level="DEBUG">http://localhost:60951 "POST /session/8e10d966-d2af-4d5f-ba0f-e1db74940a3e/elements HTTP/1.1" 200 0</msg>
<msg time="2025-10-05T21:06:59.606682" level="DEBUG">Remote response: status=200 | data={"value":[]} | headers=HTTPHeaderDict({'content-type': 'application/json; charset=utf-8', 'cache-control': 'no-cache', 'content-length': '12', 'date': 'Mon, 06 Oct 2025 00:06:58 GMT'})</msg>
<msg time="2025-10-05T21:06:59.606717" level="DEBUG">Finished Request</msg>
<msg time="2025-10-05T21:06:59.806974" level="DEBUG">POST http://localhost:60951/session/8e10d966-d2af-4d5f-ba0f-e1db74940a3e/elements {'using': 'xpath', 'value': '//*[@id="page-wrapper"]/div[1]/nav/div/div/div[1]/a/img'}</msg>
<msg time="2025-10-05T21:06:59.808273" level="DEBUG">http://localhost:60951 "POST /session/8e10d966-d2af-4d5f-ba0f-e1db74940a3e/elements HTTP/1.1" 200 0</msg>
<msg time="2025-10-05T21:06:59.808349" level="DEBUG">Remote response: status=200 | data={"value":[]} | headers=HTTPHeaderDict({'content-type': 'application/json; charset=utf-8', 'cache-control': 'no-cache', 'content-length': '12', 'date': 'Mon, 06 Oct 2025 00:06:58 GMT'})</msg>
<msg time="2025-10-05T21:06:59.808384" level="DEBUG">Finished Request</msg>
<msg time="2025-10-05T21:07:00.008753" level="DEBUG">POST http://localhost:60951/session/8e10d966-d2af-4d5f-ba0f-e1db74940a3e/elements {'using': 'xpath', 'value': '//*[@id="page-wrapper"]/div[1]/nav/div/div/div[1]/a/img'}</msg>
<msg time="2025-10-05T21:07:00.010136" level="DEBUG">http://localhost:60951 "POST /session/8e10d966-d2af-4d5f-ba0f-e1db74940a3e/elements HTTP/1.1" 200 0</msg>
<msg time="2025-10-05T21:07:00.010210" level="DEBUG">Remote response: status=200 | data={"value":[]} | headers=HTTPHeaderDict({'content-type': 'application/json; charset=utf-8', 'cache-control': 'no-cache', 'content-length': '12', 'date': 'Mon, 06 Oct 2025 00:07:00 GMT'})</msg>
<msg time="2025-10-05T21:07:00.010245" level="DEBUG">Finished Request</msg>
<msg time="2025-10-05T21:07:00.210518" level="DEBUG">POST http://localhost:60951/session/8e10d966-d2af-4d5f-ba0f-e1db74940a3e/elements {'using': 'xpath', 'value': '//*[@id="page-wrapper"]/div[1]/nav/div/div/div[1]/a/img'}</msg>
<msg time="2025-10-05T21:07:00.212104" level="DEBUG">http://localhost:60951 "POST /session/8e10d966-d2af-4d5f-ba0f-e1db74940a3e/elements HTTP/1.1" 200 0</msg>
<msg time="2025-10-05T21:07:00.212191" level="DEBUG">Remote response: status=200 | data={"value":[]} | headers=HTTPHeaderDict({'content-type': 'application/json; charset=utf-8', 'cache-control': 'no-cache', 'content-length': '12', 'date': 'Mon, 06 Oct 2025 00:07:00 GMT'})</msg>
<msg time="2025-10-05T21:07:00.212234" level="DEBUG">Finished Request</msg>
<msg time="2025-10-05T21:07:00.412594" level="DEBUG">POST http://localhost:60951/session/8e10d966-d2af-4d5f-ba0f-e1db74940a3e/elements {'using': 'xpath', 'value': '//*[@id="page-wrapper"]/div[1]/nav/div/div/div[1]/a/img'}</msg>
<msg time="2025-10-05T21:07:00.415471" level="DEBUG">http://localhost:60951 "POST /session/8e10d966-d2af-4d5f-ba0f-e1db74940a3e/elements HTTP/1.1" 200 0</msg>
<msg time="2025-10-05T21:07:00.415646" level="DEBUG">Remote response: status=200 | data={"value":[]} | headers=HTTPHeaderDict({'content-type': 'application/json; charset=utf-8', 'cache-control': 'no-cache', 'content-length': '12', 'date': 'Mon, 06 Oct 2025 00:07:00 GMT'})</msg>
<msg time="2025-10-05T21:07:00.415745" level="DEBUG">Finished Request</msg>
<msg time="2025-10-05T21:07:00.616317" level="DEBUG">POST http://localhost:60951/session/8e10d966-d2af-4d5f-ba0f-e1db74940a3e/elements {'using': 'xpath', 'value': '//*[@id="page-wrapper"]/div[1]/nav/div/div/div[1]/a/img'}</msg>
<msg time="2025-10-05T21:07:00.617855" level="DEBUG">http://localhost:60951 "POST /session/8e10d966-d2af-4d5f-ba0f-e1db74940a3e/elements HTTP/1.1" 200 0</msg>
<msg time="2025-10-05T21:07:00.617934" level="DEBUG">Remote response: status=200 | data={"value":[]} | headers=HTTPHeaderDict({'content-type': 'application/json; charset=utf-8', 'cache-control': 'no-cache', 'content-length': '12', 'date': 'Mon, 06 Oct 2025 00:07:00 GMT'})</msg>
<msg time="2025-10-05T21:07:00.617971" level="DEBUG">Finished Request</msg>
<msg time="2025-10-05T21:07:00.818147" level="DEBUG">POST http://localhost:60951/session/8e10d966-d2af-4d5f-ba0f-e1db74940a3e/elements {'using': 'xpath', 'value': '//*[@id="page-wrapper"]/div[1]/nav/div/div/div[1]/a/img'}</msg>
<msg time="2025-10-05T21:07:00.852841" level="DEBUG">http://localhost:60951 "POST /session/8e10d966-d2af-4d5f-ba0f-e1db74940a3e/elements HTTP/1.1" 200 0</msg>
<msg time="2025-10-05T21:07:00.852930" level="DEBUG">Remote response: status=200 | data={"value":[{"element-6066-11e4-a52e-4f735466cecf":"1655f8d6-32bc-4110-ad75-0255ee663a1c"}]} | headers=HTTPHeaderDict({'content-type': 'application/json; charset=utf-8', 'cache-control': 'no-cache', 'content-length': '90', 'date': 'Mon, 06 Oct 2025 00:07:00 GMT'})</msg>
<msg time="2025-10-05T21:07:00.852970" level="DEBUG">Finished Request</msg>
<msg time="2025-10-05T21:07:00.853079" level="DEBUG">POST http://localhost:60951/session/8e10d966-d2af-4d5f-ba0f-e1db74940a3e/execute/sync {'script': '/* isDisplayed */return (function(){return (function(){var g=this||self;\nfunction aa(a){var b=typeof...', 'args': [{'element-6066-11e4-a52e-4f735466cecf': '1655f8d6-32bc-4110-ad75-0255ee663a1c'}]}</msg>
<msg time="2025-10-05T21:07:00.856877" level="DEBUG">http://localhost:60951 "POST /session/8e10d966-d2af-4d5f-ba0f-e1db74940a3e/execute/sync HTTP/1.1" 200 0</msg>
<msg time="2025-10-05T21:07:00.856960" level="DEBUG">Remote response: status=200 | data={"value":true} | headers=HTTPHeaderDict({'content-type': 'application/json; charset=utf-8', 'cache-control': 'no-cache', 'content-length': '14', 'date': 'Mon, 06 Oct 2025 00:07:00 GMT'})</msg>
<msg time="2025-10-05T21:07:00.856996" level="DEBUG">Finished Request</msg>
<arg>${logoD4S}</arg>
<arg>${TIMEOUT}</arg>
<doc>Waits until the element ``locator`` is visible.</doc>
<status status="PASS" start="2025-10-05T21:06:57.983161" elapsed="2.873875"/>
</kw>
<kw name="Page Should Contain Image" owner="SeleniumLibrary">
<msg time="2025-10-05T21:07:00.857318" level="DEBUG">POST http://localhost:60951/session/8e10d966-d2af-4d5f-ba0f-e1db74940a3e/elements {'using': 'xpath', 'value': '//*[@id="page-wrapper"]/div[1]/nav/div/div/div[1]/a/img'}</msg>
<msg time="2025-10-05T21:07:00.858399" level="DEBUG">http://localhost:60951 "POST /session/8e10d966-d2af-4d5f-ba0f-e1db74940a3e/elements HTTP/1.1" 200 0</msg>
<msg time="2025-10-05T21:07:00.858469" level="DEBUG">Remote response: status=200 | data={"value":[{"element-6066-11e4-a52e-4f735466cecf":"1655f8d6-32bc-4110-ad75-0255ee663a1c"}]} | headers=HTTPHeaderDict({'content-type': 'application/json; charset=utf-8', 'cache-control': 'no-cache', 'content-length': '90', 'date': 'Mon, 06 Oct 2025 00:07:00 GMT'})</msg>
<msg time="2025-10-05T21:07:00.858505" level="DEBUG">Finished Request</msg>
<msg time="2025-10-05T21:07:00.858554" level="DEBUG">GET http://localhost:60951/session/8e10d966-d2af-4d5f-ba0f-e1db74940a3e/element/1655f8d6-32bc-4110-ad75-0255ee663a1c/name {}</msg>
<msg time="2025-10-05T21:07:00.859534" level="DEBUG">http://localhost:60951 "GET /session/8e10d966-d2af-4d5f-ba0f-e1db74940a3e/element/1655f8d6-32bc-4110-ad75-0255ee663a1c/name HTTP/1.1" 200 0</msg>
<msg time="2025-10-05T21:07:00.859594" level="DEBUG">Remote response: status=200 | data={"value":"img"} | headers=HTTPHeaderDict({'content-type': 'application/json; charset=utf-8', 'cache-control': 'no-cache', 'content-length': '15', 'date': 'Mon, 06 Oct 2025 00:07:00 GMT'})</msg>
<msg time="2025-10-05T21:07:00.859626" level="DEBUG">Finished Request</msg>
<msg time="2025-10-05T21:07:00.859649" level="INFO">Current page contains image '//*[@id="page-wrapper"]/div[1]/nav/div/div/div[1]/a/img'.</msg>
<arg>${logoD4S}</arg>
<doc>Verifies image identified by ``locator`` is found from current page.</doc>
<status status="PASS" start="2025-10-05T21:07:00.857141" elapsed="0.002537"/>
</kw>
<arg>${browser_type}</arg>
<arg>${set_cookie}</arg>
<doc>Realiza login no sistema D4Sign</doc>
<status status="PASS" start="2025-10-05T21:06:51.472519" elapsed="9.387214"/>
</kw>
<doc>Setup comum para todos os testes</doc>
<status status="PASS" start="2025-10-05T21:06:51.470756" elapsed="9.389145"/>
</kw>
<test id="s1-t1" name="Envio em Lote" line="23">
<kw name="Log Batch Test Info" owner="tag_logging">
<kw name="Log Tag Info" owner="tag_logging">
<kw name="Set Variable If" owner="BuiltIn">
<msg time="2025-10-05T21:07:00.860985" level="INFO">${emoji} = 📦</msg>
<var>${emoji}</var>
<arg>'${tag}' == '${SMOKE_TAG}'</arg>
<arg>🔥</arg>
<arg>'${tag}' == '${API_TAG}'</arg>
<arg>🌐</arg>
<arg>'${tag}' == '${UI_TAG}'</arg>
<arg>🖥️</arg>
<arg>'${tag}' == '${CRITICAL_TAG}'</arg>
<arg>⚠️</arg>
<arg>'${tag}' == '${REGRESSION_TAG}'</arg>
<arg>🔄</arg>
<arg>'${tag}' == '${LOGIN_TAG}'</arg>
<arg>🔐</arg>
<arg>'${tag}' == '${UPLOAD_TAG}'</arg>
<arg>📤</arg>
<arg>'${tag}' == '${SIGNATURE_TAG}'</arg>
<arg>✍️</arg>
<arg>'${tag}' == '${TEMPLATE_TAG}'</arg>
<arg>📄</arg>
<arg>'${tag}' == '${BATCH_TAG}'</arg>
<arg>📦</arg>
<arg>🏷️</arg>
<doc>Sets variable based on the given condition.</doc>
<status status="PASS" start="2025-10-05T21:07:00.860627" elapsed="0.000380"/>
</kw>
<kw name="Log" owner="BuiltIn">
<msg time="2025-10-05T21:07:00.861195" level="INFO">📦 [batch] Iniciando teste de envio em lote</msg>
<arg>${emoji} [${tag}] ${message}</arg>
<arg>${level}</arg>
<doc>Logs the given message with the given level.</doc>
<status status="PASS" start="2025-10-05T21:07:00.861095" elapsed="0.000124"/>
</kw>
<arg>${BATCH_TAG}</arg>
<arg>${message}</arg>
<doc>Log informações específicas baseadas na tag do teste</doc>
<status status="PASS" start="2025-10-05T21:07:00.860439" elapsed="0.000812"/>
</kw>
<arg>Iniciando teste de envio em lote</arg>
<doc>Log específico para testes em lote</doc>
<status status="PASS" start="2025-10-05T21:07:00.860269" elapsed="0.001013"/>
</kw>
<kw name="Retry Keyword" owner="retry_utils">
<kw name="Set Variable" owner="BuiltIn">
<msg time="2025-10-05T21:07:00.861756" level="INFO">${attempt} = 1</msg>
<var>${attempt}</var>
<arg>1</arg>
<doc>Returns the given values which can then be assigned to a variables.</doc>
<status status="PASS" start="2025-10-05T21:07:00.861688" elapsed="0.000083"/>
</kw>
<kw name="Create List" owner="BuiltIn">
<msg time="2025-10-05T21:07:00.861879" level="INFO">${errors} = []</msg>
<var>${errors}</var>
<doc>Returns a list containing given items.</doc>
<status status="PASS" start="2025-10-05T21:07:00.861826" elapsed="0.000066"/>
</kw>
<while condition="${attempt} &lt;= ${MAX_RETRIES}">
<iter>
<try>
<branch type="TRY">
<kw name="Log" owner="BuiltIn">
<msg time="2025-10-05T21:07:00.862273" level="INFO">🔄 Tentativa 1 de 3 - Executando: Executar Fluxo Envio Lote</msg>
<arg>🔄 Tentativa ${attempt} de ${MAX_RETRIES} - Executando: ${keyword}</arg>
<doc>Logs the given message with the given level.</doc>
<status status="PASS" start="2025-10-05T21:07:00.862186" elapsed="0.000111"/>
</kw>
<kw name="Run Keyword" owner="BuiltIn">
<kw name="Executar Fluxo Envio Lote">
<kw name="Log Batch Test Info" owner="tag_logging">
<kw name="Log Tag Info" owner="tag_logging">
<kw name="Set Variable If" owner="BuiltIn">
<msg time="2025-10-05T21:07:00.863219" level="INFO">${emoji} = 📦</msg>
<var>${emoji}</var>
<arg>'${tag}' == '${SMOKE_TAG}'</arg>
<arg>🔥</arg>
<arg>'${tag}' == '${API_TAG}'</arg>
<arg>🌐</arg>
<arg>'${tag}' == '${UI_TAG}'</arg>
<arg>🖥️</arg>
<arg>'${tag}' == '${CRITICAL_TAG}'</arg>
<arg>⚠️</arg>
<arg>'${tag}' == '${REGRESSION_TAG}'</arg>
<arg>🔄</arg>
<arg>'${tag}' == '${LOGIN_TAG}'</arg>
<arg>🔐</arg>
<arg>'${tag}' == '${UPLOAD_TAG}'</arg>
<arg>📤</arg>
<arg>'${tag}' == '${SIGNATURE_TAG}'</arg>
<arg>✍️</arg>
<arg>'${tag}' == '${TEMPLATE_TAG}'</arg>
<arg>📄</arg>
<arg>'${tag}' == '${BATCH_TAG}'</arg>
<arg>📦</arg>
<arg>🏷️</arg>
<doc>Sets variable based on the given condition.</doc>
<status status="PASS" start="2025-10-05T21:07:00.862891" elapsed="0.000343"/>
</kw>
<kw name="Log" owner="BuiltIn">
<msg time="2025-10-05T21:07:00.863431" level="INFO">📦 [batch] Executando fluxo de envio em lote</msg>
<arg>${emoji} [${tag}] ${message}</arg>
<arg>${level}</arg>
<doc>Logs the given message with the given level.</doc>
<status status="PASS" start="2025-10-05T21:07:00.863342" elapsed="0.000111"/>
</kw>
<arg>${BATCH_TAG}</arg>
<arg>${message}</arg>
<doc>Log informações específicas baseadas na tag do teste</doc>
<status status="PASS" start="2025-10-05T21:07:00.862753" elapsed="0.000732"/>
</kw>
<arg>Executando fluxo de envio em lote</arg>
<doc>Log específico para testes em lote</doc>
<status status="PASS" start="2025-10-05T21:07:00.862643" elapsed="0.000869"/>
</kw>
<kw name="Retry Click Element" owner="retry_utils">
<kw name="Set Variable" owner="BuiltIn">
<msg time="2025-10-05T21:07:00.865497" level="INFO">${attempt} = 1</msg>
<var>${attempt}</var>
<arg>1</arg>
<doc>Returns the given values which can then be assigned to a variables.</doc>
<status status="PASS" start="2025-10-05T21:07:00.863840" elapsed="0.001678"/>
</kw>
<while condition="${attempt} &lt;= ${MAX_RETRIES}">
<iter>
<try>
<branch type="TRY">
<kw name="Log" owner="BuiltIn">
<msg time="2025-10-05T21:07:00.865910" level="INFO">🖱️ Tentativa 1 - Clicando em: //*[@id="page-wrapper"]/div[2]/div[1]/div[5]/a</msg>
<arg>🖱️ Tentativa ${attempt} - Clicando em: ${locator}</arg>
<doc>Logs the given message with the given level.</doc>
<status status="PASS" start="2025-10-05T21:07:00.865825" elapsed="0.000109"/>
</kw>
<kw name="Wait Until Element Is Visible" owner="SeleniumLibrary">
<msg time="2025-10-05T21:07:00.866190" level="DEBUG">POST http://localhost:60951/session/8e10d966-d2af-4d5f-ba0f-e1db74940a3e/elements {'using': 'xpath', 'value': '//*[@id="page-wrapper"]/div[2]/div[1]/div[5]/a'}</msg>
<msg time="2025-10-05T21:07:00.867637" level="DEBUG">http://localhost:60951 "POST /session/8e10d966-d2af-4d5f-ba0f-e1db74940a3e/elements HTTP/1.1" 200 0</msg>
<msg time="2025-10-05T21:07:00.867708" level="DEBUG">Remote response: status=200 | data={"value":[{"element-6066-11e4-a52e-4f735466cecf":"21f01b5d-0d21-4b4c-a6bd-8a269ad361bf"}]} | headers=HTTPHeaderDict({'content-type': 'application/json; charset=utf-8', 'cache-control': 'no-cache', 'content-length': '90', 'date': 'Mon, 06 Oct 2025 00:07:00 GMT'})</msg>
<msg time="2025-10-05T21:07:00.867748" level="DEBUG">Finished Request</msg>
<msg time="2025-10-05T21:07:00.867846" level="DEBUG">POST http://localhost:60951/session/8e10d966-d2af-4d5f-ba0f-e1db74940a3e/execute/sync {'script': '/* isDisplayed */return (function(){return (function(){var g=this||self;\nfunction aa(a){var b=typeof...', 'args': [{'element-6066-11e4-a52e-4f735466cecf': '21f01b5d-0d21-4b4c-a6bd-8a269ad361bf'}]}</msg>
<msg time="2025-10-05T21:07:00.876305" level="DEBUG">http://localhost:60951 "POST /session/8e10d966-d2af-4d5f-ba0f-e1db74940a3e/execute/sync HTTP/1.1" 200 0</msg>
<msg time="2025-10-05T21:07:00.876400" level="DEBUG">Remote response: status=200 | data={"value":true} | headers=HTTPHeaderDict({'content-type': 'application/json; charset=utf-8', 'cache-control': 'no-cache', 'content-length': '14', 'date': 'Mon, 06 Oct 2025 00:07:00 GMT'})</msg>
<msg time="2025-10-05T21:07:00.876436" level="DEBUG">Finished Request</msg>
<arg>${locator}</arg>
<arg>timeout=10s</arg>
<doc>Waits until the element ``locator`` is visible.</doc>
<status status="PASS" start="2025-10-05T21:07:00.865994" elapsed="0.010484"/>
</kw>
<kw name="Click Element" owner="SeleniumLibrary">
<msg time="2025-10-05T21:07:00.876716" level="INFO">Clicking element '//*[@id="page-wrapper"]/div[2]/div[1]/div[5]/a'.</msg>
<msg time="2025-10-05T21:07:00.876775" level="DEBUG">POST http://localhost:60951/session/8e10d966-d2af-4d5f-ba0f-e1db74940a3e/elements {'using': 'xpath', 'value': '//*[@id="page-wrapper"]/div[2]/div[1]/div[5]/a'}</msg>
<msg time="2025-10-05T21:07:00.877946" level="DEBUG">http://localhost:60951 "POST /session/8e10d966-d2af-4d5f-ba0f-e1db74940a3e/elements HTTP/1.1" 200 0</msg>
<msg time="2025-10-05T21:07:00.878046" level="DEBUG">Remote response: status=200 | data={"value":[{"element-6066-11e4-a52e-4f735466cecf":"21f01b5d-0d21-4b4c-a6bd-8a269ad361bf"}]} | headers=HTTPHeaderDict({'content-type': 'application/json; charset=utf-8', 'cache-control': 'no-cache', 'content-length': '90', 'date': 'Mon, 06 Oct 2025 00:07:00 GMT'})</msg>
<msg time="2025-10-05T21:07:00.878083" level="DEBUG">Finished Request</msg>
<msg time="2025-10-05T21:07:00.878140" level="DEBUG">POST http://localhost:60951/session/8e10d966-d2af-4d5f-ba0f-e1db74940a3e/element/21f01b5d-0d21-4b4c-a6bd-8a269ad361bf/click {}</msg>
<msg time="2025-10-05T21:07:03.831932" level="DEBUG">http://localhost:60951 "POST /session/8e10d966-d2af-4d5f-ba0f-e1db74940a3e/element/21f01b5d-0d21-4b4c-a6bd-8a269ad361bf/click HTTP/1.1" 200 0</msg>
<msg time="2025-10-05T21:07:03.832053" level="DEBUG">Remote response: status=200 | data={"value":null} | headers=HTTPHeaderDict({'content-type': 'application/json; charset=utf-8', 'cache-control': 'no-cache', 'content-length': '14', 'date': 'Mon, 06 Oct 2025 00:07:00 GMT'})</msg>
<msg time="2025-10-05T21:07:03.832097" level="DEBUG">Finished Request</msg>
<arg>${locator}</arg>
<doc>Click the element identified by ``locator``.</doc>
<status status="PASS" start="2025-10-05T21:07:00.876583" elapsed="2.955579"/>
</kw>
<kw name="Log" owner="BuiltIn">
<msg time="2025-10-05T21:07:03.832366" level="INFO">✅ Elemento clicado com sucesso</msg>
<arg>✅ Elemento clicado com sucesso</arg>
<doc>Logs the given message with the given level.</doc>
<status status="PASS" start="2025-10-05T21:07:03.832276" elapsed="0.000118"/>
</kw>
<break>
<status status="PASS" start="2025-10-05T21:07:03.832429" elapsed="0.000040"/>
</break>
<status status="PASS" start="2025-10-05T21:07:00.865770" elapsed="2.966727"/>
</branch>
<branch type="EXCEPT" assign="${error}">
<kw name="Log" owner="BuiltIn">
<arg>❌ Falha ao clicar na tentativa ${attempt}: ${error}</arg>
<doc>Logs the given message with the given level.</doc>
<status status="NOT RUN" start="2025-10-05T21:07:03.832601" elapsed="0.000019"/>
</kw>
<if>
<branch type="IF" condition="'ElementClickInterceptedException' in '${error}' or 'is not clickable' in '${error}'">
<kw name="Log" owner="BuiltIn">
<arg>🔍 Detectado problema de elemento interceptado, tentando resolver...</arg>
<doc>Logs the given message with the given level.</doc>
<status status="NOT RUN" start="2025-10-05T21:07:03.832737" elapsed="0.000016"/>
</kw>
<kw name="Run Keyword And Ignore Error" owner="BuiltIn">
<arg>Press Keys</arg>
<arg>NONE</arg>
<arg>ESC</arg>
<doc>Runs the given keyword with the given arguments and ignores possible error.</doc>
<status status="NOT RUN" start="2025-10-05T21:07:03.832811" elapsed="0.000015"/>
</kw>
<kw name="Run Keyword And Ignore Error" owner="BuiltIn">
<arg>Execute JavaScript</arg>
<arg>window.scrollTo(0, 0)</arg>
<doc>Runs the given keyword with the given arguments and ignores possible error.</doc>
<status status="NOT RUN" start="2025-10-05T21:07:03.832874" elapsed="0.000014"/>
</kw>
<kw name="Sleep" owner="BuiltIn">
<arg>1s</arg>
<doc>Pauses the test executed for the given time.</doc>
<status status="NOT RUN" start="2025-10-05T21:07:03.832932" elapsed="0.000014"/>
</kw>
<status status="NOT RUN" start="2025-10-05T21:07:03.832674" elapsed="0.000290"/>
</branch>
<status status="NOT RUN" start="2025-10-05T21:07:03.832659" elapsed="0.000329"/>
</if>
<if>
<branch type="IF" condition="${attempt} &lt; ${MAX_RETRIES}">
<kw name="Log" owner="BuiltIn">
<arg>⏳ Aguardando ${RETRY_DELAY} antes da próxima tentativa...</arg>
<doc>Logs the given message with the given level.</doc>
<status status="NOT RUN" start="2025-10-05T21:07:03.833072" elapsed="0.000014"/>
</kw>
<kw name="Sleep" owner="BuiltIn">
<arg>${RETRY_DELAY}</arg>
<doc>Pauses the test executed for the given time.</doc>
<status status="NOT RUN" start="2025-10-05T21:07:03.833171" elapsed="0.000013"/>
</kw>
<kw name="Evaluate" owner="BuiltIn">
<var>${attempt}</var>
<arg>${attempt} + 1</arg>
<doc>Evaluates the given expression in Python and returns the result.</doc>
<status status="NOT RUN" start="2025-10-05T21:07:03.833231" elapsed="0.000012"/>
</kw>
<status status="NOT RUN" start="2025-10-05T21:07:03.833021" elapsed="0.000241"/>
</branch>
<branch type="ELSE">
<kw name="Log" owner="BuiltIn">
<arg>💥 Falha ao clicar após ${MAX_RETRIES} tentativas</arg>
<doc>Logs the given message with the given level.</doc>
<status status="NOT RUN" start="2025-10-05T21:07:03.833324" elapsed="0.000012"/>
</kw>
<kw name="Fail" owner="BuiltIn">
<arg>Falha ao clicar em ${locator} após ${MAX_RETRIES} tentativas: ${error}</arg>
<doc>Fails the test with the given message and optionally alters its tags.</doc>
<status status="NOT RUN" start="2025-10-05T21:07:03.833378" elapsed="0.000011"/>
</kw>
<status status="NOT RUN" start="2025-10-05T21:07:03.833281" elapsed="0.000129"/>
</branch>
<status status="NOT RUN" start="2025-10-05T21:07:03.833010" elapsed="0.000416"/>
</if>
<status status="NOT RUN" start="2025-10-05T21:07:03.832538" elapsed="0.000900"/>
</branch>
<status status="PASS" start="2025-10-05T21:07:00.865753" elapsed="2.967711"/>
</try>
<status status="PASS" start="2025-10-05T21:07:00.865561" elapsed="2.967919"/>
</iter>
<status status="PASS" start="2025-10-05T21:07:00.865560" elapsed="2.967940"/>
</while>
<arg>${lote}</arg>
<doc>Clica em elemento com retry automático (resolve problemas de modal/overlay)</doc>
<status status="PASS" start="2025-10-05T21:07:00.863720" elapsed="2.969819"/>
</kw>
<kw name="Retry Wait Element" owner="retry_utils">
<kw name="Set Variable" owner="BuiltIn">
<msg time="2025-10-05T21:07:03.833975" level="INFO">${attempt} = 1</msg>
<var>${attempt}</var>
<arg>1</arg>
<doc>Returns the given values which can then be assigned to a variables.</doc>
<status status="PASS" start="2025-10-05T21:07:03.833906" elapsed="0.000084"/>
</kw>
<while condition="${attempt} &lt;= ${MAX_RETRIES}">
<iter>
<try>
<branch type="TRY">
<kw name="Log" owner="BuiltIn">
<msg time="2025-10-05T21:07:03.834309" level="INFO">👀 Tentativa 1 - Aguardando elemento: //*[@id="btnSaveTemplate"]</msg>
<arg>👀 Tentativa ${attempt} - Aguardando elemento: ${locator}</arg>
<doc>Logs the given message with the given level.</doc>
<status status="PASS" start="2025-10-05T21:07:03.834237" elapsed="0.000094"/>
</kw>
<kw name="Wait Until Element Is Visible" owner="SeleniumLibrary">
<msg time="2025-10-05T21:07:03.834591" level="DEBUG">POST http://localhost:60951/session/8e10d966-d2af-4d5f-ba0f-e1db74940a3e/elements {'using': 'xpath', 'value': '//*[@id="btnSaveTemplate"]'}</msg>
<msg time="2025-10-05T21:07:03.856020" level="DEBUG">http://localhost:60951 "POST /session/8e10d966-d2af-4d5f-ba0f-e1db74940a3e/elements HTTP/1.1" 200 0</msg>
<msg time="2025-10-05T21:07:03.856106" level="DEBUG">Remote response: status=200 | data={"value":[{"element-6066-11e4-a52e-4f735466cecf":"4ec48647-a865-45a4-b126-d2a5e6b9e054"}]} | headers=HTTPHeaderDict({'content-type': 'application/json; charset=utf-8', 'cache-control': 'no-cache', 'content-length': '90', 'date': 'Mon, 06 Oct 2025 00:07:03 GMT'})</msg>
<msg time="2025-10-05T21:07:03.856146" level="DEBUG">Finished Request</msg>
<msg time="2025-10-05T21:07:03.856251" level="DEBUG">POST http://localhost:60951/session/8e10d966-d2af-4d5f-ba0f-e1db74940a3e/execute/sync {'script': '/* isDisplayed */return (function(){return (function(){var g=this||self;\nfunction aa(a){var b=typeof...', 'args': [{'element-6066-11e4-a52e-4f735466cecf': '4ec48647-a865-45a4-b126-d2a5e6b9e054'}]}</msg>
<msg time="2025-10-05T21:07:03.869560" level="DEBUG">http://localhost:60951 "POST /session/8e10d966-d2af-4d5f-ba0f-e1db74940a3e/execute/sync HTTP/1.1" 200 0</msg>
<msg time="2025-10-05T21:07:03.869658" level="DEBUG">Remote response: status=200 | data={"value":true} | headers=HTTPHeaderDict({'content-type': 'application/json; charset=utf-8', 'cache-control': 'no-cache', 'content-length': '14', 'date': 'Mon, 06 Oct 2025 00:07:03 GMT'})</msg>
<msg time="2025-10-05T21:07:03.869693" level="DEBUG">Finished Request</msg>
<arg>${locator}</arg>
<arg>timeout=${timeout}</arg>
<doc>Waits until the element ``locator`` is visible.</doc>
<status status="PASS" start="2025-10-05T21:07:03.834386" elapsed="0.035347"/>
</kw>
<kw name="Log" owner="BuiltIn">
<msg time="2025-10-05T21:07:03.869911" level="INFO">✅ Elemento encontrado com sucesso</msg>
<arg>✅ Elemento encontrado com sucesso</arg>
<doc>Logs the given message with the given level.</doc>
<status status="PASS" start="2025-10-05T21:07:03.869839" elapsed="0.000094"/>
</kw>
<break>
<status status="PASS" start="2025-10-05T21:07:03.869963" elapsed="0.000031"/>
</break>
<status status="PASS" start="2025-10-05T21:07:03.834191" elapsed="0.035825"/>
</branch>
<branch type="EXCEPT" assign="${error}">
<kw name="Log" owner="BuiltIn">
<arg>❌ Elemento não encontrado na tentativa ${attempt}: ${error}</arg>
<doc>Logs the given message with the given level.</doc>
<status status="NOT RUN" start="2025-10-05T21:07:03.870104" elapsed="0.000013"/>
</kw>
<if>
<branch type="IF" condition="${attempt} &lt; ${MAX_RETRIES}">
<kw name="Log" owner="BuiltIn">
<arg>⏳ Aguardando ${RETRY_DELAY} antes de tentar novamente...</arg>
<doc>Logs the given message with the given level.</doc>
<status status="NOT RUN" start="2025-10-05T21:07:03.870206" elapsed="0.000012"/>
</kw>
<kw name="Sleep" owner="BuiltIn">
<arg>${RETRY_DELAY}</arg>
<doc>Pauses the test executed for the given time.</doc>
<status status="NOT RUN" start="2025-10-05T21:07:03.870262" elapsed="0.000011"/>
</kw>
<kw name="Evaluate" owner="BuiltIn">
<var>${attempt}</var>
<arg>${attempt} + 1</arg>
<doc>Evaluates the given expression in Python and returns the result.</doc>
<status status="NOT RUN" start="2025-10-05T21:07:03.870319" elapsed="0.000012"/>
</kw>
<status status="NOT RUN" start="2025-10-05T21:07:03.870155" elapsed="0.000194"/>
</branch>
<branch type="ELSE">
<kw name="Log" owner="BuiltIn">
<arg>💥 Elemento não encontrado após ${MAX_RETRIES} tentativas</arg>
<doc>Logs the given message with the given level.</doc>
<status status="NOT RUN" start="2025-10-05T21:07:03.870411" elapsed="0.000012"/>
</kw>
<kw name="Fail" owner="BuiltIn">
<arg>Elemento ${locator} não encontrado após ${MAX_RETRIES} tentativas: ${error}</arg>
<doc>Fails the test with the given message and optionally alters its tags.</doc>
<status status="NOT RUN" start="2025-10-05T21:07:03.870465" elapsed="0.000011"/>
</kw>
<status status="NOT RUN" start="2025-10-05T21:07:03.870368" elapsed="0.000125"/>
</branch>
<status status="NOT RUN" start="2025-10-05T21:07:03.870146" elapsed="0.000362"/>
</if>
<status status="NOT RUN" start="2025-10-05T21:07:03.870050" elapsed="0.000470"/>
</branch>
<status status="PASS" start="2025-10-05T21:07:03.834180" elapsed="0.036363"/>
</try>
<status status="PASS" start="2025-10-05T21:07:03.834023" elapsed="0.036533"/>
</iter>
<status status="PASS" start="2025-10-05T21:07:03.834022" elapsed="0.036553"/>
</while>
<arg>${btnlote}</arg>
<doc>Aguarda elemento aparecer com retry</doc>
<status status="PASS" start="2025-10-05T21:07:03.833728" elapsed="0.036884"/>
</kw>
<kw name="Retry Click Element" owner="retry_utils">
<kw name="Set Variable" owner="BuiltIn">
<msg time="2025-10-05T21:07:03.871036" level="INFO">${attempt} = 1</msg>
<var>${attempt}</var>
<arg>1</arg>
<doc>Returns the given values which can then be assigned to a variables.</doc>
<status status="PASS" start="2025-10-05T21:07:03.870969" elapsed="0.000083"/>
</kw>
<while condition="${attempt} &lt;= ${MAX_RETRIES}">
<iter>
<try>
<branch type="TRY">
<kw name="Log" owner="BuiltIn">
<msg time="2025-10-05T21:07:03.871383" level="INFO">🖱️ Tentativa 1 - Clicando em: //*[@id="btnSaveTemplate"]</msg>
<arg>🖱️ Tentativa ${attempt} - Clicando em: ${locator}</arg>
<doc>Logs the given message with the given level.</doc>
<status status="PASS" start="2025-10-05T21:07:03.871312" elapsed="0.000128"/>
</kw>
<kw name="Wait Until Element Is Visible" owner="SeleniumLibrary">
<msg time="2025-10-05T21:07:03.871695" level="DEBUG">POST http://localhost:60951/session/8e10d966-d2af-4d5f-ba0f-e1db74940a3e/elements {'using': 'xpath', 'value': '//*[@id="btnSaveTemplate"]'}</msg>
<msg time="2025-10-05T21:07:03.874429" level="DEBUG">http://localhost:60951 "POST /session/8e10d966-d2af-4d5f-ba0f-e1db74940a3e/elements HTTP/1.1" 200 0</msg>
<msg time="2025-10-05T21:07:03.874522" level="DEBUG">Remote response: status=200 | data={"value":[{"element-6066-11e4-a52e-4f735466cecf":"4ec48647-a865-45a4-b126-d2a5e6b9e054"}]} | headers=HTTPHeaderDict({'content-type': 'application/json; charset=utf-8', 'cache-control': 'no-cache', 'content-length': '90', 'date': 'Mon, 06 Oct 2025 00:07:03 GMT'})</msg>
<msg time="2025-10-05T21:07:03.874561" level="DEBUG">Finished Request</msg>
<msg time="2025-10-05T21:07:03.874661" level="DEBUG">POST http://localhost:60951/session/8e10d966-d2af-4d5f-ba0f-e1db74940a3e/execute/sync {'script': '/* isDisplayed */return (function(){return (function(){var g=this||self;\nfunction aa(a){var b=typeof...', 'args': [{'element-6066-11e4-a52e-4f735466cecf': '4ec48647-a865-45a4-b126-d2a5e6b9e054'}]}</msg>
<msg time="2025-10-05T21:07:03.878480" level="DEBUG">http://localhost:60951 "POST /session/8e10d966-d2af-4d5f-ba0f-e1db74940a3e/execute/sync HTTP/1.1" 200 0</msg>
<msg time="2025-10-05T21:07:03.878588" level="DEBUG">Remote response: status=200 | data={"value":true} | headers=HTTPHeaderDict({'content-type': 'application/json; charset=utf-8', 'cache-control': 'no-cache', 'content-length': '14', 'date': 'Mon, 06 Oct 2025 00:07:03 GMT'})</msg>
<msg time="2025-10-05T21:07:03.878628" level="DEBUG">Finished Request</msg>
<arg>${locator}</arg>
<arg>timeout=10s</arg>
<doc>Waits until the element ``locator`` is visible.</doc>
<status status="PASS" start="2025-10-05T21:07:03.871499" elapsed="0.007178"/>
</kw>
<kw name="Click Element" owner="SeleniumLibrary">
<msg time="2025-10-05T21:07:03.878978" level="INFO">Clicking element '//*[@id="btnSaveTemplate"]'.</msg>
<msg time="2025-10-05T21:07:03.879041" level="DEBUG">POST http://localhost:60951/session/8e10d966-d2af-4d5f-ba0f-e1db74940a3e/elements {'using': 'xpath', 'value': '//*[@id="btnSaveTemplate"]'}</msg>
<msg time="2025-10-05T21:07:03.880353" level="DEBUG">http://localhost:60951 "POST /session/8e10d966-d2af-4d5f-ba0f-e1db74940a3e/elements HTTP/1.1" 200 0</msg>
<msg time="2025-10-05T21:07:03.880454" level="DEBUG">Remote response: status=200 | data={"value":[{"element-6066-11e4-a52e-4f735466cecf":"4ec48647-a865-45a4-b126-d2a5e6b9e054"}]} | headers=HTTPHeaderDict({'content-type': 'application/json; charset=utf-8', 'cache-control': 'no-cache', 'content-length': '90', 'date': 'Mon, 06 Oct 2025 00:07:03 GMT'})</msg>
<msg time="2025-10-05T21:07:03.880491" level="DEBUG">Finished Request</msg>
<msg time="2025-10-05T21:07:03.880545" level="DEBUG">POST http://localhost:60951/session/8e10d966-d2af-4d5f-ba0f-e1db74940a3e/element/4ec48647-a865-45a4-b126-d2a5e6b9e054/click {}</msg>
<msg time="2025-10-05T21:07:03.940579" level="DEBUG">http://localhost:60951 "POST /session/8e10d966-d2af-4d5f-ba0f-e1db74940a3e/element/4ec48647-a865-45a4-b126-d2a5e6b9e054/click HTTP/1.1" 200 0</msg>
<msg time="2025-10-05T21:07:03.940677" level="DEBUG">Remote response: status=200 | data={"value":null} | headers=HTTPHeaderDict({'content-type': 'application/json; charset=utf-8', 'cache-control': 'no-cache', 'content-length': '14', 'date': 'Mon, 06 Oct 2025 00:07:03 GMT'})</msg>
<msg time="2025-10-05T21:07:03.940713" level="DEBUG">Finished Request</msg>
<arg>${locator}</arg>
<doc>Click the element identified by ``locator``.</doc>
<status status="PASS" start="2025-10-05T21:07:03.878829" elapsed="0.061925"/>
</kw>
<kw name="Log" owner="BuiltIn">
<msg time="2025-10-05T21:07:03.940933" level="INFO">✅ Elemento clicado com sucesso</msg>
<arg>✅ Elemento clicado com sucesso</arg>
<doc>Logs the given message with the given level.</doc>
<status status="PASS" start="2025-10-05T21:07:03.940859" elapsed="0.000095"/>
</kw>
<break>
<status status="PASS" start="2025-10-05T21:07:03.940984" elapsed="0.000026"/>
</break>
<status status="PASS" start="2025-10-05T21:07:03.871267" elapsed="0.069764"/>
</branch>
<branch type="EXCEPT" assign="${error}">
<kw name="Log" owner="BuiltIn">
<arg>❌ Falha ao clicar na tentativa ${attempt}: ${error}</arg>
<doc>Logs the given message with the given level.</doc>
<status status="NOT RUN" start="2025-10-05T21:07:03.941111" elapsed="0.000012"/>
</kw>
<if>
<branch type="IF" condition="'ElementClickInterceptedException' in '${error}' or 'is not clickable' in '${error}'">
<kw name="Log" owner="BuiltIn">
<arg>🔍 Detectado problema de elemento interceptado, tentando resolver...</arg>
<doc>Logs the given message with the given level.</doc>
<status status="NOT RUN" start="2025-10-05T21:07:03.941211" elapsed="0.000012"/>
</kw>
<kw name="Run Keyword And Ignore Error" owner="BuiltIn">
<arg>Press Keys</arg>
<arg>NONE</arg>
<arg>ESC</arg>
<doc>Runs the given keyword with the given arguments and ignores possible error.</doc>
<status status="NOT RUN" start="2025-10-05T21:07:03.941275" elapsed="0.000012"/>
</kw>
<kw name="Run Keyword And Ignore Error" owner="BuiltIn">
<arg>Execute JavaScript</arg>
<arg>window.scrollTo(0, 0)</arg>
<doc>Runs the given keyword with the given arguments and ignores possible error.</doc>
<status status="NOT RUN" start="2025-10-05T21:07:03.941333" elapsed="0.000012"/>
</kw>
<kw name="Sleep" owner="BuiltIn">
<arg>1s</arg>
<doc>Pauses the test executed for the given time.</doc>
<status status="NOT RUN" start="2025-10-05T21:07:03.941386" elapsed="0.000011"/>
</kw>
<status status="NOT RUN" start="2025-10-05T21:07:03.941163" elapsed="0.000250"/>
</branch>
<status status="NOT RUN" start="2025-10-05T21:07:03.941153" elapsed="0.000279"/>
</if>
<if>
<branch type="IF" condition="${attempt} &lt; ${MAX_RETRIES}">
<kw name="Log" owner="BuiltIn">
<arg>⏳ Aguardando ${RETRY_DELAY} antes da próxima tentativa...</arg>
<doc>Logs the given message with the given level.</doc>
<status status="NOT RUN" start="2025-10-05T21:07:03.941504" elapsed="0.000012"/>
</kw>
<kw name="Sleep" owner="BuiltIn">
<arg>${RETRY_DELAY}</arg>
<doc>Pauses the test executed for the given time.</doc>
<status status="NOT RUN" start="2025-10-05T21:07:03.941558" elapsed="0.000011"/>
</kw>
<kw name="Evaluate" owner="BuiltIn">
<var>${attempt}</var>
<arg>${attempt} + 1</arg>
<doc>Evaluates the given expression in Python and returns the result.</doc>
<status status="NOT RUN" start="2025-10-05T21:07:03.941613" elapsed="0.000012"/>
</kw>
<status status="NOT RUN" start="2025-10-05T21:07:03.941459" elapsed="0.000183"/>
</branch>
<branch type="ELSE">
<kw name="Log" owner="BuiltIn">
<arg>💥 Falha ao clicar após ${MAX_RETRIES} tentativas</arg>
<doc>Logs the given message with the given level.</doc>
<status status="NOT RUN" start="2025-10-05T21:07:03.941701" elapsed="0.000011"/>
</kw>
<kw name="Fail" owner="BuiltIn">
<arg>Falha ao clicar em ${locator} após ${MAX_RETRIES} tentativas: ${error}</arg>
<doc>Fails the test with the given message and optionally alters its tags.</doc>
<status status="NOT RUN" start="2025-10-05T21:07:03.941753" elapsed="0.000011"/>
</kw>
<status status="NOT RUN" start="2025-10-05T21:07:03.941658" elapsed="0.000124"/>
</branch>
<status status="NOT RUN" start="2025-10-05T21:07:03.941448" elapsed="0.000349"/>
</if>
<status status="NOT RUN" start="2025-10-05T21:07:03.941060" elapsed="0.000747"/>
</branch>
<status status="PASS" start="2025-10-05T21:07:03.871253" elapsed="0.070573"/>
</try>
<status status="PASS" start="2025-10-05T21:07:03.871082" elapsed="0.070758"/>
</iter>
<status status="PASS" start="2025-10-05T21:07:03.871082" elapsed="0.070775"/>
</while>
<arg>${btnlote}</arg>
<doc>Clica em elemento com retry automático (resolve problemas de modal/overlay)</doc>
<status status="PASS" start="2025-10-05T21:07:03.870820" elapsed="0.071071"/>
</kw>
<kw name="Retry Wait Element" owner="retry_utils">
<kw name="Set Variable" owner="BuiltIn">
<msg time="2025-10-05T21:07:03.942364" level="INFO">${attempt} = 1</msg>
<var>${attempt}</var>
<arg>1</arg>
<doc>Returns the given values which can then be assigned to a variables.</doc>
<status status="PASS" start="2025-10-05T21:07:03.942295" elapsed="0.000084"/>
</kw>
<while condition="${attempt} &lt;= ${MAX_RETRIES}">
<iter>
<try>
<branch type="TRY">
<kw name="Log" owner="BuiltIn">
<msg time="2025-10-05T21:07:03.942696" level="INFO">👀 Tentativa 1 - Aguardando elemento: //*[@id="uuid-cofre"]</msg>
<arg>👀 Tentativa ${attempt} - Aguardando elemento: ${locator}</arg>
<doc>Logs the given message with the given level.</doc>
<status status="PASS" start="2025-10-05T21:07:03.942625" elapsed="0.000093"/>
</kw>
<kw name="Wait Until Element Is Visible" owner="SeleniumLibrary">
<msg time="2025-10-05T21:07:03.942973" level="DEBUG">POST http://localhost:60951/session/8e10d966-d2af-4d5f-ba0f-e1db74940a3e/elements {'using': 'xpath', 'value': '//*[@id="uuid-cofre"]'}</msg>
<msg time="2025-10-05T21:07:03.944361" level="DEBUG">http://localhost:60951 "POST /session/8e10d966-d2af-4d5f-ba0f-e1db74940a3e/elements HTTP/1.1" 200 0</msg>
<msg time="2025-10-05T21:07:03.944433" level="DEBUG">Remote response: status=200 | data={"value":[]} | headers=HTTPHeaderDict({'content-type': 'application/json; charset=utf-8', 'cache-control': 'no-cache', 'content-length': '12', 'date': 'Mon, 06 Oct 2025 00:07:03 GMT'})</msg>
<msg time="2025-10-05T21:07:03.944469" level="DEBUG">Finished Request</msg>
<msg time="2025-10-05T21:07:04.144676" level="DEBUG">POST http://localhost:60951/session/8e10d966-d2af-4d5f-ba0f-e1db74940a3e/elements {'using': 'xpath', 'value': '//*[@id="uuid-cofre"]'}</msg>
<msg time="2025-10-05T21:07:04.146370" level="DEBUG">http://localhost:60951 "POST /session/8e10d966-d2af-4d5f-ba0f-e1db74940a3e/elements HTTP/1.1" 200 0</msg>
<msg time="2025-10-05T21:07:04.146449" level="DEBUG">Remote response: status=200 | data={"value":[]} | headers=HTTPHeaderDict({'content-type': 'application/json; charset=utf-8', 'cache-control': 'no-cache', 'content-length': '12', 'date': 'Mon, 06 Oct 2025 00:07:03 GMT'})</msg>
<msg time="2025-10-05T21:07:04.146488" level="DEBUG">Finished Request</msg>
<msg time="2025-10-05T21:07:04.346869" level="DEBUG">POST http://localhost:60951/session/8e10d966-d2af-4d5f-ba0f-e1db74940a3e/elements {'using': 'xpath', 'value': '//*[@id="uuid-cofre"]'}</msg>
<msg time="2025-10-05T21:07:04.349843" level="DEBUG">http://localhost:60951 "POST /session/8e10d966-d2af-4d5f-ba0f-e1db74940a3e/elements HTTP/1.1" 200 0</msg>
<msg time="2025-10-05T21:07:04.349927" level="DEBUG">Remote response: status=200 | data={"value":[]} | headers=HTTPHeaderDict({'content-type': 'application/json; charset=utf-8', 'cache-control': 'no-cache', 'content-length': '12', 'date': 'Mon, 06 Oct 2025 00:07:03 GMT'})</msg>
<msg time="2025-10-05T21:07:04.349966" level="DEBUG">Finished Request</msg>
<msg time="2025-10-05T21:07:04.550254" level="DEBUG">POST http://localhost:60951/session/8e10d966-d2af-4d5f-ba0f-e1db74940a3e/elements {'using': 'xpath', 'value': '//*[@id="uuid-cofre"]'}</msg>
<msg time="2025-10-05T21:07:04.554223" level="DEBUG">http://localhost:60951 "POST /session/8e10d966-d2af-4d5f-ba0f-e1db74940a3e/elements HTTP/1.1" 200 0</msg>
<msg time="2025-10-05T21:07:04.554351" level="DEBUG">Remote response: status=200 | data={"value":[{"element-6066-11e4-a52e-4f735466cecf":"ef4d748a-8851-465c-b934-97f987e596ab"}]} | headers=HTTPHeaderDict({'content-type': 'application/json; charset=utf-8', 'cache-control': 'no-cache', 'content-length': '90', 'date': 'Mon, 06 Oct 2025 00:07:03 GMT'})</msg>
<msg time="2025-10-05T21:07:04.554424" level="DEBUG">Finished Request</msg>
<msg time="2025-10-05T21:07:04.554619" level="DEBUG">POST http://localhost:60951/session/8e10d966-d2af-4d5f-ba0f-e1db74940a3e/execute/sync {'script': '/* isDisplayed */return (function(){return (function(){var g=this||self;\nfunction aa(a){var b=typeof...', 'args': [{'element-6066-11e4-a52e-4f735466cecf': 'ef4d748a-8851-465c-b934-97f987e596ab'}]}</msg>
<msg time="2025-10-05T21:07:04.559558" level="DEBUG">http://localhost:60951 "POST /session/8e10d966-d2af-4d5f-ba0f-e1db74940a3e/execute/sync HTTP/1.1" 200 0</msg>
<msg time="2025-10-05T21:07:04.559645" level="DEBUG">Remote response: status=200 | data={"value":true} | headers=HTTPHeaderDict({'content-type': 'application/json; charset=utf-8', 'cache-control': 'no-cache', 'content-length': '14', 'date': 'Mon, 06 Oct 2025 00:07:03 GMT'})</msg>
<msg time="2025-10-05T21:07:04.559680" level="DEBUG">Finished Request</msg>
<arg>${locator}</arg>
<arg>timeout=${timeout}</arg>
<doc>Waits until the element ``locator`` is visible.</doc>
<status status="PASS" start="2025-10-05T21:07:03.942773" elapsed="0.616947"/>
</kw>
<kw name="Log" owner="BuiltIn">
<msg time="2025-10-05T21:07:04.559894" level="INFO">✅ Elemento encontrado com sucesso</msg>
<arg>✅ Elemento encontrado com sucesso</arg>
<doc>Logs the given message with the given level.</doc>
<status status="PASS" start="2025-10-05T21:07:04.559823" elapsed="0.000093"/>
</kw>
<break>
<status status="PASS" start="2025-10-05T21:07:04.559951" elapsed="0.000027"/>
</break>
<status status="PASS" start="2025-10-05T21:07:03.942579" elapsed="0.617421"/>
</branch>
<branch type="EXCEPT" assign="${error}">
<kw name="Log" owner="BuiltIn">
<arg>❌ Elemento não encontrado na tentativa ${attempt}: ${error}</arg>
<doc>Logs the given message with the given level.</doc>
<status status="NOT RUN" start="2025-10-05T21:07:04.560088" elapsed="0.000014"/>
</kw>
<if>
<branch type="IF" condition="${attempt} &lt; ${MAX_RETRIES}">
<kw name="Log" owner="BuiltIn">
<arg>⏳ Aguardando ${RETRY_DELAY} antes de tentar novamente...</arg>
<doc>Logs the given message with the given level.</doc>
<status status="NOT RUN" start="2025-10-05T21:07:04.560199" elapsed="0.000012"/>
</kw>
<kw name="Sleep" owner="BuiltIn">
<arg>${RETRY_DELAY}</arg>
<doc>Pauses the test executed for the given time.</doc>
<status status="NOT RUN" start="2025-10-05T21:07:04.560253" elapsed="0.000011"/>
</kw>
<kw name="Evaluate" owner="BuiltIn">
<var>${attempt}</var>
<arg>${attempt} + 1</arg>
<doc>Evaluates the given expression in Python and returns the result.</doc>
<status status="NOT RUN" start="2025-10-05T21:07:04.560308" elapsed="0.000011"/>
</kw>
<status status="NOT RUN" start="2025-10-05T21:07:04.560147" elapsed="0.000191"/>
</branch>
<branch type="ELSE">
<kw name="Log" owner="BuiltIn">
<arg>💥 Elemento não encontrado após ${MAX_RETRIES} tentativas</arg>
<doc>Logs the given message with the given level.</doc>
[...]
</try>
<status status="PASS" start="2025-10-05T21:07:20.391726" elapsed="0.064621"/>
</iter>
<status status="PASS" start="2025-10-05T21:07:20.391726" elapsed="0.064637"/>
</while>
<arg>${processamento}</arg>
<doc>Clica em elemento com retry automático (resolve problemas de modal/overlay)</doc>
<status status="PASS" start="2025-10-05T21:07:20.391472" elapsed="0.064925"/>
</kw>
<kw name="Sleep" owner="BuiltIn">
<msg time="2025-10-05T21:07:22.456636" level="INFO">Slept 2 seconds.</msg>
<arg>2s</arg>
<doc>Pauses the test executed for the given time.</doc>
<status status="PASS" start="2025-10-05T21:07:20.456442" elapsed="2.000352"/>
</kw>
<kw name="Retry Wait Element" owner="retry_utils">
<kw name="Set Variable" owner="BuiltIn">
<msg time="2025-10-05T21:07:22.458775" level="INFO">${attempt} = 1</msg>
<var>${attempt}</var>
<arg>1</arg>
<doc>Returns the given values which can then be assigned to a variables.</doc>
<status status="PASS" start="2025-10-05T21:07:22.457931" elapsed="0.000888"/>
</kw>
<while condition="${attempt} &lt;= ${MAX_RETRIES}">
<iter>
<try>
<branch type="TRY">
<kw name="Log" owner="BuiltIn">
<msg time="2025-10-05T21:07:22.459672" level="INFO">👀 Tentativa 1 - Aguardando elemento: //*[@id="senhaConta"]</msg>
<arg>👀 Tentativa ${attempt} - Aguardando elemento: ${locator}</arg>
<doc>Logs the given message with the given level.</doc>
<status status="PASS" start="2025-10-05T21:07:22.459469" elapsed="0.000265"/>
</kw>
<kw name="Wait Until Element Is Visible" owner="SeleniumLibrary">
<msg time="2025-10-05T21:07:22.460314" level="DEBUG">POST http://localhost:60951/session/8e10d966-d2af-4d5f-ba0f-e1db74940a3e/elements {'using': 'xpath', 'value': '//*[@id="senhaConta"]'}</msg>
<msg time="2025-10-05T21:07:22.462528" level="DEBUG">http://localhost:60951 "POST /session/8e10d966-d2af-4d5f-ba0f-e1db74940a3e/elements HTTP/1.1" 200 0</msg>
<msg time="2025-10-05T21:07:22.462631" level="DEBUG">Remote response: status=200 | data={"value":[{"element-6066-11e4-a52e-4f735466cecf":"7d12c39f-ef58-486d-b758-b16950ef9140"}]} | headers=HTTPHeaderDict({'content-type': 'application/json; charset=utf-8', 'cache-control': 'no-cache', 'content-length': '90', 'date': 'Mon, 06 Oct 2025 00:07:22 GMT'})</msg>
<msg time="2025-10-05T21:07:22.462687" level="DEBUG">Finished Request</msg>
<msg time="2025-10-05T21:07:22.462822" level="DEBUG">POST http://localhost:60951/session/8e10d966-d2af-4d5f-ba0f-e1db74940a3e/execute/sync {'script': '/* isDisplayed */return (function(){return (function(){var g=this||self;\nfunction aa(a){var b=typeof...', 'args': [{'element-6066-11e4-a52e-4f735466cecf': '7d12c39f-ef58-486d-b758-b16950ef9140'}]}</msg>
<msg time="2025-10-05T21:07:22.466920" level="DEBUG">http://localhost:60951 "POST /session/8e10d966-d2af-4d5f-ba0f-e1db74940a3e/execute/sync HTTP/1.1" 200 0</msg>
<msg time="2025-10-05T21:07:22.466998" level="DEBUG">Remote response: status=200 | data={"value":true} | headers=HTTPHeaderDict({'content-type': 'application/json; charset=utf-8', 'cache-control': 'no-cache', 'content-length': '14', 'date': 'Mon, 06 Oct 2025 00:07:22 GMT'})</msg>
<msg time="2025-10-05T21:07:22.467034" level="DEBUG">Finished Request</msg>
<arg>${locator}</arg>
<arg>timeout=${timeout}</arg>
<doc>Waits until the element ``locator`` is visible.</doc>
<status status="PASS" start="2025-10-05T21:07:22.459879" elapsed="0.007191"/>
</kw>
<kw name="Log" owner="BuiltIn">
<msg time="2025-10-05T21:07:22.467225" level="INFO">✅ Elemento encontrado com sucesso</msg>
<arg>✅ Elemento encontrado com sucesso</arg>
<doc>Logs the given message with the given level.</doc>
<status status="PASS" start="2025-10-05T21:07:22.467159" elapsed="0.000087"/>
</kw>
<break>
<status status="PASS" start="2025-10-05T21:07:22.467352" elapsed="0.000026"/>
</break>
<status status="PASS" start="2025-10-05T21:07:22.459345" elapsed="0.008057"/>
</branch>
<branch type="EXCEPT" assign="${error}">
<kw name="Log" owner="BuiltIn">
<arg>❌ Elemento não encontrado na tentativa ${attempt}: ${error}</arg>
<doc>Logs the given message with the given level.</doc>
<status status="NOT RUN" start="2025-10-05T21:07:22.467490" elapsed="0.000014"/>
</kw>
<if>
<branch type="IF" condition="${attempt} &lt; ${MAX_RETRIES}">
<kw name="Log" owner="BuiltIn">
<arg>⏳ Aguardando ${RETRY_DELAY} antes de tentar novamente...</arg>
<doc>Logs the given message with the given level.</doc>
<status status="NOT RUN" start="2025-10-05T21:07:22.467593" elapsed="0.000017"/>
</kw>
<kw name="Sleep" owner="BuiltIn">
<arg>${RETRY_DELAY}</arg>
<doc>Pauses the test executed for the given time.</doc>
<status status="NOT RUN" start="2025-10-05T21:07:22.467654" elapsed="0.000012"/>
</kw>
<kw name="Evaluate" owner="BuiltIn">
<var>${attempt}</var>
<arg>${attempt} + 1</arg>
<doc>Evaluates the given expression in Python and returns the result.</doc>
<status status="NOT RUN" start="2025-10-05T21:07:22.467710" elapsed="0.000012"/>
</kw>
<status status="NOT RUN" start="2025-10-05T21:07:22.467545" elapsed="0.000197"/>
</branch>
<branch type="ELSE">
<kw name="Log" owner="BuiltIn">
<arg>💥 Elemento não encontrado após ${MAX_RETRIES} tentativas</arg>
<doc>Logs the given message with the given level.</doc>
<status status="NOT RUN" start="2025-10-05T21:07:22.467804" elapsed="0.000012"/>
</kw>
<kw name="Fail" owner="BuiltIn">
<arg>Elemento ${locator} não encontrado após ${MAX_RETRIES} tentativas: ${error}</arg>
<doc>Fails the test with the given message and optionally alters its tags.</doc>
<status status="NOT RUN" start="2025-10-05T21:07:22.467861" elapsed="0.000012"/>
</kw>
<status status="NOT RUN" start="2025-10-05T21:07:22.467759" elapsed="0.000132"/>
</branch>
<status status="NOT RUN" start="2025-10-05T21:07:22.467536" elapsed="0.000370"/>
</if>
<status status="NOT RUN" start="2025-10-05T21:07:22.467432" elapsed="0.000485"/>
</branch>
<status status="PASS" start="2025-10-05T21:07:22.459315" elapsed="0.008622"/>
</try>
<status status="PASS" start="2025-10-05T21:07:22.458913" elapsed="0.009037"/>
</iter>
<status status="PASS" start="2025-10-05T21:07:22.458911" elapsed="0.009055"/>
</while>
<arg>${campoSenha}</arg>
<doc>Aguarda elemento aparecer com retry</doc>
<status status="PASS" start="2025-10-05T21:07:22.457401" elapsed="0.010598"/>
</kw>
<kw name="Input Text" owner="SeleniumLibrary">
<msg time="2025-10-05T21:07:22.468181" level="INFO">Typing text 'd4sign123' into text field '//*[@id="senhaConta"]'.</msg>
<msg time="2025-10-05T21:07:22.468243" level="DEBUG">POST http://localhost:60951/session/8e10d966-d2af-4d5f-ba0f-e1db74940a3e/elements {'using': 'xpath', 'value': '//*[@id="senhaConta"]'}</msg>
<msg time="2025-10-05T21:07:22.469536" level="DEBUG">http://localhost:60951 "POST /session/8e10d966-d2af-4d5f-ba0f-e1db74940a3e/elements HTTP/1.1" 200 0</msg>
<msg time="2025-10-05T21:07:22.469611" level="DEBUG">Remote response: status=200 | data={"value":[{"element-6066-11e4-a52e-4f735466cecf":"7d12c39f-ef58-486d-b758-b16950ef9140"}]} | headers=HTTPHeaderDict({'content-type': 'application/json; charset=utf-8', 'cache-control': 'no-cache', 'content-length': '90', 'date': 'Mon, 06 Oct 2025 00:07:22 GMT'})</msg>
<msg time="2025-10-05T21:07:22.469647" level="DEBUG">Finished Request</msg>
<msg time="2025-10-05T21:07:22.469696" level="DEBUG">POST http://localhost:60951/session/8e10d966-d2af-4d5f-ba0f-e1db74940a3e/element/7d12c39f-ef58-486d-b758-b16950ef9140/clear {}</msg>
<msg time="2025-10-05T21:07:22.471875" level="DEBUG">http://localhost:60951 "POST /session/8e10d966-d2af-4d5f-ba0f-e1db74940a3e/element/7d12c39f-ef58-486d-b758-b16950ef9140/clear HTTP/1.1" 200 0</msg>
<msg time="2025-10-05T21:07:22.471934" level="DEBUG">Remote response: status=200 | data={"value":null} | headers=HTTPHeaderDict({'content-type': 'application/json; charset=utf-8', 'cache-control': 'no-cache', 'content-length': '14', 'date': 'Mon, 06 Oct 2025 00:07:22 GMT'})</msg>
<msg time="2025-10-05T21:07:22.471968" level="DEBUG">Finished Request</msg>
<msg time="2025-10-05T21:07:22.472020" level="DEBUG">POST http://localhost:60951/session/8e10d966-d2af-4d5f-ba0f-e1db74940a3e/element/7d12c39f-ef58-486d-b758-b16950ef9140/value {'text': 'd4sign123', 'value': ['d', '4', 's', 'i', 'g', 'n', '1', '2', '3']}</msg>
<msg time="2025-10-05T21:07:22.480647" level="DEBUG">http://localhost:60951 "POST /session/8e10d966-d2af-4d5f-ba0f-e1db74940a3e/element/7d12c39f-ef58-486d-b758-b16950ef9140/value HTTP/1.1" 200 0</msg>
<msg time="2025-10-05T21:07:22.480716" level="DEBUG">Remote response: status=200 | data={"value":null} | headers=HTTPHeaderDict({'content-type': 'application/json; charset=utf-8', 'cache-control': 'no-cache', 'content-length': '14', 'date': 'Mon, 06 Oct 2025 00:07:22 GMT'})</msg>
<msg time="2025-10-05T21:07:22.480752" level="DEBUG">Finished Request</msg>
<arg>${campoSenha}</arg>
<arg>${PASSWORD}</arg>
<doc>Types the given ``text`` into the text field identified by ``locator``.</doc>
<status status="PASS" start="2025-10-05T21:07:22.468062" elapsed="0.012736"/>
</kw>
<kw name="Retry Click Element" owner="retry_utils">
<kw name="Set Variable" owner="BuiltIn">
<msg time="2025-10-05T21:07:22.481331" level="INFO">${attempt} = 1</msg>
<var>${attempt}</var>
<arg>1</arg>
<doc>Returns the given values which can then be assigned to a variables.</doc>
<status status="PASS" start="2025-10-05T21:07:22.481261" elapsed="0.000083"/>
</kw>
<while condition="${attempt} &lt;= ${MAX_RETRIES}">
<iter>
<try>
<branch type="TRY">
<kw name="Log" owner="BuiltIn">
<msg time="2025-10-05T21:07:22.481698" level="INFO">🖱️ Tentativa 1 - Clicando em: //*[@id="btnSalvarDocumento"]</msg>
<arg>🖱️ Tentativa ${attempt} - Clicando em: ${locator}</arg>
<doc>Logs the given message with the given level.</doc>
<status status="PASS" start="2025-10-05T21:07:22.481616" elapsed="0.000106"/>
</kw>
<kw name="Wait Until Element Is Visible" owner="SeleniumLibrary">
<msg time="2025-10-05T21:07:22.481965" level="DEBUG">POST http://localhost:60951/session/8e10d966-d2af-4d5f-ba0f-e1db74940a3e/elements {'using': 'xpath', 'value': '//*[@id="btnSalvarDocumento"]'}</msg>
<msg time="2025-10-05T21:07:22.484174" level="DEBUG">http://localhost:60951 "POST /session/8e10d966-d2af-4d5f-ba0f-e1db74940a3e/elements HTTP/1.1" 200 0</msg>
<msg time="2025-10-05T21:07:22.484277" level="DEBUG">Remote response: status=200 | data={"value":[{"element-6066-11e4-a52e-4f735466cecf":"dcbde0e6-961e-4fe4-8365-f767647d7df6"}]} | headers=HTTPHeaderDict({'content-type': 'application/json; charset=utf-8', 'cache-control': 'no-cache', 'content-length': '90', 'date': 'Mon, 06 Oct 2025 00:07:22 GMT'})</msg>
<msg time="2025-10-05T21:07:22.484318" level="DEBUG">Finished Request</msg>
<msg time="2025-10-05T21:07:22.484416" level="DEBUG">POST http://localhost:60951/session/8e10d966-d2af-4d5f-ba0f-e1db74940a3e/execute/sync {'script': '/* isDisplayed */return (function(){return (function(){var g=this||self;\nfunction aa(a){var b=typeof...', 'args': [{'element-6066-11e4-a52e-4f735466cecf': 'dcbde0e6-961e-4fe4-8365-f767647d7df6'}]}</msg>
<msg time="2025-10-05T21:07:22.487228" level="DEBUG">http://localhost:60951 "POST /session/8e10d966-d2af-4d5f-ba0f-e1db74940a3e/execute/sync HTTP/1.1" 200 0</msg>
<msg time="2025-10-05T21:07:22.487306" level="DEBUG">Remote response: status=200 | data={"value":true} | headers=HTTPHeaderDict({'content-type': 'application/json; charset=utf-8', 'cache-control': 'no-cache', 'content-length': '14', 'date': 'Mon, 06 Oct 2025 00:07:22 GMT'})</msg>
<msg time="2025-10-05T21:07:22.487341" level="DEBUG">Finished Request</msg>
<arg>${locator}</arg>
<arg>timeout=10s</arg>
<doc>Waits until the element ``locator`` is visible.</doc>
<status status="PASS" start="2025-10-05T21:07:22.481787" elapsed="0.005594"/>
</kw>
<kw name="Click Element" owner="SeleniumLibrary">
<msg time="2025-10-05T21:07:22.487685" level="INFO">Clicking element '//*[@id="btnSalvarDocumento"]'.</msg>
<msg time="2025-10-05T21:07:22.487745" level="DEBUG">POST http://localhost:60951/session/8e10d966-d2af-4d5f-ba0f-e1db74940a3e/elements {'using': 'xpath', 'value': '//*[@id="btnSalvarDocumento"]'}</msg>
<msg time="2025-10-05T21:07:22.488909" level="DEBUG">http://localhost:60951 "POST /session/8e10d966-d2af-4d5f-ba0f-e1db74940a3e/elements HTTP/1.1" 200 0</msg>
<msg time="2025-10-05T21:07:22.488995" level="DEBUG">Remote response: status=200 | data={"value":[{"element-6066-11e4-a52e-4f735466cecf":"dcbde0e6-961e-4fe4-8365-f767647d7df6"}]} | headers=HTTPHeaderDict({'content-type': 'application/json; charset=utf-8', 'cache-control': 'no-cache', 'content-length': '90', 'date': 'Mon, 06 Oct 2025 00:07:22 GMT'})</msg>
<msg time="2025-10-05T21:07:22.489031" level="DEBUG">Finished Request</msg>
<msg time="2025-10-05T21:07:22.489083" level="DEBUG">POST http://localhost:60951/session/8e10d966-d2af-4d5f-ba0f-e1db74940a3e/element/dcbde0e6-961e-4fe4-8365-f767647d7df6/click {}</msg>
<msg time="2025-10-05T21:07:22.561483" level="DEBUG">http://localhost:60951 "POST /session/8e10d966-d2af-4d5f-ba0f-e1db74940a3e/element/dcbde0e6-961e-4fe4-8365-f767647d7df6/click HTTP/1.1" 200 0</msg>
<msg time="2025-10-05T21:07:22.561598" level="DEBUG">Remote response: status=200 | data={"value":null} | headers=HTTPHeaderDict({'content-type': 'application/json; charset=utf-8', 'cache-control': 'no-cache', 'content-length': '14', 'date': 'Mon, 06 Oct 2025 00:07:22 GMT'})</msg>
<msg time="2025-10-05T21:07:22.561646" level="DEBUG">Finished Request</msg>
<arg>${locator}</arg>
<doc>Click the element identified by ``locator``.</doc>
<status status="PASS" start="2025-10-05T21:07:22.487484" elapsed="0.074214"/>
</kw>
<kw name="Log" owner="BuiltIn">
<msg time="2025-10-05T21:07:22.561912" level="INFO">✅ Elemento clicado com sucesso</msg>
<arg>✅ Elemento clicado com sucesso</arg>
<doc>Logs the given message with the given level.</doc>
<status status="PASS" start="2025-10-05T21:07:22.561822" elapsed="0.000120"/>
</kw>
<break>
<status status="PASS" start="2025-10-05T21:07:22.561983" elapsed="0.000031"/>
</break>
<status status="PASS" start="2025-10-05T21:07:22.481565" elapsed="0.080478"/>
</branch>
<branch type="EXCEPT" assign="${error}">
<kw name="Log" owner="BuiltIn">
<arg>❌ Falha ao clicar na tentativa ${attempt}: ${error}</arg>
<doc>Logs the given message with the given level.</doc>
<status status="NOT RUN" start="2025-10-05T21:07:22.562151" elapsed="0.000018"/>
</kw>
<if>
<branch type="IF" condition="'ElementClickInterceptedException' in '${error}' or 'is not clickable' in '${error}'">
<kw name="Log" owner="BuiltIn">
<arg>🔍 Detectado problema de elemento interceptado, tentando resolver...</arg>
<doc>Logs the given message with the given level.</doc>
<status status="NOT RUN" start="2025-10-05T21:07:22.562285" elapsed="0.000016"/>
</kw>
<kw name="Run Keyword And Ignore Error" owner="BuiltIn">
<arg>Press Keys</arg>
<arg>NONE</arg>
<arg>ESC</arg>
<doc>Runs the given keyword with the given arguments and ignores possible error.</doc>
<status status="NOT RUN" start="2025-10-05T21:07:22.562377" elapsed="0.000019"/>
</kw>
<kw name="Run Keyword And Ignore Error" owner="BuiltIn">
<arg>Execute JavaScript</arg>
<arg>window.scrollTo(0, 0)</arg>
<doc>Runs the given keyword with the given arguments and ignores possible error.</doc>
<status status="NOT RUN" start="2025-10-05T21:07:22.562467" elapsed="0.000017"/>
</kw>
<kw name="Sleep" owner="BuiltIn">
<arg>1s</arg>
<doc>Pauses the test executed for the given time.</doc>
<status status="NOT RUN" start="2025-10-05T21:07:22.562547" elapsed="0.000018"/>
</kw>
<status status="NOT RUN" start="2025-10-05T21:07:22.562221" elapsed="0.000368"/>
</branch>
<status status="NOT RUN" start="2025-10-05T21:07:22.562209" elapsed="0.000406"/>
</if>
<if>
<branch type="IF" condition="${attempt} &lt; ${MAX_RETRIES}">
<kw name="Log" owner="BuiltIn">
<arg>⏳ Aguardando ${RETRY_DELAY} antes da próxima tentativa...</arg>
<doc>Logs the given message with the given level.</doc>
<status status="NOT RUN" start="2025-10-05T21:07:22.562714" elapsed="0.000018"/>
</kw>
<kw name="Sleep" owner="BuiltIn">
<arg>${RETRY_DELAY}</arg>
<doc>Pauses the test executed for the given time.</doc>
<status status="NOT RUN" start="2025-10-05T21:07:22.562792" elapsed="0.000016"/>
</kw>
<kw name="Evaluate" owner="BuiltIn">
<var>${attempt}</var>
<arg>${attempt} + 1</arg>
<doc>Evaluates the given expression in Python and returns the result.</doc>
<status status="NOT RUN" start="2025-10-05T21:07:22.562872" elapsed="0.000016"/>
</kw>
<status status="NOT RUN" start="2025-10-05T21:07:22.562651" elapsed="0.000262"/>
</branch>
<branch type="ELSE">
<kw name="Log" owner="BuiltIn">
<arg>💥 Falha ao clicar após ${MAX_RETRIES} tentativas</arg>
<doc>Logs the given message with the given level.</doc>
<status status="NOT RUN" start="2025-10-05T21:07:22.562993" elapsed="0.000016"/>
</kw>
<kw name="Fail" owner="BuiltIn">
<arg>Falha ao clicar em ${locator} após ${MAX_RETRIES} tentativas: ${error}</arg>
<doc>Fails the test with the given message and optionally alters its tags.</doc>
<status status="NOT RUN" start="2025-10-05T21:07:22.563064" elapsed="0.000019"/>
</kw>
<status status="NOT RUN" start="2025-10-05T21:07:22.562934" elapsed="0.000172"/>
</branch>
<status status="NOT RUN" start="2025-10-05T21:07:22.562640" elapsed="0.000486"/>
</if>
<status status="NOT RUN" start="2025-10-05T21:07:22.562082" elapsed="0.001058"/>
</branch>
<status status="PASS" start="2025-10-05T21:07:22.481550" elapsed="0.081619"/>
</try>
<status status="PASS" start="2025-10-05T21:07:22.481378" elapsed="0.081808"/>
</iter>
<status status="PASS" start="2025-10-05T21:07:22.481377" elapsed="0.081831"/>
</while>
<arg>${btnFim}</arg>
<doc>Clica em elemento com retry automático (resolve problemas de modal/overlay)</doc>
<status status="PASS" start="2025-10-05T21:07:22.481078" elapsed="0.082177"/>
</kw>
<kw name="Wait Until Page Contains Element" owner="SeleniumLibrary">
<msg time="2025-10-05T21:07:22.563546" level="DEBUG">POST http://localhost:60951/session/8e10d966-d2af-4d5f-ba0f-e1db74940a3e/elements {'using': 'xpath', 'value': "//small[contains(text(), 'ENVIADO PARA PROCESSAMENTO')]"}</msg>
<msg time="2025-10-05T21:07:22.565055" level="DEBUG">http://localhost:60951 "POST /session/8e10d966-d2af-4d5f-ba0f-e1db74940a3e/elements HTTP/1.1" 200 0</msg>
<msg time="2025-10-05T21:07:22.565149" level="DEBUG">Remote response: status=200 | data={"value":[]} | headers=HTTPHeaderDict({'content-type': 'application/json; charset=utf-8', 'cache-control': 'no-cache', 'content-length': '12', 'date': 'Mon, 06 Oct 2025 00:07:22 GMT'})</msg>
<msg time="2025-10-05T21:07:22.565207" level="DEBUG">Finished Request</msg>
<msg time="2025-10-05T21:07:22.765593" level="DEBUG">POST http://localhost:60951/session/8e10d966-d2af-4d5f-ba0f-e1db74940a3e/elements {'using': 'xpath', 'value': "//small[contains(text(), 'ENVIADO PARA PROCESSAMENTO')]"}</msg>
<msg time="2025-10-05T21:07:22.768110" level="DEBUG">http://localhost:60951 "POST /session/8e10d966-d2af-4d5f-ba0f-e1db74940a3e/elements HTTP/1.1" 200 0</msg>
<msg time="2025-10-05T21:07:22.768235" level="DEBUG">Remote response: status=200 | data={"value":[]} | headers=HTTPHeaderDict({'content-type': 'application/json; charset=utf-8', 'cache-control': 'no-cache', 'content-length': '12', 'date': 'Mon, 06 Oct 2025 00:07:22 GMT'})</msg>
<msg time="2025-10-05T21:07:22.768298" level="DEBUG">Finished Request</msg>
<msg time="2025-10-05T21:07:22.968567" level="DEBUG">POST http://localhost:60951/session/8e10d966-d2af-4d5f-ba0f-e1db74940a3e/elements {'using': 'xpath', 'value': "//small[contains(text(), 'ENVIADO PARA PROCESSAMENTO')]"}</msg>
<msg time="2025-10-05T21:07:22.969847" level="DEBUG">http://localhost:60951 "POST /session/8e10d966-d2af-4d5f-ba0f-e1db74940a3e/elements HTTP/1.1" 200 0</msg>
<msg time="2025-10-05T21:07:22.969914" level="DEBUG">Remote response: status=200 | data={"value":[]} | headers=HTTPHeaderDict({'content-type': 'application/json; charset=utf-8', 'cache-control': 'no-cache', 'content-length': '12', 'date': 'Mon, 06 Oct 2025 00:07:22 GMT'})